            --------------------------------------------------------
                             AMBER SQM VERSION 14
 
                                     By
              Ross C. Walker, Michael F. Crowley, Scott Brozell,
                         Tim Giese, Andreas W. Goetz,
                        Tai-Sung Lee and David A. Case
 
            --------------------------------------------------------
 

--------------------------------------------------------------------------------
  QM CALCULATION INFO
--------------------------------------------------------------------------------

| QMMM: Citation for AMBER QMMM Run:
| QMMM: R.C. Walker, M.F. Crowley and D.A. Case, J. COMP. CHEM. 29:1019, 2008

QMMM: SINGLET STATE CALCULATION
QMMM: RHF CALCULATION, NO. OF DOUBLY OCCUPIED LEVELS = 89

| QMMM: *** Selected Hamiltonian *** 
| QMMM: AM1         

| QMMM: *** Parameter sets in use ***
| QMMM: C : M.J.S.DEWAR et al. JACS, 107, 3902, (1985)
| QMMM: O : M.J.S.DEWAR et al. JACS, 107, 3902, (1985)
| QMMM: S : M.J.S.DEWAR et al. INORG. CHEM., 29, 3881, (1990)
| QMMM: N : M.J.S.DEWAR et al. JACS, 107, 3902, (1985)
| QMMM: H : M.J.S.DEWAR et al. JACS, 107, 3902, (1985)

| QMMM: *** SCF convergence criteria ***
| QMMM: Energy change                :  0.1D-09 kcal/mol
| QMMM: Error matrix |FP-PF|         :  0.1D+00 au
| QMMM: Density matrix change        :  0.5D-06
| QMMM: Maximum number of SCF cycles :     1000

| QMMM: *** Diagonalization Routine Information ***
| QMMM: Pseudo diagonalizations are allowed.
| QMMM: Auto diagonalization routine selection is in use.
| QMMM:
| QMMM: Timing diagonalization routines:
| QMMM:                              norbs =      168
| QMMM:    diag iterations used for timing =        5
| QMMM:
| QMMM:              Internal diag routine = 0.078324 seconds
| QMMM:                 Dspev diag routine = 0.119896 seconds
| QMMM:                Dspevd diag routine = 0.078625 seconds
| QMMM:                Dspevx diag routine = 0.251141 seconds
| QMMM:                 Dsyev diag routine = 0.127011 seconds
| QMMM:                Dsyevd diag routine = 0.087743 seconds
| QMMM:                Dsyevr diag routine = 0.077190 seconds
| QMMM:
| QMMM:                Pseudo diag routine = 0.044302 seconds
| QMMM:
| QMMM: Using dsyevr routine (diag_routine=7).

  QMMM: QM Region Cartesian Coordinates (*=link atom) 
  QMMM: QM_NO.   MM_NO.  ATOM         X         Y         Z
  QMMM:     1        1      C       -2.8020   -0.3330   -1.6030
  QMMM:     2        2      C       -2.0660    0.8840   -1.0160
  QMMM:     3        3      O       -2.3980    1.0040    0.3520
  QMMM:     4        4      C       -3.6910    1.3310    0.5650
  QMMM:     5        5      C       -3.9420    2.0600    1.7320
  QMMM:     6        6      C       -5.2210    2.4300    2.0790
  QMMM:     7        7      C       -6.2910    2.0790    1.2690
  QMMM:     8        8      O       -7.5580    2.4320    1.6140
  QMMM:     9        9      C       -6.0570    1.3680    0.1060
  QMMM:    10       10      C       -4.7610    1.0050   -0.2540
  QMMM:    11       11      S       -4.5430    0.1540   -1.7870
  QMMM:    12       12      C       -2.6900   -1.5050   -0.6630
  QMMM:    13       13      C       -3.4890   -1.5650    0.4640
  QMMM:    14       14      C       -3.3880   -2.6380    1.3280
  QMMM:    15       15      C       -2.4840   -3.6570    1.0640
  QMMM:    16       16      O       -2.3830   -4.7140    1.9120
  QMMM:    17       17      C       -1.6830   -3.5950   -0.0670
  QMMM:    18       18      C       -1.7910   -2.5220   -0.9310
  QMMM:    19       19      C       -0.5780    0.6920   -1.1600
  QMMM:    20       20      C        0.1030    1.3210   -2.1860
  QMMM:    21       21      C        1.4670    1.1470   -2.3200
  QMMM:    22       22      C        2.1530    0.3400   -1.4250
  QMMM:    23       23      C        1.4670   -0.2950   -0.4000
  QMMM:    24       24      C        0.1040   -0.1130   -0.2660
  QMMM:    25       25      O        3.4950    0.1670   -1.5550
  QMMM:    26       26      C        3.9030   -0.7040   -0.4980
  QMMM:    27       27      C        5.4120   -0.9420   -0.5870
  QMMM:    28       28      N        6.1210    0.3220   -0.3450
  QMMM:    29       29      C        7.5370    0.0840   -0.6820
  QMMM:    30       30      C        8.3490    0.2420    0.6200
  QMMM:    31       31      C        9.6730    0.9590    0.3490
  QMMM:    32       32      C        7.4260    1.1140    1.5110
  QMMM:    33       33      C        7.6930    0.8670    2.9970
  QMMM:    34       34      C        6.0220    0.5940    1.1050
  QMMM:    35       35      H       -2.3810   -0.6250   -2.5420
  QMMM:    36       36      H       -2.3570    1.7710   -1.5390
  QMMM:    37       37      H       -3.1540    2.3250    2.3440
  QMMM:    38       38      H       -5.3850    2.9700    2.9430
  QMMM:    39       39      H       -7.7120    2.9140    2.4030
  QMMM:    40       40      H       -6.8490    1.1040   -0.5000
  QMMM:    41       41      H       -4.1620   -0.8070    0.6600
  QMMM:    42       42      H       -3.9840   -2.6820    2.1690
  QMMM:    43       43      H       -2.9240   -4.7550    2.6760
  QMMM:    44       44      H       -1.0070   -4.3500   -0.2630
  QMMM:    45       45      H       -1.2010   -2.4790   -1.7770
  QMMM:    46       46      H       -0.4080    1.9210   -2.8520
  QMMM:    47       47      H        1.9750    1.6170   -3.0850
  QMMM:    48       48      H        1.9740   -0.9030    0.2620
  QMMM:    49       49      H       -0.4050   -0.5780    0.5020
  QMMM:    50       50      H        3.3890   -1.6380   -0.5870
  QMMM:    51       51      H        3.6680   -0.2560    0.4450
  QMMM:    52       52      H        5.6590   -1.3090   -1.5620
  QMMM:    53       53      H        5.7040   -1.6620    0.1490
  QMMM:    54       54      H        5.7410    1.0970   -0.8890
  QMMM:    55       55      H        7.8660    0.7980   -1.4080
  QMMM:    56       56      H        7.6700   -0.8940   -1.0960
  QMMM:    57       57      H        8.6070   -0.6940    1.0700
  QMMM:    58       58      H        9.4780    1.9080   -0.1050
  QMMM:    59       59      H       10.2720    0.3650   -0.3100
  QMMM:    60       60      H       10.1950    1.1050    1.2720
  QMMM:    61       61      H        7.5610    2.1670    1.3770
  QMMM:    62       62      H        7.5770   -0.1750    3.2120
  QMMM:    63       63      H        6.9980    1.4320    3.5830
  QMMM:    64       64      H        8.6910    1.1710    3.2350
  QMMM:    65       65      H        5.7830   -0.3010    1.6400
  QMMM:    66       66      H        5.2500    1.3000    1.3300

--------------------------------------------------------------------------------
  RESULTS
--------------------------------------------------------------------------------

      iter         sqm energy              rms gradient
      ----    -------------------    -----------------------
xmin    10       63.8044 kcal/mol        0.7923 kcal/(mol*A)
xmin    20       61.7791 kcal/mol        1.6839 kcal/(mol*A)
xmin    30       61.4317 kcal/mol        0.1613 kcal/(mol*A)
xmin    40       61.2278 kcal/mol        0.4950 kcal/(mol*A)
xmin    50       61.0211 kcal/mol        0.4185 kcal/(mol*A)
xmin    60       60.8826 kcal/mol        0.2473 kcal/(mol*A)
xmin    70       60.8504 kcal/mol        0.1626 kcal/(mol*A)
xmin    80       60.8223 kcal/mol        0.0379 kcal/(mol*A)
xmin    90       60.7725 kcal/mol        0.0982 kcal/(mol*A)
xmin   100       60.7465 kcal/mol        0.0916 kcal/(mol*A)
xmin   110       60.7403 kcal/mol        0.0181 kcal/(mol*A)
xmin   120       60.7341 kcal/mol        0.0433 kcal/(mol*A)
xmin   130       60.7099 kcal/mol        0.0355 kcal/(mol*A)
xmin   140       60.7462 kcal/mol        0.4778 kcal/(mol*A)
xmin   150       60.7017 kcal/mol        0.0184 kcal/(mol*A)
xmin   160       60.6929 kcal/mol        0.0903 kcal/(mol*A)
xmin   170       60.6864 kcal/mol        0.0436 kcal/(mol*A)
xmin   180       60.6727 kcal/mol        0.0310 kcal/(mol*A)
xmin   190       60.6693 kcal/mol        0.0371 kcal/(mol*A)
xmin   200       60.6680 kcal/mol        0.0121 kcal/(mol*A)
xmin   210       60.6671 kcal/mol        0.0126 kcal/(mol*A)
xmin   220       60.6649 kcal/mol        0.0450 kcal/(mol*A)
xmin   230       60.6639 kcal/mol        0.0304 kcal/(mol*A)
xmin   240       60.6634 kcal/mol        0.0089 kcal/(mol*A)
xmin   250       60.6630 kcal/mol        0.0048 kcal/(mol*A)
xmin   260       60.6630 kcal/mol        0.0056 kcal/(mol*A)
xmin   270       60.6629 kcal/mol        0.0094 kcal/(mol*A)
xmin   280       60.6628 kcal/mol        0.0042 kcal/(mol*A)
  ... geometry converged !
 
 Final MO eigenvalues (eV):
 -46.0491  -43.4898  -42.7598  -41.8502  -41.4259  -40.6364  -39.8825  -39.3604
 -38.1972  -36.4178  -35.8523  -35.0210  -34.1284  -33.6397  -33.2951  -33.2486
 -31.7963  -31.0361  -30.4999  -30.2861  -28.0509  -27.0511  -26.8093  -26.2143
 -25.7225  -25.3580  -25.2090  -24.6833  -24.5770  -23.4229  -23.2752  -22.1684
 -21.5335  -21.2503  -20.8110  -20.6522  -20.6049  -20.0145  -19.6923  -19.5093
 -19.3509  -19.2797  -19.0125  -18.7970  -18.5535  -18.3361  -18.3192  -18.1770
 -17.9278  -17.6863  -17.5133  -17.4817  -17.2835  -17.0780  -17.0160  -16.8073
 -16.7879  -16.6659  -16.5553  -16.4936  -16.3823  -16.2703  -16.1411  -16.1004
 -16.0743  -15.8864  -15.6435  -15.5664  -15.4552  -15.4004  -15.3524  -15.3066
 -14.9981  -14.8676  -14.6442  -14.4035  -14.2637  -14.1857  -13.6853  -13.5475
 -13.2446  -12.7273  -12.3096  -12.2886  -11.7441  -11.4884  -10.6548  -10.4585
  -9.6794   -3.5714   -2.3280   -2.0378   -1.7773   -1.6041   -1.5260   -1.4163
  -1.3674   -1.2015   -1.1392   -1.0943   -0.8606   -0.8413   -0.6769   -0.6010
  -0.5645   -0.4079   -0.3304   -0.3129   -0.1659   -0.1365    0.0533    0.1508
   0.2049    0.3147    0.3725    0.4273    0.4725    0.6274    0.6881    0.8896
   1.0786    1.1253    1.2088    1.2256    1.2892    1.3166    1.3297    1.3607
   1.4187    1.4947    1.5494    1.6569    1.6715    1.7052    1.7198    1.8117
   1.8546    1.8910    2.1144    2.1785    2.2380    2.2666    2.3130    2.4666
   2.4946    2.6000    2.6336    2.6541    2.8165    2.8451    2.9195    3.0159
   3.0766    3.1363    3.3303    3.4090    3.4353    3.5183    3.5663    3.5940
   3.7312    3.7508    3.9181    3.9790    4.1615    4.4870    4.7163    4.9179


 Heat of formation   =         60.66280466 kcal/mol  (        2.63053661 eV)

 Total SCF energy    =    -131478.44319197 kcal/mol  (    -5701.33312484 eV)
 Electronic energy   =   -1143390.19732214 kcal/mol  (   -49581.11952310 eV)
 Core-core repulsion =    1011911.75413017 kcal/mol  (    43879.78639826 eV)
 
    Atomic Charges for Step       1 :
  Atom    Element       Mulliken Charge
     1      C                 -0.215
     2      C                  0.072
     3      O                 -0.212
     4      C                 -0.001
     5      C                 -0.085
     6      C                 -0.198
     7      C                  0.085
     8      O                 -0.242
     9      C                 -0.128
    10      C                 -0.247
    11      S                  0.276
    12      C                 -0.111
    13      C                 -0.068
    14      C                 -0.213
    15      C                  0.086
    16      O                 -0.250
    17      C                 -0.162
    18      C                 -0.087
    19      C                 -0.067
    20      C                 -0.096
    21      C                 -0.137
    22      C                  0.039
    23      C                 -0.175
    24      C                 -0.060
    25      O                 -0.261
    26      C                 -0.042
    27      C                 -0.135
    28      N                 -0.005
    29      C                 -0.126
    30      C                 -0.119
    31      C                 -0.223
    32      C                 -0.118
    33      C                 -0.219
    34      C                 -0.129
    35      H                  0.134
    36      H                  0.115
    37      H                  0.150
    38      H                  0.144
    39      H                  0.224
    40      H                  0.168
    41      H                  0.153
    42      H                  0.140
    43      H                  0.223
    44      H                  0.153
    45      H                  0.132
    46      H                  0.149
    47      H                  0.146
    48      H                  0.138
    49      H                  0.169
    50      H                  0.140
    51      H                  0.101
    52      H                  0.150
    53      H                  0.145
    54      H                  0.262
    55      H                  0.146
    56      H                  0.139
    57      H                  0.136
    58      H                  0.084
    59      H                  0.101
    60      H                  0.112
    61      H                  0.130
    62      H                  0.087
    63      H                  0.101
    64      H                  0.112
    65      H                  0.139
    66      H                  0.149
 Total Mulliken Charge =       1.000
 
                  X        Y        Z     TOTAL  
  QM DIPOLE    28.025    0.395    3.498   28.245
 
 Final Structure

  QMMM: QM Region Cartesian Coordinates (*=link atom) 
  QMMM: QM_NO.   MM_NO.  ATOM         X         Y         Z
  QMMM:     1        1      C       -2.8202   -0.1019   -1.4652
  QMMM:     2        2      C       -2.2001    1.0470   -0.6629
  QMMM:     3        3      O       -2.8153    1.2044    0.6270
  QMMM:     4        4      C       -4.1547    1.5796    0.5694
  QMMM:     5        5      C       -4.6077    2.3716    1.6334
  QMMM:     6        6      C       -5.9482    2.7301    1.6964
  QMMM:     7        7      C       -6.8236    2.3026    0.6843
  QMMM:     8        8      O       -8.1607    2.6233    0.6759
  QMMM:     9        9      C       -6.3701    1.5160   -0.3829
  QMMM:    10       10      C       -5.0227    1.1461   -0.4465
  QMMM:    11       11      S       -4.5496    0.2169   -1.7769
  QMMM:    12       12      C       -2.6091   -1.4613   -0.9058
  QMMM:    13       13      C       -2.9989   -1.7920    0.3983
  QMMM:    14       14      C       -2.8103   -3.0786    0.8931
  QMMM:    15       15      C       -2.2234   -4.0520    0.0723
  QMMM:    16       16      O       -1.9848   -5.3379    0.4962
  QMMM:    17       17      C       -1.8298   -3.7400   -1.2395
  QMMM:    18       18      C       -2.0281   -2.4497   -1.7156
  QMMM:    19       19      C       -0.7308    0.8450   -0.4337
  QMMM:    20       20      C        0.1555    1.1207   -1.4835
  QMMM:    21       21      C        1.5250    0.9300   -1.3219
  QMMM:    22       22      C        1.9993    0.4749   -0.0841
  QMMM:    23       23      C        1.1323    0.2101    0.9801
  QMMM:    24       24      C       -0.2370    0.3955    0.7953
  QMMM:    25       25      O        3.3859    0.3735    0.0371
  QMMM:    26       26      C        3.8379   -0.6983    0.8632
  QMMM:    27       27      C        5.1950   -1.1405    0.3030
  QMMM:    28       28      N        6.1650   -0.0146    0.1790
  QMMM:    29       29      C        7.3967   -0.3993   -0.5953
  QMMM:    30       30      C        8.6026    0.3212    0.0329
  QMMM:    31       31      C        9.2055    1.3233   -0.9213
  QMMM:    32       32      C        8.0928    0.9851    1.3234
  QMMM:    33       33      C        8.9318    0.6282    2.5257
  QMMM:    34       34      C        6.6407    0.5131    1.5049
  QMMM:    35       35      H       -2.3602   -0.0592   -2.4948
  QMMM:    36       36      H       -2.3540    2.0043   -1.2458
  QMMM:    37       37      H       -3.8989    2.6929    2.4103
  QMMM:    38       38      H       -6.3190    3.3456    2.5283
  QMMM:    39       39      H       -8.3452    3.1629    1.4590
  QMMM:    40       40      H       -7.0792    1.1932   -1.1609
  QMMM:    41       41      H       -3.4624   -1.0236    1.0396
  QMMM:    42       42      H       -3.1304   -3.3319    1.9138
  QMMM:    43       43      H       -2.4202   -5.4566    1.3535
  QMMM:    44       44      H       -1.3830   -4.5195   -1.8724
  QMMM:    45       45      H       -1.7304   -2.2092   -2.7482
  QMMM:    46       46      H       -0.2311    1.4867   -2.4480
  QMMM:    47       47      H        2.2255    1.1423   -2.1409
  QMMM:    48       48      H        1.5161   -0.1366    1.9494
  QMMM:    49       49      H       -0.9392    0.1886    1.6205
  QMMM:    50       50      H        3.1360   -1.5738    0.8346
  QMMM:    51       51      H        3.9343   -0.3200    1.9158
  QMMM:    52       52      H        5.0467   -1.5691   -0.7305
  QMMM:    53       53      H        5.6326   -1.9322    0.9736
  QMMM:    54       54      H        5.6840    0.7504   -0.3171
  QMMM:    55       55      H        7.2514   -0.1098   -1.6724
  QMMM:    56       56      H        7.5299   -1.5147   -0.5342
  QMMM:    57       57      H        9.3817   -0.4506    0.2874
  QMMM:    58       58      H        8.4585    2.0966   -1.2233
  QMMM:    59       59      H        9.5791    0.8099   -1.8409
  QMMM:    60       60      H       10.0690    1.8390   -0.4325
  QMMM:    61       61      H        8.0986    2.1039    1.1969
  QMMM:    62       62      H        8.9633   -0.4768    2.6860
  QMMM:    63       63      H        8.5182    1.1108    3.4448
  QMMM:    64       64      H        9.9782    0.9930    2.3766
  QMMM:    65       65      H        6.5822   -0.3112    2.2690
  QMMM:    66       66      H        5.9650    1.3525    1.8256

           --------- Calculation Completed ----------

