
          -------------------------------------------------------
          Amber 16 SANDER                              2016
          -------------------------------------------------------

| Run on 08/12/2016 at 19:23:31

|   Executable path: sander
| Working directory: /net/roos/home4/zuckerman/spiriti/estrogen-receptor2/ligands5/0cz
|          Hostname: n000.dcb.private.net

  [-O]verwriting output

File Assignments:
|  MDIN: ../amber.in                                                           
| MDOUT: amber.out                                                             
|INPCRD: 0cz.inpcrd                                                            
|  PARM: 0cz.prm7                                                              
|RESTRT: restrt                                                                
|  REFC: refc                                                                  
| MDVEL: mdvel                                                                 
| MDFRC: mdfrc                                                                 
|  MDEN: mden                                                                  
| MDCRD: mdcrd                                                                 
|MDINFO: mdinfo                                                                
|  MTMD: mtmd                                                                  
|INPDIP: inpdip                                                                
|RSTDIP: rstdip                                                                
|INPTRA: inptraj                                                               


 Here is the input file:

test file                                                                      
&cntrl                                                                         
imin=1, maxcyc=1,                                                              
ntpr=5, cut=99, igb=0, ntb=0                                                   
/                                                                              

--------------------------------------------------------------------------------
   1.  RESOURCE   USE: 
--------------------------------------------------------------------------------

| Flags:                                                                        
|    NONPERIODIC   ntb=0 and igb=0: Setting up nonperiodic simulation
|  *** cutoff > system size, list only builds once
|Largest sphere to fit in unit cell has radius =    32.390
| New format PARM file being parsed.
| Version =    1.000 Date = 07/06/16 Time = 20:28:15
 NATOM  =      33 NTYPES =       6 NBONH =      10 MBONA  =      24
 NTHETH =      18 MTHETA =      38 NPHIH =      40 MPHIA  =      54
 NHPARM =       0 NPARM  =       0 NNB   =     167 NRES   =       1
 NBONA  =      24 NTHETA =      38 NPHIA =      54 NUMBND =       7
 NUMANG =      10 NPTRA  =       5 NATYP =       6 NPHB   =       0
 IFBOX  =       0 NMXRS  =      33 IFCAP =       0 NEXTRA =       0
 NCOPY  =       0


|     Memory Use     Allocated
|     Real                6890
|     Hollerith            102
|     Integer            25590
|     Max Pairs            528
|     nblistReal           396
|     nblist Int        966695
|       Total             3935 kbytes

| Note: 1-4 EEL scale factors are being read from the topology file.

| Note: 1-4 VDW scale factors are being read from the topology file.
| Duplicated    0 dihedrals
| Duplicated    0 dihedrals

--------------------------------------------------------------------------------
   2.  CONTROL  DATA  FOR  THE  RUN
--------------------------------------------------------------------------------

default_name                                                                    

General flags:
     imin    =       1, nmropt  =       0

Nature and format of input:
     ntx     =       1, irest   =       0, ntrx    =       1

Nature and format of output:
     ntxo    =       2, ntpr    =       5, ntrx    =       1, ntwr    =       1
     iwrap   =       0, ntwx    =       0, ntwv    =       0, ntwe    =       0
     ioutfm  =       1, ntwprt  =       0, idecomp =       0, rbornstat=      0

Potential function:
     ntf     =       1, ntb     =       0, igb     =       0, nsnb    =      25
     ipol    =       0, gbsa    =       0, iesp    =       0
     dielc   =   1.00000, cut     =  99.00000, intdiel =   1.00000

Frozen or restrained atoms:
     ibelly  =       0, ntr     =       0

Energy minimization:
     maxcyc  =       1, ncyc    =      10, ntmin   =       1
     dx0     =   0.01000, drms    =   0.00010
|  INFO: Old style inpcrd file read


--------------------------------------------------------------------------------
   3.  ATOMIC COORDINATES AND VELOCITIES
--------------------------------------------------------------------------------

default_name                                                                    
 begin time read from input coords =     0.000 ps

 Number of triangulated 3-point waters found:        0

     Sum of charges from parm topology file =   0.00199800
     Forcing neutrality...

--------------------------------------------------------------------------------
   4.  RESULTS
--------------------------------------------------------------------------------

 ---------------------------------------------------

     eedmeth=4: Setting switch to one everywhere

 ---------------------------------------------------
| Local SIZE OF NONBOND LIST =        362
| TOTAL SIZE OF NONBOND LIST =        362


   NSTEP       ENERGY          RMS            GMAX         NAME    NUMBER
      1       5.6912E+01     2.3746E+01     5.6386E+01     HAM         2

 BOND    =       15.5477  ANGLE   =        5.2951  DIHED      =        0.0045
 VDWAALS =       45.1053  EEL     =       87.4187  HBOND      =        0.0000
 1-4 VDW =       19.3094  1-4 EEL =     -115.7688  RESTRAINT  =        0.0000


  Maximum number of minimization cycles reached.


                    FINAL RESULTS



   NSTEP       ENERGY          RMS            GMAX         NAME    NUMBER
      1       5.6912E+01     2.3746E+01     5.6386E+01     HAM         2

 BOND    =       15.5477  ANGLE   =        5.2951  DIHED      =        0.0045
 VDWAALS =       45.1053  EEL     =       87.4187  HBOND      =        0.0000
 1-4 VDW =       19.3094  1-4 EEL =     -115.7688  RESTRAINT  =        0.0000

--------------------------------------------------------------------------------
   5.  TIMINGS
--------------------------------------------------------------------------------

|    Read coords time           0.00 ( 0.29% of Total)
|                Build the list             0.00 (96.25% of List )
|                Other                      0.00 ( 3.75% of List )
|             List time                  0.00 (74.16% of Nonbo)
|                   Short_ene time             0.00 (97.06% of Direc)
|                   Other                      0.00 ( 2.94% of Direc)
|                Direct Ewald time          0.00 (89.75% of Ewald)
|                Force Adjust               0.00 ( 0.77% of Ewald)
|                Virial junk                0.00 ( 1.90% of Ewald)
|                Start synchronizatio       0.00 ( 1.13% of Ewald)
|                Other                      0.00 ( 6.46% of Ewald)
|             Ewald time                 0.00 (25.37% of Nonbo)
|             Other                      0.00 ( 0.48% of Nonbo)
|          Nonbond force              0.00 (84.43% of Force)
|          Bond/Angle/Dihedral        0.00 (13.46% of Force)
|          Other                      0.00 ( 2.11% of Force)
|       Force time                 0.00 (100.0% of Runmd)
|    Runmd Time                 0.00 ( 0.19% of Total)
|    Other                      0.66 (99.52% of Total)
| Total time                 0.66 (100.0% of ALL  )

| Number of list builds   :          1

| Highest rstack allocated:        125
| Highest istack allocated:         25
|           Job began  at 19:23:31.175  on 08/12/2016
|           Setup done at 19:23:31.379  on 08/12/2016
|           Run   done at 19:23:31.836  on 08/12/2016
|     wallclock() was called      58 times
