            --------------------------------------------------------
                             AMBER SQM VERSION 14
 
                                     By
              Ross C. Walker, Michael F. Crowley, Scott Brozell,
                         Tim Giese, Andreas W. Goetz,
                        Tai-Sung Lee and David A. Case
 
            --------------------------------------------------------
 

--------------------------------------------------------------------------------
  QM CALCULATION INFO
--------------------------------------------------------------------------------

| QMMM: Citation for AMBER QMMM Run:
| QMMM: R.C. Walker, M.F. Crowley and D.A. Case, J. COMP. CHEM. 29:1019, 2008

QMMM: SINGLET STATE CALCULATION
QMMM: RHF CALCULATION, NO. OF DOUBLY OCCUPIED LEVELS = 62

| QMMM: *** Selected Hamiltonian *** 
| QMMM: AM1         

| QMMM: *** Parameter sets in use ***
| QMMM: C : M.J.S.DEWAR et al. JACS, 107, 3902, (1985)
| QMMM: O : M.J.S.DEWAR et al. JACS, 107, 3902, (1985)
| QMMM: F : M.J.S.DEWAR et al. THEOCHEM, 180, 1, (1988)
| QMMM: H : M.J.S.DEWAR et al. JACS, 107, 3902, (1985)

| QMMM: *** SCF convergence criteria ***
| QMMM: Energy change                :  0.1D-09 kcal/mol
| QMMM: Error matrix |FP-PF|         :  0.1D+00 au
| QMMM: Density matrix change        :  0.5D-06
| QMMM: Maximum number of SCF cycles :     1000

| QMMM: *** Diagonalization Routine Information ***
| QMMM: Pseudo diagonalizations are allowed.
| QMMM: Auto diagonalization routine selection is in use.
| QMMM:
| QMMM: Timing diagonalization routines:
| QMMM:                              norbs =      102
| QMMM:    diag iterations used for timing =       10
| QMMM:
| QMMM:              Internal diag routine = 0.039533 seconds
| QMMM:                 Dspev diag routine = 0.066601 seconds
| QMMM:                Dspevd diag routine = 0.044920 seconds
| QMMM:                Dspevx diag routine = 0.149110 seconds
| QMMM:                 Dsyev diag routine = 0.071226 seconds
| QMMM:                Dsyevd diag routine = 0.052903 seconds
| QMMM:                Dsyevr diag routine = 0.047496 seconds
| QMMM:
| QMMM:                Pseudo diag routine = 0.018154 seconds
| QMMM:
| QMMM: Using internal diagonalization routine (diag_routine=1).

  QMMM: QM Region Cartesian Coordinates (*=link atom) 
  QMMM: QM_NO.   MM_NO.  ATOM         X         Y         Z
  QMMM:     1        1      C        2.2050    0.1030    0.9320
  QMMM:     2        2      C        3.3330    0.8990    0.8990
  QMMM:     3        3      C        3.4880    1.8390   -0.1100
  QMMM:     4        4      O        4.5980    2.6230   -0.1460
  QMMM:     5        5      C        2.5090    1.9770   -1.0830
  QMMM:     6        6      C        1.3820    1.1780   -1.0450
  QMMM:     7        7      C        1.2300    0.2430   -0.0390
  QMMM:     8        8      C        0.0000   -0.6270    0.0000
  QMMM:     9        9      C       -0.0390   -1.5110   -1.2480
  QMMM:    10       10      F       -1.1810   -2.3180   -1.2130
  QMMM:    11       11      F       -0.0750   -0.7030   -2.3900
  QMMM:    12       12      F        1.1020   -2.3190   -1.2840
  QMMM:    13       13      C        0.0390   -1.5100    1.2490
  QMMM:    14       14      F        1.1810   -2.3180    1.2130
  QMMM:    15       15      F        0.0750   -0.7020    2.3900
  QMMM:    16       16      F       -1.1030   -2.3180    1.2850
  QMMM:    17       17      C       -1.2300    0.2430    0.0380
  QMMM:    18       18      C       -2.2060    0.1010   -0.9300
  QMMM:    19       19      C       -3.3340    0.8980   -0.8970
  QMMM:    20       20      C       -3.4870    1.8400    0.1090
  QMMM:    21       21      O       -4.5970    2.6240    0.1450
  QMMM:    22       22      C       -2.5070    1.9800    1.0800
  QMMM:    23       23      C       -1.3820    1.1780    1.0460
  QMMM:    24       24      H        2.0890   -0.5970    1.6820
  QMMM:    25       25      H        4.0600    0.7950    1.6240
  QMMM:    26       26      H        5.2590    2.5300    0.5110
  QMMM:    27       27      H        2.6220    2.6750   -1.8340
  QMMM:    28       28      H        0.6530    1.2800   -1.7690
  QMMM:    29       29      H       -2.0920   -0.6010   -1.6780
  QMMM:    30       30      H       -4.0620    0.7920   -1.6210
  QMMM:    31       31      H       -5.2590    2.5290   -0.5110
  QMMM:    32       32      H       -2.6180    2.6830    1.8280
  QMMM:    33       33      H       -0.6560    1.2770    1.7720

--------------------------------------------------------------------------------
  RESULTS
--------------------------------------------------------------------------------

      iter         sqm energy              rms gradient
      ----    -------------------    -----------------------
xmin    10     -336.7455 kcal/mol        0.3217 kcal/(mol*A)
xmin    20     -337.0849 kcal/mol        0.1858 kcal/(mol*A)
xmin    30     -337.1040 kcal/mol        0.1012 kcal/(mol*A)
xmin    40     -337.1072 kcal/mol        0.0411 kcal/(mol*A)
xmin    50     -337.1076 kcal/mol        0.0032 kcal/(mol*A)
xmin    60     -337.1076 kcal/mol        0.0046 kcal/(mol*A)
xmin    70     -337.1076 kcal/mol        0.0034 kcal/(mol*A)
  ... geometry converged !
 
 Final MO eigenvalues (eV):
 -52.4229  -52.0568  -49.0135  -48.9113  -48.7588  -48.6992  -41.2063  -40.5258
 -38.9932  -37.6484  -34.9596  -32.1786  -32.1573  -30.3483  -29.1250  -26.7631
 -24.9392  -24.3455  -24.1496  -23.2977  -22.2513  -20.0985  -20.0954  -19.9531
 -19.5082  -19.4061  -19.4027  -18.8796  -18.3536  -17.7156  -17.3487  -16.8397
 -15.7401  -15.7327  -15.6294  -15.6037  -15.4899  -15.4761  -15.4186  -15.3099
 -15.2704  -14.9694  -14.9251  -14.8674  -14.8271  -14.7909  -14.6528  -14.5541
 -14.5359  -14.4278  -14.2906  -13.4971  -13.4120  -13.0787  -12.9270  -12.6842
 -12.2688  -12.2127  -10.3561  -10.2623   -9.6526   -9.4684   -0.3160   -0.2629
  -0.0397    0.0349    0.8222    1.1040    2.1629    2.2242    2.4701    2.4813
   2.6167    2.6562    3.0777    3.0856    3.1693    3.2557    3.3219    3.3729
   3.3938    3.4015    3.4461    3.4883    3.7724    3.7744    3.9403    3.9800
   4.2135    4.2832    4.5299    4.5604    4.7006    4.7373    4.8637    4.8692
   4.9949    5.0020    5.2911    5.3331    5.8831    5.8863

 Heat of formation   =       -337.10762578 kcal/mol  (      -14.61808359 eV)

 Total SCF energy    =    -129385.82190658 kcal/mol  (    -5610.59025656 eV)
 Electronic energy   =    -782633.68865817 kcal/mol  (   -33937.54341348 eV)
 Core-core repulsion =     653247.86675159 kcal/mol  (    28326.95315691 eV)
 
    Atomic Charges for Step       1 :
  Atom    Element       Mulliken Charge
     1      C                 -0.056
     2      C                 -0.218
     3      C                  0.104
     4      O                 -0.244
     5      C                 -0.159
     6      C                 -0.061
     7      C                 -0.155
     8      C                  0.010
     9      C                  0.418
    10      F                 -0.158
    11      F                 -0.155
    12      F                 -0.148
    13      C                  0.418
    14      F                 -0.158
    15      F                 -0.155
    16      F                 -0.148
    17      C                 -0.155
    18      C                 -0.056
    19      C                 -0.218
    20      C                  0.104
    21      O                 -0.244
    22      C                 -0.159
    23      C                 -0.061
    24      H                  0.150
    25      H                  0.143
    26      H                  0.224
    27      H                  0.159
    28      H                  0.152
    29      H                  0.150
    30      H                  0.143
    31      H                  0.224
    32      H                  0.159
    33      H                  0.152
 Total Mulliken Charge =      -0.000
 
                  X        Y        Z     TOTAL  
  QM DIPOLE     0.001    2.356   -0.003    2.356
 
 Final Structure

  QMMM: QM Region Cartesian Coordinates (*=link atom) 
  QMMM: QM_NO.   MM_NO.  ATOM         X         Y         Z
  QMMM:     1        1      C        2.3067    0.0201    0.8943
  QMMM:     2        2      C        3.4277    0.8465    0.8659
  QMMM:     3        3      C        3.4816    1.9065   -0.0483
  QMMM:     4        4      O        4.5501    2.7639   -0.1343
  QMMM:     5        5      C        2.4152    2.1396   -0.9356
  QMMM:     6        6      C        1.3069    1.3073   -0.8895
  QMMM:     7        7      C        1.2335    0.2408    0.0259
  QMMM:     8        8      C       -0.0005   -0.6205    0.0019
  QMMM:     9        9      C        0.1149   -1.5775   -1.2612
  QMMM:    10       10      F       -0.8307   -2.5706   -1.3105
  QMMM:    11       11      F        0.0061   -0.9374   -2.4681
  QMMM:    12       12      F        1.3057   -2.2512   -1.3363
  QMMM:    13       13      C       -0.1164   -1.5735    1.2680
  QMMM:    14       14      F        0.8286   -2.5670    1.3204
  QMMM:    15       15      F       -0.0074   -0.9297    2.4729
  QMMM:    16       16      F       -1.3077   -2.2462    1.3451
  QMMM:    17       17      C       -1.2339    0.2415   -0.0248
  QMMM:    18       18      C       -2.3073    0.0187   -0.8923
  QMMM:    19       19      C       -3.4278    0.8459   -0.8665
  QMMM:    20       20      C       -3.4809    1.9089    0.0442
  QMMM:    21       21      O       -4.5488    2.7673    0.1275
  QMMM:    22       22      C       -2.4142    2.1443    0.9306
  QMMM:    23       23      C       -1.3065    1.3110    0.8871
  QMMM:    24       24      H        2.2873   -0.8119    1.6172
  QMMM:    25       25      H        4.2639    0.6624    1.5554
  QMMM:    26       26      H        5.2144    2.4841    0.5134
  QMMM:    27       27      H        2.4746    2.9719   -1.6513
  QMMM:    28       28      H        0.4701    1.4766   -1.5879
  QMMM:    29       29      H       -2.2885   -0.8157   -1.6125
  QMMM:    30       30      H       -4.2641    0.6600   -1.5553
  QMMM:    31       31      H       -5.2134    2.4858   -0.5191
  QMMM:    32       32      H       -2.4730    2.9789    1.6436
  QMMM:    33       33      H       -0.4695    1.4821    1.5848

           --------- Calculation Completed ----------

