
          -------------------------------------------------------
          Amber 16 SANDER                              2016
          -------------------------------------------------------

| Run on 08/12/2016 at 19:24:22

|   Executable path: sander
| Working directory: /net/roos/home4/zuckerman/spiriti/estrogen-receptor2/ligands5/iok
|          Hostname: n000.dcb.private.net

  [-O]verwriting output

File Assignments:
|  MDIN: ../amber.in                                                           
| MDOUT: amber.out                                                             
|INPCRD: iok.inpcrd                                                            
|  PARM: iok.prm7                                                              
|RESTRT: restrt                                                                
|  REFC: refc                                                                  
| MDVEL: mdvel                                                                 
| MDFRC: mdfrc                                                                 
|  MDEN: mden                                                                  
| MDCRD: mdcrd                                                                 
|MDINFO: mdinfo                                                                
|  MTMD: mtmd                                                                  
|INPDIP: inpdip                                                                
|RSTDIP: rstdip                                                                
|INPTRA: inptraj                                                               


 Here is the input file:

test file                                                                      
&cntrl                                                                         
imin=1, maxcyc=1,                                                              
ntpr=5, cut=99, igb=0, ntb=0                                                   
/                                                                              

--------------------------------------------------------------------------------
   1.  RESOURCE   USE: 
--------------------------------------------------------------------------------

| Flags:                                                                        
|    NONPERIODIC   ntb=0 and igb=0: Setting up nonperiodic simulation
|  *** cutoff > system size, list only builds once
|Largest sphere to fit in unit cell has radius =    34.322
| New format PARM file being parsed.
| Version =    1.000 Date = 07/06/16 Time = 23:51:06
 NATOM  =      56 NTYPES =      10 NBONH =      26 MBONA  =      33
 NTHETH =      55 MTHETA =      45 NPHIH =     111 MPHIA  =      75
 NHPARM =       0 NPARM  =       0 NNB   =     296 NRES   =       1
 NBONA  =      33 NTHETA =      45 NPHIA =      75 NUMBND =      20
 NUMANG =      34 NPTRA  =      25 NATYP =      14 NPHB   =       0
 IFBOX  =       0 NMXRS  =      56 IFCAP =       0 NEXTRA =       0
 NCOPY  =       0


|     Memory Use     Allocated
|     Real                8874
|     Hollerith            171
|     Integer            30708
|     Max Pairs           1540
|     nblistReal           672
|     nblist Int       1158077
|       Total             4724 kbytes

| Note: 1-4 EEL scale factors are being read from the topology file.

| Note: 1-4 VDW scale factors are being read from the topology file.
| Duplicated    0 dihedrals
| Duplicated    0 dihedrals

--------------------------------------------------------------------------------
   2.  CONTROL  DATA  FOR  THE  RUN
--------------------------------------------------------------------------------

default_name                                                                    

General flags:
     imin    =       1, nmropt  =       0

Nature and format of input:
     ntx     =       1, irest   =       0, ntrx    =       1

Nature and format of output:
     ntxo    =       2, ntpr    =       5, ntrx    =       1, ntwr    =       1
     iwrap   =       0, ntwx    =       0, ntwv    =       0, ntwe    =       0
     ioutfm  =       1, ntwprt  =       0, idecomp =       0, rbornstat=      0

Potential function:
     ntf     =       1, ntb     =       0, igb     =       0, nsnb    =      25
     ipol    =       0, gbsa    =       0, iesp    =       0
     dielc   =   1.00000, cut     =  99.00000, intdiel =   1.00000

Frozen or restrained atoms:
     ibelly  =       0, ntr     =       0

Energy minimization:
     maxcyc  =       1, ncyc    =      10, ntmin   =       1
     dx0     =   0.01000, drms    =   0.00010
|  INFO: Old style inpcrd file read


--------------------------------------------------------------------------------
   3.  ATOMIC COORDINATES AND VELOCITIES
--------------------------------------------------------------------------------

default_name                                                                    
 begin time read from input coords =     0.000 ps

 Number of triangulated 3-point waters found:        0

     Sum of charges from parm topology file =   0.00200000
     Forcing neutrality...

--------------------------------------------------------------------------------
   4.  RESULTS
--------------------------------------------------------------------------------

 ---------------------------------------------------

     eedmeth=4: Setting switch to one everywhere

 ---------------------------------------------------
| Local SIZE OF NONBOND LIST =       1246
| TOTAL SIZE OF NONBOND LIST =       1246


   NSTEP       ENERGY          RMS            GMAX         NAME    NUMBER
      1       7.5832E-01     1.7370E+01     5.5829E+01     C24        56

 BOND    =       17.7852  ANGLE   =       26.2317  DIHED      =       12.0526
 VDWAALS =       -8.7163  EEL     =       14.6787  HBOND      =        0.0000
 1-4 VDW =       15.3953  1-4 EEL =      -76.6690  RESTRAINT  =        0.0000


  Maximum number of minimization cycles reached.


                    FINAL RESULTS



   NSTEP       ENERGY          RMS            GMAX         NAME    NUMBER
      1       7.5832E-01     1.7370E+01     5.5829E+01     C24        56

 BOND    =       17.7852  ANGLE   =       26.2317  DIHED      =       12.0526
 VDWAALS =       -8.7163  EEL     =       14.6787  HBOND      =        0.0000
 1-4 VDW =       15.3953  1-4 EEL =      -76.6690  RESTRAINT  =        0.0000

--------------------------------------------------------------------------------
   5.  TIMINGS
--------------------------------------------------------------------------------

|    Read coords time           0.00 ( 0.39% of Total)
|                Build the list             0.00 (96.55% of List )
|                Other                      0.00 ( 3.45% of List )
|             List time                  0.00 (72.25% of Nonbo)
|                   Short_ene time             0.00 (98.13% of Direc)
|                   Other                      0.00 ( 1.87% of Direc)
|                Direct Ewald time          0.00 (90.17% of Ewald)
|                Force Adjust               0.00 ( 0.47% of Ewald)
|                Virial junk                0.00 ( 1.20% of Ewald)
|                Start synchronizatio       0.00 ( 0.96% of Ewald)
|                Other                      0.00 ( 7.20% of Ewald)
|             Ewald time                 0.00 (27.36% of Nonbo)
|             Other                      0.00 ( 0.39% of Nonbo)
|          Nonbond force              0.00 (83.23% of Force)
|          Bond/Angle/Dihedral        0.00 (15.46% of Force)
|          Other                      0.00 ( 1.31% of Force)
|       Force time                 0.00 (100.0% of Runmd)
|    Runmd Time                 0.00 ( 0.34% of Total)
|    Other                      0.53 (99.26% of Total)
| Total time                 0.53 (99.87% of ALL  )

| Number of list builds   :          1

| Highest rstack allocated:        250
| Highest istack allocated:         50
|           Job began  at 19:24:22.740  on 08/12/2016
|           Setup done at 19:24:22.899  on 08/12/2016
|           Run   done at 19:24:23.275  on 08/12/2016
|     wallclock() was called      58 times
