Justin's MRMC starting at Fri Aug 12 19:23:39 2016

Executable name: /net/roos/home4/zuckerman/spiriti/justin-mrmc/mrmc-7-28-16/mrmc-debug
Processing command: READ FFIELD amber99sb-1gs.prm

Loading forcefield file amber99sb-1gs.prm
the number of bond params: 97
the number of angle params: 215
the number of improper dihedral params: 49
the number of dihedral params: 373
Processing command: READ DEFS defs-amber99sb-1gs.txt

Loading definitions file defs-amber99sb-1gs.txt
Processing command: INSERT SEQUENCE

Processing command: AAREGION ALL

All atom region residues  = 1,
setup bond angle interactions: passed
setup improper torsion interactions: passed
setup bonded1-4 interactions: passed
Processing command: READ PDB 1gs-test.pdb

Processing command: EPS 1.0

Processing command: CUTOFF 99.0

Processing command: GO_HARDCORE 1.7

Processing command: GO_NATIVE 8.0

Processing command: GO_EXPONENTS 12 10

Processing command: GO_WELLDEPTH 1.0

Processing command: ENERGY TOTAL

All atom region residues  = 1,
Number of segments:                     1
Number of residues:                     1
Number of atoms:                        42
Number of side chain rotatable bonds: 12
Total system charge:                  0.00
Will read PDB file 1gs-test.pdb.
Could not find atom   1 HO0 from PDB file
