            --------------------------------------------------------
                             AMBER SQM VERSION 14
 
                                     By
              Ross C. Walker, Michael F. Crowley, Scott Brozell,
                         Tim Giese, Andreas W. Goetz,
                        Tai-Sung Lee and David A. Case
 
            --------------------------------------------------------
 

--------------------------------------------------------------------------------
  QM CALCULATION INFO
--------------------------------------------------------------------------------

| QMMM: Citation for AMBER QMMM Run:
| QMMM: R.C. Walker, M.F. Crowley and D.A. Case, J. COMP. CHEM. 29:1019, 2008

QMMM: SINGLET STATE CALCULATION
QMMM: RHF CALCULATION, NO. OF DOUBLY OCCUPIED LEVELS = 66

| QMMM: *** Selected Hamiltonian *** 
| QMMM: AM1         

| QMMM: *** Parameter sets in use ***
| QMMM: C : M.J.S.DEWAR et al. JACS, 107, 3902, (1985)
| QMMM: N : M.J.S.DEWAR et al. JACS, 107, 3902, (1985)
| QMMM: F : M.J.S.DEWAR et al. THEOCHEM, 180, 1, (1988)
| QMMM: O : M.J.S.DEWAR et al. JACS, 107, 3902, (1985)
| QMMM: H : M.J.S.DEWAR et al. JACS, 107, 3902, (1985)

| QMMM: *** SCF convergence criteria ***
| QMMM: Energy change                :  0.1D-09 kcal/mol
| QMMM: Error matrix |FP-PF|         :  0.1D+00 au
| QMMM: Density matrix change        :  0.5D-06
| QMMM: Maximum number of SCF cycles :     1000

| QMMM: *** Diagonalization Routine Information ***
| QMMM: Pseudo diagonalizations are allowed.
| QMMM: Auto diagonalization routine selection is in use.
| QMMM:
| QMMM: Timing diagonalization routines:
| QMMM:                              norbs =      117
| QMMM:    diag iterations used for timing =       10
| QMMM:
| QMMM:              Internal diag routine = 0.057310 seconds
| QMMM:                 Dspev diag routine = 0.098202 seconds
| QMMM:                Dspevd diag routine = 0.064655 seconds
| QMMM:                Dspevx diag routine = 0.207677 seconds
| QMMM:                 Dsyev diag routine = 0.104036 seconds
| QMMM:                Dsyevd diag routine = 0.075144 seconds
| QMMM:                Dsyevr diag routine = 0.069322 seconds
| QMMM:
| QMMM:                Pseudo diag routine = 0.031425 seconds
| QMMM:
| QMMM: Using internal diagonalization routine (diag_routine=1).

  QMMM: QM Region Cartesian Coordinates (*=link atom) 
  QMMM: QM_NO.   MM_NO.  ATOM         X         Y         Z
  QMMM:     1        1      C       -0.2100   -3.5720    0.8570
  QMMM:     2        2      C        1.1180   -3.0390    0.3150
  QMMM:     3        3      C        2.0390   -4.2130   -0.0210
  QMMM:     4        4      C        0.8600   -2.2150   -0.9480
  QMMM:     5        5      N        0.0880   -1.0190   -0.6010
  QMMM:     6        6      N       -1.3080   -0.9580   -0.5220
  QMMM:     7        7      C       -1.6740    0.2660   -0.1870
  QMMM:     8        8      C       -2.9140    0.9020    0.0350
  QMMM:     9        9      C       -4.2000    0.1280   -0.1080
  QMMM:    10       10      F       -4.3040   -0.3650   -1.4130
  QMMM:    11       11      F       -4.2040   -0.9400    0.7960
  QMMM:    12       12      F       -5.2840    0.9710    0.1610
  QMMM:    13       13      C       -2.9420    2.2150    0.3790
  QMMM:    14       14      C       -1.7720    2.9620    0.5200
  QMMM:    15       15      C       -0.5460    2.4120    0.3210
  QMMM:    16       16      C       -0.4430    1.0560   -0.0360
  QMMM:    17       17      C        0.6170    0.1860   -0.3050
  QMMM:    18       18      C        2.0510    0.5250   -0.2740
  QMMM:    19       19      C        2.7090    0.9000   -1.4480
  QMMM:    20       20      C        4.0500    1.2160   -1.4150
  QMMM:    21       21      C        4.7510    1.1640   -0.2160
  QMMM:    22       22      O        6.0740    1.4720   -0.1920
  QMMM:    23       23      C        4.1070    0.7930    0.9550
  QMMM:    24       24      C        2.7590    0.4790    0.9350
  QMMM:    25       25      O        2.1270    0.1160    2.0810
  QMMM:    26       26      H       -0.0290   -4.1480    1.7400
  QMMM:    27       27      H       -0.6750   -4.1900    0.1170
  QMMM:    28       28      H       -0.8540   -2.7510    1.0920
  QMMM:    29       29      H        1.5830   -2.4210    1.0550
  QMMM:    30       30      H        1.5740   -4.8310   -0.7610
  QMMM:    31       31      H        2.2200   -4.7890    0.8630
  QMMM:    32       32      H        2.9680   -3.8410   -0.4000
  QMMM:    33       33      H        1.7940   -1.9240   -1.3810
  QMMM:    34       34      H        0.3090   -2.8040   -1.6520
  QMMM:    35       35      H       -3.8530    2.6730    0.5400
  QMMM:    36       36      H       -1.8400    3.9580    0.7820
  QMMM:    37       37      H        0.3050    2.9860    0.4310
  QMMM:    38       38      H        2.1910    0.9400   -2.3400
  QMMM:    39       39      H        4.5350    1.4920   -2.2830
  QMMM:    40       40      H        6.5480    1.4380    0.6150
  QMMM:    41       41      H        4.6330    0.7510    1.8420
  QMMM:    42       42      H        2.6020    0.0860    2.8880

--------------------------------------------------------------------------------
  RESULTS
--------------------------------------------------------------------------------

      iter         sqm energy              rms gradient
      ----    -------------------    -----------------------
xmin    10     -139.8280 kcal/mol        0.3861 kcal/(mol*A)
xmin    20     -140.0333 kcal/mol        0.1589 kcal/(mol*A)
xmin    30     -140.0658 kcal/mol        0.3889 kcal/(mol*A)
xmin    40     -140.0888 kcal/mol        0.1051 kcal/(mol*A)
xmin    50     -140.0949 kcal/mol        0.0417 kcal/(mol*A)
xmin    60     -140.0964 kcal/mol        0.0098 kcal/(mol*A)
xmin    70     -140.0971 kcal/mol        0.0065 kcal/(mol*A)
xmin    80     -140.0971 kcal/mol        0.0024 kcal/(mol*A)
xmin    90     -140.0972 kcal/mol        0.0023 kcal/(mol*A)
xmin   100     -140.0972 kcal/mol        0.0012 kcal/(mol*A)
  ... geometry converged !
 
 Final MO eigenvalues (eV):
 -51.3873  -48.0159  -47.9628  -42.2037  -41.0438  -39.4090  -38.4715  -37.2615
 -36.6644  -33.6925  -32.1017  -31.9755  -31.2262  -29.0467  -27.9333  -27.5602
 -26.2416  -24.7385  -24.0374  -23.1667  -22.9880  -21.3578  -20.7753  -19.7394
 -19.6239  -18.9237  -18.9073  -18.8518  -18.2164  -17.6255  -16.8351  -16.5407
 -16.2748  -16.1485  -15.9657  -15.8518  -15.6862  -15.2196  -15.0783  -14.9514
 -14.8478  -14.7184  -14.6188  -14.4312  -14.1287  -14.0321  -13.8471  -13.8404
 -13.6306  -13.4566  -13.3186  -13.1065  -13.0061  -12.9778  -12.6652  -12.5048
 -12.4106  -12.0782  -12.0502  -11.5940  -11.4788  -10.9458  -10.1716   -9.4994
  -9.4622   -8.5969   -0.6355   -0.2774   -0.1099    0.6392    1.1804    1.3753
   2.1216    2.1805    2.2784    2.5004    2.6169    3.0363    3.1563    3.2185
   3.4126    3.4334    3.5347    3.5906    3.6469    3.7325    3.8121    3.9965
   4.0141    4.0455    4.0840    4.0934    4.1576    4.2116    4.2408    4.3006
   4.3670    4.4479    4.5272    4.5831    4.6197    4.6856    4.7664    4.8027
   4.8858    4.9004    5.0482    5.1579    5.2149    5.2289    5.2636    5.4376
   5.5377    5.7121    5.7839    5.8487    6.7193

 Heat of formation   =       -140.09717023 kcal/mol  (       -6.07506917 eV)

 Total SCF energy    =    -116402.75606761 kcal/mol  (    -5047.60227517 eV)
 Electronic energy   =    -789122.83067271 kcal/mol  (   -34218.93372676 eV)
 Core-core repulsion =     672720.07460510 kcal/mol  (    29171.33145159 eV)
 
    Atomic Charges for Step       1 :
  Atom    Element       Mulliken Charge
     1      C                 -0.212
     2      C                 -0.123
     3      C                 -0.212
     4      C                 -0.014
     5      N                 -0.037
     6      N                 -0.080
     7      C                 -0.056
     8      C                 -0.132
     9      C                  0.476
    10      F                 -0.161
    11      F                 -0.161
    12      F                 -0.178
    13      C                 -0.055
    14      C                 -0.170
    15      C                 -0.037
    16      C                 -0.128
    17      C                 -0.010
    18      C                 -0.106
    19      C                 -0.039
    20      C                 -0.196
    21      C                  0.134
    22      O                 -0.242
    23      C                 -0.311
    24      C                  0.144
    25      O                 -0.238
    26      H                  0.073
    27      H                  0.078
    28      H                  0.099
    29      H                  0.112
    30      H                  0.077
    31      H                  0.082
    32      H                  0.071
    33      H                  0.105
    34      H                  0.120
    35      H                  0.149
    36      H                  0.138
    37      H                  0.139
    38      H                  0.152
    39      H                  0.160
    40      H                  0.223
    41      H                  0.141
    42      H                  0.223
 Total Mulliken Charge =      -0.000
 
                  X        Y        Z     TOTAL  
  QM DIPOLE     7.496    0.504    1.582    7.677
 
 Final Structure

  QMMM: QM Region Cartesian Coordinates (*=link atom) 
  QMMM: QM_NO.   MM_NO.  ATOM         X         Y         Z
  QMMM:     1        1      C       -0.2719   -3.7844    0.9141
  QMMM:     2        2      C        1.0121   -3.1063    0.4925
  QMMM:     3        3      C        2.0649   -4.1385    0.1394
  QMMM:     4        4      C        0.8028   -2.2009   -0.7302
  QMMM:     5        5      N        0.0508   -0.9775   -0.4690
  QMMM:     6        6      N       -1.2849   -0.9498   -0.4259
  QMMM:     7        7      C       -1.6379    0.3543   -0.1746
  QMMM:     8        8      C       -2.9155    0.9633   -0.0289
  QMMM:     9        9      C       -4.1647    0.1063   -0.1564
  QMMM:    10       10      F       -4.3087   -0.5155   -1.3725
  QMMM:    11       11      F       -4.2543   -0.9130    0.7597
  QMMM:    12       12      F       -5.3478    0.7923    0.0017
  QMMM:    13       13      C       -2.9819    2.3104    0.2242
  QMMM:    14       14      C       -1.8075    3.1055    0.3428
  QMMM:    15       15      C       -0.5543    2.5618    0.2081
  QMMM:    16       16      C       -0.4382    1.1829   -0.0539
  QMMM:    17       17      C        0.6376    0.2744   -0.2500
  QMMM:    18       18      C        2.0610    0.5547   -0.2567
  QMMM:    19       19      C        2.6360    1.2020   -1.3604
  QMMM:    20       20      C        3.9836    1.5335   -1.3846
  QMMM:    21       21      C        4.7865    1.2140   -0.2747
  QMMM:    22       22      O        6.1095    1.5687   -0.3551
  QMMM:    23       23      C        4.2491    0.5667    0.8436
  QMMM:    24       24      C        2.8850    0.2383    0.8431
  QMMM:    25       25      O        2.3027   -0.4102    1.9037
  QMMM:    26       26      H       -0.0635   -4.5209    1.7280
  QMMM:    27       27      H       -0.7319   -4.3292    0.0545
  QMMM:    28       28      H       -1.0104   -3.0401    1.2968
  QMMM:    29       29      H        1.3937   -2.4805    1.3502
  QMMM:    30       30      H        1.7298   -4.7640   -0.7229
  QMMM:    31       31      H        2.2448   -4.8105    1.0129
  QMMM:    32       32      H        3.0289   -3.6450   -0.1321
  QMMM:    33       33      H        1.8088   -1.8784   -1.1245
  QMMM:    34       34      H        0.2661   -2.7850   -1.5318
  QMMM:    35       35      H       -3.9623    2.8018    0.3414
  QMMM:    36       36      H       -1.9299    4.1792    0.5488
  QMMM:    37       37      H        0.3528    3.1768    0.3027
  QMMM:    38       38      H        1.9981    1.4544   -2.2233
  QMMM:    39       39      H        4.4322    2.0408   -2.2499
  QMMM:    40       40      H        6.5464    1.3037    0.4682
  QMMM:    41       41      H        4.8798    0.3216    1.7084
  QMMM:    42       42      H        2.9624   -0.4910    2.6094

           --------- Calculation Completed ----------

