
          -------------------------------------------------------
          Amber 16 SANDER                              2016
          -------------------------------------------------------

| Run on 08/12/2016 at 19:24:27

|   Executable path: sander
| Working directory: /net/roos/home4/zuckerman/spiriti/estrogen-receptor2/ligands5/kn0
|          Hostname: n000.dcb.private.net

  [-O]verwriting output

File Assignments:
|  MDIN: ../amber.in                                                           
| MDOUT: amber.out                                                             
|INPCRD: kn0.inpcrd                                                            
|  PARM: kn0.prm7                                                              
|RESTRT: restrt                                                                
|  REFC: refc                                                                  
| MDVEL: mdvel                                                                 
| MDFRC: mdfrc                                                                 
|  MDEN: mden                                                                  
| MDCRD: mdcrd                                                                 
|MDINFO: mdinfo                                                                
|  MTMD: mtmd                                                                  
|INPDIP: inpdip                                                                
|RSTDIP: rstdip                                                                
|INPTRA: inptraj                                                               


 Here is the input file:

test file                                                                      
&cntrl                                                                         
imin=1, maxcyc=1,                                                              
ntpr=5, cut=99, igb=0, ntb=0                                                   
/                                                                              

--------------------------------------------------------------------------------
   1.  RESOURCE   USE: 
--------------------------------------------------------------------------------

| Flags:                                                                        
|    NONPERIODIC   ntb=0 and igb=0: Setting up nonperiodic simulation
|  *** cutoff > system size, list only builds once
|Largest sphere to fit in unit cell has radius =    32.212
| New format PARM file being parsed.
| Version =    1.000 Date = 07/06/16 Time = 23:57:05
 NATOM  =      43 NTYPES =       8 NBONH =      15 MBONA  =      31
 NTHETH =      29 MTHETA =      46 NPHIH =      60 MPHIA  =      70
 NHPARM =       0 NPARM  =       0 NNB   =     218 NRES   =       1
 NBONA  =      31 NTHETA =      46 NPHIA =      70 NUMBND =      12
 NUMANG =      19 NPTRA  =       8 NATYP =      10 NPHB   =       0
 IFBOX  =       0 NMXRS  =      43 IFCAP =       0 NEXTRA =       0
 NCOPY  =       0


|     Memory Use     Allocated
|     Real                7710
|     Hollerith            132
|     Integer            27626
|     Max Pairs            903
|     nblistReal           516
|     nblist Int       1059059
|       Total             4313 kbytes

| Note: 1-4 EEL scale factors are being read from the topology file.

| Note: 1-4 VDW scale factors are being read from the topology file.
| Duplicated    0 dihedrals
| Duplicated    0 dihedrals

--------------------------------------------------------------------------------
   2.  CONTROL  DATA  FOR  THE  RUN
--------------------------------------------------------------------------------

default_name                                                                    

General flags:
     imin    =       1, nmropt  =       0

Nature and format of input:
     ntx     =       1, irest   =       0, ntrx    =       1

Nature and format of output:
     ntxo    =       2, ntpr    =       5, ntrx    =       1, ntwr    =       1
     iwrap   =       0, ntwx    =       0, ntwv    =       0, ntwe    =       0
     ioutfm  =       1, ntwprt  =       0, idecomp =       0, rbornstat=      0

Potential function:
     ntf     =       1, ntb     =       0, igb     =       0, nsnb    =      25
     ipol    =       0, gbsa    =       0, iesp    =       0
     dielc   =   1.00000, cut     =  99.00000, intdiel =   1.00000

Frozen or restrained atoms:
     ibelly  =       0, ntr     =       0

Energy minimization:
     maxcyc  =       1, ncyc    =      10, ntmin   =       1
     dx0     =   0.01000, drms    =   0.00010
|  INFO: Old style inpcrd file read


--------------------------------------------------------------------------------
   3.  ATOMIC COORDINATES AND VELOCITIES
--------------------------------------------------------------------------------

default_name                                                                    
 begin time read from input coords =     0.000 ps

 Number of triangulated 3-point waters found:        0

     Sum of charges from parm topology file =  -0.00200100
     Forcing neutrality...

--------------------------------------------------------------------------------
   4.  RESULTS
--------------------------------------------------------------------------------

 ---------------------------------------------------

     eedmeth=4: Setting switch to one everywhere

 ---------------------------------------------------
| Local SIZE OF NONBOND LIST =        686
| TOTAL SIZE OF NONBOND LIST =        686


   NSTEP       ENERGY          RMS            GMAX         NAME    NUMBER
      1       5.3690E+01     2.6318E+01     1.1420E+02     HAK        31

 BOND    =       18.5111  ANGLE   =       33.1393  DIHED      =        2.9399
 VDWAALS =       34.5502  EEL     =       75.3547  HBOND      =        0.0000
 1-4 VDW =       15.7984  1-4 EEL =     -126.6040  RESTRAINT  =        0.0000


  Maximum number of minimization cycles reached.


                    FINAL RESULTS



   NSTEP       ENERGY          RMS            GMAX         NAME    NUMBER
      1       5.3690E+01     2.6318E+01     1.1420E+02     HAK        31

 BOND    =       18.5111  ANGLE   =       33.1393  DIHED      =        2.9399
 VDWAALS =       34.5502  EEL     =       75.3547  HBOND      =        0.0000
 1-4 VDW =       15.7984  1-4 EEL =     -126.6040  RESTRAINT  =        0.0000

--------------------------------------------------------------------------------
   5.  TIMINGS
--------------------------------------------------------------------------------

|    Read coords time           0.00 ( 0.50% of Total)
|                Build the list             0.00 (96.35% of List )
|                Other                      0.00 ( 3.65% of List )
|             List time                  0.00 (72.46% of Nonbo)
|                   Short_ene time             0.00 (97.57% of Direc)
|                   Other                      0.00 ( 2.43% of Direc)
|                Direct Ewald time          0.00 (89.68% of Ewald)
|                Virial junk                0.00 ( 1.88% of Ewald)
|                Start synchronizatio       0.00 ( 0.95% of Ewald)
|                Other                      0.00 ( 7.49% of Ewald)
|             Ewald time                 0.00 (27.28% of Nonbo)
|             Other                      0.00 ( 0.25% of Nonbo)
|          Nonbond force              0.00 (83.49% of Force)
|          Bond/Angle/Dihedral        0.00 (14.52% of Force)
|          Other                      0.00 ( 1.99% of Force)
|       Force time                 0.00 (100.0% of Runmd)
|    Runmd Time                 0.00 ( 0.34% of Total)
|    Other                      0.41 (99.16% of Total)
| Total time                 0.42 (99.85% of ALL  )

| Number of list builds   :          1

| Highest rstack allocated:        175
| Highest istack allocated:         35
|           Job began  at 19:24:27.339  on 08/12/2016
|           Setup done at 19:24:27.449  on 08/12/2016
|           Run   done at 19:24:27.757  on 08/12/2016
|     wallclock() was called      58 times
