            --------------------------------------------------------
                             AMBER SQM VERSION 14
 
                                     By
              Ross C. Walker, Michael F. Crowley, Scott Brozell,
                         Tim Giese, Andreas W. Goetz,
                        Tai-Sung Lee and David A. Case
 
            --------------------------------------------------------
 

--------------------------------------------------------------------------------
  QM CALCULATION INFO
--------------------------------------------------------------------------------

| QMMM: Citation for AMBER QMMM Run:
| QMMM: R.C. Walker, M.F. Crowley and D.A. Case, J. COMP. CHEM. 29:1019, 2008

QMMM: SINGLET STATE CALCULATION
QMMM: RHF CALCULATION, NO. OF DOUBLY OCCUPIED LEVELS = 71

| QMMM: *** Selected Hamiltonian *** 
| QMMM: AM1         

| QMMM: *** Parameter sets in use ***
| QMMM: C : M.J.S.DEWAR et al. JACS, 107, 3902, (1985)
| QMMM: N : M.J.S.DEWAR et al. JACS, 107, 3902, (1985)
| QMMM: O : M.J.S.DEWAR et al. JACS, 107, 3902, (1985)
| QMMM: F : M.J.S.DEWAR et al. THEOCHEM, 180, 1, (1988)
| QMMM: H : M.J.S.DEWAR et al. JACS, 107, 3902, (1985)

| QMMM: *** SCF convergence criteria ***
| QMMM: Energy change                :  0.1D-09 kcal/mol
| QMMM: Error matrix |FP-PF|         :  0.1D+00 au
| QMMM: Density matrix change        :  0.5D-06
| QMMM: Maximum number of SCF cycles :     1000

| QMMM: *** Diagonalization Routine Information ***
| QMMM: Pseudo diagonalizations are allowed.
| QMMM: Auto diagonalization routine selection is in use.
| QMMM:
| QMMM: Timing diagonalization routines:
| QMMM:                              norbs =      127
| QMMM:    diag iterations used for timing =       10
| QMMM:
| QMMM:              Internal diag routine = 0.071711 seconds
| QMMM:                 Dspev diag routine = 0.121035 seconds
| QMMM:                Dspevd diag routine = 0.078309 seconds
| QMMM:                Dspevx diag routine = 0.253075 seconds
| QMMM:                 Dsyev diag routine = 0.128616 seconds
| QMMM:                Dsyevd diag routine = 0.091219 seconds
| QMMM:                Dsyevr diag routine = 0.082337 seconds
| QMMM:
| QMMM:                Pseudo diag routine = 0.040073 seconds
| QMMM:
| QMMM: Using internal diagonalization routine (diag_routine=1).

  QMMM: QM Region Cartesian Coordinates (*=link atom) 
  QMMM: QM_NO.   MM_NO.  ATOM         X         Y         Z
  QMMM:     1        1      C        1.5180    3.2610    0.7920
  QMMM:     2        2      C        0.1980    3.5750    1.0880
  QMMM:     3        3      C       -0.8090    2.7050    0.7800
  QMMM:     4        4      C       -0.5110    1.4890    0.1610
  QMMM:     5        5      C        0.8250    1.1670   -0.1410
  QMMM:     6        6      C        1.8360    2.0690    0.1830
  QMMM:     7        7      C       -1.3220    0.3550   -0.2970
  QMMM:     8        8      N       -0.5050   -0.5310   -0.8130
  QMMM:     9        9      N        0.8120   -0.0690   -0.7350
  QMMM:    10       10      C       -2.7950    0.2330   -0.1930
  QMMM:    11       11      C        1.9940   -0.7910   -1.2130
  QMMM:    12       12      C       -3.6120    1.2990   -0.5640
  QMMM:    13       13      C       -4.9830    1.1820   -0.4670
  QMMM:    14       14      C       -5.5520    0.0050    0.0010
  QMMM:    15       15      C       -4.7460   -1.0600    0.3730
  QMMM:    16       16      C       -3.3690   -0.9550    0.2730
  QMMM:    17       17      O       -2.5780   -2.0000    0.6300
  QMMM:    18       18      O       -6.9040   -0.1030    0.0950
  QMMM:    19       19      C        2.1100   -2.1040   -0.4820
  QMMM:    20       20      C        2.9020   -2.1980    0.6470
  QMMM:    21       21      C        3.0090   -3.4020    1.3180
  QMMM:    22       22      C        2.3230   -4.5120    0.8600
  QMMM:    23       23      C        1.5310   -4.4170   -0.2690
  QMMM:    24       24      C        1.4200   -3.2120   -0.9370
  QMMM:    25       25      C        3.2720    1.7430   -0.1390
  QMMM:    26       26      F        3.4100    1.5570   -1.5190
  QMMM:    27       27      F        4.0930    2.7970    0.2740
  QMMM:    28       28      F        3.6450    0.5710    0.5290
  QMMM:    29       29      H        2.2680    3.9280    1.0310
  QMMM:    30       30      H       -0.0240    4.4730    1.5450
  QMMM:    31       31      H       -1.7870    2.9460    1.0040
  QMMM:    32       32      H        2.8690   -0.2030   -1.0310
  QMMM:    33       33      H        1.9000   -0.9740   -2.2630
  QMMM:    34       34      H       -3.1920    2.1750   -0.9110
  QMMM:    35       35      H       -5.5880    1.9720   -0.7430
  QMMM:    36       36      H       -5.1730   -1.9310    0.7250
  QMMM:    37       37      H       -1.6460   -1.9270    0.5620
  QMMM:    38       38      H       -7.4500    0.6160   -0.1560
  QMMM:    39       39      H        3.4130   -1.3690    0.9890
  QMMM:    40       40      H        3.6010   -3.4720    2.1610
  QMMM:    41       41      H        2.4020   -5.4110    1.3610
  QMMM:    42       42      H        1.0220   -5.2460   -0.6130
  QMMM:    43       43      H        0.8220   -3.1400   -1.7750

--------------------------------------------------------------------------------
  RESULTS
--------------------------------------------------------------------------------

      iter         sqm energy              rms gradient
      ----    -------------------    -----------------------
xmin    10     -100.2589 kcal/mol        0.5740 kcal/(mol*A)
xmin    20     -100.4843 kcal/mol        0.0857 kcal/(mol*A)
xmin    30     -100.6133 kcal/mol        0.3229 kcal/(mol*A)
xmin    40     -100.6575 kcal/mol        0.2354 kcal/(mol*A)
xmin    50     -100.6869 kcal/mol        0.1549 kcal/(mol*A)
xmin    60     -100.7005 kcal/mol        0.2531 kcal/(mol*A)
xmin    70     -100.7116 kcal/mol        0.0341 kcal/(mol*A)
xmin    80     -100.7145 kcal/mol        0.0834 kcal/(mol*A)
xmin    90     -100.7160 kcal/mol        0.0143 kcal/(mol*A)
xmin   100     -100.7164 kcal/mol        0.0234 kcal/(mol*A)
xmin   110     -100.7171 kcal/mol        0.0053 kcal/(mol*A)
xmin   120     -100.7172 kcal/mol        0.0037 kcal/(mol*A)
xmin   130     -100.7173 kcal/mol        0.0042 kcal/(mol*A)
xmin   140     -100.7173 kcal/mol        0.0055 kcal/(mol*A)
xmin   150     -100.7173 kcal/mol        0.0015 kcal/(mol*A)
  ... geometry converged !
 
 Final MO eigenvalues (eV):
 -52.1406  -48.7048  -48.6989  -42.3042  -40.7503  -39.7013  -39.0915  -38.3639
 -36.8947  -35.0605  -33.1888  -31.9717  -31.6387  -31.1466  -30.9339  -29.8538
 -27.3938  -26.5236  -24.5403  -24.0268  -23.6817  -23.4679  -23.2219  -22.2511
 -21.3248  -19.8698  -19.5960  -19.5138  -19.4061  -18.8235  -18.2199  -17.7556
 -17.1614  -16.8756  -16.6286  -16.5774  -16.1943  -16.0594  -15.9986  -15.7856
 -15.6486  -15.5598  -15.3809  -15.1153  -14.8521  -14.6649  -14.6448  -14.5903
 -14.5567  -14.3176  -14.2769  -14.2127  -14.0858  -13.6886  -13.4443  -13.3046
 -13.2916  -13.0801  -12.6350  -12.5830  -12.4207  -12.1370  -11.9924  -11.9105
 -11.3227   -9.9941   -9.8634   -9.8466   -9.6910   -9.5183   -8.8858   -0.8346
  -0.2567   -0.0566    0.1699    0.2464    0.3682    0.9775    1.3624    1.4864
   2.0929    2.4824    2.5098    2.6848    2.7669    2.9361    3.0166    3.2341
   3.2491    3.3389    3.4198    3.4649    3.4902    3.5224    3.6517    3.7055
   3.7720    3.8446    3.9308    3.9529    3.9804    4.0470    4.0850    4.1202
   4.2229    4.3344    4.3487    4.4585    4.5898    4.7198    4.7674    4.8489
   4.9070    4.9485    4.9601    5.0262    5.1460    5.2629    5.3380    5.3825
   5.4113    5.4983    5.5437    5.8898    6.0607    6.2373    6.3714

 Heat of formation   =       -100.71731558 kcal/mol  (       -4.36743054 eV)

 Total SCF energy    =    -124604.61528318 kcal/mol  (    -5403.26157943 eV)
 Electronic energy   =    -882166.23484907 kcal/mol  (   -38253.59849309 eV)
 Core-core repulsion =     757561.61956589 kcal/mol  (    32850.33691366 eV)
 
    Atomic Charges for Step       1 :
  Atom    Element       Mulliken Charge
     1      C                 -0.051
     2      C                 -0.170
     3      C                 -0.031
     4      C                 -0.131
     5      C                  0.047
     6      C                 -0.176
     7      C                 -0.041
     8      N                 -0.047
     9      N                 -0.135
    10      C                 -0.140
    11      C                  0.029
    12      C                 -0.038
    13      C                 -0.253
    14      C                  0.123
    15      C                 -0.199
    16      C                  0.154
    17      O                 -0.244
    18      O                 -0.245
    19      C                 -0.124
    20      C                 -0.109
    21      C                 -0.134
    22      C                 -0.116
    23      C                 -0.136
    24      C                 -0.106
    25      C                  0.473
    26      F                 -0.164
    27      F                 -0.164
    28      F                 -0.172
    29      H                  0.154
    30      H                  0.146
    31      H                  0.151
    32      H                  0.118
    33      H                  0.124
    34      H                  0.140
    35      H                  0.138
    36      H                  0.171
    37      H                  0.238
    38      H                  0.222
    39      H                  0.143
    40      H                  0.136
    41      H                  0.134
    42      H                  0.137
    43      H                  0.146
 Total Mulliken Charge =      -0.000
 
                  X        Y        Z     TOTAL  
  QM DIPOLE    -0.875    1.939    1.514    2.611
 
 Final Structure

  QMMM: QM Region Cartesian Coordinates (*=link atom) 
  QMMM: QM_NO.   MM_NO.  ATOM         X         Y         Z
  QMMM:     1        1      C        1.5283    3.1315    0.9855
  QMMM:     2        2      C        0.2206    3.3252    1.4450
  QMMM:     3        3      C       -0.8017    2.4669    1.0574
  QMMM:     4        4      C       -0.4870    1.3954    0.2336
  QMMM:     5        5      C        0.8726    1.1528   -0.2115
  QMMM:     6        6      C        1.8745    2.0720    0.1449
  QMMM:     7        7      C       -1.2716    0.3245   -0.3845
  QMMM:     8        8      N       -0.4525   -0.4681   -1.1068
  QMMM:     9        9      N        0.8131    0.0125   -1.0508
  QMMM:    10       10      C       -2.7137    0.1808   -0.2809
  QMMM:    11       11      C        1.9205   -0.8936   -1.3527
  QMMM:    12       12      C       -3.5192    1.3065   -0.5134
  QMMM:    13       13      C       -4.9021    1.2323   -0.4379
  QMMM:    14       14      C       -5.5063    0.0021   -0.1220
  QMMM:    15       15      C       -4.7385   -1.1400    0.1215
  QMMM:    16       16      C       -3.3382   -1.0433    0.0374
  QMMM:    17       17      O       -2.6716   -2.2116    0.2969
  QMMM:    18       18      O       -6.8692   -0.1467   -0.0307
  QMMM:    19       19      C        2.0101   -2.0985   -0.4634
  QMMM:    20       20      C        2.9679   -2.1520    0.5540
  QMMM:    21       21      C        3.0734   -3.2890    1.3544
  QMMM:    22       22      C        2.2218   -4.3735    1.1453
  QMMM:    23       23      C        1.2635   -4.3213    0.1326
  QMMM:    24       24      C        1.1564   -3.1872   -0.6711
  QMMM:    25       25      C        3.3076    2.0065   -0.3600
  QMMM:    26       26      F        3.4345    1.8358   -1.7179
  QMMM:    27       27      F        4.0565    3.1320   -0.1087
  QMMM:    28       28      F        4.0667    0.9941    0.1802
  QMMM:    29       29      H        2.3101    3.8483    1.2917
  QMMM:    30       30      H        0.0054    4.1745    2.1103
  QMMM:    31       31      H       -1.8396    2.6264    1.3884
  QMMM:    32       32      H        2.8734   -0.2993   -1.2939
  QMMM:    33       33      H        1.7808   -1.2338   -2.4215
  QMMM:    34       34      H       -3.0368    2.2642   -0.7672
  QMMM:    35       35      H       -5.5200    2.1202   -0.6278
  QMMM:    36       36      H       -5.2138   -2.0985    0.3706
  QMMM:    37       37      H       -1.7172   -2.0479    0.2826
  QMMM:    38       38      H       -7.2777    0.7073   -0.2363
  QMMM:    39       39      H        3.6418   -1.2965    0.7218
  QMMM:    40       40      H        3.8300   -3.3279    2.1519
  QMMM:    41       41      H        2.3056   -5.2694    1.7780
  QMMM:    42       42      H        0.5906   -5.1756   -0.0336
  QMMM:    43       43      H        0.3999   -3.1471   -1.4703

           --------- Calculation Completed ----------

