
          -------------------------------------------------------
          Amber 16 SANDER                              2016
          -------------------------------------------------------

| Run on 08/12/2016 at 19:24:16

|   Executable path: sander
| Working directory: /net/roos/home4/zuckerman/spiriti/estrogen-receptor2/ligands5/gen
|          Hostname: n000.dcb.private.net

  [-O]verwriting output

File Assignments:
|  MDIN: ../amber.in                                                           
| MDOUT: amber.out                                                             
|INPCRD: gen.inpcrd                                                            
|  PARM: gen.prm7                                                              
|RESTRT: restrt                                                                
|  REFC: refc                                                                  
| MDVEL: mdvel                                                                 
| MDFRC: mdfrc                                                                 
|  MDEN: mden                                                                  
| MDCRD: mdcrd                                                                 
|MDINFO: mdinfo                                                                
|  MTMD: mtmd                                                                  
|INPDIP: inpdip                                                                
|RSTDIP: rstdip                                                                
|INPTRA: inptraj                                                               


 Here is the input file:

test file                                                                      
&cntrl                                                                         
imin=1, maxcyc=1,                                                              
ntpr=5, cut=99, igb=0, ntb=0                                                   
/                                                                              

--------------------------------------------------------------------------------
   1.  RESOURCE   USE: 
--------------------------------------------------------------------------------

| Flags:                                                                        
|    NONPERIODIC   ntb=0 and igb=0: Setting up nonperiodic simulation
|  *** cutoff > system size, list only builds once
|Largest sphere to fit in unit cell has radius =    31.700
| New format PARM file being parsed.
| Version =    1.000 Date = 07/06/16 Time = 22:46:04
 NATOM  =      30 NTYPES =       7 NBONH =      10 MBONA  =      22
 NTHETH =      17 MTHETA =      32 NPHIH =      38 MPHIA  =      51
 NHPARM =       0 NPARM  =       0 NNB   =     147 NRES   =       1
 NBONA  =      22 NTHETA =      32 NPHIA =      51 NUMBND =      12
 NUMANG =      17 NPTRA  =       9 NATYP =      10 NPHB   =       0
 IFBOX  =       0 NMXRS  =      30 IFCAP =       0 NEXTRA =       0
 NCOPY  =       0


|     Memory Use     Allocated
|     Real                6675
|     Hollerith             93
|     Integer            25213
|     Max Pairs            435
|     nblistReal           360
|     nblist Int       1008577
|       Total             4095 kbytes

| Note: 1-4 EEL scale factors are being read from the topology file.

| Note: 1-4 VDW scale factors are being read from the topology file.
| Duplicated    0 dihedrals
| Duplicated    0 dihedrals

--------------------------------------------------------------------------------
   2.  CONTROL  DATA  FOR  THE  RUN
--------------------------------------------------------------------------------

default_name                                                                    

General flags:
     imin    =       1, nmropt  =       0

Nature and format of input:
     ntx     =       1, irest   =       0, ntrx    =       1

Nature and format of output:
     ntxo    =       2, ntpr    =       5, ntrx    =       1, ntwr    =       1
     iwrap   =       0, ntwx    =       0, ntwv    =       0, ntwe    =       0
     ioutfm  =       1, ntwprt  =       0, idecomp =       0, rbornstat=      0

Potential function:
     ntf     =       1, ntb     =       0, igb     =       0, nsnb    =      25
     ipol    =       0, gbsa    =       0, iesp    =       0
     dielc   =   1.00000, cut     =  99.00000, intdiel =   1.00000

Frozen or restrained atoms:
     ibelly  =       0, ntr     =       0

Energy minimization:
     maxcyc  =       1, ncyc    =      10, ntmin   =       1
     dx0     =   0.01000, drms    =   0.00010
|  INFO: Old style inpcrd file read


--------------------------------------------------------------------------------
   3.  ATOMIC COORDINATES AND VELOCITIES
--------------------------------------------------------------------------------

default_name                                                                    
 begin time read from input coords =     0.000 ps

 Number of triangulated 3-point waters found:        0

     Sum of charges from parm topology file =   0.00000000
     Forcing neutrality...

--------------------------------------------------------------------------------
   4.  RESULTS
--------------------------------------------------------------------------------

 ---------------------------------------------------

     eedmeth=4: Setting switch to one everywhere

 ---------------------------------------------------
| Local SIZE OF NONBOND LIST =        289
| TOTAL SIZE OF NONBOND LIST =        289


   NSTEP       ENERGY          RMS            GMAX         NAME    NUMBER
      1      -7.5051E+01     1.9024E+01     4.7281E+01     O9         15

 BOND    =       10.1635  ANGLE   =       11.0571  DIHED      =        6.0609
 VDWAALS =       -0.5094  EEL     =      147.2586  HBOND      =        0.0000
 1-4 VDW =       13.0826  1-4 EEL =     -262.1643  RESTRAINT  =        0.0000


  Maximum number of minimization cycles reached.


                    FINAL RESULTS



   NSTEP       ENERGY          RMS            GMAX         NAME    NUMBER
      1      -7.5051E+01     1.9024E+01     4.7281E+01     O9         15

 BOND    =       10.1635  ANGLE   =       11.0571  DIHED      =        6.0609
 VDWAALS =       -0.5094  EEL     =      147.2586  HBOND      =        0.0000
 1-4 VDW =       13.0826  1-4 EEL =     -262.1643  RESTRAINT  =        0.0000

--------------------------------------------------------------------------------
   5.  TIMINGS
--------------------------------------------------------------------------------

|    Read coords time           0.00 ( 0.31% of Total)
|                Build the list             0.00 (95.98% of List )
|                Other                      0.00 ( 4.02% of List )
|             List time                  0.00 (76.00% of Nonbo)
|                   Short_ene time             0.00 (97.64% of Direc)
|                   Other                      0.00 ( 2.36% of Direc)
|                Direct Ewald time          0.00 (82.35% of Ewald)
|                Virial junk                0.00 ( 2.36% of Ewald)
|                Start synchronizatio       0.00 ( 0.79% of Ewald)
|                Other                      0.00 (14.49% of Ewald)
|             Ewald time                 0.00 (23.63% of Nonbo)
|             Other                      0.00 ( 0.37% of Nonbo)
|          Nonbond force              0.00 (84.89% of Force)
|          Bond/Angle/Dihedral        0.00 (13.30% of Force)
|          Other                      0.00 ( 1.81% of Force)
|       Force time                 0.00 (100.0% of Runmd)
|    Runmd Time                 0.00 ( 0.20% of Total)
|    Other                      0.64 (99.49% of Total)
| Total time                 0.65 (100.0% of ALL  )

| Number of list builds   :          1

| Highest rstack allocated:        125
| Highest istack allocated:         25
|           Job began  at 19:24:16.581  on 08/12/2016
|           Setup done at 19:24:16.744  on 08/12/2016
|           Run   done at 19:24:17.230  on 08/12/2016
|     wallclock() was called      58 times
