            --------------------------------------------------------
                             AMBER SQM VERSION 14
 
                                     By
              Ross C. Walker, Michael F. Crowley, Scott Brozell,
                         Tim Giese, Andreas W. Goetz,
                        Tai-Sung Lee and David A. Case
 
            --------------------------------------------------------
 

--------------------------------------------------------------------------------
  QM CALCULATION INFO
--------------------------------------------------------------------------------

| QMMM: Citation for AMBER QMMM Run:
| QMMM: R.C. Walker, M.F. Crowley and D.A. Case, J. COMP. CHEM. 29:1019, 2008

QMMM: SINGLET STATE CALCULATION
QMMM: RHF CALCULATION, NO. OF DOUBLY OCCUPIED LEVELS = 50

| QMMM: *** Selected Hamiltonian *** 
| QMMM: AM1         

| QMMM: *** Parameter sets in use ***
| QMMM: C : M.J.S.DEWAR et al. JACS, 107, 3902, (1985)
| QMMM: O : M.J.S.DEWAR et al. JACS, 107, 3902, (1985)
| QMMM: H : M.J.S.DEWAR et al. JACS, 107, 3902, (1985)

| QMMM: *** SCF convergence criteria ***
| QMMM: Energy change                :  0.1D-09 kcal/mol
| QMMM: Error matrix |FP-PF|         :  0.1D+00 au
| QMMM: Density matrix change        :  0.5D-06
| QMMM: Maximum number of SCF cycles :     1000

| QMMM: *** Diagonalization Routine Information ***
| QMMM: Pseudo diagonalizations are allowed.
| QMMM: Auto diagonalization routine selection is in use.
| QMMM:
| QMMM: Timing diagonalization routines:
| QMMM:                              norbs =       90
| QMMM:    diag iterations used for timing =       15
| QMMM:
| QMMM:              Internal diag routine = 0.042667 seconds
| QMMM:                 Dspev diag routine = 0.072975 seconds
| QMMM:                Dspevd diag routine = 0.051552 seconds
| QMMM:                Dspevx diag routine = 0.166471 seconds
| QMMM:                 Dsyev diag routine = 0.077393 seconds
| QMMM:                Dsyevd diag routine = 0.060613 seconds
| QMMM:                Dsyevr diag routine = 0.052451 seconds
| QMMM:
| QMMM:                Pseudo diag routine = 0.020443 seconds
| QMMM:
| QMMM: Using internal diagonalization routine (diag_routine=1).

  QMMM: QM Region Cartesian Coordinates (*=link atom) 
  QMMM: QM_NO.   MM_NO.  ATOM         X         Y         Z
  QMMM:     1        1      C       -1.3360    0.1820   -3.4360
  QMMM:     2        2      C       -0.3110    0.2130   -4.3680
  QMMM:     3        3      O       -0.6010    0.4090   -5.6790
  QMMM:     4        4      C        1.0120    0.0470   -3.9730
  QMMM:     5        5      C        1.3200   -0.1480   -2.6400
  QMMM:     6        6      O        2.6100   -0.3120   -2.2520
  QMMM:     7        7      C        0.2890   -0.1760   -1.6930
  QMMM:     8        8      C        0.5650   -0.3620   -0.2600
  QMMM:     9        9      O        1.6600   -0.7160    0.1430
  QMMM:    10       10      C       -0.5560   -0.1020    0.6620
  QMMM:    11       11      C       -1.8010    0.0430    0.1390
  QMMM:    12       12      O       -2.0350   -0.0560   -1.1740
  QMMM:    13       13      C       -1.0490   -0.0150   -2.0940
  QMMM:    14       14      C       -0.3280    0.0020    2.1240
  QMMM:    15       15      C       -0.9720   -0.8740    2.9960
  QMMM:    16       16      C       -0.7580   -0.7740    4.3550
  QMMM:    17       17      C        0.0970    0.1970    4.8540
  QMMM:    18       18      O        0.3050    0.2930    6.1940
  QMMM:    19       19      C        0.7350    1.0750    3.9890
  QMMM:    20       20      C        0.5290    0.9770    2.6290
  QMMM:    21       21      H       -2.3140    0.3060   -3.7410
  QMMM:    22       22      H       -1.4910    0.5210   -5.9500
  QMMM:    23       23      H        1.7660    0.0690   -4.6770
  QMMM:    24       24      H        3.2970   -0.2930   -2.8890
  QMMM:    25       25      H       -2.5910    0.2360    0.7750
  QMMM:    26       26      H       -1.6080   -1.5970    2.6250
  QMMM:    27       27      H       -1.2350   -1.4220    5.0010
  QMMM:    28       28      H       -0.1250   -0.2990    6.7790
  QMMM:    29       29      H        1.3640    1.8020    4.3640
  QMMM:    30       30      H        1.0090    1.6260    1.9860

--------------------------------------------------------------------------------
  RESULTS
--------------------------------------------------------------------------------

      iter         sqm energy              rms gradient
      ----    -------------------    -----------------------
xmin    10     -123.5622 kcal/mol        2.2988 kcal/(mol*A)
xmin    20     -124.1811 kcal/mol        0.2637 kcal/(mol*A)
xmin    30     -124.3330 kcal/mol        0.2671 kcal/(mol*A)
xmin    40     -124.4221 kcal/mol        0.0768 kcal/(mol*A)
xmin    50     -124.4302 kcal/mol        0.0282 kcal/(mol*A)
xmin    60     -124.4315 kcal/mol        0.0139 kcal/(mol*A)
xmin    70     -124.4316 kcal/mol        0.0036 kcal/(mol*A)
xmin    80     -124.4316 kcal/mol        0.0043 kcal/(mol*A)
xmin    90     -124.4316 kcal/mol        0.0029 kcal/(mol*A)
xmin   100     -124.4317 kcal/mol        0.0019 kcal/(mol*A)
  ... geometry converged !
 
 Final MO eigenvalues (eV):
 -42.2244  -40.5402  -40.1806  -39.5641  -38.6883  -37.5338  -36.2974  -34.0040
 -31.6579  -31.4147  -30.9758  -28.9970  -25.7528  -24.9761  -23.8868  -23.5482
 -22.5807  -21.1150  -19.3573  -19.0527  -18.8535  -18.3231  -18.0110  -17.1572
 -16.9606  -16.7871  -16.5536  -15.9467  -15.6968  -15.6445  -15.1128  -15.0560
 -14.9564  -14.5631  -14.4577  -14.3958  -14.1532  -13.9515  -13.7856  -13.1665
 -12.8925  -12.7513  -12.1150  -11.9400  -10.6317  -10.4684   -9.8292   -9.6539
  -9.5279   -8.7057   -0.5020   -0.3835    0.1163    0.4494    0.6892    1.5000
   1.7333    2.3502    2.5578    2.6440    2.7367    2.9731    3.0194    3.3040
   3.4168    3.4974    3.5119    3.7394    3.8321    3.8766    4.0873    4.1666
   4.2659    4.3519    4.4906    4.5072    4.6044    4.7238    4.8731    5.0411
   5.0584    5.2250    5.3613    5.6270    5.7063    5.7989    5.8818    5.9446
   6.3086    6.7631

 Heat of formation   =       -124.43166535 kcal/mol  (       -5.39576191 eV)

 Total SCF energy    =     -84374.57723093 kcal/mol  (    -3658.75622180 eV)
 Electronic energy   =    -497487.11626476 kcal/mol  (   -21572.66017366 eV)
 Core-core repulsion =     413112.53903383 kcal/mol  (    17913.90395186 eV)
 
    Atomic Charges for Step       1 :
  Atom    Element       Mulliken Charge
     1      C                 -0.290
     2      C                  0.174
     3      O                 -0.240
     4      C                 -0.293
     5      C                  0.197
     6      O                 -0.202
     7      C                 -0.258
     8      C                  0.324
     9      O                 -0.279
    10      C                 -0.178
    11      C                  0.020
    12      O                 -0.131
    13      C                  0.164
    14      C                 -0.065
    15      C                 -0.088
    16      C                 -0.218
    17      C                  0.085
    18      O                 -0.250
    19      C                 -0.159
    20      C                 -0.059
    21      H                  0.159
    22      H                  0.228
    23      H                  0.161
    24      H                  0.223
    25      H                  0.183
    26      H                  0.128
    27      H                  0.133
    28      H                  0.218
    29      H                  0.154
    30      H                  0.159
 Total Mulliken Charge =      -0.000
 
                  X        Y        Z     TOTAL  
  QM DIPOLE    -3.714   -0.655   -2.129    4.331
 
 Final Structure

  QMMM: QM Region Cartesian Coordinates (*=link atom) 
  QMMM: QM_NO.   MM_NO.  ATOM         X         Y         Z
  QMMM:     1        1      C       -1.3769    0.0574   -3.4196
  QMMM:     2        2      C       -0.3663    0.0029   -4.3866
  QMMM:     3        3      O       -0.6404   -0.0265   -5.7294
  QMMM:     4        4      C        0.9911   -0.0256   -4.0301
  QMMM:     5        5      C        1.3358    0.0035   -2.6739
  QMMM:     6        6      O        2.6394   -0.0218   -2.2671
  QMMM:     7        7      C        0.3488    0.0603   -1.6579
  QMMM:     8        8      C        0.6991    0.0984   -0.2315
  QMMM:     9        9      O        1.8680    0.1296    0.1707
  QMMM:    10       10      C       -0.4698    0.1026    0.6744
  QMMM:    11       11      C       -1.7244    0.1324    0.1669
  QMMM:    12       12      O       -2.0436    0.1377   -1.1710
  QMMM:    13       13      C       -0.9938    0.0838   -2.0717
  QMMM:    14       14      C       -0.2721    0.0729    2.1203
  QMMM:    15       15      C       -1.1274   -0.6907    2.9279
  QMMM:    16       16      C       -0.9694   -0.7143    4.3102
  QMMM:    17       17      C        0.0613    0.0344    4.8949
  QMMM:    18       18      O        0.2775    0.0670    6.2529
  QMMM:    19       19      C        0.9337    0.7973    4.1007
  QMMM:    20       20      C        0.7620    0.8083    2.7221
  QMMM:    21       21      H       -2.4393    0.0793   -3.6927
  QMMM:    22       22      H       -1.6029   -0.0015   -5.8439
  QMMM:    23       23      H        1.7592   -0.0696   -4.8137
  QMMM:    24       24      H        3.2037   -0.0625   -3.0562
  QMMM:    25       25      H       -2.6612    0.1606    0.7503
  QMMM:    26       26      H       -1.9279   -1.2891    2.4670
  QMMM:    27       27      H       -1.6418   -1.3173    4.9359
  QMMM:    28       28      H       -0.3725   -0.5151    6.6726
  QMMM:    29       29      H        1.7413    1.3703    4.5775
  QMMM:    30       30      H        1.4557    1.3873    2.0902

           --------- Calculation Completed ----------

