            --------------------------------------------------------
                             AMBER SQM VERSION 14
 
                                     By
              Ross C. Walker, Michael F. Crowley, Scott Brozell,
                         Tim Giese, Andreas W. Goetz,
                        Tai-Sung Lee and David A. Case
 
            --------------------------------------------------------
 

--------------------------------------------------------------------------------
  QM CALCULATION INFO
--------------------------------------------------------------------------------

| QMMM: Citation for AMBER QMMM Run:
| QMMM: R.C. Walker, M.F. Crowley and D.A. Case, J. COMP. CHEM. 29:1019, 2008

QMMM: SINGLET STATE CALCULATION
QMMM: RHF CALCULATION, NO. OF DOUBLY OCCUPIED LEVELS = 51

| QMMM: *** Selected Hamiltonian *** 
| QMMM: AM1         

| QMMM: *** Parameter sets in use ***
| QMMM: C : M.J.S.DEWAR et al. JACS, 107, 3902, (1985)
| QMMM: O : M.J.S.DEWAR et al. JACS, 107, 3902, (1985)
| QMMM: H : M.J.S.DEWAR et al. JACS, 107, 3902, (1985)

| QMMM: *** SCF convergence criteria ***
| QMMM: Energy change                :  0.1D-09 kcal/mol
| QMMM: Error matrix |FP-PF|         :  0.1D+00 au
| QMMM: Density matrix change        :  0.5D-06
| QMMM: Maximum number of SCF cycles :     1000

| QMMM: *** Diagonalization Routine Information ***
| QMMM: Pseudo diagonalizations are allowed.
| QMMM: Auto diagonalization routine selection is in use.
| QMMM:
| QMMM: Timing diagonalization routines:
| QMMM:                              norbs =       98
| QMMM:    diag iterations used for timing =       15
| QMMM:
| QMMM:              Internal diag routine = 0.053399 seconds
| QMMM:                 Dspev diag routine = 0.090245 seconds
| QMMM:                Dspevd diag routine = 0.064286 seconds
| QMMM:                Dspevx diag routine = 0.204548 seconds
| QMMM:                 Dsyev diag routine = 0.096187 seconds
| QMMM:                Dsyevd diag routine = 0.075333 seconds
| QMMM:                Dsyevr diag routine = 0.064878 seconds
| QMMM:
| QMMM:                Pseudo diag routine = 0.027159 seconds
| QMMM:
| QMMM: Using internal diagonalization routine (diag_routine=1).

  QMMM: QM Region Cartesian Coordinates (*=link atom) 
  QMMM: QM_NO.   MM_NO.  ATOM         X         Y         Z
  QMMM:     1        1      C        1.1350    0.3130    1.5650
  QMMM:     2        2      C        0.9960    1.2520    0.3630
  QMMM:     3        3      C        2.3710    1.6060   -0.1500
  QMMM:     4        4      C        2.5440    2.8750   -0.9430
  QMMM:     5        5      C        3.4080    0.8590    0.0540
  QMMM:     6        6      C        3.3880   -0.4170    0.8420
  QMMM:     7        7      C        1.9670   -0.8920    1.0980
  QMMM:     8        8      C        1.2990   -1.5610   -0.0860
  QMMM:     9        9      C        2.2800   -2.5780   -0.7080
  QMMM:    10       10      C        0.1160   -2.3980    0.4380
  QMMM:    11       11      O        0.8700   -0.7020   -1.1060
  QMMM:    12       12      C        0.2650    0.5120   -0.7620
  QMMM:    13       13      C       -1.2030    0.3820   -0.4460
  QMMM:    14       14      C       -1.9000   -0.7390   -0.8590
  QMMM:    15       15      C       -3.2450   -0.8630   -0.5660
  QMMM:    16       16      C       -3.8970    0.1420    0.1340
  QMMM:    17       17      O       -5.2210    0.0240    0.4190
  QMMM:    18       18      C       -3.1960    1.2670    0.5420
  QMMM:    19       19      C       -1.8510    1.3850    0.2510
  QMMM:    20       20      H        0.1690   -0.0110    1.8920
  QMMM:    21       21      H        1.6090    0.8100    2.3860
  QMMM:    22       22      H        0.4610    2.1310    0.6580
  QMMM:    23       23      H        1.6020    3.3770   -1.0230
  QMMM:    24       24      H        2.9060    2.6380   -1.9210
  QMMM:    25       25      H        3.2460    3.5120   -0.4480
  QMMM:    26       26      H        4.3070    1.1610   -0.3520
  QMMM:    27       27      H        3.8740   -0.2530    1.7810
  QMMM:    28       28      H        3.8960   -1.1690    0.2760
  QMMM:    29       29      H        2.0220   -1.6530    1.8480
  QMMM:    30       30      H        2.6260   -3.2500    0.0500
  QMMM:    31       31      H        3.1140   -2.0570   -1.1300
  QMMM:    32       32      H        1.7800   -3.1320   -1.4750
  QMMM:    33       33      H        0.4570   -3.0490    1.2160
  QMMM:    34       34      H       -0.2910   -2.9800   -0.3620
  QMMM:    35       35      H       -0.6390   -1.7460    0.8240
  QMMM:    36       36      H        0.3470    1.1090   -1.6460
  QMMM:    37       37      H       -1.4160   -1.4830   -1.3860
  QMMM:    38       38      H       -3.7640   -1.7020   -0.8680
  QMMM:    39       39      H       -5.6940   -0.7360    0.1430
  QMMM:    40       40      H       -3.6790    2.0160    1.0630
  QMMM:    41       41      H       -1.3290    2.2220    0.5540

--------------------------------------------------------------------------------
  RESULTS
--------------------------------------------------------------------------------

      iter         sqm energy              rms gradient
      ----    -------------------    -----------------------
xmin    10      -65.3236 kcal/mol        0.5408 kcal/(mol*A)
xmin    20      -65.5559 kcal/mol        0.6112 kcal/(mol*A)
xmin    30      -65.7321 kcal/mol        0.1287 kcal/(mol*A)
xmin    40      -65.9965 kcal/mol        0.2499 kcal/(mol*A)
xmin    50      -66.1106 kcal/mol        0.4253 kcal/(mol*A)
xmin    60      -66.3087 kcal/mol        0.4401 kcal/(mol*A)
xmin    70      -66.3642 kcal/mol        0.1664 kcal/(mol*A)
xmin    80      -66.4332 kcal/mol        0.1785 kcal/(mol*A)
xmin    90      -66.4484 kcal/mol        0.0261 kcal/(mol*A)
xmin   100      -66.4511 kcal/mol        0.0130 kcal/(mol*A)
xmin   110      -66.4517 kcal/mol        0.0073 kcal/(mol*A)
xmin   120      -66.4518 kcal/mol        0.0188 kcal/(mol*A)
xmin   130      -66.4518 kcal/mol        0.0014 kcal/(mol*A)
xmin   140      -66.4518 kcal/mol        0.0007 kcal/(mol*A)
xmin   150      -66.4518 kcal/mol        0.0007 kcal/(mol*A)
xmin   150      -66.4518 kcal/mol        0.0003 kcal/(mol*A)
  ... geometry converged !
 
 Final MO eigenvalues (eV):
 -41.6792  -40.0387  -37.6440  -37.0704  -35.2058  -32.7450  -31.7751  -31.4579
 -30.3955  -27.8052  -27.3143  -26.0945  -23.9093  -23.1787  -23.0699  -22.0807
 -20.5902  -18.9940  -17.8291  -17.0457  -16.9185  -16.4305  -16.2877  -15.9633
 -15.6131  -15.2202  -15.0081  -14.7414  -14.6237  -14.2676  -14.1273  -13.7521
 -13.5852  -13.4524  -13.2659  -13.1375  -12.9809  -12.8863  -12.8339  -12.6143
 -12.3426  -11.9855  -11.9147  -11.8151  -11.2895  -11.1586  -10.7759  -10.2613
  -9.8165   -9.3079   -8.9407    0.3974    0.4816    1.1806    2.7079    2.9770
   3.0431    3.5130    3.5958    3.6295    3.6921    3.8235    3.8798    3.9653
   4.1356    4.1975    4.2110    4.2361    4.2974    4.3368    4.4257    4.4965
   4.5089    4.5376    4.6238    4.6372    4.6839    4.7281    4.7734    4.8271
   4.8741    4.8827    4.9293    4.9640    5.0272    5.0554    5.1148    5.2023
   5.2640    5.2819    5.3710    5.4360    5.6496    5.7656    5.8511    6.0653
   6.3324    6.6323

 Heat of formation   =        -66.45183593 kcal/mol  (       -2.88156784 eV)

 Total SCF energy    =     -71962.23339678 kcal/mol  (    -3120.51660365 eV)
 Electronic energy   =    -530274.10779994 kcal/mol  (   -22994.41081479 eV)
 Core-core repulsion =     458311.87440316 kcal/mol  (    19873.89421114 eV)
 
    Atomic Charges for Step       1 :
  Atom    Element       Mulliken Charge
     1      C                 -0.155
     2      C                 -0.090
     3      C                 -0.112
     4      C                 -0.177
     5      C                 -0.151
     6      C                 -0.122
     7      C                 -0.116
     8      C                  0.089
     9      C                 -0.206
    10      C                 -0.236
    11      O                 -0.268
    12      C                  0.084
    13      C                 -0.135
    14      C                 -0.074
    15      C                 -0.215
    16      C                  0.079
    17      O                 -0.252
    18      C                 -0.163
    19      C                 -0.093
    20      H                  0.090
    21      H                  0.089
    22      H                  0.102
    23      H                  0.082
    24      H                  0.079
    25      H                  0.080
    26      H                  0.122
    27      H                  0.084
    28      H                  0.095
    29      H                  0.093
    30      H                  0.077
    31      H                  0.092
    32      H                  0.082
    33      H                  0.076
    34      H                  0.086
    35      H                  0.087
    36      H                  0.115
    37      H                  0.148
    38      H                  0.134
    39      H                  0.218
    40      H                  0.149
    41      H                  0.135
 Total Mulliken Charge =      -0.000
 
                  X        Y        Z     TOTAL  
  QM DIPOLE     0.521   -0.437    0.151    0.697
 
 Final Structure

  QMMM: QM Region Cartesian Coordinates (*=link atom) 
  QMMM: QM_NO.   MM_NO.  ATOM         X         Y         Z
  QMMM:     1        1      C        1.3199    0.4252    1.5642
  QMMM:     2        2      C        1.0885    1.2555    0.3095
  QMMM:     3        3      C        2.4119    1.6292   -0.2928
  QMMM:     4        4      C        2.4433    2.8808   -1.0821
  QMMM:     5        5      C        3.4920    0.8545   -0.1101
  QMMM:     6        6      C        3.4865   -0.3908    0.6961
  QMMM:     7        7      C        2.0988   -0.8206    1.1629
  QMMM:     8        8      C        1.2910   -1.6269    0.1269
  QMMM:     9        9      C        2.1403   -2.7188   -0.5281
  QMMM:    10       10      C        0.0956   -2.2922    0.8078
  QMMM:    11       11      O        0.8460   -0.8289   -0.9807
  QMMM:    12       12      C        0.2669    0.4445   -0.7028
  QMMM:    13       13      C       -1.1994    0.3246   -0.3899
  QMMM:    14       14      C       -1.9745   -0.4743   -1.2448
  QMMM:    15       15      C       -3.3481   -0.5926   -1.0668
  QMMM:    16       16      C       -3.9632    0.1023   -0.0150
  QMMM:    17       17      O       -5.3168    0.0415    0.2261
  QMMM:    18       18      C       -3.2049    0.9034    0.8518
  QMMM:    19       19      C       -1.8301    1.0046    0.6564
  QMMM:    20       20      H        0.3419    0.1502    2.0340
  QMMM:    21       21      H        1.9065    1.0161    2.3132
  QMMM:    22       22      H        0.5306    2.1976    0.5625
  QMMM:    23       23      H        1.6692    2.8483   -1.8897
  QMMM:    24       24      H        3.4421    3.0403   -1.5570
  QMMM:    25       25      H        2.2220    3.7574   -0.4225
  QMMM:    26       26      H        4.4653    1.1220   -0.5516
  QMMM:    27       27      H        4.1230   -0.2145    1.6086
  QMMM:    28       28      H        3.9787   -1.2130    0.1128
  QMMM:    29       29      H        2.2272   -1.4858    2.0616
  QMMM:    30       30      H        2.7429   -3.2399    0.2516
  QMMM:    31       31      H        2.8182   -2.2776   -1.2970
  QMMM:    32       32      H        1.4788   -3.4601   -1.0366
  QMMM:    33       33      H        0.4523   -3.0064    1.5863
  QMMM:    34       34      H       -0.5048   -2.8493    0.0486
  QMMM:    35       35      H       -0.5692   -1.5322    1.2820
  QMMM:    36       36      H        0.3464    0.9570   -1.7136
  QMMM:    37       37      H       -1.4747   -1.0205   -2.0613
  QMMM:    38       38      H       -3.9456   -1.2213   -1.7413
  QMMM:    39       39      H       -5.7115   -0.5389   -0.4408
  QMMM:    40       40      H       -3.7031    1.4389    1.6717
  QMMM:    41       41      H       -1.2498    1.6324    1.3500

           --------- Calculation Completed ----------

