
          -------------------------------------------------------
          Amber 16 SANDER                              2016
          -------------------------------------------------------

| Run on 08/12/2016 at 19:23:35

|   Executable path: sander
| Working directory: /net/roos/home4/zuckerman/spiriti/estrogen-receptor2/ligands5/1gm
|          Hostname: n000.dcb.private.net

  [-O]verwriting output

File Assignments:
|  MDIN: ../amber.in                                                           
| MDOUT: amber.out                                                             
|INPCRD: 1gm.inpcrd                                                            
|  PARM: 1gm.prm7                                                              
|RESTRT: restrt                                                                
|  REFC: refc                                                                  
| MDVEL: mdvel                                                                 
| MDFRC: mdfrc                                                                 
|  MDEN: mden                                                                  
| MDCRD: mdcrd                                                                 
|MDINFO: mdinfo                                                                
|  MTMD: mtmd                                                                  
|INPDIP: inpdip                                                                
|RSTDIP: rstdip                                                                
|INPTRA: inptraj                                                               


 Here is the input file:

test file                                                                      
&cntrl                                                                         
imin=1, maxcyc=1,                                                              
ntpr=5, cut=99, igb=0, ntb=0                                                   
/                                                                              

--------------------------------------------------------------------------------
   1.  RESOURCE   USE: 
--------------------------------------------------------------------------------

| Flags:                                                                        
|    NONPERIODIC   ntb=0 and igb=0: Setting up nonperiodic simulation
|  *** cutoff > system size, list only builds once
|Largest sphere to fit in unit cell has radius =    32.653
| New format PARM file being parsed.
| Version =    1.000 Date = 07/06/16 Time = 20:33:39
 NATOM  =      36 NTYPES =       9 NBONH =      13 MBONA  =      25
 NTHETH =      25 MTHETA =      38 NPHIH =      44 MPHIA  =      59
 NHPARM =       0 NPARM  =       0 NNB   =     180 NRES   =       1
 NBONA  =      25 NTHETA =      38 NPHIA =      59 NUMBND =      14
 NUMANG =      21 NPTRA  =       8 NATYP =      11 NPHB   =       0
 IFBOX  =       0 NMXRS  =      36 IFCAP =       0 NEXTRA =       0
 NCOPY  =       0


|     Memory Use     Allocated
|     Real                7185
|     Hollerith            111
|     Integer            26157
|     Max Pairs            630
|     nblistReal           432
|     nblist Int       1012797
|       Total             4120 kbytes

| Note: 1-4 EEL scale factors are being read from the topology file.

| Note: 1-4 VDW scale factors are being read from the topology file.
| Duplicated    0 dihedrals
| Duplicated    0 dihedrals

--------------------------------------------------------------------------------
   2.  CONTROL  DATA  FOR  THE  RUN
--------------------------------------------------------------------------------

default_name                                                                    

General flags:
     imin    =       1, nmropt  =       0

Nature and format of input:
     ntx     =       1, irest   =       0, ntrx    =       1

Nature and format of output:
     ntxo    =       2, ntpr    =       5, ntrx    =       1, ntwr    =       1
     iwrap   =       0, ntwx    =       0, ntwv    =       0, ntwe    =       0
     ioutfm  =       1, ntwprt  =       0, idecomp =       0, rbornstat=      0

Potential function:
     ntf     =       1, ntb     =       0, igb     =       0, nsnb    =      25
     ipol    =       0, gbsa    =       0, iesp    =       0
     dielc   =   1.00000, cut     =  99.00000, intdiel =   1.00000

Frozen or restrained atoms:
     ibelly  =       0, ntr     =       0

Energy minimization:
     maxcyc  =       1, ncyc    =      10, ntmin   =       1
     dx0     =   0.01000, drms    =   0.00010
|  INFO: Old style inpcrd file read


--------------------------------------------------------------------------------
   3.  ATOMIC COORDINATES AND VELOCITIES
--------------------------------------------------------------------------------

default_name                                                                    
 begin time read from input coords =     0.000 ps

 Number of triangulated 3-point waters found:        0

     Sum of charges from parm topology file =   0.00299800
     Forcing neutrality...

--------------------------------------------------------------------------------
   4.  RESULTS
--------------------------------------------------------------------------------

 ---------------------------------------------------

     eedmeth=4: Setting switch to one everywhere

 ---------------------------------------------------
| Local SIZE OF NONBOND LIST =        451
| TOTAL SIZE OF NONBOND LIST =        451


   NSTEP       ENERGY          RMS            GMAX         NAME    NUMBER
      1       2.1575E+01     2.6533E+01     1.1771E+02     C03        10

 BOND    =       18.5791  ANGLE   =       32.8561  DIHED      =        5.6044
 VDWAALS =       -4.1293  EEL     =       39.3607  HBOND      =        0.0000
 1-4 VDW =       10.5845  1-4 EEL =      -81.2800  RESTRAINT  =        0.0000


  Maximum number of minimization cycles reached.


                    FINAL RESULTS



   NSTEP       ENERGY          RMS            GMAX         NAME    NUMBER
      1       2.1575E+01     2.6533E+01     1.1771E+02     C03        10

 BOND    =       18.5791  ANGLE   =       32.8561  DIHED      =        5.6044
 VDWAALS =       -4.1293  EEL     =       39.3607  HBOND      =        0.0000
 1-4 VDW =       10.5845  1-4 EEL =      -81.2800  RESTRAINT  =        0.0000

--------------------------------------------------------------------------------
   5.  TIMINGS
--------------------------------------------------------------------------------

|    Read coords time           0.00 ( 0.33% of Total)
|                Build the list             0.00 (96.13% of List )
|                Other                      0.00 ( 3.87% of List )
|             List time                  0.00 (72.53% of Nonbo)
|                   Short_ene time             0.00 (97.72% of Direc)
|                   Other                      0.00 ( 2.28% of Direc)
|                Direct Ewald time          0.00 (88.48% of Ewald)
|                Virial junk                0.00 ( 2.73% of Ewald)
|                Start synchronizatio       0.00 ( 1.03% of Ewald)
|                Other                      0.00 ( 7.76% of Ewald)
|             Ewald time                 0.00 (26.74% of Nonbo)
|             IPS excludes               0.00 ( 0.09% of Nonbo)
|             Other                      0.00 ( 0.64% of Nonbo)
|          Nonbond force              0.00 (83.70% of Force)
|          Bond/Angle/Dihedral        0.00 (14.65% of Force)
|          Other                      0.00 ( 1.66% of Force)
|       Force time                 0.00 (100.0% of Runmd)
|    Runmd Time                 0.00 ( 0.23% of Total)
|    Other                      0.58 (99.44% of Total)
| Total time                 0.58 (99.89% of ALL  )

| Number of list builds   :          1

| Highest rstack allocated:        140
| Highest istack allocated:         28
|           Job began  at 19:23:34.932  on 08/12/2016
|           Setup done at 19:23:35.121  on 08/12/2016
|           Run   done at 19:23:35.514  on 08/12/2016
|     wallclock() was called      58 times
