            --------------------------------------------------------
                             AMBER SQM VERSION 14
 
                                     By
              Ross C. Walker, Michael F. Crowley, Scott Brozell,
                         Tim Giese, Andreas W. Goetz,
                        Tai-Sung Lee and David A. Case
 
            --------------------------------------------------------
 

--------------------------------------------------------------------------------
  QM CALCULATION INFO
--------------------------------------------------------------------------------

| QMMM: Citation for AMBER QMMM Run:
| QMMM: R.C. Walker, M.F. Crowley and D.A. Case, J. COMP. CHEM. 29:1019, 2008

QMMM: SINGLET STATE CALCULATION
QMMM: RHF CALCULATION, NO. OF DOUBLY OCCUPIED LEVELS = 60

| QMMM: *** Selected Hamiltonian *** 
| QMMM: AM1         

| QMMM: *** Parameter sets in use ***
| QMMM: C : M.J.S.DEWAR et al. JACS, 107, 3902, (1985)
| QMMM: N : M.J.S.DEWAR et al. JACS, 107, 3902, (1985)
| QMMM: F : M.J.S.DEWAR et al. THEOCHEM, 180, 1, (1988)
| QMMM: O : M.J.S.DEWAR et al. JACS, 107, 3902, (1985)
| QMMM: H : M.J.S.DEWAR et al. JACS, 107, 3902, (1985)

| QMMM: *** SCF convergence criteria ***
| QMMM: Energy change                :  0.1D-09 kcal/mol
| QMMM: Error matrix |FP-PF|         :  0.1D+00 au
| QMMM: Density matrix change        :  0.5D-06
| QMMM: Maximum number of SCF cycles :     1000

| QMMM: *** Diagonalization Routine Information ***
| QMMM: Pseudo diagonalizations are allowed.
| QMMM: Auto diagonalization routine selection is in use.
| QMMM:
| QMMM: Timing diagonalization routines:
| QMMM:                              norbs =      105
| QMMM:    diag iterations used for timing =       10
| QMMM:
| QMMM:              Internal diag routine = 0.042955 seconds
| QMMM:                 Dspev diag routine = 0.074164 seconds
| QMMM:                Dspevd diag routine = 0.049080 seconds
| QMMM:                Dspevx diag routine = 0.161616 seconds
| QMMM:                 Dsyev diag routine = 0.079364 seconds
| QMMM:                Dsyevd diag routine = 0.058205 seconds
| QMMM:                Dsyevr diag routine = 0.052684 seconds
| QMMM:
| QMMM:                Pseudo diag routine = 0.021933 seconds
| QMMM:
| QMMM: Using internal diagonalization routine (diag_routine=1).

  QMMM: QM Region Cartesian Coordinates (*=link atom) 
  QMMM: QM_NO.   MM_NO.  ATOM         X         Y         Z
  QMMM:     1        1      C       -1.0560    3.4160   -0.8660
  QMMM:     2        2      C       -0.8340    2.6950    0.4650
  QMMM:     3        3      N       -0.1110    1.4430    0.2270
  QMMM:     4        4      N        1.2820    1.3060    0.2300
  QMMM:     5        5      C        1.5980    0.0470   -0.0180
  QMMM:     6        6      C        2.8120   -0.6630   -0.1350
  QMMM:     7        7      C        4.1280    0.0500    0.0380
  QMMM:     8        8      F        4.1900    0.6110    1.3190
  QMMM:     9        9      F        5.1770   -0.8610   -0.1230
  QMMM:    10       10      F        4.2390    1.0640   -0.9200
  QMMM:    11       11      C        2.7870   -1.9930   -0.4040
  QMMM:    12       12      C        1.5870   -2.6860   -0.5710
  QMMM:    13       13      C        0.3840   -2.0630   -0.4710
  QMMM:    14       14      C        0.3360   -0.6860   -0.1930
  QMMM:    15       15      C       -0.6880    0.2490   -0.0210
  QMMM:    16       16      C       -2.1360   -0.0200   -0.0990
  QMMM:    17       17      C       -2.8040    0.0880   -1.3210
  QMMM:    18       18      C       -4.1570   -0.1640   -1.3900
  QMMM:    19       19      C       -4.8600   -0.5260   -0.2470
  QMMM:    20       20      O       -6.1950   -0.7690   -0.3210
  QMMM:    21       21      C       -4.2050   -0.6370    0.9710
  QMMM:    22       22      C       -2.8460   -0.3910    1.0520
  QMMM:    23       23      O       -2.2030   -0.4980    2.2440
  QMMM:    24       24      H       -1.5840    4.3300   -0.6930
  QMMM:    25       25      H       -1.6290    2.7910   -1.5190
  QMMM:    26       26      H       -0.1100    3.6310   -1.3180
  QMMM:    27       27      H       -1.7800    2.4800    0.9170
  QMMM:    28       28      H       -0.2610    3.3200    1.1180
  QMMM:    29       29      H        3.6790   -2.5060   -0.4870
  QMMM:    30       30      H        1.6140   -3.6970   -0.7760
  QMMM:    31       31      H       -0.4900   -2.5980   -0.5980
  QMMM:    32       32      H       -2.2850    0.3560   -2.1710
  QMMM:    33       33      H       -4.6500   -0.0840   -2.2930
  QMMM:    34       34      H       -6.6700   -1.0130    0.4490
  QMMM:    35       35      H       -4.7320   -0.9030    1.8170
  QMMM:    36       36      H       -2.6790   -0.7460    3.0120

--------------------------------------------------------------------------------
  RESULTS
--------------------------------------------------------------------------------

      iter         sqm energy              rms gradient
      ----    -------------------    -----------------------
xmin    10     -128.2981 kcal/mol        0.5610 kcal/(mol*A)
xmin    20     -128.7958 kcal/mol        0.2567 kcal/(mol*A)
xmin    30     -129.3244 kcal/mol        0.6205 kcal/(mol*A)
xmin    40     -129.4154 kcal/mol        0.3578 kcal/(mol*A)
xmin    50     -129.4550 kcal/mol        0.0761 kcal/(mol*A)
xmin    60     -129.4817 kcal/mol        0.3257 kcal/(mol*A)
xmin    70     -129.4714 kcal/mol        0.6169 kcal/(mol*A)
xmin    80     -129.5090 kcal/mol        0.3717 kcal/(mol*A)
xmin    90     -129.5608 kcal/mol        0.2847 kcal/(mol*A)
xmin   100     -129.6132 kcal/mol        0.4231 kcal/(mol*A)
xmin   110     -129.7239 kcal/mol        0.2119 kcal/(mol*A)
xmin   120     -129.7946 kcal/mol        0.0603 kcal/(mol*A)
xmin   130     -129.7960 kcal/mol        0.0135 kcal/(mol*A)
xmin   140     -129.7962 kcal/mol        0.0034 kcal/(mol*A)
  ... geometry converged !
 
 Final MO eigenvalues (eV):
 -51.3928  -48.0218  -47.9681  -42.2259  -41.0498  -39.4415  -38.2891  -37.2937
 -34.3611  -33.7360  -31.9781  -31.2822  -30.2745  -28.9208  -26.6389  -25.3326
 -24.7933  -23.7992  -23.0183  -22.2601  -20.9340  -19.7663  -19.6667  -18.9482
 -18.8777  -18.8571  -18.2698  -17.4115  -16.9883  -16.6945  -16.4074  -16.1151
 -15.9230  -15.7146  -15.2621  -15.1260  -15.0144  -14.8931  -14.7489  -14.6705
 -14.5235  -14.1339  -13.9528  -13.8537  -13.8448  -13.5733  -13.4579  -13.1360
 -13.0430  -12.9002  -12.6970  -12.5694  -12.4179  -12.0424  -11.4693  -11.0435
 -10.1998   -9.6267   -9.5048   -8.4484   -0.7751   -0.2155   -0.1238    0.6616
   1.2073    1.3386    2.1213    2.1748    2.2595    2.4806    2.6072    3.0297
   3.1284    3.2053    3.4014    3.5082    3.5215    3.6303    3.7616    3.8620
   3.9010    3.9839    4.0333    4.0831    4.0878    4.1524    4.1955    4.2559
   4.3839    4.4889    4.5149    4.5987    4.6220    4.7723    4.8710    4.9115
   5.1313    5.2048    5.2350    5.4125    5.4862    5.6887    5.7676    5.8190
   6.7159

 Heat of formation   =       -129.79625400 kcal/mol  (       -5.62838793 eV)

 Total SCF energy    =    -109218.74908833 kcal/mol  (    -4736.08035594 eV)
 Electronic energy   =    -681736.01795979 kcal/mol  (   -29562.29209313 eV)
 Core-core repulsion =     572517.26887145 kcal/mol  (    24826.21173719 eV)
 
    Atomic Charges for Step       1 :
  Atom    Element       Mulliken Charge
     1      C                 -0.224
     2      C                 -0.010
     3      N                 -0.032
     4      N                 -0.080
     5      C                 -0.055
     6      C                 -0.131
     7      C                  0.476
     8      F                 -0.161
     9      F                 -0.178
    10      F                 -0.161
    11      C                 -0.056
    12      C                 -0.168
    13      C                 -0.042
    14      C                 -0.133
    15      C                 -0.013
    16      C                 -0.091
    17      C                 -0.044
    18      C                 -0.190
    19      C                  0.131
    20      O                 -0.241
    21      C                 -0.304
    22      C                  0.133
    23      O                 -0.251
    24      H                  0.084
    25      H                  0.092
    26      H                  0.107
    27      H                  0.104
    28      H                  0.115
    29      H                  0.149
    30      H                  0.138
    31      H                  0.137
    32      H                  0.152
    33      H                  0.160
    34      H                  0.223
    35      H                  0.141
    36      H                  0.226
 Total Mulliken Charge =      -0.000
 
                  X        Y        Z     TOTAL  
  QM DIPOLE    -7.484   -0.400    1.330    7.612
 
 Final Structure

  QMMM: QM Region Cartesian Coordinates (*=link atom) 
  QMMM: QM_NO.   MM_NO.  ATOM         X         Y         Z
  QMMM:     1        1      C       -0.3240    3.8188   -0.0357
  QMMM:     2        2      C       -0.9223    2.5418    0.5222
  QMMM:     3        3      N       -0.1916    1.3212    0.1875
  QMMM:     4        4      N        1.1419    1.2740    0.1352
  QMMM:     5        5      C        1.4723   -0.0206   -0.1900
  QMMM:     6        6      C        2.7381   -0.6407   -0.3799
  QMMM:     7        7      C        4.0023    0.1891   -0.2220
  QMMM:     8        8      F        4.1693    0.7448    1.0227
  QMMM:     9        9      F        5.1724   -0.5060   -0.4292
  QMMM:    10       10      F        4.0981    1.2529   -1.0854
  QMMM:    11       11      C        2.7805   -1.9748   -0.7006
  QMMM:    12       12      C        1.5928   -2.7443   -0.8459
  QMMM:    13       13      C        0.3498   -2.1866   -0.6737
  QMMM:    14       14      C        0.2590   -0.8208   -0.3462
  QMMM:    15       15      C       -0.8030    0.0930   -0.0867
  QMMM:    16       16      C       -2.2245   -0.1805   -0.1125
  QMMM:    17       17      C       -2.7653   -0.8530   -1.2217
  QMMM:    18       18      C       -4.1089   -1.1916   -1.2831
  QMMM:    19       19      C       -4.9490   -0.8560   -0.2056
  QMMM:    20       20      O       -6.2670   -1.2197   -0.3213
  QMMM:    21       21      C       -4.4491   -0.1860    0.9161
  QMMM:    22       22      C       -3.0874    0.1497    0.9527
  QMMM:    23       23      O       -2.5508    0.8272    2.0219
  QMMM:    24       24      H       -1.0023    4.6653    0.2320
  QMMM:    25       25      H       -0.2287    3.7719   -1.1470
  QMMM:    26       26      H        0.6862    4.0177    0.3968
  QMMM:    27       27      H       -1.9717    2.4065    0.1320
  QMMM:    28       28      H       -0.9734    2.6016    1.6491
  QMMM:    29       29      H        3.7519   -2.4748   -0.8513
  QMMM:    30       30      H        1.6951   -3.8094   -1.1012
  QMMM:    31       31      H       -0.5693   -2.7812   -0.7840
  QMMM:    32       32      H       -2.0967   -1.1171   -2.0580
  QMMM:    33       33      H       -4.5275   -1.7158   -2.1535
  QMMM:    34       34      H       -6.7319   -0.9389    0.4811
  QMMM:    35       35      H       -5.1072    0.0708    1.7569
  QMMM:    36       36      H       -3.2103    0.8441    2.7319

           --------- Calculation Completed ----------

