
          -------------------------------------------------------
          Amber 16 SANDER                              2016
          -------------------------------------------------------

| Run on 08/12/2016 at 19:24:44

|   Executable path: sander
| Working directory: /net/roos/home4/zuckerman/spiriti/estrogen-receptor2/ligands5/wst
|          Hostname: n000.dcb.private.net

  [-O]verwriting output

File Assignments:
|  MDIN: ../amber.in                                                           
| MDOUT: amber.out                                                             
|INPCRD: wst.inpcrd                                                            
|  PARM: wst.prm7                                                              
|RESTRT: restrt                                                                
|  REFC: refc                                                                  
| MDVEL: mdvel                                                                 
| MDFRC: mdfrc                                                                 
|  MDEN: mden                                                                  
| MDCRD: mdcrd                                                                 
|MDINFO: mdinfo                                                                
|  MTMD: mtmd                                                                  
|INPDIP: inpdip                                                                
|RSTDIP: rstdip                                                                
|INPTRA: inptraj                                                               


 Here is the input file:

test file                                                                      
&cntrl                                                                         
imin=1, maxcyc=1,                                                              
ntpr=5, cut=99, igb=0, ntb=0                                                   
/                                                                              

--------------------------------------------------------------------------------
   1.  RESOURCE   USE: 
--------------------------------------------------------------------------------

| Flags:                                                                        
|    NONPERIODIC   ntb=0 and igb=0: Setting up nonperiodic simulation
|  *** cutoff > system size, list only builds once
|Largest sphere to fit in unit cell has radius =    32.130
| New format PARM file being parsed.
| Version =    1.000 Date = 07/07/16 Time = 01:33:02
 NATOM  =      39 NTYPES =       8 NBONH =      18 MBONA  =      24
 NTHETH =      40 MTHETA =      35 NPHIH =      81 MPHIA  =      69
 NHPARM =       0 NPARM  =       0 NNB   =     227 NRES   =       1
 NBONA  =      24 NTHETA =      35 NPHIA =      69 NUMBND =      10
 NUMANG =      17 NPTRA  =      13 NATYP =       8 NPHB   =       0
 IFBOX  =       0 NMXRS  =      39 IFCAP =       0 NEXTRA =       0
 NCOPY  =       0


|     Memory Use     Allocated
|     Real                7398
|     Hollerith            120
|     Integer            28444
|     Max Pairs            741
|     nblistReal           468
|     nblist Int       1013032
|       Total             4133 kbytes

| Note: 1-4 EEL scale factors are being read from the topology file.

| Note: 1-4 VDW scale factors are being read from the topology file.
| Duplicated    0 dihedrals
| Duplicated    0 dihedrals

--------------------------------------------------------------------------------
   2.  CONTROL  DATA  FOR  THE  RUN
--------------------------------------------------------------------------------

default_name                                                                    

General flags:
     imin    =       1, nmropt  =       0

Nature and format of input:
     ntx     =       1, irest   =       0, ntrx    =       1

Nature and format of output:
     ntxo    =       2, ntpr    =       5, ntrx    =       1, ntwr    =       1
     iwrap   =       0, ntwx    =       0, ntwv    =       0, ntwe    =       0
     ioutfm  =       1, ntwprt  =       0, idecomp =       0, rbornstat=      0

Potential function:
     ntf     =       1, ntb     =       0, igb     =       0, nsnb    =      25
     ipol    =       0, gbsa    =       0, iesp    =       0
     dielc   =   1.00000, cut     =  99.00000, intdiel =   1.00000

Frozen or restrained atoms:
     ibelly  =       0, ntr     =       0

Energy minimization:
     maxcyc  =       1, ncyc    =      10, ntmin   =       1
     dx0     =   0.01000, drms    =   0.00010
|  INFO: Old style inpcrd file read


--------------------------------------------------------------------------------
   3.  ATOMIC COORDINATES AND VELOCITIES
--------------------------------------------------------------------------------

default_name                                                                    
 begin time read from input coords =     0.000 ps

 Number of triangulated 3-point waters found:        0

     Sum of charges from parm topology file =   0.00100000
     Forcing neutrality...

--------------------------------------------------------------------------------
   4.  RESULTS
--------------------------------------------------------------------------------

 ---------------------------------------------------

     eedmeth=4: Setting switch to one everywhere

 ---------------------------------------------------
| Local SIZE OF NONBOND LIST =        515
| TOTAL SIZE OF NONBOND LIST =        515


   NSTEP       ENERGY          RMS            GMAX         NAME    NUMBER
      1       9.8871E+00     1.8540E+01     8.8472E+01     O3         16

 BOND    =       11.5917  ANGLE   =       10.2256  DIHED      =       10.5474
 VDWAALS =        9.2975  EEL     =       20.7963  HBOND      =        0.0000
 1-4 VDW =       17.1483  1-4 EEL =      -69.7197  RESTRAINT  =        0.0000


  Maximum number of minimization cycles reached.


                    FINAL RESULTS



   NSTEP       ENERGY          RMS            GMAX         NAME    NUMBER
      1       9.8871E+00     1.8540E+01     8.8472E+01     O3         16

 BOND    =       11.5917  ANGLE   =       10.2256  DIHED      =       10.5474
 VDWAALS =        9.2975  EEL     =       20.7963  HBOND      =        0.0000
 1-4 VDW =       17.1483  1-4 EEL =      -69.7197  RESTRAINT  =        0.0000

--------------------------------------------------------------------------------
   5.  TIMINGS
--------------------------------------------------------------------------------

|    Read coords time           0.00 ( 0.44% of Total)
|                Build the list             0.00 (96.05% of List )
|                Other                      0.00 ( 3.95% of List )
|             List time                  0.00 (74.31% of Nonbo)
|                   Short_ene time             0.00 (97.61% of Direc)
|                   Other                      0.00 ( 2.39% of Direc)
|                Direct Ewald time          0.00 (84.67% of Ewald)
|                Virial junk                0.00 ( 2.05% of Ewald)
|                Start synchronizatio       0.00 ( 0.69% of Ewald)
|                Other                      0.00 (12.59% of Ewald)
|             Ewald time                 0.00 (25.44% of Nonbo)
|             IPS excludes               0.00 ( 0.09% of Nonbo)
|             Other                      0.00 ( 0.17% of Nonbo)
|          Nonbond force              0.00 (82.33% of Force)
|          Bond/Angle/Dihedral        0.00 (15.88% of Force)
|          Other                      0.00 ( 1.78% of Force)
|       Force time                 0.00 (100.0% of Runmd)
|    Runmd Time                 0.00 ( 0.30% of Total)
|    Other                      0.46 (99.26% of Total)
| Total time                 0.46 (99.86% of ALL  )

| Number of list builds   :          1

| Highest rstack allocated:        145
| Highest istack allocated:         29
|           Job began  at 19:24:44.580  on 08/12/2016
|           Setup done at 19:24:44.699  on 08/12/2016
|           Run   done at 19:24:45.042  on 08/12/2016
|     wallclock() was called      58 times
