            --------------------------------------------------------
                             AMBER SQM VERSION 14
 
                                     By
              Ross C. Walker, Michael F. Crowley, Scott Brozell,
                         Tim Giese, Andreas W. Goetz,
                        Tai-Sung Lee and David A. Case
 
            --------------------------------------------------------
 

--------------------------------------------------------------------------------
  QM CALCULATION INFO
--------------------------------------------------------------------------------

| QMMM: Citation for AMBER QMMM Run:
| QMMM: R.C. Walker, M.F. Crowley and D.A. Case, J. COMP. CHEM. 29:1019, 2008

QMMM: SINGLET STATE CALCULATION
QMMM: RHF CALCULATION, NO. OF DOUBLY OCCUPIED LEVELS = 54

| QMMM: *** Selected Hamiltonian *** 
| QMMM: AM1         

| QMMM: *** Parameter sets in use ***
| QMMM: C : M.J.S.DEWAR et al. JACS, 107, 3902, (1985)
| QMMM: O : M.J.S.DEWAR et al. JACS, 107, 3902, (1985)
| QMMM: H : M.J.S.DEWAR et al. JACS, 107, 3902, (1985)

| QMMM: *** SCF convergence criteria ***
| QMMM: Energy change                :  0.1D-09 kcal/mol
| QMMM: Error matrix |FP-PF|         :  0.1D+00 au
| QMMM: Density matrix change        :  0.5D-06
| QMMM: Maximum number of SCF cycles :     1000

| QMMM: *** Diagonalization Routine Information ***
| QMMM: Pseudo diagonalizations are allowed.
| QMMM: Auto diagonalization routine selection is in use.
| QMMM:
| QMMM: Timing diagonalization routines:
| QMMM:                              norbs =      102
| QMMM:    diag iterations used for timing =       10
| QMMM:
| QMMM:              Internal diag routine = 0.039648 seconds
| QMMM:                 Dspev diag routine = 0.066423 seconds
| QMMM:                Dspevd diag routine = 0.044909 seconds
| QMMM:                Dspevx diag routine = 0.149016 seconds
| QMMM:                 Dsyev diag routine = 0.070692 seconds
| QMMM:                Dsyevd diag routine = 0.052775 seconds
| QMMM:                Dsyevr diag routine = 0.047585 seconds
| QMMM:
| QMMM:                Pseudo diag routine = 0.020095 seconds
| QMMM:
| QMMM: Using internal diagonalization routine (diag_routine=1).

  QMMM: QM Region Cartesian Coordinates (*=link atom) 
  QMMM: QM_NO.   MM_NO.  ATOM         X         Y         Z
  QMMM:     1        1      C        2.2380    0.0700    0.2890
  QMMM:     2        2      C        3.6290    0.1300    0.2960
  QMMM:     3        3      O        4.3500   -0.9490    0.6980
  QMMM:     4        4      C        4.2810    1.2850   -0.1060
  QMMM:     5        5      C        3.5510    2.3840   -0.5160
  QMMM:     6        6      C        2.1720    2.3290   -0.5240
  QMMM:     7        7      C        1.5130    1.1740   -0.1160
  QMMM:     8        8      O        0.1540    1.1620   -0.1330
  QMMM:     9        9      C       -0.4950    0.2150    0.7160
  QMMM:    10       10      C        0.0660   -1.1760    0.4440
  QMMM:    11       11      C        1.5780   -1.2080    0.7350
  QMMM:    12       12      C        2.1140   -2.3590   -0.1440
  QMMM:    13       13      C        1.1040   -2.5450   -1.2900
  QMMM:    14       14      C       -0.0170   -1.4950   -1.0640
  QMMM:    15       15      C       -1.9760    0.2240    0.4390
  QMMM:    16       16      C       -2.4340    0.3230   -0.8620
  QMMM:    17       17      C       -3.7910    0.3310   -1.1180
  QMMM:    18       18      C       -4.6950    0.2390   -0.0690
  QMMM:    19       19      O       -6.0310    0.2460   -0.3190
  QMMM:    20       20      C       -4.2330    0.1390    1.2350
  QMMM:    21       21      C       -2.8740    0.1260    1.4860
  QMMM:    22       22      H        3.9110   -1.7310    0.9700
  QMMM:    23       23      H        5.3120    1.3240   -0.0990
  QMMM:    24       24      H        4.0360    3.2440   -0.8160
  QMMM:    25       25      H        1.6270    3.1490   -0.8340
  QMMM:    26       26      H       -0.3230    0.4750    1.7400
  QMMM:    27       27      H       -0.4920   -1.8580    1.0510
  QMMM:    28       28      H        1.7730   -1.3310    1.7800
  QMMM:    29       29      H        2.1890   -3.2580    0.4310
  QMMM:    30       30      H        3.0890   -2.1330   -0.5220
  QMMM:    31       31      H        0.6950   -3.5330   -1.2660
  QMMM:    32       32      H        1.5720   -2.4130   -2.2430
  QMMM:    33       33      H        0.1610   -0.6170   -1.6490
  QMMM:    34       34      H       -0.9820   -1.8540   -1.3560
  QMMM:    35       35      H       -1.7620    0.3910   -1.6420
  QMMM:    36       36      H       -4.1330    0.4050   -2.0890
  QMMM:    37       37      H       -6.3420    0.3140   -1.2000
  QMMM:    38       38      H       -4.9030    0.0740    2.0170
  QMMM:    39       39      H       -2.5290    0.0430    2.4550

--------------------------------------------------------------------------------
  RESULTS
--------------------------------------------------------------------------------

      iter         sqm energy              rms gradient
      ----    -------------------    -----------------------
xmin    10      -85.9699 kcal/mol        2.4343 kcal/(mol*A)
xmin    20      -86.2617 kcal/mol        0.5071 kcal/(mol*A)
xmin    30      -86.3665 kcal/mol        0.2949 kcal/(mol*A)
xmin    40      -86.4083 kcal/mol        0.0812 kcal/(mol*A)
xmin    50      -86.4354 kcal/mol        0.1221 kcal/(mol*A)
xmin    60      -86.4418 kcal/mol        0.0585 kcal/(mol*A)
xmin    70      -86.4444 kcal/mol        0.0284 kcal/(mol*A)
xmin    80      -86.4451 kcal/mol        0.0030 kcal/(mol*A)
xmin    90      -86.4452 kcal/mol        0.0016 kcal/(mol*A)
xmin   100      -86.4452 kcal/mol        0.0025 kcal/(mol*A)
xmin   110      -86.4452 kcal/mol        0.0015 kcal/(mol*A)
xmin   120      -86.4452 kcal/mol        0.0019 kcal/(mol*A)
  ... geometry converged !
 
 Final MO eigenvalues (eV):
 -41.9888  -40.3661  -39.3802  -38.2440  -37.6288  -36.5497  -32.8912  -32.2877
 -31.7373  -29.9454  -29.6202  -28.6517  -25.6527  -24.2772  -23.6365  -22.9819
 -22.4035  -21.3023  -19.8876  -19.2163  -19.1514  -18.5150  -17.4967  -17.2448
 -16.7002  -16.3504  -16.0344  -15.7569  -15.6645  -15.2170  -15.1347  -15.0467
 -14.6111  -14.4980  -14.4256  -14.1352  -13.8970  -13.6301  -13.2295  -13.0037
 -12.8261  -12.6614  -12.5030  -12.4032  -12.1279  -11.9985  -11.7488  -11.5361
 -11.2506  -11.2157   -9.9519   -9.3166   -9.0940   -8.8985    0.2290    0.3104
   0.3633    0.5267    2.3465    2.6402    2.7318    2.9127    2.9940    3.1152
   3.2121    3.4475    3.5966    3.7005    3.7433    3.7710    3.7873    3.9311
   3.9768    4.0636    4.1409    4.1840    4.2119    4.3396    4.3830    4.4544
   4.5322    4.5710    4.6170    4.6651    4.7941    4.8181    4.8624    4.9288
   4.9887    5.0323    5.1019    5.1283    5.1774    5.2272    5.3514    5.4763
   5.5427    5.6936    5.7531    6.1332    6.2163    6.4383

 Heat of formation   =        -86.44517007 kcal/mol  (       -3.74854386 eV)

 Total SCF energy    =     -81028.71977489 kcal/mol  (    -3513.66895516 eV)
 Electronic energy   =    -567908.03544751 kcal/mol  (   -24626.34037759 eV)
 Core-core repulsion =     486879.31567262 kcal/mol  (    21112.67142243 eV)
 
    Atomic Charges for Step       1 :
  Atom    Element       Mulliken Charge
     1      C                 -0.205
     2      C                  0.109
     3      O                 -0.254
     4      C                 -0.186
     5      C                 -0.074
     6      C                 -0.186
     7      C                  0.114
     8      O                 -0.208
     9      C                  0.082
    10      C                 -0.119
    11      C                 -0.058
    12      C                 -0.162
    13      C                 -0.153
    14      C                 -0.152
    15      C                 -0.116
    16      C                 -0.062
    17      C                 -0.216
    18      C                  0.083
    19      O                 -0.251
    20      C                 -0.158
    21      C                 -0.091
    22      H                  0.221
    23      H                  0.151
    24      H                  0.137
    25      H                  0.150
    26      H                  0.096
    27      H                  0.100
    28      H                  0.089
    29      H                  0.077
    30      H                  0.096
    31      H                  0.080
    32      H                  0.088
    33      H                  0.097
    34      H                  0.089
    35      H                  0.152
    36      H                  0.136
    37      H                  0.219
    38      H                  0.152
    39      H                  0.134
 Total Mulliken Charge =      -0.000
 
                  X        Y        Z     TOTAL  
  QM DIPOLE    -0.769   -1.050   -0.382    1.356
 
 Final Structure

  QMMM: QM Region Cartesian Coordinates (*=link atom) 
  QMMM: QM_NO.   MM_NO.  ATOM         X         Y         Z
  QMMM:     1        1      C        2.2876    0.0606    0.2821
  QMMM:     2        2      C        3.6803    0.2337    0.4071
  QMMM:     3        3      O        4.5229   -0.7330    0.9065
  QMMM:     4        4      C        4.3098    1.4282    0.0187
  QMMM:     5        5      C        3.5440    2.4691   -0.4962
  QMMM:     6        6      C        2.1621    2.3490   -0.6057
  QMMM:     7        7      C        1.5487    1.1511   -0.2081
  QMMM:     8        8      O        0.1743    1.1055   -0.3568
  QMMM:     9        9      C       -0.4657    0.2081    0.5741
  QMMM:    10       10      C        0.1011   -1.2034    0.4614
  QMMM:    11       11      C        1.6282   -1.2286    0.6370
  QMMM:    12       12      C        2.1249   -2.3833   -0.2483
  QMMM:    13       13      C        0.9885   -2.7874   -1.1767
  QMMM:    14       14      C       -0.1924   -1.8780   -0.8759
  QMMM:    15       15      C       -1.9387    0.2603    0.3070
  QMMM:    16       16      C       -2.4474    0.6707   -0.9282
  QMMM:    17       17      C       -3.8226    0.7140   -1.1459
  QMMM:    18       18      C       -4.6929    0.3391   -0.1135
  QMMM:    19       19      O       -6.0615    0.3511   -0.2527
  QMMM:    20       20      C       -4.1945   -0.0739    1.1343
  QMMM:    21       21      C       -2.8200   -0.1057    1.3341
  QMMM:    22       22      H        3.9952   -1.5023    1.1653
  QMMM:    23       23      H        5.3993    1.5199    0.1269
  QMMM:    24       24      H        4.0360    3.4023   -0.8104
  QMMM:    25       25      H        1.5451    3.1694   -0.9963
  QMMM:    26       26      H       -0.2587    0.5980    1.6144
  QMMM:    27       27      H       -0.3622   -1.8132    1.2856
  QMMM:    28       28      H        1.8630   -1.4537    1.7156
  QMMM:    29       29      H        2.4267   -3.2477    0.3958
  QMMM:    30       30      H        3.0239   -2.0720   -0.8380
  QMMM:    31       31      H        0.7114   -3.8585   -1.0073
  QMMM:    32       32      H        1.2976   -2.6891   -2.2472
  QMMM:    33       33      H       -0.3054   -1.0995   -1.6742
  QMMM:    34       34      H       -1.1483   -2.4548   -0.8272
  QMMM:    35       35      H       -1.7534    0.9679   -1.7309
  QMMM:    36       36      H       -4.2203    1.0402   -2.1169
  QMMM:    37       37      H       -6.2677    0.6649   -1.1453
  QMMM:    38       38      H       -4.8949   -0.3609    1.9307
  QMMM:    39       39      H       -2.4207   -0.4221    2.3100

           --------- Calculation Completed ----------

