            --------------------------------------------------------
                             AMBER SQM VERSION 14
 
                                     By
              Ross C. Walker, Michael F. Crowley, Scott Brozell,
                         Tim Giese, Andreas W. Goetz,
                        Tai-Sung Lee and David A. Case
 
            --------------------------------------------------------
 

--------------------------------------------------------------------------------
  QM CALCULATION INFO
--------------------------------------------------------------------------------

| QMMM: Citation for AMBER QMMM Run:
| QMMM: R.C. Walker, M.F. Crowley and D.A. Case, J. COMP. CHEM. 29:1019, 2008

QMMM: SINGLET STATE CALCULATION
QMMM: RHF CALCULATION, NO. OF DOUBLY OCCUPIED LEVELS = 66

| QMMM: *** Selected Hamiltonian *** 
| QMMM: AM1         

| QMMM: *** Parameter sets in use ***
| QMMM: C : M.J.S.DEWAR et al. JACS, 107, 3902, (1985)
| QMMM: N : M.J.S.DEWAR et al. JACS, 107, 3902, (1985)
| QMMM: F : M.J.S.DEWAR et al. THEOCHEM, 180, 1, (1988)
| QMMM: O : M.J.S.DEWAR et al. JACS, 107, 3902, (1985)
| QMMM: H : M.J.S.DEWAR et al. JACS, 107, 3902, (1985)

| QMMM: *** SCF convergence criteria ***
| QMMM: Energy change                :  0.1D-09 kcal/mol
| QMMM: Error matrix |FP-PF|         :  0.1D+00 au
| QMMM: Density matrix change        :  0.5D-06
| QMMM: Maximum number of SCF cycles :     1000

| QMMM: *** Diagonalization Routine Information ***
| QMMM: Pseudo diagonalizations are allowed.
| QMMM: Auto diagonalization routine selection is in use.
| QMMM:
| QMMM: Timing diagonalization routines:
| QMMM:                              norbs =      117
| QMMM:    diag iterations used for timing =       10
| QMMM:
| QMMM:              Internal diag routine = 0.057344 seconds
| QMMM:                 Dspev diag routine = 0.097961 seconds
| QMMM:                Dspevd diag routine = 0.064501 seconds
| QMMM:                Dspevx diag routine = 0.208080 seconds
| QMMM:                 Dsyev diag routine = 0.103448 seconds
| QMMM:                Dsyevd diag routine = 0.075054 seconds
| QMMM:                Dsyevr diag routine = 0.069305 seconds
| QMMM:
| QMMM:                Pseudo diag routine = 0.031409 seconds
| QMMM:
| QMMM: Using internal diagonalization routine (diag_routine=1).

  QMMM: QM Region Cartesian Coordinates (*=link atom) 
  QMMM: QM_NO.   MM_NO.  ATOM         X         Y         Z
  QMMM:     1        1      C        1.2480   -3.2700    1.2890
  QMMM:     2        2      C        2.4140   -2.4050    0.8060
  QMMM:     3        3      C        3.6520   -3.2820    0.6090
  QMMM:     4        4      C        2.0410   -1.7420   -0.5220
  QMMM:     5        5      N        0.9390   -0.8020   -0.3060
  QMMM:     6        6      N       -0.4170   -1.1400   -0.2620
  QMMM:     7        7      C        1.0750    0.5490   -0.1090
  QMMM:     8        8      C        2.1710    1.4070   -0.0520
  QMMM:     9        9      C        3.5660    0.8640   -0.2280
  QMMM:    10       10      F        3.7170    0.3770   -1.5310
  QMMM:    11       11      F        4.4960    1.8860   -0.0020
  QMMM:    12       12      F        3.7820   -0.1730    0.6860
  QMMM:    13       13      C        1.9750    2.7510    0.1660
  QMMM:    14       14      C        0.6940    3.2620    0.3290
  QMMM:    15       15      C       -0.3950    2.4390    0.2770
  QMMM:    16       16      C       -0.2210    1.0710    0.0560
  QMMM:    17       17      C       -1.1400   -0.0670   -0.0520
  QMMM:    18       18      C       -2.6160   -0.0140    0.0580
  QMMM:    19       19      C       -3.2140    0.7000    1.0960
  QMMM:    20       20      C       -4.5890    0.7480    1.1960
  QMMM:    21       21      C       -5.3810    0.0870    0.2660
  QMMM:    22       22      O       -6.7340    0.1380    0.3710
  QMMM:    23       23      C       -4.7930   -0.6260   -0.7690
  QMMM:    24       24      C       -3.4150   -0.6750   -0.8820
  QMMM:    25       25      O       -2.8380   -1.3720   -1.8950
  QMMM:    26       26      H        0.3820   -2.6570    1.4270
  QMMM:    27       27      H        1.5080   -3.7330    2.2180
  QMMM:    28       28      H        1.0380   -4.0250    0.5600
  QMMM:    29       29      H        2.6240   -1.6500    1.5350
  QMMM:    30       30      H        3.4420   -4.0370   -0.1200
  QMMM:    31       31      H        3.9120   -3.7450    1.5380
  QMMM:    32       32      H        4.4670   -2.6770    0.2710
  QMMM:    33       33      H        1.7380   -2.4920   -1.2220
  QMMM:    34       34      H        2.8890   -1.2150   -0.9080
  QMMM:    35       35      H        2.7880    3.3860    0.2090
  QMMM:    36       36      H        0.5640    4.2730    0.4910
  QMMM:    37       37      H       -1.3430    2.8270    0.4010
  QMMM:    38       38      H       -2.6280    1.1920    1.7890
  QMMM:    39       39      H       -5.0310    1.2770    1.9640
  QMMM:    40       40      H       -7.1320    0.6190    1.0700
  QMMM:    41       41      H       -5.3840   -1.1200   -1.4550
  QMMM:    42       42      H       -3.3740   -1.8140   -2.5240

--------------------------------------------------------------------------------
  RESULTS
--------------------------------------------------------------------------------

      iter         sqm energy              rms gradient
      ----    -------------------    -----------------------
xmin    10     -143.3064 kcal/mol        0.0889 kcal/(mol*A)
xmin    20     -143.3479 kcal/mol        0.1175 kcal/(mol*A)
xmin    30     -143.3677 kcal/mol        0.0450 kcal/(mol*A)
xmin    40     -143.3796 kcal/mol        0.0415 kcal/(mol*A)
xmin    50     -143.3865 kcal/mol        0.0112 kcal/(mol*A)
xmin    60     -143.3870 kcal/mol        0.0134 kcal/(mol*A)
xmin    70     -143.3873 kcal/mol        0.0154 kcal/(mol*A)
xmin    80     -143.3874 kcal/mol        0.0030 kcal/(mol*A)
xmin    90     -143.3874 kcal/mol        0.0024 kcal/(mol*A)
xmin   100     -143.3874 kcal/mol        0.0022 kcal/(mol*A)
xmin   110     -143.3875 kcal/mol        0.0022 kcal/(mol*A)
  ... geometry converged !
 
 Final MO eigenvalues (eV):
 -51.9542  -48.5158  -48.5058  -42.0487  -40.8040  -39.1028  -38.4090  -37.1680
 -36.5945  -34.0185  -32.1079  -31.1467  -30.8479  -30.1383  -27.8405  -27.2354
 -26.2718  -24.2407  -24.2292  -23.3770  -23.0691  -21.3745  -20.9931  -20.0166
 -19.3971  -19.3249  -19.1695  -18.4196  -17.7977  -17.4939  -17.1460  -16.7059
 -16.3513  -16.2774  -15.8221  -15.6701  -15.3912  -15.3700  -15.3211  -15.0292
 -14.7778  -14.7183  -14.6522  -14.5806  -14.3757  -14.2911  -14.1737  -14.0913
 -13.7512  -13.4021  -13.1555  -13.1032  -12.9887  -12.7531  -12.6831  -12.4026
 -12.3176  -12.1461  -11.9176  -11.7250  -11.5273  -11.0681   -9.8213   -9.6809
  -9.4456   -8.6620   -0.5899    0.0032    0.1186    0.1829    1.1757    1.5031
   1.6915    2.2912    2.5150    2.5457    2.9339    2.9461    3.1579    3.2235
   3.4323    3.4999    3.5299    3.5868    3.6535    3.6786    3.7169    3.8483
   3.8778    3.9034    4.0116    4.1487    4.2384    4.3134    4.3363    4.4174
   4.4540    4.4979    4.5321    4.5812    4.6794    4.8250    4.8648    4.9182
   4.9941    5.0005    5.0421    5.1158    5.1348    5.2141    5.2678    5.4233
   5.5045    5.8438    5.9500    6.1161    6.6927

 Heat of formation   =       -143.38746062 kcal/mol  (       -6.21774687 eV)

 Total SCF energy    =    -116406.04635801 kcal/mol  (    -5047.74495286 eV)
 Electronic energy   =    -789890.11544103 kcal/mol  (   -34252.20569104 eV)
 Core-core repulsion =     673484.06908302 kcal/mol  (    29204.46073817 eV)
 
    Atomic Charges for Step       1 :
  Atom    Element       Mulliken Charge
     1      C                 -0.209
     2      C                 -0.127
     3      C                 -0.211
     4      C                 -0.007
     5      N                 -0.142
     6      N                 -0.006
     7      C                  0.048
     8      C                 -0.178
     9      C                  0.472
    10      F                 -0.167
    11      F                 -0.167
    12      F                 -0.170
    13      C                 -0.053
    14      C                 -0.175
    15      C                 -0.032
    16      C                 -0.131
    17      C                 -0.040
    18      C                 -0.079
    19      C                 -0.044
    20      C                 -0.253
    21      C                  0.128
    22      O                 -0.247
    23      C                 -0.255
    24      C                  0.146
    25      O                 -0.228
    26      H                  0.086
    27      H                  0.074
    28      H                  0.078
    29      H                  0.101
    30      H                  0.074
    31      H                  0.081
    32      H                  0.083
    33      H                  0.120
    34      H                  0.110
    35      H                  0.152
    36      H                  0.143
    37      H                  0.146
    38      H                  0.142
    39      H                  0.139
    40      H                  0.223
    41      H                  0.155
    42      H                  0.222
 Total Mulliken Charge =      -0.000
 
                  X        Y        Z     TOTAL  
  QM DIPOLE    -2.723    1.018    1.684    3.360
 
 Final Structure

  QMMM: QM Region Cartesian Coordinates (*=link atom) 
  QMMM: QM_NO.   MM_NO.  ATOM         X         Y         Z
  QMMM:     1        1      C        1.2394   -3.3326    1.4594
  QMMM:     2        2      C        2.3301   -2.4556    0.8888
  QMMM:     3        3      C        3.6103   -3.2474    0.7065
  QMMM:     4        4      C        1.9360   -1.8651   -0.4745
  QMMM:     5        5      N        0.9129   -0.8314   -0.4421
  QMMM:     6        6      N       -0.3950   -1.1709   -0.3853
  QMMM:     7        7      C        1.0937    0.5383   -0.1564
  QMMM:     8        8      C        2.1938    1.4145   -0.1128
  QMMM:     9        9      C        3.6287    0.9886   -0.3803
  QMMM:    10       10      F        3.8466    0.4516   -1.6275
  QMMM:    11       11      F        4.5545    2.0033   -0.3070
  QMMM:    12       12      F        4.1282    0.0451    0.4861
  QMMM:    13       13      C        1.9540    2.7601    0.1664
  QMMM:    14       14      C        0.6649    3.2625    0.3819
  QMMM:    15       15      C       -0.4421    2.4261    0.3160
  QMMM:    16       16      C       -0.2385    1.0788    0.0523
  QMMM:    17       17      C       -1.1287   -0.0688   -0.1183
  QMMM:    18       18      C       -2.5767   -0.0265   -0.0121
  QMMM:    19       19      C       -3.1691    0.5752    1.1048
  QMMM:    20       20      C       -4.5505    0.6320    1.2492
  QMMM:    21       21      C       -5.3671    0.0732    0.2536
  QMMM:    22       22      O       -6.7390    0.0877    0.3267
  QMMM:    23       23      C       -4.8119   -0.5316   -0.8808
  QMMM:    24       24      C       -3.4163   -0.5764   -1.0064
  QMMM:    25       25      O       -2.8178   -1.1355   -2.1064
  QMMM:    26       26      H        0.3401   -2.7296    1.7290
  QMMM:    27       27      H        1.6055   -3.8446    2.3827
  QMMM:    28       28      H        0.9337   -4.1130    0.7211
  QMMM:    29       29      H        2.5381   -1.6128    1.6077
  QMMM:    30       30      H        3.4717   -4.0544   -0.0524
  QMMM:    31       31      H        3.9086   -3.7184    1.6738
  QMMM:    32       32      H        4.4361   -2.5736    0.3704
  QMMM:    33       33      H        1.5652   -2.6998   -1.1374
  QMMM:    34       34      H        2.8464   -1.4111   -0.9575
  QMMM:    35       35      H        2.8082    3.4576    0.2142
  QMMM:    36       36      H        0.5359    4.3336    0.5960
  QMMM:    37       37      H       -1.4617    2.8138    0.4630
  QMMM:    38       38      H       -2.5215    1.0070    1.8849
  QMMM:    39       39      H       -4.9985    1.1040    2.1340
  QMMM:    40       40      H       -6.9900    0.5211    1.1560
  QMMM:    41       41      H       -5.4675   -0.9604   -1.6505
  QMMM:    42       42      H       -3.5141   -1.4947   -2.6778

           --------- Calculation Completed ----------

