
          -------------------------------------------------------
          Amber 16 SANDER                              2016
          -------------------------------------------------------

| Run on 08/12/2016 at 19:24:20

|   Executable path: sander
| Working directory: /net/roos/home4/zuckerman/spiriti/estrogen-receptor2/ligands5/i0g
|          Hostname: n000.dcb.private.net

  [-O]verwriting output

File Assignments:
|  MDIN: ../amber.in                                                           
| MDOUT: amber.out                                                             
|INPCRD: i0g.inpcrd                                                            
|  PARM: i0g.prm7                                                              
|RESTRT: restrt                                                                
|  REFC: refc                                                                  
| MDVEL: mdvel                                                                 
| MDFRC: mdfrc                                                                 
|  MDEN: mden                                                                  
| MDCRD: mdcrd                                                                 
|MDINFO: mdinfo                                                                
|  MTMD: mtmd                                                                  
|INPDIP: inpdip                                                                
|RSTDIP: rstdip                                                                
|INPTRA: inptraj                                                               


 Here is the input file:

test file                                                                      
&cntrl                                                                         
imin=1, maxcyc=1,                                                              
ntpr=5, cut=99, igb=0, ntb=0                                                   
/                                                                              

--------------------------------------------------------------------------------
   1.  RESOURCE   USE: 
--------------------------------------------------------------------------------

| Flags:                                                                        
|    NONPERIODIC   ntb=0 and igb=0: Setting up nonperiodic simulation
|  *** cutoff > system size, list only builds once
|Largest sphere to fit in unit cell has radius =    32.795
| New format PARM file being parsed.
| Version =    1.000 Date = 07/06/16 Time = 22:55:42
 NATOM  =      39 NTYPES =       8 NBONH =      18 MBONA  =      24
 NTHETH =      40 MTHETA =      35 NPHIH =      82 MPHIA  =      68
 NHPARM =       0 NPARM  =       0 NNB   =     227 NRES   =       1
 NBONA  =      24 NTHETA =      35 NPHIA =      68 NUMBND =      10
 NUMANG =      17 NPTRA  =      13 NATYP =       8 NPHB   =       0
 IFBOX  =       0 NMXRS  =      39 IFCAP =       0 NEXTRA =       0
 NCOPY  =       0


|     Memory Use     Allocated
|     Real                7406
|     Hollerith            120
|     Integer            28444
|     Max Pairs            741
|     nblistReal           468
|     nblist Int        969028
|       Total             3961 kbytes

| Note: 1-4 EEL scale factors are being read from the topology file.

| Note: 1-4 VDW scale factors are being read from the topology file.
| Duplicated    0 dihedrals
| Duplicated    0 dihedrals

--------------------------------------------------------------------------------
   2.  CONTROL  DATA  FOR  THE  RUN
--------------------------------------------------------------------------------

default_name                                                                    

General flags:
     imin    =       1, nmropt  =       0

Nature and format of input:
     ntx     =       1, irest   =       0, ntrx    =       1

Nature and format of output:
     ntxo    =       2, ntpr    =       5, ntrx    =       1, ntwr    =       1
     iwrap   =       0, ntwx    =       0, ntwv    =       0, ntwe    =       0
     ioutfm  =       1, ntwprt  =       0, idecomp =       0, rbornstat=      0

Potential function:
     ntf     =       1, ntb     =       0, igb     =       0, nsnb    =      25
     ipol    =       0, gbsa    =       0, iesp    =       0
     dielc   =   1.00000, cut     =  99.00000, intdiel =   1.00000

Frozen or restrained atoms:
     ibelly  =       0, ntr     =       0

Energy minimization:
     maxcyc  =       1, ncyc    =      10, ntmin   =       1
     dx0     =   0.01000, drms    =   0.00010
|  INFO: Old style inpcrd file read


--------------------------------------------------------------------------------
   3.  ATOMIC COORDINATES AND VELOCITIES
--------------------------------------------------------------------------------

default_name                                                                    
 begin time read from input coords =     0.000 ps

 Number of triangulated 3-point waters found:        0

     Sum of charges from parm topology file =   0.00200000
     Forcing neutrality...

--------------------------------------------------------------------------------
   4.  RESULTS
--------------------------------------------------------------------------------

 ---------------------------------------------------

     eedmeth=4: Setting switch to one everywhere

 ---------------------------------------------------
| Local SIZE OF NONBOND LIST =        515
| TOTAL SIZE OF NONBOND LIST =        515


   NSTEP       ENERGY          RMS            GMAX         NAME    NUMBER
      1       7.1025E+00     1.6095E+01     4.0433E+01     O20        34

 BOND    =       10.4149  ANGLE   =       13.2101  DIHED      =       10.3720
 VDWAALS =       -4.1199  EEL     =       -1.1666  HBOND      =        0.0000
 1-4 VDW =       13.5222  1-4 EEL =      -35.1302  RESTRAINT  =        0.0000


  Maximum number of minimization cycles reached.


                    FINAL RESULTS



   NSTEP       ENERGY          RMS            GMAX         NAME    NUMBER
      1       7.1025E+00     1.6095E+01     4.0433E+01     O20        34

 BOND    =       10.4149  ANGLE   =       13.2101  DIHED      =       10.3720
 VDWAALS =       -4.1199  EEL     =       -1.1666  HBOND      =        0.0000
 1-4 VDW =       13.5222  1-4 EEL =      -35.1302  RESTRAINT  =        0.0000

--------------------------------------------------------------------------------
   5.  TIMINGS
--------------------------------------------------------------------------------

|    Read coords time           0.00 ( 0.35% of Total)
|                Build the list             0.00 (95.74% of List )
|                Other                      0.00 ( 4.26% of List )
|             List time                  0.00 (73.98% of Nonbo)
|                   Short_ene time             0.00 (97.20% of Direc)
|                   Other                      0.00 ( 2.80% of Direc)
|                Direct Ewald time          0.00 (78.18% of Ewald)
|                Virial junk                0.00 ( 2.56% of Ewald)
|                Start synchronizatio       0.00 ( 0.72% of Ewald)
|                Other                      0.00 (18.55% of Ewald)
|             Ewald time                 0.00 (25.56% of Nonbo)
|             IPS excludes               0.00 ( 0.09% of Nonbo)
|             Other                      0.00 ( 0.37% of Nonbo)
|          Nonbond force              0.00 (81.02% of Force)
|          Bond/Angle/Dihedral        0.00 (17.24% of Force)
|          Other                      0.00 ( 1.73% of Force)
|       Force time                 0.00 (100.0% of Runmd)
|    Runmd Time                 0.00 ( 0.21% of Total)
|    Other                      0.64 (99.44% of Total)
| Total time                 0.64 (99.90% of ALL  )

| Number of list builds   :          1

| Highest rstack allocated:        140
| Highest istack allocated:         28
|           Job began  at 19:24:20.273  on 08/12/2016
|           Setup done at 19:24:20.428  on 08/12/2016
|           Run   done at 19:24:20.913  on 08/12/2016
|     wallclock() was called      58 times
