            --------------------------------------------------------
                             AMBER SQM VERSION 14
 
                                     By
              Ross C. Walker, Michael F. Crowley, Scott Brozell,
                         Tim Giese, Andreas W. Goetz,
                        Tai-Sung Lee and David A. Case
 
            --------------------------------------------------------
 

--------------------------------------------------------------------------------
  QM CALCULATION INFO
--------------------------------------------------------------------------------

| QMMM: Citation for AMBER QMMM Run:
| QMMM: R.C. Walker, M.F. Crowley and D.A. Case, J. COMP. CHEM. 29:1019, 2008

QMMM: SINGLET STATE CALCULATION
QMMM: RHF CALCULATION, NO. OF DOUBLY OCCUPIED LEVELS = 54

| QMMM: *** Selected Hamiltonian *** 
| QMMM: AM1         

| QMMM: *** Parameter sets in use ***
| QMMM: C : M.J.S.DEWAR et al. JACS, 107, 3902, (1985)
| QMMM: O : M.J.S.DEWAR et al. JACS, 107, 3902, (1985)
| QMMM: H : M.J.S.DEWAR et al. JACS, 107, 3902, (1985)

| QMMM: *** SCF convergence criteria ***
| QMMM: Energy change                :  0.1D-09 kcal/mol
| QMMM: Error matrix |FP-PF|         :  0.1D+00 au
| QMMM: Density matrix change        :  0.5D-06
| QMMM: Maximum number of SCF cycles :     1000

| QMMM: *** Diagonalization Routine Information ***
| QMMM: Pseudo diagonalizations are allowed.
| QMMM: Auto diagonalization routine selection is in use.
| QMMM:
| QMMM: Timing diagonalization routines:
| QMMM:                              norbs =      102
| QMMM:    diag iterations used for timing =       10
| QMMM:
| QMMM:              Internal diag routine = 0.039734 seconds
| QMMM:                 Dspev diag routine = 0.066633 seconds
| QMMM:                Dspevd diag routine = 0.044921 seconds
| QMMM:                Dspevx diag routine = 0.148931 seconds
| QMMM:                 Dsyev diag routine = 0.071328 seconds
| QMMM:                Dsyevd diag routine = 0.052814 seconds
| QMMM:                Dsyevr diag routine = 0.047656 seconds
| QMMM:
| QMMM:                Pseudo diag routine = 0.020077 seconds
| QMMM:
| QMMM: Using internal diagonalization routine (diag_routine=1).

  QMMM: QM Region Cartesian Coordinates (*=link atom) 
  QMMM: QM_NO.   MM_NO.  ATOM         X         Y         Z
  QMMM:     1        1      C       -0.8900   -5.2310   -1.0510
  QMMM:     2        2      C       -0.6290   -3.7700   -0.7620
  QMMM:     3        3      C       -1.5070   -2.7840   -1.2390
  QMMM:     4        4      C       -1.2820   -1.4340   -0.9650
  QMMM:     5        5      C       -0.1730   -1.0500   -0.2170
  QMMM:     6        6      C        3.1830   -7.3580   -0.2950
  QMMM:     7        7      C        3.6020   -7.1910    2.4580
  QMMM:     8        8      C        2.6790   -6.3470    1.8410
  QMMM:     9        9      C       -2.0970   -6.0140    0.8920
  QMMM:    10       10      C       -0.6210   -6.3530    1.0950
  QMMM:    11       11      C        0.0670   -6.1410   -0.2670
  QMMM:    12       12      O       -2.1500   -0.4930   -1.4280
  QMMM:    13       13      C        0.7210   -2.0140    0.2450
  QMMM:    14       14      C        0.5050   -3.3650   -0.0430
  QMMM:    15       15      O        1.4450   -4.2360    0.4460
  QMMM:    16       16      C        1.4640   -5.5150   -0.2060
  QMMM:    17       17      C        2.4700   -6.4320    0.4650
  QMMM:    18       18      C        4.1070   -8.2020    0.3230
  QMMM:    19       19      C        4.3160   -8.1180    1.6990
  QMMM:    20       20      O        5.2170   -8.9420    2.3020
  QMMM:    21       21      C       -2.2590   -5.7440   -0.5980
  QMMM:    22       22      H       -0.7850   -5.2720   -2.1150
  QMMM:    23       23      H       -2.3290   -3.0610   -1.7990
  QMMM:    24       24      H       -0.0130   -0.0530   -0.0050
  QMMM:    25       25      H        3.0280   -7.4190   -1.3130
  QMMM:    26       26      H        3.7570   -7.1300    3.4760
  QMMM:    27       27      H        2.1510   -5.6600    2.4020
  QMMM:    28       28      H       -2.7130   -6.8360    1.1910
  QMMM:    29       29      H       -2.3920   -5.1700    1.4800
  QMMM:    30       30      H       -0.5150   -7.3710    1.4080
  QMMM:    31       31      H       -0.1820   -5.7360    1.8510
  QMMM:    32       32      H        0.2410   -7.0930   -0.7230
  QMMM:    33       33      H       -2.8970   -0.7520   -1.9320
  QMMM:    34       34      H        1.5430   -1.7300    0.8000
  QMMM:    35       35      H        1.7740   -5.3710   -1.2200
  QMMM:    36       36      H        4.6350   -8.8880   -0.2380
  QMMM:    37       37      H        5.3580   -8.8860    3.2270
  QMMM:    38       38      H       -2.5160   -6.6430   -1.1190
  QMMM:    39       39      H       -3.0410   -5.0420   -0.8000

--------------------------------------------------------------------------------
  RESULTS
--------------------------------------------------------------------------------

      iter         sqm energy              rms gradient
      ----    -------------------    -----------------------
xmin    10      -85.6118 kcal/mol        0.9444 kcal/(mol*A)
xmin    20      -86.1576 kcal/mol        0.3971 kcal/(mol*A)
xmin    30      -86.2165 kcal/mol        0.0760 kcal/(mol*A)
xmin    40      -86.2338 kcal/mol        0.0461 kcal/(mol*A)
xmin    50      -86.2358 kcal/mol        0.0153 kcal/(mol*A)
xmin    60      -86.2360 kcal/mol        0.0100 kcal/(mol*A)
xmin    70      -86.2362 kcal/mol        0.0026 kcal/(mol*A)
xmin    80      -86.2362 kcal/mol        0.0016 kcal/(mol*A)
  ... geometry converged !
 
 Final MO eigenvalues (eV):
 -41.8157  -40.2929  -39.5304  -37.9646  -37.7142  -36.4761  -32.6944  -32.5552
 -31.7185  -29.9659  -29.3383  -28.5602  -25.5322  -24.1105  -23.8814  -23.1339
 -22.3592  -21.0165  -19.9431  -19.1436  -18.7907  -18.3133  -17.8525  -17.2542
 -16.7118  -16.3182  -16.2753  -15.5639  -15.2109  -15.0912  -15.0060  -14.9096
 -14.6825  -14.4048  -14.3336  -14.0907  -14.0240  -13.6846  -13.4852  -13.0752
 -12.8006  -12.6684  -12.3803  -12.2498  -11.9739  -11.9138  -11.7223  -11.4260
 -11.1423  -11.0471   -9.9071   -9.7366   -9.0446   -8.6382    0.2717    0.2816
   0.4022    0.4895    2.4304    2.6928    2.7202    2.9544    3.0269    3.2662
   3.2962    3.5580    3.6580    3.6616    3.7792    3.8090    3.8436    3.9491
   4.0745    4.1133    4.2107    4.2539    4.2613    4.3319    4.4026    4.5690
   4.5980    4.6214    4.6831    4.6964    4.7654    4.9301    4.9794    5.0025
   5.0397    5.1078    5.1269    5.1890    5.2097    5.2359    5.2887    5.4166
   5.5342    5.6978    5.7392    6.2288    6.2576    6.4324

 Heat of formation   =        -86.23624888 kcal/mol  (       -3.73948436 eV)

 Total SCF energy    =     -81028.51085370 kcal/mol  (    -3513.65989565 eV)
 Electronic energy   =    -561956.93814582 kcal/mol  (   -24368.28143384 eV)
 Core-core repulsion =     480928.42729213 kcal/mol  (    20854.62153819 eV)
 
    Atomic Charges for Step       1 :
  Atom    Element       Mulliken Charge
     1      C                 -0.062
     2      C                 -0.082
     3      C                 -0.188
     4      C                  0.054
     5      C                 -0.133
     6      C                 -0.092
     7      C                 -0.217
     8      C                 -0.062
     9      C                 -0.156
    10      C                 -0.152
    11      C                 -0.124
    12      O                 -0.253
    13      C                 -0.115
    14      C                  0.043
    15      O                 -0.208
    16      C                  0.082
    17      C                 -0.114
    18      C                 -0.158
    19      C                  0.082
    20      O                 -0.251
    21      C                 -0.150
    22      H                  0.098
    23      H                  0.135
    24      H                  0.153
    25      H                  0.134
    26      H                  0.135
    27      H                  0.152
    28      H                  0.079
    29      H                  0.086
    30      H                  0.088
    31      H                  0.097
    32      H                  0.099
    33      H                  0.216
    34      H                  0.152
    35      H                  0.094
    36      H                  0.151
    37      H                  0.219
    38      H                  0.079
    39      H                  0.091
 Total Mulliken Charge =      -0.000
 
                  X        Y        Z     TOTAL  
  QM DIPOLE    -1.319   -1.219   -0.201    1.807
 
 Final Structure

  QMMM: QM Region Cartesian Coordinates (*=link atom) 
  QMMM: QM_NO.   MM_NO.  ATOM         X         Y         Z
  QMMM:     1        1      C       -0.9442   -5.1846   -1.0021
  QMMM:     2        2      C       -0.6404   -3.7439   -0.7623
  QMMM:     3        3      C       -1.4869   -2.7577   -1.2822
  QMMM:     4        4      C       -1.2154   -1.4076   -1.0400
  QMMM:     5        5      C       -0.0991   -1.0136   -0.2806
  QMMM:     6        6      C        3.0559   -7.3910   -0.2119
  QMMM:     7        7      C        3.6425   -7.0277    2.4994
  QMMM:     8        8      C        2.7255   -6.1927    1.8651
  QMMM:     9        9      C       -2.0483   -6.4049    0.8398
  QMMM:    10       10      C       -0.5431   -6.5860    0.9700
  QMMM:    11       11      C        0.0748   -6.1336   -0.3506
  QMMM:    12       12      O       -2.0128   -0.3921   -1.5230
  QMMM:    13       13      C        0.7545   -1.9850    0.2208
  QMMM:    14       14      C        0.4828   -3.3423   -0.0244
  QMMM:    15       15      O        1.3692   -4.2471    0.5375
  QMMM:    16       16      C        1.4478   -5.4844   -0.1998
  QMMM:    17       17      C        2.4256   -6.3688    0.5115
  QMMM:    18       18      C        3.9695   -8.2370    0.4045
  QMMM:    19       19      C        4.2608   -8.0498    1.7667
  QMMM:    20       20      O        5.1732   -8.9166    2.3228
  QMMM:    21       21      C       -2.3059   -5.5837   -0.4165
  QMMM:    22       22      H       -0.9498   -5.3522   -2.1149
  QMMM:    23       23      H       -2.3656   -3.0506   -1.8745
  QMMM:    24       24      H        0.0854    0.0548   -0.1010
  QMMM:    25       25      H        2.8256   -7.5266   -1.2799
  QMMM:    26       26      H        3.8791   -6.8852    3.5629
  QMMM:    27       27      H        2.2362   -5.3825    2.4296
  QMMM:    28       28      H       -2.5590   -7.3978    0.7665
  QMMM:    29       29      H       -2.4587   -5.8859    1.7417
  QMMM:    30       30      H       -0.2796   -7.6505    1.1851
  QMMM:    31       31      H       -0.1408   -5.9607    1.8085
  QMMM:    32       32      H        0.2045   -7.0300   -1.0178
  QMMM:    33       33      H       -2.7402   -0.7959   -2.0173
  QMMM:    34       34      H        1.6398   -1.7101    0.8123
  QMMM:    35       35      H        1.8440   -5.2393   -1.2294
  QMMM:    36       36      H        4.4677   -9.0431   -0.1516
  QMMM:    37       37      H        5.2897   -8.6708    3.2521
  QMMM:    38       38      H       -2.8714   -6.1908   -1.1677
  QMMM:    39       39      H       -2.9210   -4.6795   -0.1832

           --------- Calculation Completed ----------

