
          -------------------------------------------------------
          Amber 16 SANDER                              2016
          -------------------------------------------------------

| Run on 08/12/2016 at 19:23:42

|   Executable path: sander
| Working directory: /net/roos/home4/zuckerman/spiriti/estrogen-receptor2/ligands5/1gv
|          Hostname: n000.dcb.private.net

  [-O]verwriting output

File Assignments:
|  MDIN: ../amber.in                                                           
| MDOUT: amber.out                                                             
|INPCRD: 1gv.inpcrd                                                            
|  PARM: 1gv.prm7                                                              
|RESTRT: restrt                                                                
|  REFC: refc                                                                  
| MDVEL: mdvel                                                                 
| MDFRC: mdfrc                                                                 
|  MDEN: mden                                                                  
| MDCRD: mdcrd                                                                 
|MDINFO: mdinfo                                                                
|  MTMD: mtmd                                                                  
|INPDIP: inpdip                                                                
|RSTDIP: rstdip                                                                
|INPTRA: inptraj                                                               


 Here is the input file:

test file                                                                      
&cntrl                                                                         
imin=1, maxcyc=1,                                                              
ntpr=5, cut=99, igb=0, ntb=0                                                   
/                                                                              

--------------------------------------------------------------------------------
   1.  RESOURCE   USE: 
--------------------------------------------------------------------------------

| Flags:                                                                        
|    NONPERIODIC   ntb=0 and igb=0: Setting up nonperiodic simulation
|  *** cutoff > system size, list only builds once
|Largest sphere to fit in unit cell has radius =    32.468
| New format PARM file being parsed.
| Version =    1.000 Date = 07/06/16 Time = 20:45:49
 NATOM  =      37 NTYPES =       7 NBONH =      16 MBONA  =      23
 NTHETH =      30 MTHETA =      33 NPHIH =      53 MPHIA  =      51
 NHPARM =       0 NPARM  =       0 NNB   =     180 NRES   =       1
 NBONA  =      23 NTHETA =      33 NPHIA =      51 NUMBND =      11
 NUMANG =      15 NPTRA  =       7 NATYP =       9 NPHB   =       0
 IFBOX  =       0 NMXRS  =      37 IFCAP =       0 NEXTRA =       0
 NCOPY  =       0


|     Memory Use     Allocated
|     Real                7325
|     Hollerith            114
|     Integer            26180
|     Max Pairs            666
|     nblistReal           444
|     nblist Int       1008821
|       Total             4106 kbytes

| Note: 1-4 EEL scale factors are being read from the topology file.

| Note: 1-4 VDW scale factors are being read from the topology file.
| Duplicated    0 dihedrals
| Duplicated    0 dihedrals

--------------------------------------------------------------------------------
   2.  CONTROL  DATA  FOR  THE  RUN
--------------------------------------------------------------------------------

default_name                                                                    

General flags:
     imin    =       1, nmropt  =       0

Nature and format of input:
     ntx     =       1, irest   =       0, ntrx    =       1

Nature and format of output:
     ntxo    =       2, ntpr    =       5, ntrx    =       1, ntwr    =       1
     iwrap   =       0, ntwx    =       0, ntwv    =       0, ntwe    =       0
     ioutfm  =       1, ntwprt  =       0, idecomp =       0, rbornstat=      0

Potential function:
     ntf     =       1, ntb     =       0, igb     =       0, nsnb    =      25
     ipol    =       0, gbsa    =       0, iesp    =       0
     dielc   =   1.00000, cut     =  99.00000, intdiel =   1.00000

Frozen or restrained atoms:
     ibelly  =       0, ntr     =       0

Energy minimization:
     maxcyc  =       1, ncyc    =      10, ntmin   =       1
     dx0     =   0.01000, drms    =   0.00010
|  INFO: Old style inpcrd file read


--------------------------------------------------------------------------------
   3.  ATOMIC COORDINATES AND VELOCITIES
--------------------------------------------------------------------------------

default_name                                                                    
 begin time read from input coords =     0.000 ps

 Number of triangulated 3-point waters found:        0

     Sum of charges from parm topology file =   0.00200200
     Forcing neutrality...

--------------------------------------------------------------------------------
   4.  RESULTS
--------------------------------------------------------------------------------

 ---------------------------------------------------

     eedmeth=4: Setting switch to one everywhere

 ---------------------------------------------------
| Local SIZE OF NONBOND LIST =        487
| TOTAL SIZE OF NONBOND LIST =        487


   NSTEP       ENERGY          RMS            GMAX         NAME    NUMBER
      1       2.2500E+01     1.8557E+01     5.7327E+01     H18        12

 BOND    =       13.3430  ANGLE   =       10.9210  DIHED      =        6.6077
 VDWAALS =       22.5601  EEL     =       15.5028  HBOND      =        0.0000
 1-4 VDW =       11.3053  1-4 EEL =      -57.7400  RESTRAINT  =        0.0000


  Maximum number of minimization cycles reached.


                    FINAL RESULTS



   NSTEP       ENERGY          RMS            GMAX         NAME    NUMBER
      1       2.2500E+01     1.8557E+01     5.7327E+01     H18        12

 BOND    =       13.3430  ANGLE   =       10.9210  DIHED      =        6.6077
 VDWAALS =       22.5601  EEL     =       15.5028  HBOND      =        0.0000
 1-4 VDW =       11.3053  1-4 EEL =      -57.7400  RESTRAINT  =        0.0000

--------------------------------------------------------------------------------
   5.  TIMINGS
--------------------------------------------------------------------------------

|    Read coords time           0.00 ( 0.31% of Total)
|                Build the list             0.00 (95.37% of List )
|                Other                      0.00 ( 4.63% of List )
|             List time                  0.00 (75.08% of Nonbo)
|                   Short_ene time             0.00 (96.74% of Direc)
|                   Other                      0.00 ( 3.26% of Direc)
|                Direct Ewald time          0.00 (87.48% of Ewald)
|                Virial junk                0.00 ( 2.15% of Ewald)
|                Start synchronizatio       0.00 ( 1.06% of Ewald)
|                Other                      0.00 ( 9.30% of Ewald)
|             Ewald time                 0.00 (24.31% of Nonbo)
|             IPS excludes               0.00 ( 0.08% of Nonbo)
|             Other                      0.00 ( 0.53% of Nonbo)
|          Nonbond force              0.00 (80.74% of Force)
|          Bond/Angle/Dihedral        0.00 (17.51% of Force)
|          Other                      0.00 ( 1.75% of Force)
|       Force time                 0.00 (100.0% of Runmd)
|    Runmd Time                 0.00 ( 0.23% of Total)
|    Other                      0.62 (99.46% of Total)
| Total time                 0.62 (99.90% of ALL  )

| Number of list builds   :          1

| Highest rstack allocated:        145
| Highest istack allocated:         29
|           Job began  at 19:23:42.074  on 08/12/2016
|           Setup done at 19:23:42.222  on 08/12/2016
|           Run   done at 19:23:42.696  on 08/12/2016
|     wallclock() was called      58 times
