            --------------------------------------------------------
                             AMBER SQM VERSION 14
 
                                     By
              Ross C. Walker, Michael F. Crowley, Scott Brozell,
                         Tim Giese, Andreas W. Goetz,
                        Tai-Sung Lee and David A. Case
 
            --------------------------------------------------------
 

--------------------------------------------------------------------------------
  QM CALCULATION INFO
--------------------------------------------------------------------------------

| QMMM: Citation for AMBER QMMM Run:
| QMMM: R.C. Walker, M.F. Crowley and D.A. Case, J. COMP. CHEM. 29:1019, 2008

QMMM: SINGLET STATE CALCULATION
QMMM: RHF CALCULATION, NO. OF DOUBLY OCCUPIED LEVELS = 53

| QMMM: *** Selected Hamiltonian *** 
| QMMM: AM1         

| QMMM: *** Parameter sets in use ***
| QMMM: C : M.J.S.DEWAR et al. JACS, 107, 3902, (1985)
| QMMM: S : M.J.S.DEWAR et al. INORG. CHEM., 29, 3881, (1990)
| QMMM: O : M.J.S.DEWAR et al. JACS, 107, 3902, (1985)
| QMMM: H : M.J.S.DEWAR et al. JACS, 107, 3902, (1985)

| QMMM: *** SCF convergence criteria ***
| QMMM: Energy change                :  0.1D-09 kcal/mol
| QMMM: Error matrix |FP-PF|         :  0.1D+00 au
| QMMM: Density matrix change        :  0.5D-06
| QMMM: Maximum number of SCF cycles :     1000

| QMMM: *** Diagonalization Routine Information ***
| QMMM: Pseudo diagonalizations are allowed.
| QMMM: Auto diagonalization routine selection is in use.
| QMMM:
| QMMM: Timing diagonalization routines:
| QMMM:                              norbs =      100
| QMMM:    diag iterations used for timing =       15
| QMMM:
| QMMM:              Internal diag routine = 0.056371 seconds
| QMMM:                 Dspev diag routine = 0.095386 seconds
| QMMM:                Dspevd diag routine = 0.067740 seconds
| QMMM:                Dspevx diag routine = 0.214672 seconds
| QMMM:                 Dsyev diag routine = 0.102265 seconds
| QMMM:                Dsyevd diag routine = 0.079316 seconds
| QMMM:                Dsyevr diag routine = 0.068148 seconds
| QMMM:
| QMMM:                Pseudo diag routine = 0.028493 seconds
| QMMM:
| QMMM: Using internal diagonalization routine (diag_routine=1).

  QMMM: QM Region Cartesian Coordinates (*=link atom) 
  QMMM: QM_NO.   MM_NO.  ATOM         X         Y         Z
  QMMM:     1        1      C       -5.4340    0.1750   -0.1370
  QMMM:     2        2      C       -4.8650   -0.6780   -1.0740
  QMMM:     3        3      C       -3.5090   -0.9260   -1.0490
  QMMM:     4        4      C       -2.7080   -0.3170   -0.0800
  QMMM:     5        5      C       -3.2840    0.5400    0.8590
  QMMM:     6        6      C       -4.6410    0.7820    0.8270
  QMMM:     7        7      C       -1.2540   -0.5800   -0.0490
  QMMM:     8        8      S       -0.0030    0.6530    0.0260
  QMMM:     9        9      C        1.2550   -0.5760    0.0190
  QMMM:    10       10      C        0.6910   -1.8020   -0.0380
  QMMM:    11       11      C       -0.6840   -1.8040   -0.0690
  QMMM:    12       12      C        2.7070   -0.3090    0.0680
  QMMM:    13       13      C        3.5110   -0.9780    0.9930
  QMMM:    14       14      C        4.8660   -0.7260    1.0350
  QMMM:    15       15      C        5.4310    0.1910    0.1580
  QMMM:    16       16      C        4.6350    0.8580   -0.7630
  QMMM:    17       17      C        3.2800    0.6080   -0.8160
  QMMM:    18       18      O        6.7670    0.4380    0.2030
  QMMM:    19       19      O       -6.7700    0.4200   -0.1690
  QMMM:    20       20      C        2.4180    1.3280   -1.8200
  QMMM:    21       21      C       -2.4240    1.2000    1.9060
  QMMM:    22       22      H       -5.4580   -1.1270   -1.7900
  QMMM:    23       23      H       -3.0870   -1.5600   -1.7450
  QMMM:    24       24      H       -5.0680    1.4150    1.5210
  QMMM:    25       25      H        1.2490   -2.6700   -0.0570
  QMMM:    26       26      H       -1.2380   -2.6740   -0.1050
  QMMM:    27       27      H        3.0920   -1.6600    1.6440
  QMMM:    28       28      H        5.4610   -1.2190    1.7190
  QMMM:    29       29      H        5.0580    1.5420   -1.4090
  QMMM:    30       30      H        7.3060   -0.0110    0.8240
  QMMM:    31       31      H       -7.1560    0.9950    0.4620
  QMMM:    32       32      H        1.4030    1.0080   -1.7130
  QMMM:    33       33      H        2.7600    1.1050   -2.8090
  QMMM:    34       34      H        2.4790    2.3830   -1.6510
  QMMM:    35       35      H       -1.4060    0.8960    1.7750
  QMMM:    36       36      H       -2.7610    0.9100    2.8790
  QMMM:    37       37      H       -2.4940    2.2630    1.8070

--------------------------------------------------------------------------------
  RESULTS
--------------------------------------------------------------------------------

      iter         sqm energy              rms gradient
      ----    -------------------    -----------------------
xmin    10      -20.2043 kcal/mol        2.9490 kcal/(mol*A)
xmin    20      -22.2384 kcal/mol        0.1194 kcal/(mol*A)
xmin    30      -22.2481 kcal/mol        0.1409 kcal/(mol*A)
xmin    40      -22.2516 kcal/mol        0.0426 kcal/(mol*A)
xmin    50      -22.2543 kcal/mol        0.0275 kcal/(mol*A)
xmin    60      -22.2548 kcal/mol        0.0379 kcal/(mol*A)
xmin    70      -22.2572 kcal/mol        0.0347 kcal/(mol*A)
xmin    80      -22.2576 kcal/mol        0.0512 kcal/(mol*A)
xmin    90      -22.2585 kcal/mol        0.0515 kcal/(mol*A)
xmin   100      -22.2593 kcal/mol        0.0241 kcal/(mol*A)
xmin   110      -22.2610 kcal/mol        0.0509 kcal/(mol*A)
xmin   120      -22.2628 kcal/mol        0.0469 kcal/(mol*A)
xmin   130      -22.2671 kcal/mol        0.0651 kcal/(mol*A)
xmin   140      -22.2793 kcal/mol        0.0739 kcal/(mol*A)
xmin   150      -22.2847 kcal/mol        0.0765 kcal/(mol*A)
xmin   160      -22.3006 kcal/mol        0.1688 kcal/(mol*A)
xmin   170      -22.3632 kcal/mol        0.5652 kcal/(mol*A)
xmin   180      -22.4240 kcal/mol        0.5046 kcal/(mol*A)
xmin   190      -22.5308 kcal/mol        0.1470 kcal/(mol*A)
xmin   200      -22.6363 kcal/mol        0.1927 kcal/(mol*A)
xmin   210      -22.7802 kcal/mol        0.6928 kcal/(mol*A)
xmin   220      -22.8211 kcal/mol        0.0824 kcal/(mol*A)
xmin   230      -22.8591 kcal/mol        0.1519 kcal/(mol*A)
xmin   240      -22.8731 kcal/mol        0.0962 kcal/(mol*A)
xmin   250      -22.8864 kcal/mol        0.0372 kcal/(mol*A)
xmin   260      -22.8873 kcal/mol        0.0197 kcal/(mol*A)
xmin   270      -22.8877 kcal/mol        0.0056 kcal/(mol*A)
xmin   280      -22.8878 kcal/mol        0.0073 kcal/(mol*A)
xmin   290      -22.8878 kcal/mol        0.0044 kcal/(mol*A)
xmin   300      -22.8878 kcal/mol        0.0056 kcal/(mol*A)
xmin   310      -22.8879 kcal/mol        0.0032 kcal/(mol*A)
xmin   320      -22.8879 kcal/mol        0.0056 kcal/(mol*A)
xmin   330      -22.8880 kcal/mol        0.0014 kcal/(mol*A)
xmin   340      -22.8880 kcal/mol        0.0041 kcal/(mol*A)
xmin   350      -22.8847 kcal/mol        0.2267 kcal/(mol*A)
xmin   360      -22.8880 kcal/mol        0.0046 kcal/(mol*A)
xmin   370      -22.8880 kcal/mol        0.0023 kcal/(mol*A)
xmin   380      -22.8881 kcal/mol        0.0101 kcal/(mol*A)
xmin   390      -22.8881 kcal/mol        0.0042 kcal/(mol*A)
xmin   400      -22.8881 kcal/mol        0.0032 kcal/(mol*A)
xmin   410      -22.8881 kcal/mol        0.0016 kcal/(mol*A)
xmin   420      -22.8880 kcal/mol        0.0217 kcal/(mol*A)
xmin   430      -22.8881 kcal/mol        0.0011 kcal/(mol*A)
  ... geometry converged !
 
 Final MO eigenvalues (eV):
 -40.5691  -40.5070  -38.7028  -38.1559  -36.9551  -33.5116  -33.3995  -32.9273
 -30.8052  -28.5053  -27.9678  -26.8573  -25.3258  -23.6826  -22.9522  -22.5943
 -21.9144  -20.1267  -18.8948  -18.8550  -18.4496  -17.2330  -16.9511  -16.6713
 -16.0927  -15.4899  -15.3725  -15.2077  -15.1159  -15.0777  -14.5753  -14.5162
 -14.3047  -14.1673  -14.1096  -13.8633  -13.6054  -13.4774  -13.2857  -13.1787
 -12.6575  -12.4398  -12.3597  -12.1208  -12.0132  -11.9220  -11.3602  -10.0872
  -9.7342   -9.6901   -9.2026   -8.9805   -8.3623   -0.4559    0.1242    0.3024
   0.3535    0.7933    0.9155    1.3797    1.7515    2.7261    2.7622    2.9285
   2.9745    3.6473    3.7199    3.7343    3.7831    3.8064    3.9040    3.9609
   4.0628    4.1493    4.2783    4.3058    4.3281    4.4626    4.4858    4.5015
   4.5973    4.6197    4.7012    4.7355    4.7564    4.9223    4.9782    5.0616
   5.1516    5.1925    5.2432    5.3843    5.4074    5.5133    5.5988    5.6617
   5.7492    5.8099    6.2451    6.2768

 Heat of formation   =        -22.88809893 kcal/mol  (       -0.99250245 eV)

 Total SCF energy    =     -77474.13876971 kcal/mol  (    -3359.53075624 eV)
 Electronic energy   =    -510785.68489552 kcal/mol  (   -22149.32938275 eV)
 Core-core repulsion =     433311.54612581 kcal/mol  (    18789.79862650 eV)
 
    Atomic Charges for Step       1 :
  Atom    Element       Mulliken Charge
     1      C                  0.088
     2      C                 -0.165
     3      C                 -0.075
     4      C                 -0.054
     5      C                 -0.010
     6      C                 -0.220
     7      C                 -0.343
     8      S                  0.569
     9      C                 -0.319
    10      C                 -0.159
    11      C                 -0.144
    12      C                 -0.036
    13      C                 -0.074
    14      C                 -0.215
    15      C                  0.083
    16      C                 -0.156
    17      C                 -0.032
    18      O                 -0.250
    19      O                 -0.251
    20      C                 -0.196
    21      C                 -0.186
    22      H                  0.152
    23      H                  0.141
    24      H                  0.134
    25      H                  0.152
    26      H                  0.155
    27      H                  0.137
    28      H                  0.135
    29      H                  0.151
    30      H                  0.219
    31      H                  0.218
    32      H                  0.100
    33      H                  0.092
    34      H                  0.093
    35      H                  0.092
    36      H                  0.095
    37      H                  0.081
 Total Mulliken Charge =      -0.000
 
                  X        Y        Z     TOTAL  
  QM DIPOLE     0.378    0.393    1.507    1.603
 
 Final Structure

  QMMM: QM Region Cartesian Coordinates (*=link atom) 
  QMMM: QM_NO.   MM_NO.  ATOM         X         Y         Z
  QMMM:     1        1      C       -5.3295    0.2464   -0.4076
  QMMM:     2        2      C       -4.7063   -0.6967   -1.2414
  QMMM:     3        3      C       -3.3596   -0.9722   -1.0486
  QMMM:     4        4      C       -2.6193   -0.3260   -0.0445
  QMMM:     5        5      C       -3.2544    0.6123    0.7897
  QMMM:     6        6      C       -4.6111    0.8967    0.6021
  QMMM:     7        7      C       -1.2178   -0.6585    0.1075
  QMMM:     8        8      S        0.0289    0.3914   -0.2995
  QMMM:     9        9      C        1.2531   -0.6954    0.1151
  QMMM:    10       10      C        0.7046   -1.8917    0.5551
  QMMM:    11       11      C       -0.7195   -1.8705    0.5499
  QMMM:    12       12      C        2.6639   -0.3965    0.0286
  QMMM:    13       13      C        3.5769   -1.2173    0.7140
  QMMM:    14       14      C        4.9455   -0.9886    0.6557
  QMMM:    15       15      C        5.4245    0.0882   -0.1026
  QMMM:    16       16      C        4.5362    0.9287   -0.7869
  QMMM:    17       17      C        3.1612    0.6930   -0.7202
  QMMM:    18       18      O        6.7636    0.3837   -0.2162
  QMMM:    19       19      O       -6.6642    0.4860   -0.6406
  QMMM:    20       20      C        2.2527    1.6149   -1.4420
  QMMM:    21       21      C       -2.5206    1.2942    1.8823
  QMMM:    22       22      H       -5.2877   -1.1987   -2.0269
  QMMM:    23       23      H       -2.8585   -1.7113   -1.6934
  QMMM:    24       24      H       -5.1122    1.6297    1.2506
  QMMM:    25       25      H        1.2762   -2.7685    0.8668
  QMMM:    26       26      H       -1.3311   -2.7195    0.8631
  QMMM:    27       27      H        3.2037   -2.0591    1.3177
  QMMM:    28       28      H        5.6430   -1.6420    1.1978
  QMMM:    29       29      H        4.9355    1.7704   -1.3714
  QMMM:    30       30      H        7.2569   -0.2704    0.3000
  QMMM:    31       31      H       -6.9657    1.1455    0.0011
  QMMM:    32       32      H        1.5691    1.0457   -2.1250
  QMMM:    33       33      H        2.8262    2.3479   -2.0624
  QMMM:    34       34      H        1.6314    2.1984   -0.7117
  QMMM:    35       35      H       -1.4827    1.5602    1.5575
  QMMM:    36       36      H       -2.4438    0.6137    2.7680
  QMMM:    37       37      H       -3.0441    2.2289    2.2003

           --------- Calculation Completed ----------

