            --------------------------------------------------------
                             AMBER SQM VERSION 14
 
                                     By
              Ross C. Walker, Michael F. Crowley, Scott Brozell,
                         Tim Giese, Andreas W. Goetz,
                        Tai-Sung Lee and David A. Case
 
            --------------------------------------------------------
 

--------------------------------------------------------------------------------
  QM CALCULATION INFO
--------------------------------------------------------------------------------

| QMMM: Citation for AMBER QMMM Run:
| QMMM: R.C. Walker, M.F. Crowley and D.A. Case, J. COMP. CHEM. 29:1019, 2008

QMMM: SINGLET STATE CALCULATION
QMMM: RHF CALCULATION, NO. OF DOUBLY OCCUPIED LEVELS = 86

| QMMM: *** Selected Hamiltonian *** 
| QMMM: AM1         

| QMMM: *** Parameter sets in use ***
| QMMM: C : M.J.S.DEWAR et al. JACS, 107, 3902, (1985)
| QMMM: O : M.J.S.DEWAR et al. JACS, 107, 3902, (1985)
| QMMM: S : M.J.S.DEWAR et al. INORG. CHEM., 29, 3881, (1990)
| QMMM: N : M.J.S.DEWAR et al. JACS, 107, 3902, (1985)
| QMMM: H : M.J.S.DEWAR et al. JACS, 107, 3902, (1985)

| QMMM: *** SCF convergence criteria ***
| QMMM: Energy change                :  0.1D-09 kcal/mol
| QMMM: Error matrix |FP-PF|         :  0.1D+00 au
| QMMM: Density matrix change        :  0.5D-06
| QMMM: Maximum number of SCF cycles :     1000

| QMMM: *** Diagonalization Routine Information ***
| QMMM: Pseudo diagonalizations are allowed.
| QMMM: Auto diagonalization routine selection is in use.
| QMMM:
| QMMM: Timing diagonalization routines:
| QMMM:                              norbs =      162
| QMMM:    diag iterations used for timing =        5
| QMMM:
| QMMM:              Internal diag routine = 0.070965 seconds
| QMMM:                 Dspev diag routine = 0.109083 seconds
| QMMM:                Dspevd diag routine = 0.071749 seconds
| QMMM:                Dspevx diag routine = 0.229164 seconds
| QMMM:                 Dsyev diag routine = 0.116076 seconds
| QMMM:                Dsyevd diag routine = 0.080301 seconds
| QMMM:                Dsyevr diag routine = 0.070639 seconds
| QMMM:
| QMMM:                Pseudo diag routine = 0.039679 seconds
| QMMM:
| QMMM: Using dsyevr routine (diag_routine=7).

  QMMM: QM Region Cartesian Coordinates (*=link atom) 
  QMMM: QM_NO.   MM_NO.  ATOM         X         Y         Z
  QMMM:     1        1      C       -0.0050    1.4190   -1.9650
  QMMM:     2        2      C       -1.1120    0.3890   -1.6820
  QMMM:     3        3      O       -0.8860   -0.7540   -2.4800
  QMMM:     4        4      C       -1.0460   -0.5270   -3.8020
  QMMM:     5        5      C       -1.4310   -1.6390   -4.5590
  QMMM:     6        6      C       -1.5740   -1.5560   -5.9250
  QMMM:     7        7      C       -1.3390   -0.3540   -6.5770
  QMMM:     8        8      O       -1.4690   -0.2690   -7.9280
  QMMM:     9        9      C       -0.9700    0.7560   -5.8400
  QMMM:    10       10      C       -0.8300    0.6750   -4.4560
  QMMM:    11       11      S       -0.3760    2.1460   -3.5900
  QMMM:    12       12      C        1.3370    0.7360   -1.9990
  QMMM:    13       13      C        1.7280    0.0380   -3.1270
  QMMM:    14       14      C        2.9610   -0.5820   -3.1640
  QMMM:    15       15      C        3.8030   -0.5160   -2.0630
  QMMM:    16       16      O        5.0140   -1.1310   -2.0940
  QMMM:    17       17      C        3.4080    0.1840   -0.9320
  QMMM:    18       18      C        2.1760    0.8080   -0.9030
  QMMM:    19       19      C       -1.0830    0.0030   -0.2260
  QMMM:    20       20      C       -1.8380    0.7100    0.6900
  QMMM:    21       21      C       -1.8170    0.3540    2.0250
  QMMM:    22       22      C       -1.0290   -0.7060    2.4460
  QMMM:    23       23      C       -0.2680   -1.4100    1.5250
  QMMM:    24       24      C       -0.2960   -1.0540    0.1910
  QMMM:    25       25      O       -1.0030   -1.0540    3.7600
  QMMM:    26       26      C       -1.8780   -0.1550    4.4430
  QMMM:    27       27      C       -1.8940   -0.4940    5.9350
  QMMM:    28       28      N       -0.5360   -0.3660    6.4810
  QMMM:    29       29      C       -0.1760    1.0520    6.3890
  QMMM:    30       30      C        1.2300    1.2660    6.9490
  QMMM:    31       31      C        1.2530    0.8590    8.4260
  QMMM:    32       32      C        0.7600   -0.5860    8.5500
  QMMM:    33       33      C       -0.6220   -0.7040    7.9060
  QMMM:    34       34      H        0.0290    2.1710   -1.2040
  QMMM:    35       35      H       -2.0680    0.8100   -1.9130
  QMMM:    36       36      H       -1.6110   -2.5380   -4.0840
  QMMM:    37       37      H       -1.8560   -2.3890   -6.4650
  QMMM:    38       38      H       -1.7190   -1.0240   -8.4230
  QMMM:    39       39      H       -0.7970    1.6530   -6.3200
  QMMM:    40       40      H        1.0970   -0.0190   -3.9420
  QMMM:    41       41      H        3.2560   -1.0940   -4.0100
  QMMM:    42       42      H        5.2800   -1.6040   -2.8580
  QMMM:    43       43      H        4.0340    0.2380   -0.1130
  QMMM:    44       44      H        1.8820    1.3290   -0.0620
  QMMM:    45       45      H       -2.4180    1.5040    0.3770
  QMMM:    46       46      H       -2.3870    0.8770    2.7080
  QMMM:    47       47      H        0.3190   -2.2000    1.8360
  QMMM:    48       48      H        0.2710   -1.5770   -0.4950
  QMMM:    49       49      H       -2.8670   -0.2490    4.0450
  QMMM:    50       50      H       -1.5330    0.8490    4.3090
  QMMM:    51       51      H       -2.2390   -1.4980    6.0690
  QMMM:    52       52      H       -2.5490    0.1800    6.4470
  QMMM:    53       53      H        0.1360   -0.9580    5.9920
  QMMM:    54       54      H       -0.8750    1.6330    6.9530
  QMMM:    55       55      H       -0.1980    1.3570    5.3640
  QMMM:    56       56      H        1.4980    2.2980    6.8580
  QMMM:    57       57      H        1.9290    0.6690    6.4010
  QMMM:    58       58      H        0.6120    1.5070    8.9870
  QMMM:    59       59      H        2.2500    0.9360    8.8080
  QMMM:    60       60      H        0.6970   -0.8550    9.5840
  QMMM:    61       61      H        1.4440   -1.2430    8.0540
  QMMM:    62       62      H       -0.9790   -1.7070    8.0120
  QMMM:    63       63      H       -1.2960   -0.0280    8.3900

--------------------------------------------------------------------------------
  RESULTS
--------------------------------------------------------------------------------

      iter         sqm energy              rms gradient
      ----    -------------------    -----------------------
xmin    10       65.9765 kcal/mol        0.9771 kcal/(mol*A)
xmin    20       62.9568 kcal/mol        1.2357 kcal/(mol*A)
xmin    30       62.1126 kcal/mol        0.2749 kcal/(mol*A)
xmin    40       61.7989 kcal/mol        0.3705 kcal/(mol*A)
xmin    50       61.6858 kcal/mol        0.1964 kcal/(mol*A)
xmin    60       61.6237 kcal/mol        0.0967 kcal/(mol*A)
xmin    70       61.6117 kcal/mol        0.0632 kcal/(mol*A)
xmin    80       61.5756 kcal/mol        0.0905 kcal/(mol*A)
xmin    90       61.5524 kcal/mol        0.0671 kcal/(mol*A)
xmin   100       61.5102 kcal/mol        0.0388 kcal/(mol*A)
xmin   110       61.5086 kcal/mol        0.0317 kcal/(mol*A)
xmin   120       61.5044 kcal/mol        0.0289 kcal/(mol*A)
xmin   130       61.4965 kcal/mol        0.0623 kcal/(mol*A)
xmin   140       61.4928 kcal/mol        0.0295 kcal/(mol*A)
xmin   150       61.4893 kcal/mol        0.0117 kcal/(mol*A)
xmin   160       61.4919 kcal/mol        0.0741 kcal/(mol*A)
xmin   170       61.4883 kcal/mol        0.0192 kcal/(mol*A)
xmin   180       61.4863 kcal/mol        0.0134 kcal/(mol*A)
xmin   190       61.4847 kcal/mol        0.0088 kcal/(mol*A)
xmin   200       61.4845 kcal/mol        0.0053 kcal/(mol*A)
xmin   210       61.4844 kcal/mol        0.0050 kcal/(mol*A)
xmin   220       61.4843 kcal/mol        0.0048 kcal/(mol*A)
xmin   230       61.4842 kcal/mol        0.0110 kcal/(mol*A)
xmin   240       61.4840 kcal/mol        0.0099 kcal/(mol*A)
xmin   250       61.4840 kcal/mol        0.0015 kcal/(mol*A)
xmin   260       61.4840 kcal/mol        0.0018 kcal/(mol*A)
xmin   270       61.4840 kcal/mol        0.0009 kcal/(mol*A)
xmin   280       61.4840 kcal/mol        0.0017 kcal/(mol*A)
xmin   290       61.4839 kcal/mol        0.0007 kcal/(mol*A)
xmin   300       61.4839 kcal/mol        0.0022 kcal/(mol*A)
  ... geometry converged !
 
 Final MO eigenvalues (eV):
 -45.8783  -43.4796  -42.7438  -41.8243  -41.3900  -40.5322  -39.4821  -39.3005
 -38.1877  -36.3905  -35.8576  -34.8800  -34.1408  -33.6342  -33.2589  -33.2196
 -31.0197  -30.3961  -30.0781  -28.8386  -27.9911  -27.1080  -26.0617  -25.9451
 -25.4809  -25.2997  -24.6755  -24.5651  -23.2806  -22.5416  -22.0421  -21.7669
 -21.2732  -21.2413  -20.6244  -20.5875  -20.2423  -19.8506  -19.6719  -19.3534
 -19.3140  -19.0888  -18.7733  -18.7667  -18.3413  -18.3086  -18.0464  -17.9339
 -17.6744  -17.6457  -17.5048  -17.4118  -17.1306  -16.8496  -16.7318  -16.6451
 -16.5328  -16.5177  -16.4642  -16.3823  -16.1611  -16.0739  -15.8878  -15.8202
 -15.7838  -15.5825  -15.3942  -15.3897  -15.3023  -15.0374  -14.8260  -14.6315
 -14.4076  -14.2970  -14.1686  -13.6612  -13.5323  -13.2248  -12.7155  -12.3112
 -12.2863  -11.7358  -11.4489  -10.6173  -10.4528   -9.6710   -3.6581   -2.2973
  -2.0614   -1.6839   -1.5828   -1.4987   -1.4622   -1.3598   -1.1655   -1.1606
  -1.0901   -0.8535   -0.8170   -0.7375   -0.5624   -0.4720   -0.3978   -0.3779
  -0.3142   -0.3036   -0.2357   -0.0507    0.1155    0.1951    0.3102    0.3500
   0.3746    0.4704    0.4850    0.6155    0.8338    1.1071    1.1164    1.1279
   1.1643    1.1698    1.2731    1.2935    1.4495    1.4893    1.5499    1.6763
   1.7185    1.8272    1.8880    1.9076    2.1230    2.1868    2.2547    2.2951
   2.3373    2.4716    2.5011    2.5657    2.6243    2.6646    2.7895    2.8563
   2.9111    3.0876    3.1142    3.1394    3.3343    3.4128    3.4713    3.5024
   3.5976    3.6050    3.7540    3.7681    3.9508    3.9839    4.1998    4.4907
   4.7574    4.9210

 Heat of formation   =         61.48391761 kcal/mol  (        2.66614274 eV)

 Total SCF energy    =    -127890.76904749 kcal/mol  (    -5545.75989972 eV)
 Electronic energy   =   -1095171.88541153 kcal/mol  (   -47490.21661730 eV)
 Core-core repulsion =     967281.11636404 kcal/mol  (    41944.45671758 eV)
 
    Atomic Charges for Step       1 :
  Atom    Element       Mulliken Charge
     1      C                 -0.214
     2      C                  0.073
     3      O                 -0.212
     4      C                 -0.001
     5      C                 -0.086
     6      C                 -0.198
     7      C                  0.085
     8      O                 -0.243
     9      C                 -0.128
    10      C                 -0.247
    11      S                  0.275
    12      C                 -0.112
    13      C                 -0.069
    14      C                 -0.212
    15      C                  0.088
    16      O                 -0.250
    17      C                 -0.160
    18      C                 -0.086
    19      C                 -0.069
    20      C                 -0.090
    21      C                 -0.180
    22      C                  0.044
    23      C                 -0.139
    24      C                 -0.061
    25      O                 -0.261
    26      C                 -0.041
    27      C                 -0.133
    28      N                 -0.004
    29      C                 -0.125
    30      C                 -0.185
    31      C                 -0.177
    32      C                 -0.185
    33      C                 -0.123
    34      H                  0.134
    35      H                  0.114
    36      H                  0.150
    37      H                  0.144
    38      H                  0.224
    39      H                  0.168
    40      H                  0.153
    41      H                  0.140
    42      H                  0.223
    43      H                  0.153
    44      H                  0.132
    45      H                  0.148
    46      H                  0.136
    47      H                  0.148
    48      H                  0.170
    49      H                  0.136
    50      H                  0.100
    51      H                  0.150
    52      H                  0.145
    53      H                  0.262
    54      H                  0.135
    55      H                  0.142
    56      H                  0.140
    57      H                  0.114
    58      H                  0.105
    59      H                  0.131
    60      H                  0.140
    61      H                  0.112
    62      H                  0.140
    63      H                  0.137
 Total Mulliken Charge =       1.000
 
                  X        Y        Z     TOTAL  
  QM DIPOLE    -4.239   -2.337   29.084   29.484
 
 Final Structure

  QMMM: QM Region Cartesian Coordinates (*=link atom) 
  QMMM: QM_NO.   MM_NO.  ATOM         X         Y         Z
  QMMM:     1        1      C        0.0138    1.3934   -2.5234
  QMMM:     2        2      C       -1.1090    0.4867   -2.0091
  QMMM:     3        3      O       -1.0536   -0.8300   -2.5840
  QMMM:     4        4      C       -1.2667   -0.8530   -3.9595
  QMMM:     5        5      C       -1.8764   -2.0127   -4.4577
  QMMM:     6        6      C       -2.0609   -2.1538   -5.8272
  QMMM:     7        7      C       -1.6441   -1.1246   -6.6877
  QMMM:     8        8      O       -1.8001   -1.1901   -8.0523
  QMMM:     9        9      C       -1.0397    0.0373   -6.1899
  QMMM:    10       10      C       -0.8448    0.1805   -4.8123
  QMMM:    11       11      S       -0.1305    1.6206   -4.2894
  QMMM:    12       12      C        1.3911    0.9954   -2.1369
  QMMM:    13       13      C        1.9001   -0.2781   -2.4213
  QMMM:    14       14      C        3.2026   -0.6190   -2.0706
  QMMM:    15       15      C        4.0114    0.3273   -1.4255
  QMMM:    16       16      O        5.3012    0.0602   -1.0321
  QMMM:    17       17      C        3.5192    1.6105   -1.1345
  QMMM:    18       18      C        2.2161    1.9319   -1.4941
  QMMM:    19       19      C       -1.0642    0.3220   -0.5181
  QMMM:    20       20      C       -1.5791    1.3453    0.2862
  QMMM:    21       21      C       -1.5490    1.2360    1.6754
  QMMM:    22       22      C       -1.0055    0.0826    2.2487
  QMMM:    23       23      C       -0.4992   -0.9603    1.4605
  QMMM:    24       24      C       -0.5276   -0.8271    0.0748
  QMMM:    25       25      O       -0.8657   -0.0881    3.6262
  QMMM:    26       26      C       -1.8395    0.5811    4.4242
  QMMM:    27       27      C       -1.8773   -0.1576    5.7675
  QMMM:    28       28      N       -0.5290   -0.3103    6.3972
  QMMM:    29       29      C       -0.0392    0.9811    6.9818
  QMMM:    30       30      C        1.3319    0.8332    7.6295
  QMMM:    31       31      C        1.3298   -0.2600    8.6760
  QMMM:    32       32      C        0.8156   -1.5634    8.1039
  QMMM:    33       33      C       -0.5461   -1.3843    7.4445
  QMMM:    34       34      H       -0.1930    2.4241   -2.1132
  QMMM:    35       35      H       -2.0970    0.9557   -2.2987
  QMMM:    36       36      H       -2.1936   -2.8011   -3.7598
  QMMM:    37       37      H       -2.5316   -3.0605   -6.2327
  QMMM:    38       38      H       -2.2219   -2.0355   -8.2663
  QMMM:    39       39      H       -0.7201    0.8266   -6.8880
  QMMM:    40       40      H        1.2615   -1.0188   -2.9313
  QMMM:    41       41      H        3.5968   -1.6173   -2.3080
  QMMM:    42       42      H        5.5527   -0.8023   -1.3945
  QMMM:    43       43      H        4.1713    2.3425   -0.6379
  QMMM:    44       44      H        1.8349    2.9415   -1.2756
  QMMM:    45       45      H       -2.0088    2.2472   -0.1778
  QMMM:    46       46      H       -1.9454    2.0492    2.2983
  QMMM:    47       47      H       -0.0775   -1.8579    1.9329
  QMMM:    48       48      H       -0.1268   -1.6313   -0.5656
  QMMM:    49       49      H       -2.8600    0.5282    3.9591
  QMMM:    50       50      H       -1.5358    1.6542    4.5495
  QMMM:    51       51      H       -2.2923   -1.1936    5.5991
  QMMM:    52       52      H       -2.5499    0.3999    6.4774
  QMMM:    53       53      H        0.1338   -0.5926    5.6567
  QMMM:    54       54      H       -0.7920    1.3195    7.7490
  QMMM:    55       55      H        0.0044    1.7400    6.1495
  QMMM:    56       56      H        1.5921    1.8187    8.1018
  QMMM:    57       57      H        2.1098    0.6213    6.8486
  QMMM:    58       58      H        0.6939    0.0495    9.5477
  QMMM:    59       59      H        2.3734   -0.4085    9.0629
  QMMM:    60       60      H        0.6977   -2.3236    8.9227
  QMMM:    61       61      H        1.5521   -1.9787    7.3657
  QMMM:    62       62      H       -0.8645   -2.3465    6.9509
  QMMM:    63       63      H       -1.3156   -1.0967    8.2157

           --------- Calculation Completed ----------

