            --------------------------------------------------------
                             AMBER SQM VERSION 14
 
                                     By
              Ross C. Walker, Michael F. Crowley, Scott Brozell,
                         Tim Giese, Andreas W. Goetz,
                        Tai-Sung Lee and David A. Case
 
            --------------------------------------------------------
 

--------------------------------------------------------------------------------
  QM CALCULATION INFO
--------------------------------------------------------------------------------

| QMMM: Citation for AMBER QMMM Run:
| QMMM: R.C. Walker, M.F. Crowley and D.A. Case, J. COMP. CHEM. 29:1019, 2008

QMMM: SINGLET STATE CALCULATION
QMMM: RHF CALCULATION, NO. OF DOUBLY OCCUPIED LEVELS = 84

| QMMM: *** Selected Hamiltonian *** 
| QMMM: AM1         

| QMMM: *** Parameter sets in use ***
| QMMM: F : M.J.S.DEWAR et al. THEOCHEM, 180, 1, (1988)
| QMMM: O : M.J.S.DEWAR et al. JACS, 107, 3902, (1985)
| QMMM: N : M.J.S.DEWAR et al. JACS, 107, 3902, (1985)
| QMMM: C : M.J.S.DEWAR et al. JACS, 107, 3902, (1985)
| QMMM: H : M.J.S.DEWAR et al. JACS, 107, 3902, (1985)

| QMMM: *** SCF convergence criteria ***
| QMMM: Energy change                :  0.1D-09 kcal/mol
| QMMM: Error matrix |FP-PF|         :  0.1D+00 au
| QMMM: Density matrix change        :  0.5D-06
| QMMM: Maximum number of SCF cycles :     1000

| QMMM: *** Diagonalization Routine Information ***
| QMMM: Pseudo diagonalizations are allowed.
| QMMM: Auto diagonalization routine selection is in use.
| QMMM:
| QMMM: Timing diagonalization routines:
| QMMM:                              norbs =      153
| QMMM:    diag iterations used for timing =        5
| QMMM:
| QMMM:              Internal diag routine = 0.070044 seconds
| QMMM:                 Dspev diag routine = 0.114682 seconds
| QMMM:                Dspevd diag routine = 0.072947 seconds
| QMMM:                Dspevx diag routine = 0.234129 seconds
| QMMM:                 Dsyev diag routine = 0.122719 seconds
| QMMM:                Dsyevd diag routine = 0.082247 seconds
| QMMM:                Dsyevr diag routine = 0.072783 seconds
| QMMM:
| QMMM:                Pseudo diag routine = 0.041141 seconds
| QMMM:
| QMMM: Using internal diagonalization routine (diag_routine=1).

  QMMM: QM Region Cartesian Coordinates (*=link atom) 
  QMMM: QM_NO.   MM_NO.  ATOM         X         Y         Z
  QMMM:     1        1      F        2.0670    4.7180    0.5330
  QMMM:     2        2      F       -0.8550    0.7000   -3.0300
  QMMM:     3        3      F       -0.3070   -0.0570    1.6250
  QMMM:     4        4      O       -7.0450   -2.1550    1.7630
  QMMM:     5        5      O       -7.5140   -1.0870   -0.1970
  QMMM:     6        6      N        1.3420    1.8050    0.0150
  QMMM:     7        7      N        1.5940   -1.8360   -0.9730
  QMMM:     8        8      C        2.8040    1.9170    0.2710
  QMMM:     9        9      C        0.9420    0.6360   -0.8310
  QMMM:    10       10      C        3.3280    0.6600    1.0220
  QMMM:    11       11      C        1.7680   -0.5720   -0.4790
  QMMM:    12       12      C        2.8650   -0.5840    0.3550
  QMMM:    13       13      C        0.7780    3.0610   -0.4860
  QMMM:    14       14      C        3.3610   -1.9140    0.4010
  QMMM:    15       15      C       -0.5460    0.3300   -0.7050
  QMMM:    16       16      C        0.7970    4.2020    0.5410
  QMMM:    17       17      C        3.6530    2.2010   -0.9800
  QMMM:    18       18      C        2.5450   -2.6800   -0.4390
  QMMM:    19       19      C        4.4270   -2.5480    1.0710
  QMMM:    20       20      C        0.5250    3.7120    1.9610
  QMMM:    21       21      C       -0.1460    5.3450    0.1720
  QMMM:    22       22      C       -1.3660    0.3810   -1.8320
  QMMM:    23       23      C       -1.0880   -0.0030    0.5360
  QMMM:    24       24      C        2.7450   -4.0500   -0.6390
  QMMM:    25       25      C        4.6360   -3.9180    0.8800
  QMMM:    26       26      C        3.8070   -4.6560    0.0380
  QMMM:    27       27      C       -2.7280    0.1000   -1.7180
  QMMM:    28       28      C       -2.4490   -0.2840    0.6510
  QMMM:    29       29      C       -3.2690   -0.2330   -0.4760
  QMMM:    30       30      C       -4.6890   -0.5260   -0.3580
  QMMM:    31       31      C       -5.2630   -1.2130    0.6540
  QMMM:    32       32      C       -6.7200   -1.4530    0.6530
  QMMM:    33       33      H        0.9310    1.6160    0.9290
  QMMM:    34       34      H        0.8960   -2.1030   -1.6130
  QMMM:    35       35      H        2.9200    2.7810    0.8920
  QMMM:    36       36      H        1.1280    0.8940   -1.8520
  QMMM:    37       37      H        2.9640    0.6750    2.0280
  QMMM:    38       38      H        4.3980    0.6760    1.0140
  QMMM:    39       39      H       -0.2360    2.8840   -0.7750
  QMMM:    40       40      H        1.3910    3.3720   -1.3070
  QMMM:    41       41      H        3.5850    1.3720   -1.6530
  QMMM:    42       42      H        4.6740    2.3450   -0.6940
  QMMM:    43       43      H        3.2910    3.0840   -1.4640
  QMMM:    44       44      H        5.0460   -2.0070    1.6950
  QMMM:    45       45      H        1.1970    2.9140    2.1970
  QMMM:    46       46      H       -0.4840    3.3630    2.0310
  QMMM:    47       47      H        0.6720    4.5180    2.6500
  QMMM:    48       48      H        0.0620    5.6710   -0.8260
  QMMM:    49       49      H       -0.0030    6.1590    0.8510
  QMMM:    50       50      H       -1.1590    5.0040    0.2320
  QMMM:    51       51      H        2.1300   -4.5940   -1.2640
  QMMM:    52       52      H        5.4150   -4.3880    1.3690
  QMMM:    53       53      H        3.9800   -5.6660   -0.0870
  QMMM:    54       54      H       -3.3340    0.1390   -2.5520
  QMMM:    55       55      H       -2.8500   -0.5310    1.5700
  QMMM:    56       56      H       -5.3080   -0.1810   -1.1080
  QMMM:    57       57      H       -4.6830   -1.5710    1.4290

--------------------------------------------------------------------------------
  RESULTS
--------------------------------------------------------------------------------

      iter         sqm energy              rms gradient
      ----    -------------------    -----------------------
xmin    10      -60.0169 kcal/mol        1.0051 kcal/(mol*A)
xmin    20      -60.7565 kcal/mol        0.4236 kcal/(mol*A)
xmin    30      -61.1107 kcal/mol        0.2575 kcal/(mol*A)
xmin    40      -61.2257 kcal/mol        0.2282 kcal/(mol*A)
xmin    50      -61.2959 kcal/mol        0.2767 kcal/(mol*A)
xmin    60      -61.3432 kcal/mol        0.1408 kcal/(mol*A)
xmin    70      -61.3510 kcal/mol        0.1247 kcal/(mol*A)
xmin    80      -61.3555 kcal/mol        0.0341 kcal/(mol*A)
xmin    90      -61.3561 kcal/mol        0.0181 kcal/(mol*A)
xmin   100      -61.3564 kcal/mol        0.0106 kcal/(mol*A)
xmin   110      -61.3565 kcal/mol        0.0042 kcal/(mol*A)
xmin   120      -61.3567 kcal/mol        0.0115 kcal/(mol*A)
xmin   130      -61.3567 kcal/mol        0.0019 kcal/(mol*A)
xmin   140      -61.3568 kcal/mol        0.0027 kcal/(mol*A)
xmin   150      -61.3570 kcal/mol        0.0066 kcal/(mol*A)
xmin   160      -61.3578 kcal/mol        0.0435 kcal/(mol*A)
xmin   170      -61.3805 kcal/mol        0.0936 kcal/(mol*A)
xmin   180      -61.3991 kcal/mol        0.0598 kcal/(mol*A)
xmin   190      -61.4085 kcal/mol        0.0153 kcal/(mol*A)
xmin   200      -61.4096 kcal/mol        0.0122 kcal/(mol*A)
xmin   210      -61.4098 kcal/mol        0.0170 kcal/(mol*A)
xmin   220      -61.4098 kcal/mol        0.0054 kcal/(mol*A)
xmin   230      -61.4098 kcal/mol        0.0032 kcal/(mol*A)
xmin   240      -61.4099 kcal/mol        0.0014 kcal/(mol*A)
xmin   250      -61.4099 kcal/mol        0.0009 kcal/(mol*A)
  ... geometry converged !
 
 Final MO eigenvalues (eV):
 -50.9639  -50.8776  -50.6888  -44.0336  -41.9176  -40.0570  -38.3590  -37.5746
 -36.5488  -35.8713  -34.6827  -33.6791  -32.4680  -31.8606  -31.7433  -31.5509
 -30.4117  -29.9173  -29.3698  -28.9643  -27.1469  -25.0645  -24.9247  -24.6067
 -23.9267  -23.4680  -22.9191  -22.0024  -21.6231  -20.3536  -19.8939  -19.8219
 -19.3036  -19.0132  -18.8590  -18.3134  -18.2677  -17.9728  -17.8751  -17.7761
 -17.5854  -17.5026  -17.3552  -17.2279  -16.9387  -16.6768  -16.4102  -16.3641
 -16.0309  -15.9327  -15.6688  -15.6069  -15.4575  -15.3227  -15.2570  -15.0356
 -14.9219  -14.7941  -14.6800  -14.6201  -14.5764  -14.2770  -14.1114  -13.9141
 -13.8697  -13.6658  -13.6305  -13.5880  -13.4078  -13.3610  -13.2102  -12.7550
 -12.5165  -12.3940  -11.5547  -11.5212  -11.4013  -10.5615   -9.9607   -9.5865
  -8.8406   -7.6808   -7.3209   -7.2998   -1.8396   -1.2209   -1.0268   -0.7512
  -0.2823    0.1667    0.3225    0.6382    0.7245    0.8886    1.0730    1.1680
   1.4045    1.4345    1.5054    1.6203    1.6752    1.7248    1.7574    1.8083
   1.9721    2.0166    2.0750    2.1342    2.1927    2.3898    2.4487    2.5030
   2.5430    2.6414    2.6846    2.7257    2.8245    2.8650    2.8691    2.8971
   2.9034    2.9737    3.1550    3.2224    3.2586    3.2979    3.3227    3.3409
   3.3978    3.4676    3.5591    3.6414    3.7654    3.8226    3.8918    4.1488
   4.1535    4.4221    4.5066    4.5407    4.6212    4.6450    4.8460    4.9647
   5.1290    5.1768    5.3175    5.6338    5.9155    6.3873    6.5299    9.7666
  10.8573

 Heat of formation   =        -61.40988910 kcal/mol  (       -2.66293262 eV)

 Total SCF energy    =    -139542.54998890 kcal/mol  (    -6051.01903599 eV)
 Electronic energy   =   -1137809.00067238 kcal/mol  (   -49339.10067527 eV)
 Core-core repulsion =     998266.45068349 kcal/mol  (    43288.08163928 eV)
 
    Atomic Charges for Step       1 :
  Atom    Element       Mulliken Charge
     1      F                 -0.165
     2      F                 -0.109
     3      F                 -0.115
     4      O                 -0.524
     5      O                 -0.529
     6      N                 -0.004
     7      N                 -0.164
     8      C                 -0.064
     9      C                  0.089
    10      C                 -0.103
    11      C                 -0.083
    12      C                 -0.151
    13      C                 -0.167
    14      C                 -0.071
    15      C                 -0.330
    16      C                  0.098
    17      C                 -0.239
    18      C                  0.015
    19      C                 -0.085
    20      C                 -0.255
    21      C                 -0.242
    22      C                  0.143
    23      C                  0.138
    24      C                 -0.133
    25      C                 -0.142
    26      C                 -0.098
    27      C                 -0.204
    28      C                 -0.209
    29      C                  0.132
    30      C                 -0.262
    31      C                 -0.051
    32      C                  0.337
    33      H                  0.254
    34      H                  0.272
    35      H                  0.146
    36      H                  0.156
    37      H                  0.112
    38      H                  0.128
    39      H                  0.165
    40      H                  0.140
    41      H                  0.115
    42      H                  0.119
    43      H                  0.092
    44      H                  0.136
    45      H                  0.092
    46      H                  0.115
    47      H                  0.120
    48      H                  0.096
    49      H                  0.118
    50      H                  0.106
    51      H                  0.147
    52      H                  0.140
    53      H                  0.143
    54      H                  0.177
    55      H                  0.178
    56      H                  0.172
    57      H                  0.106
 Total Mulliken Charge =      -0.000
 
                  X        Y        Z     TOTAL  
  QM DIPOLE    30.634    9.652   -3.232   32.281
 
 Final Structure

  QMMM: QM Region Cartesian Coordinates (*=link atom) 
  QMMM: QM_NO.   MM_NO.  ATOM         X         Y         Z
  QMMM:     1        1      F        1.6840    4.1685    1.6439
  QMMM:     2        2      F       -0.7511    0.8125   -2.9818
  QMMM:     3        3      F       -0.2160   -0.0814    1.6845
  QMMM:     4        4      O       -7.3517   -1.2386    1.8230
  QMMM:     5        5      O       -7.3999   -0.9049   -0.4001
  QMMM:     6        6      N        1.5122    1.7639    0.0536
  QMMM:     7        7      N        1.5526   -1.9241   -0.7328
  QMMM:     8        8      C        3.0193    1.9330   -0.0152
  QMMM:     9        9      C        1.0501    0.5882   -0.8111
  QMMM:    10       10      C        3.7286    0.7285    0.6375
  QMMM:    11       11      C        1.8837   -0.6015   -0.4502
  QMMM:    12       12      C        3.1304   -0.5338    0.1907
  QMMM:    13       13      C        0.7845    3.0176   -0.2872
  QMMM:    14       14      C        3.6076   -1.8848    0.3293
  QMMM:    15       15      C       -0.4103    0.3392   -0.6617
  QMMM:    16       16      C        0.5072    3.9544    0.9295
  QMMM:    17       17      C        3.5540    2.1289   -1.4271
  QMMM:    18       18      C        2.5866   -2.7328   -0.2507
  QMMM:    19       19      C        4.7602   -2.4667    0.8674
  QMMM:    20       20      C       -0.5612    3.3458    1.8395
  QMMM:    21       21      C       -0.0099    5.2780    0.3536
  QMMM:    22       22      C       -1.2697    0.4372   -1.7855
  QMMM:    23       23      C       -0.9964   -0.0292    0.5736
  QMMM:    24       24      C        2.7367   -4.1313   -0.2787
  QMMM:    25       25      C        4.8910   -3.8440    0.8320
  QMMM:    26       26      C        3.8915   -4.6628    0.2675
  QMMM:    27       27      C       -2.6320    0.1587   -1.6832
  QMMM:    28       28      C       -2.3590   -0.3073    0.6813
  QMMM:    29       29      C       -3.2012   -0.2160   -0.4461
  QMMM:    30       30      C       -4.6103   -0.4656   -0.3743
  QMMM:    31       31      C       -5.3013   -0.7882    0.7371
  QMMM:    32       32      C       -6.8154   -0.9965    0.7107
  QMMM:    33       33      H        1.2868    1.5164    1.0309
  QMMM:    34       34      H        0.6824   -2.2334   -1.0838
  QMMM:    35       35      H        3.2422    2.8617    0.5955
  QMMM:    36       36      H        1.2802    0.8860   -1.8835
  QMMM:    37       37      H        3.6597    0.8116    1.7572
  QMMM:    38       38      H        4.8177    0.7740    0.3655
  QMMM:    39       39      H       -0.2147    2.7456   -0.7383
  QMMM:    40       40      H        1.3814    3.5863   -1.0528
  QMMM:    41       41      H        3.5136    1.1731   -2.0059
  QMMM:    42       42      H        4.6249    2.4437   -1.3469
  QMMM:    43       43      H        3.0042    2.9187   -1.9914
  QMMM:    44       44      H        5.5427   -1.8331    1.3086
  QMMM:    45       45      H       -0.2332    2.3631    2.2555
  QMMM:    46       46      H       -1.5095    3.2042    1.2686
  QMMM:    47       47      H       -0.7558    4.0370    2.6959
  QMMM:    48       48      H        0.7732    5.7623   -0.2762
  QMMM:    49       49      H       -0.2681    5.9684    1.1927
  QMMM:    50       50      H       -0.9224    5.0938   -0.2603
  QMMM:    51       51      H        1.9611   -4.7749   -0.7159
  QMMM:    52       52      H        5.7903   -4.3194    1.2523
  QMMM:    53       53      H        4.0378   -5.7545    0.2653
  QMMM:    54       54      H       -3.2745    0.2341   -2.5755
  QMMM:    55       55      H       -2.7766   -0.5981    1.6589
  QMMM:    56       56      H       -5.1804   -0.3754   -1.3213
  QMMM:    57       57      H       -4.8357   -0.9109    1.7270

           --------- Calculation Completed ----------

