
          -------------------------------------------------------
          Amber 16 SANDER                              2016
          -------------------------------------------------------

| Run on 08/12/2016 at 19:23:48

|   Executable path: sander
| Working directory: /net/roos/home4/zuckerman/spiriti/estrogen-receptor2/ligands5/459
|          Hostname: n000.dcb.private.net

  [-O]verwriting output

File Assignments:
|  MDIN: ../amber.in                                                           
| MDOUT: amber.out                                                             
|INPCRD: 459.inpcrd                                                            
|  PARM: 459.prm7                                                              
|RESTRT: restrt                                                                
|  REFC: refc                                                                  
| MDVEL: mdvel                                                                 
| MDFRC: mdfrc                                                                 
|  MDEN: mden                                                                  
| MDCRD: mdcrd                                                                 
|MDINFO: mdinfo                                                                
|  MTMD: mtmd                                                                  
|INPDIP: inpdip                                                                
|RSTDIP: rstdip                                                                
|INPTRA: inptraj                                                               


 Here is the input file:

test file                                                                      
&cntrl                                                                         
imin=1, maxcyc=1,                                                              
ntpr=5, cut=99, igb=0, ntb=0                                                   
/                                                                              

--------------------------------------------------------------------------------
   1.  RESOURCE   USE: 
--------------------------------------------------------------------------------

| Flags:                                                                        
|    NONPERIODIC   ntb=0 and igb=0: Setting up nonperiodic simulation
|  *** cutoff > system size, list only builds once
|Largest sphere to fit in unit cell has radius =    32.401
| New format PARM file being parsed.
| Version =    1.000 Date = 07/06/16 Time = 20:53:40
 NATOM  =      44 NTYPES =       8 NBONH =      24 MBONA  =      22
 NTHETH =      54 MTHETA =      33 NPHIH =      99 MPHIA  =      91
 NHPARM =       0 NPARM  =       0 NNB   =     265 NRES   =       1
 NBONA  =      22 NTHETA =      33 NPHIA =      91 NUMBND =      10
 NUMANG =      19 NPTRA  =      16 NATYP =       8 NPHB   =       0
 IFBOX  =       0 NMXRS  =      44 IFCAP =       0 NEXTRA =       0
 NCOPY  =       0


|     Memory Use     Allocated
|     Real                7783
|     Hollerith            135
|     Integer            30425
|     Max Pairs            946
|     nblistReal           528
|     nblist Int        967265
|       Total             3966 kbytes

| Note: 1-4 EEL scale factors are being read from the topology file.

| Note: 1-4 VDW scale factors are being read from the topology file.
| Duplicated    0 dihedrals
| Duplicated    0 dihedrals

--------------------------------------------------------------------------------
   2.  CONTROL  DATA  FOR  THE  RUN
--------------------------------------------------------------------------------

default_name                                                                    

General flags:
     imin    =       1, nmropt  =       0

Nature and format of input:
     ntx     =       1, irest   =       0, ntrx    =       1

Nature and format of output:
     ntxo    =       2, ntpr    =       5, ntrx    =       1, ntwr    =       1
     iwrap   =       0, ntwx    =       0, ntwv    =       0, ntwe    =       0
     ioutfm  =       1, ntwprt  =       0, idecomp =       0, rbornstat=      0

Potential function:
     ntf     =       1, ntb     =       0, igb     =       0, nsnb    =      25
     ipol    =       0, gbsa    =       0, iesp    =       0
     dielc   =   1.00000, cut     =  99.00000, intdiel =   1.00000

Frozen or restrained atoms:
     ibelly  =       0, ntr     =       0

Energy minimization:
     maxcyc  =       1, ncyc    =      10, ntmin   =       1
     dx0     =   0.01000, drms    =   0.00010
|  INFO: Old style inpcrd file read


--------------------------------------------------------------------------------
   3.  ATOMIC COORDINATES AND VELOCITIES
--------------------------------------------------------------------------------

default_name                                                                    
 begin time read from input coords =     0.000 ps

 Number of triangulated 3-point waters found:        0

     Sum of charges from parm topology file =  -0.00100000
     Forcing neutrality...

--------------------------------------------------------------------------------
   4.  RESULTS
--------------------------------------------------------------------------------

 ---------------------------------------------------

     eedmeth=4: Setting switch to one everywhere

 ---------------------------------------------------
| Local SIZE OF NONBOND LIST =        682
| TOTAL SIZE OF NONBOND LIST =        682


   NSTEP       ENERGY          RMS            GMAX         NAME    NUMBER
      1       1.6678E+02     9.6553E+01     8.0360E+02     OAH        30

 BOND    =        9.7468  ANGLE   =        5.0271  DIHED      =       10.0679
 VDWAALS =      136.9650  EEL     =        9.6031  HBOND      =        0.0000
 1-4 VDW =       22.8335  1-4 EEL =      -27.4613  RESTRAINT  =        0.0000


  Maximum number of minimization cycles reached.


                    FINAL RESULTS



   NSTEP       ENERGY          RMS            GMAX         NAME    NUMBER
      1       1.6678E+02     9.6553E+01     8.0360E+02     OAH        30

 BOND    =        9.7468  ANGLE   =        5.0271  DIHED      =       10.0679
 VDWAALS =      136.9650  EEL     =        9.6031  HBOND      =        0.0000
 1-4 VDW =       22.8335  1-4 EEL =      -27.4613  RESTRAINT  =        0.0000

--------------------------------------------------------------------------------
   5.  TIMINGS
--------------------------------------------------------------------------------

|    Read coords time           0.00 ( 0.35% of Total)
|                Build the list             0.00 (96.04% of List )
|                Other                      0.00 ( 3.96% of List )
|             List time                  0.00 (72.17% of Nonbo)
|                   Short_ene time             0.00 (97.68% of Direc)
|                   Other                      0.00 ( 2.32% of Direc)
|                Direct Ewald time          0.00 (84.96% of Ewald)
|                Force Adjust               0.00 ( 1.97% of Ewald)
|                Virial junk                0.00 ( 1.97% of Ewald)
|                Start synchronizatio       0.00 ( 2.30% of Ewald)
|                Other                      0.00 ( 8.80% of Ewald)
|             Ewald time                 0.00 (27.30% of Nonbo)
|             Other                      0.00 ( 0.54% of Nonbo)
|          Nonbond force              0.00 (79.73% of Force)
|          Bond/Angle/Dihedral        0.00 (18.28% of Force)
|          Other                      0.00 ( 1.99% of Force)
|       Force time                 0.00 (100.0% of Runmd)
|    Runmd Time                 0.00 ( 0.22% of Total)
|    Other                      0.63 (99.43% of Total)
| Total time                 0.64 (99.90% of ALL  )

| Number of list builds   :          1

| Highest rstack allocated:        180
| Highest istack allocated:         36
|           Job began  at 19:23:48.607  on 08/12/2016
|           Setup done at 19:23:48.848  on 08/12/2016
|           Run   done at 19:23:49.245  on 08/12/2016
|     wallclock() was called      58 times
