            --------------------------------------------------------
                             AMBER SQM VERSION 14
 
                                     By
              Ross C. Walker, Michael F. Crowley, Scott Brozell,
                         Tim Giese, Andreas W. Goetz,
                        Tai-Sung Lee and David A. Case
 
            --------------------------------------------------------
 

--------------------------------------------------------------------------------
  QM CALCULATION INFO
--------------------------------------------------------------------------------

| QMMM: Citation for AMBER QMMM Run:
| QMMM: R.C. Walker, M.F. Crowley and D.A. Case, J. COMP. CHEM. 29:1019, 2008

QMMM: SINGLET STATE CALCULATION
QMMM: RHF CALCULATION, NO. OF DOUBLY OCCUPIED LEVELS = 55

| QMMM: *** Selected Hamiltonian *** 
| QMMM: AM1         

| QMMM: *** Parameter sets in use ***
| QMMM: C : M.J.S.DEWAR et al. JACS, 107, 3902, (1985)
| QMMM: O : M.J.S.DEWAR et al. JACS, 107, 3902, (1985)
| QMMM: H : M.J.S.DEWAR et al. JACS, 107, 3902, (1985)

| QMMM: *** SCF convergence criteria ***
| QMMM: Energy change                :  0.1D-09 kcal/mol
| QMMM: Error matrix |FP-PF|         :  0.1D+00 au
| QMMM: Density matrix change        :  0.5D-06
| QMMM: Maximum number of SCF cycles :     1000

| QMMM: *** Diagonalization Routine Information ***
| QMMM: Pseudo diagonalizations are allowed.
| QMMM: Auto diagonalization routine selection is in use.
| QMMM:
| QMMM: Timing diagonalization routines:
| QMMM:                              norbs =      104
| QMMM:    diag iterations used for timing =       10
| QMMM:
| QMMM:              Internal diag routine = 0.041761 seconds
| QMMM:                 Dspev diag routine = 0.070211 seconds
| QMMM:                Dspevd diag routine = 0.047374 seconds
| QMMM:                Dspevx diag routine = 0.155396 seconds
| QMMM:                 Dsyev diag routine = 0.074734 seconds
| QMMM:                Dsyevd diag routine = 0.055323 seconds
| QMMM:                Dsyevr diag routine = 0.049814 seconds
| QMMM:
| QMMM:                Pseudo diag routine = 0.021332 seconds
| QMMM:
| QMMM: Using internal diagonalization routine (diag_routine=1).

  QMMM: QM Region Cartesian Coordinates (*=link atom) 
  QMMM: QM_NO.   MM_NO.  ATOM         X         Y         Z
  QMMM:     1        1      C        2.1060   -1.7180    1.7390
  QMMM:     2        2      C        1.9360   -0.2750    1.2590
  QMMM:     3        3      C        0.4430    0.0620    1.1490
  QMMM:     4        4      C        0.3030    1.5270    0.7190
  QMMM:     5        5      C        0.9920    2.4280    1.7460
  QMMM:     6        6      C        0.9570    1.7190   -0.6500
  QMMM:     7        7      C        2.4360    1.3350   -0.5750
  QMMM:     8        8      C        2.5600   -0.1270   -0.1350
  QMMM:     9        9      C        4.0330   -0.5390   -0.0960
  QMMM:    10       10      O        4.6040   -0.3890   -1.3980
  QMMM:    11       11      C        1.7950   -1.0120   -1.1250
  QMMM:    12       12      O        0.4390   -0.5780   -1.2100
  QMMM:    13       13      C       -0.1830   -0.8430    0.0450
  QMMM:    14       14      C       -1.6600   -0.5640   -0.0580
  QMMM:    15       15      C       -2.1130    0.4760   -0.8500
  QMMM:    16       16      C       -3.4670    0.7300   -0.9510
  QMMM:    17       17      C       -4.3720   -0.0520   -0.2490
  QMMM:    18       18      O       -5.7050    0.1990   -0.3420
  QMMM:    19       19      C       -3.9160   -1.0910    0.5490
  QMMM:    20       20      C       -2.5610   -1.3440    0.6430
  QMMM:    21       21      H        1.6720   -1.8240    2.7110
  QMMM:    22       22      H        3.1480   -1.9580    1.7860
  QMMM:    23       23      H        1.6180   -2.3810    1.0560
  QMMM:    24       24      H        2.4130    0.3810    1.9570
  QMMM:    25       25      H       -0.0480   -0.0970    2.0860
  QMMM:    26       26      H       -0.7340    1.7850    0.6590
  QMMM:    27       27      H        2.0290    2.1710    1.8070
  QMMM:    28       28      H        0.5340    2.2930    2.7030
  QMMM:    29       29      H        0.8950    3.4500    1.4450
  QMMM:    30       30      H        0.8700    2.7440   -0.9450
  QMMM:    31       31      H        0.4660    1.0950   -1.3670
  QMMM:    32       32      H        2.9330    1.9640    0.1330
  QMMM:    33       33      H        2.8870    1.4580   -1.5380
  QMMM:    34       34      H        4.1100   -1.5610    0.2120
  QMMM:    35       35      H        4.5590    0.0830    0.5980
  QMMM:    36       36      H        4.1270   -0.9520   -2.0270
  QMMM:    37       37      H        1.8230   -2.0280   -0.7890
  QMMM:    38       38      H        2.2510   -0.9400   -2.0900
  QMMM:    39       39      H       -0.0290   -1.8700    0.3040
  QMMM:    40       40      H       -1.4390    1.0630   -1.3660
  QMMM:    41       41      H       -3.8050    1.5010   -1.5480
  QMMM:    42       42      H       -6.0130    0.9010   -0.8810
  QMMM:    43       43      H       -4.5880   -1.6740    1.0720
  QMMM:    44       44      H       -2.2210   -2.1160    1.2370

--------------------------------------------------------------------------------
  RESULTS
--------------------------------------------------------------------------------

      iter         sqm energy              rms gradient
      ----    -------------------    -----------------------
xmin    10     -139.7762 kcal/mol        0.9932 kcal/(mol*A)
xmin    20     -140.3519 kcal/mol        0.2687 kcal/(mol*A)
xmin    30     -140.5680 kcal/mol        0.2208 kcal/(mol*A)
xmin    40     -140.5875 kcal/mol        0.0457 kcal/(mol*A)
xmin    50     -140.5888 kcal/mol        0.0159 kcal/(mol*A)
xmin    60     -140.5888 kcal/mol        0.0015 kcal/(mol*A)
xmin    70     -140.5889 kcal/mol        0.0007 kcal/(mol*A)
  ... geometry converged !
 
 Final MO eigenvalues (eV):
 -42.1819  -40.1904  -38.5150  -37.4376  -37.0361  -34.5628  -33.7331  -31.6514
 -31.2206  -28.9890  -28.1929  -26.8657  -25.3588  -24.9331  -23.8004  -22.5170
 -22.0302  -21.2635  -19.0350  -18.5058  -18.2432  -17.6399  -17.2869  -16.6741
 -16.3904  -15.9556  -15.7378  -15.5070  -15.2706  -15.0619  -14.9451  -14.5904
 -14.5241  -14.4093  -14.1359  -13.9480  -13.8923  -13.3307  -13.2225  -13.0298
 -12.7092  -12.6941  -12.4440  -12.1631  -12.0300  -11.9612  -11.9151  -11.7150
 -11.3979  -11.2423  -10.8730  -10.6088  -10.1717   -9.8403   -8.9499    0.3569
   0.4726    2.6847    2.8059    3.0100    3.1808    3.2902    3.4010    3.6242
   3.6409    3.7623    3.7825    3.8304    3.8625    3.8966    3.9762    4.0138
   4.1325    4.1413    4.2230    4.2685    4.3016    4.3432    4.4032    4.4333
   4.4897    4.5529    4.5673    4.5979    4.6900    4.7411    4.7637    4.8340
   4.8921    4.9196    4.9419    5.0207    5.0861    5.1940    5.2708    5.2943
   5.3150    5.3856    5.4362    5.6101    5.8045    6.1990    6.2167    6.3139


 Heat of formation   =       -140.58885170 kcal/mol  (       -6.09639008 eV)

 Total SCF energy    =     -80015.33044936 kcal/mol  (    -3469.72509646 eV)
 Electronic energy   =    -598894.46358436 kcal/mol  (   -25970.01273077 eV)
 Core-core repulsion =     518879.13313499 kcal/mol  (    22500.28763432 eV)
 
    Atomic Charges for Step       1 :
  Atom    Element       Mulliken Charge
     1      C                 -0.214
     2      C                 -0.096
     3      C                 -0.114
     4      C                 -0.096
     5      C                 -0.208
     6      C                 -0.153
     7      C                 -0.139
     8      C                 -0.116
     9      C                 -0.016
    10      O                 -0.322
    11      C                 -0.012
    12      O                 -0.267
    13      C                  0.076
    14      C                 -0.109
    15      C                 -0.065
    16      C                 -0.217
    17      C                  0.080
    18      O                 -0.252
    19      C                 -0.158
    20      C                 -0.095
    21      H                  0.078
    22      H                  0.076
    23      H                  0.075
    24      H                  0.098
    25      H                  0.097
    26      H                  0.097
    27      H                  0.072
    28      H                  0.072
    29      H                  0.074
    30      H                  0.080
    31      H                  0.094
    32      H                  0.083
    33      H                  0.089
    34      H                  0.066
    35      H                  0.109
    36      H                  0.195
    37      H                  0.068
    38      H                  0.099
    39      H                  0.083
    40      H                  0.152
    41      H                  0.134
    42      H                  0.218
    43      H                  0.150
    44      H                  0.133
 Total Mulliken Charge =      -0.000
 
                  X        Y        Z     TOTAL  
  QM DIPOLE    -0.068   -0.210    0.321    0.390
 
 Final Structure

  QMMM: QM Region Cartesian Coordinates (*=link atom) 
  QMMM: QM_NO.   MM_NO.  ATOM         X         Y         Z
  QMMM:     1        1      C        2.1415   -1.7740    1.7209
  QMMM:     2        2      C        1.9613   -0.3777    1.1690
  QMMM:     3        3      C        0.4896    0.0320    1.0872
  QMMM:     4        4      C        0.3654    1.5236    0.7709
  QMMM:     5        5      C        0.7505    2.3753    1.9628
  QMMM:     6        6      C        1.1593    1.9182   -0.4675
  QMMM:     7        7      C        2.5490    1.3233   -0.5291
  QMMM:     8        8      C        2.5711   -0.1760   -0.2253
  QMMM:     9        9      C        4.0246   -0.6674   -0.2354
  QMMM:    10       10      O        4.7342   -0.2848   -1.3962
  QMMM:    11       11      C        1.7702   -0.9647   -1.2681
  QMMM:    12       12      O        0.3718   -0.7176   -1.2509
  QMMM:    13       13      C       -0.2205   -0.8518    0.0476
  QMMM:    14       14      C       -1.6816   -0.5405   -0.0745
  QMMM:    15       15      C       -2.1919    0.1879   -1.1526
  QMMM:    16       16      C       -3.5566    0.4518   -1.2452
  QMMM:    17       17      C       -4.4157   -0.0186   -0.2431
  QMMM:    18       18      O       -5.7738    0.2039   -0.2623
  QMMM:    19       19      C       -3.9169   -0.7524    0.8467
  QMMM:    20       20      C       -2.5532   -1.0092    0.9187
  QMMM:    21       21      H        1.5090   -1.9107    2.6317
  QMMM:    22       22      H        3.2090   -1.9390    2.0078
  QMMM:    23       23      H        1.8578   -2.5547    0.9750
  QMMM:    24       24      H        2.4801    0.3298    1.8788
  QMMM:    25       25      H       -0.0035   -0.1618    2.0800
  QMMM:    26       26      H       -0.7243    1.7229    0.5474
  QMMM:    27       27      H        1.8515    2.3390    2.1454
  QMMM:    28       28      H        0.2252    2.0245    2.8834
  QMMM:    29       29      H        0.4649    3.4393    1.7772
  QMMM:    30       30      H        1.2408    3.0365   -0.5095
  QMMM:    31       31      H        0.5838    1.5873   -1.3747
  QMMM:    32       32      H        3.2173    1.8428    0.2081
  QMMM:    33       33      H        2.9845    1.4934   -1.5492
  QMMM:    34       34      H        4.0511   -1.7856   -0.1249
  QMMM:    35       35      H        4.5960   -0.1949    0.6089
  QMMM:    36       36      H        4.2566   -0.6379   -2.1563
  QMMM:    37       37      H        1.9475   -2.0661   -1.1302
  QMMM:    38       38      H        2.0725   -0.6599   -2.3074
  QMMM:    39       39      H       -0.1084   -1.9311    0.3678
  QMMM:    40       40      H       -1.5057    0.5490   -1.9357
  QMMM:    41       41      H       -3.9550    1.0219   -2.0958
  QMMM:    42       42      H       -5.9816    0.7063   -1.0634
  QMMM:    43       43      H       -4.6083   -1.1130    1.6206
  QMMM:    44       44      H       -2.1543   -1.5873    1.7664

           --------- Calculation Completed ----------

