
          -------------------------------------------------------
          Amber 16 SANDER                              2016
          -------------------------------------------------------

| Run on 08/12/2016 at 19:24:07

|   Executable path: sander
| Working directory: /net/roos/home4/zuckerman/spiriti/estrogen-receptor2/ligands5/eed
|          Hostname: n000.dcb.private.net

  [-O]verwriting output

File Assignments:
|  MDIN: ../amber.in                                                           
| MDOUT: amber.out                                                             
|INPCRD: eed.inpcrd                                                            
|  PARM: eed.prm7                                                              
|RESTRT: restrt                                                                
|  REFC: refc                                                                  
| MDVEL: mdvel                                                                 
| MDFRC: mdfrc                                                                 
|  MDEN: mden                                                                  
| MDCRD: mdcrd                                                                 
|MDINFO: mdinfo                                                                
|  MTMD: mtmd                                                                  
|INPDIP: inpdip                                                                
|RSTDIP: rstdip                                                                
|INPTRA: inptraj                                                               


 Here is the input file:

test file                                                                      
&cntrl                                                                         
imin=1, maxcyc=1,                                                              
ntpr=5, cut=99, igb=0, ntb=0                                                   
/                                                                              

--------------------------------------------------------------------------------
   1.  RESOURCE   USE: 
--------------------------------------------------------------------------------

| Flags:                                                                        
|    NONPERIODIC   ntb=0 and igb=0: Setting up nonperiodic simulation
|  *** cutoff > system size, list only builds once
|Largest sphere to fit in unit cell has radius =    32.136
| New format PARM file being parsed.
| Version =    1.000 Date = 07/06/16 Time = 22:34:39
 NATOM  =      51 NTYPES =       8 NBONH =      28 MBONA  =      26
 NTHETH =      65 MTHETA =      40 NPHIH =     122 MPHIA  =     119
 NHPARM =       0 NPARM  =       0 NNB   =     319 NRES   =       1
 NBONA  =      26 NTHETA =      40 NPHIA =     119 NUMBND =      10
 NUMANG =      18 NPTRA  =      16 NATYP =       8 NPHB   =       0
 IFBOX  =       0 NMXRS  =      51 IFCAP =       0 NEXTRA =       0
 NCOPY  =       0


|     Memory Use     Allocated
|     Real                8334
|     Hollerith            156
|     Integer            33015
|     Max Pairs           1275
|     nblistReal           612
|     nblist Int       1013592
|       Total             4163 kbytes

| Note: 1-4 EEL scale factors are being read from the topology file.

| Note: 1-4 VDW scale factors are being read from the topology file.
| Duplicated    0 dihedrals
| Duplicated    0 dihedrals

--------------------------------------------------------------------------------
   2.  CONTROL  DATA  FOR  THE  RUN
--------------------------------------------------------------------------------

default_name                                                                    

General flags:
     imin    =       1, nmropt  =       0

Nature and format of input:
     ntx     =       1, irest   =       0, ntrx    =       1

Nature and format of output:
     ntxo    =       2, ntpr    =       5, ntrx    =       1, ntwr    =       1
     iwrap   =       0, ntwx    =       0, ntwv    =       0, ntwe    =       0
     ioutfm  =       1, ntwprt  =       0, idecomp =       0, rbornstat=      0

Potential function:
     ntf     =       1, ntb     =       0, igb     =       0, nsnb    =      25
     ipol    =       0, gbsa    =       0, iesp    =       0
     dielc   =   1.00000, cut     =  99.00000, intdiel =   1.00000

Frozen or restrained atoms:
     ibelly  =       0, ntr     =       0

Energy minimization:
     maxcyc  =       1, ncyc    =      10, ntmin   =       1
     dx0     =   0.01000, drms    =   0.00010
|  INFO: Old style inpcrd file read


--------------------------------------------------------------------------------
   3.  ATOMIC COORDINATES AND VELOCITIES
--------------------------------------------------------------------------------

default_name                                                                    
 begin time read from input coords =     0.000 ps

 Number of triangulated 3-point waters found:        0

     Sum of charges from parm topology file =  -0.00200100
     Forcing neutrality...

--------------------------------------------------------------------------------
   4.  RESULTS
--------------------------------------------------------------------------------

 ---------------------------------------------------

     eedmeth=4: Setting switch to one everywhere

 ---------------------------------------------------
| Local SIZE OF NONBOND LIST =        957
| TOTAL SIZE OF NONBOND LIST =        957


   NSTEP       ENERGY          RMS            GMAX         NAME    NUMBER
      1       6.7619E+01     1.7299E+01     7.9691E+01     H19        45

 BOND    =       10.8303  ANGLE   =       19.0938  DIHED      =       21.9932
 VDWAALS =       20.0351  EEL     =       -2.8101  HBOND      =        0.0000
 1-4 VDW =       23.4545  1-4 EEL =      -24.9778  RESTRAINT  =        0.0000


  Maximum number of minimization cycles reached.


                    FINAL RESULTS



   NSTEP       ENERGY          RMS            GMAX         NAME    NUMBER
      1       6.7619E+01     1.7299E+01     7.9691E+01     H19        45

 BOND    =       10.8303  ANGLE   =       19.0938  DIHED      =       21.9932
 VDWAALS =       20.0351  EEL     =       -2.8101  HBOND      =        0.0000
 1-4 VDW =       23.4545  1-4 EEL =      -24.9778  RESTRAINT  =        0.0000

--------------------------------------------------------------------------------
   5.  TIMINGS
--------------------------------------------------------------------------------

|    Read coords time           0.00 ( 0.44% of Total)
|                Build the list             0.00 (95.85% of List )
|                Other                      0.00 ( 4.15% of List )
|             List time                  0.00 (69.97% of Nonbo)
|                   Short_ene time             0.00 (97.52% of Direc)
|                   Other                      0.00 ( 2.48% of Direc)
|                Direct Ewald time          0.00 (88.32% of Ewald)
|                Force Adjust               0.00 ( 0.28% of Ewald)
|                Virial junk                0.00 ( 1.64% of Ewald)
|                Start synchronizatio       0.00 ( 0.53% of Ewald)
|                Other                      0.00 ( 9.23% of Ewald)
|             Ewald time                 0.00 (29.63% of Nonbo)
|             Other                      0.00 ( 0.40% of Nonbo)
|          Nonbond force              0.00 (78.12% of Force)
|          Bond/Angle/Dihedral        0.00 (20.31% of Force)
|          Other                      0.00 ( 1.57% of Force)
|       Force time                 0.00 (100.0% of Runmd)
|    Runmd Time                 0.00 ( 0.33% of Total)
|    Other                      0.47 (99.22% of Total)
| Total time                 0.48 (99.87% of ALL  )

| Number of list builds   :          1

| Highest rstack allocated:        225
| Highest istack allocated:         45
|           Job began  at 19:24:06.880  on 08/12/2016
|           Setup done at 19:24:07.014  on 08/12/2016
|           Run   done at 19:24:07.357  on 08/12/2016
|     wallclock() was called      58 times
