            --------------------------------------------------------
                             AMBER SQM VERSION 14
 
                                     By
              Ross C. Walker, Michael F. Crowley, Scott Brozell,
                         Tim Giese, Andreas W. Goetz,
                        Tai-Sung Lee and David A. Case
 
            --------------------------------------------------------
 

--------------------------------------------------------------------------------
  QM CALCULATION INFO
--------------------------------------------------------------------------------

| QMMM: Citation for AMBER QMMM Run:
| QMMM: R.C. Walker, M.F. Crowley and D.A. Case, J. COMP. CHEM. 29:1019, 2008

QMMM: SINGLET STATE CALCULATION
QMMM: RHF CALCULATION, NO. OF DOUBLY OCCUPIED LEVELS = 63

| QMMM: *** Selected Hamiltonian *** 
| QMMM: AM1         

| QMMM: *** Parameter sets in use ***
| QMMM: C : M.J.S.DEWAR et al. JACS, 107, 3902, (1985)
| QMMM: O : M.J.S.DEWAR et al. JACS, 107, 3902, (1985)
| QMMM: H : M.J.S.DEWAR et al. JACS, 107, 3902, (1985)

| QMMM: *** SCF convergence criteria ***
| QMMM: Energy change                :  0.1D-09 kcal/mol
| QMMM: Error matrix |FP-PF|         :  0.1D+00 au
| QMMM: Density matrix change        :  0.5D-06
| QMMM: Maximum number of SCF cycles :     1000

| QMMM: *** Diagonalization Routine Information ***
| QMMM: Pseudo diagonalizations are allowed.
| QMMM: Auto diagonalization routine selection is in use.
| QMMM:
| QMMM: Timing diagonalization routines:
| QMMM:                              norbs =      120
| QMMM:    diag iterations used for timing =       10
| QMMM:
| QMMM:              Internal diag routine = 0.061282 seconds
| QMMM:                 Dspev diag routine = 0.100636 seconds
| QMMM:                Dspevd diag routine = 0.067604 seconds
| QMMM:                Dspevx diag routine = 0.221187 seconds
| QMMM:                 Dsyev diag routine = 0.108305 seconds
| QMMM:                Dsyevd diag routine = 0.077843 seconds
| QMMM:                Dsyevr diag routine = 0.070533 seconds
| QMMM:
| QMMM:                Pseudo diag routine = 0.032374 seconds
| QMMM:
| QMMM: Using internal diagonalization routine (diag_routine=1).

  QMMM: QM Region Cartesian Coordinates (*=link atom) 
  QMMM: QM_NO.   MM_NO.  ATOM         X         Y         Z
  QMMM:     1        1      C       -0.3110    0.3260    0.7670
  QMMM:     2        2      C       -1.7860    0.3100    0.5040
  QMMM:     3        3      C       -2.5660   -0.6340    1.1610
  QMMM:     4        4      C       -3.9250   -0.7070    0.9390
  QMMM:     5        5      C       -4.5260    0.1780    0.0570
  QMMM:     6        6      O       -5.8610    0.1020   -0.1840
  QMMM:     7        7      C       -3.7570    1.1380   -0.5770
  QMMM:     8        8      C       -2.3920    1.2180   -0.3420
  QMMM:     9        9      C       -1.6320    2.3330   -1.0140
  QMMM:    10       10      C       -0.2830    2.5530   -0.3260
  QMMM:    11       11      C        0.4280    1.2000   -0.2570
  QMMM:    12       12      C        1.8300    1.3240    0.2740
  QMMM:    13       13      C        2.8250    2.2180   -0.4690
  QMMM:    14       14      C        4.1710    1.7730    0.1740
  QMMM:    15       15      C        3.9510    0.3220    0.6730
  QMMM:    16       16      O        4.9040   -0.5610    0.0830
  QMMM:    17       17      C        2.5330   -0.0520    0.2000
  QMMM:    18       18      C        2.6580   -0.5440   -1.2430
  QMMM:    19       19      C        1.8120   -1.0620    1.0510
  QMMM:    20       20      C        0.2960   -1.0600    0.8560
  QMMM:    21       21      C       -0.1060   -1.9050   -0.3520
  QMMM:    22       22      O        0.4110   -3.2290   -0.2010
  QMMM:    23       23      C        0.0900   -4.1050   -1.2840
  QMMM:    24       24      H       -0.1840    0.7650    1.7340
  QMMM:    25       25      H       -2.1220   -1.2890    1.8240
  QMMM:    26       26      H       -4.4920   -1.4170    1.4270
  QMMM:    27       27      H       -6.3790   -0.5490    0.2470
  QMMM:    28       28      H       -4.2030    1.8010   -1.2310
  QMMM:    29       29      H       -2.2070    3.2340   -0.9590
  QMMM:    30       30      H       -1.4600    2.0670   -2.0360
  QMMM:    31       31      H       -0.4350    2.9360    0.6620
  QMMM:    32       32      H        0.3060    3.2590   -0.8720
  QMMM:    33       33      H        0.4420    0.7960   -1.2480
  QMMM:    34       34      H        1.6420    1.7460    1.2390
  QMMM:    35       35      H        2.6290    3.2550   -0.2910
  QMMM:    36       36      H        2.7930    2.1190   -1.5340
  QMMM:    37       37      H        4.4200    2.4140    0.9940
  QMMM:    38       38      H        4.9760    1.8270   -0.5290
  QMMM:    39       39      H        4.0630    0.2460    1.7340
  QMMM:    40       40      H        4.8300   -0.5180   -0.8830
  QMMM:    41       41      H        3.1730    0.1900   -1.8270
  QMMM:    42       42      H        1.6820   -0.7040   -1.6510
  QMMM:    43       43      H        3.2060   -1.4630   -1.2600
  QMMM:    44       44      H        2.0210   -0.8480    2.0780
  QMMM:    45       45      H        2.1640   -2.0280    0.7550
  QMMM:    46       46      H       -0.1070   -1.5020    1.7430
  QMMM:    47       47      H        0.2920   -1.4660   -1.2430
  QMMM:    48       48      H       -1.1730   -1.9450   -0.4200
  QMMM:    49       49      H        0.5100   -5.0710   -1.0980
  QMMM:    50       50      H        0.4930   -3.7100   -2.1930
  QMMM:    51       51      H       -0.9730   -4.1890   -1.3720

--------------------------------------------------------------------------------
  RESULTS
--------------------------------------------------------------------------------

      iter         sqm energy              rms gradient
      ----    -------------------    -----------------------
xmin    10     -146.9145 kcal/mol        0.7024 kcal/(mol*A)
xmin    20     -147.2856 kcal/mol        0.2032 kcal/(mol*A)
xmin    30     -147.4048 kcal/mol        0.1105 kcal/(mol*A)
xmin    40     -147.4524 kcal/mol        0.4421 kcal/(mol*A)
xmin    50     -147.7869 kcal/mol        0.3944 kcal/(mol*A)
xmin    60     -148.2013 kcal/mol        0.5301 kcal/(mol*A)
xmin    70     -148.3515 kcal/mol        0.1249 kcal/(mol*A)
xmin    80     -148.3986 kcal/mol        0.0589 kcal/(mol*A)
xmin    90     -148.4094 kcal/mol        0.0858 kcal/(mol*A)
xmin   100     -148.4138 kcal/mol        0.0252 kcal/(mol*A)
xmin   110     -148.4156 kcal/mol        0.0204 kcal/(mol*A)
xmin   120     -148.4157 kcal/mol        0.0027 kcal/(mol*A)
  ... geometry converged !
 
 Final MO eigenvalues (eV):
 -42.1611  -40.3998  -39.1041  -38.5268  -37.1409  -35.5015  -35.1723  -32.8306
 -31.2726  -30.1735  -29.5932  -28.3840  -27.1583  -26.8663  -25.2055  -24.4424
 -23.4953  -23.1537  -21.5341  -20.7954  -20.4359  -19.3918  -18.4912  -17.8353
 -17.2927  -17.0570  -16.7741  -16.6837  -16.4470  -16.0921  -15.7520  -15.3795
 -15.0689  -14.9821  -14.8349  -14.7258  -14.4653  -14.3301  -14.1492  -13.9151
 -13.7337  -13.6133  -13.3514  -13.0875  -13.0168  -12.8435  -12.7478  -12.4562
 -12.4201  -12.3268  -12.2031  -11.8033  -11.7478  -11.6646  -11.5939  -11.3526
 -11.2869  -11.0630  -10.7103  -10.5455  -10.3923   -9.4761   -8.7849    0.4416
   0.5912    2.7970    2.9687    3.0398    3.1089    3.2424    3.3642    3.5673
   3.6760    3.7278    3.7953    3.8602    3.8760    3.9803    4.0011    4.0343
   4.0572    4.0936    4.1300    4.1791    4.2025    4.2464    4.2825    4.3121
   4.3562    4.3718    4.4007    4.4769    4.5165    4.5269    4.5854    4.5917
   4.6649    4.6996    4.7316    4.7743    4.7997    4.8361    4.8563    4.9077
   4.9365    4.9939    5.0006    5.0847    5.1184    5.1964    5.2268    5.2630
   5.3327    5.4088    5.6078    5.8156    5.9546    6.2601    6.3979    6.4246


 Heat of formation   =       -148.41576510 kcal/mol  (       -6.43579052 eV)

 Total SCF energy    =     -90153.88645125 kcal/mol  (    -3909.36587534 eV)
 Electronic energy   =    -734927.53338707 kcal/mol  (   -31868.84928611 eV)
 Core-core repulsion =     644773.64693581 kcal/mol  (    27959.48341077 eV)
 
    Atomic Charges for Step       1 :
  Atom    Element       Mulliken Charge
     1      C                 -0.049
     2      C                 -0.099
     3      C                 -0.085
     4      C                 -0.216
     5      C                  0.077
     6      O                 -0.254
     7      C                 -0.166
     8      C                 -0.032
     9      C                 -0.123
    10      C                 -0.152
    11      C                 -0.087
    12      C                 -0.104
    13      C                 -0.151
    14      C                 -0.193
    15      C                  0.032
    16      O                 -0.317
    17      C                 -0.084
    18      C                 -0.209
    19      C                 -0.135
    20      C                 -0.099
    21      C                 -0.024
    22      O                 -0.290
    23      C                 -0.073
    24      H                  0.094
    25      H                  0.153
    26      H                  0.133
    27      H                  0.217
    28      H                  0.147
    29      H                  0.092
    30      H                  0.091
    31      H                  0.086
    32      H                  0.084
    33      H                  0.098
    34      H                  0.088
    35      H                  0.085
    36      H                  0.084
    37      H                  0.091
    38      H                  0.086
    39      H                  0.117
    40      H                  0.198
    41      H                  0.070
    42      H                  0.084
    43      H                  0.080
    44      H                  0.082
    45      H                  0.096
    46      H                  0.109
    47      H                  0.072
    48      H                  0.080
    49      H                  0.096
    50      H                  0.058
    51      H                  0.060
 Total Mulliken Charge =      -0.000
 
                  X        Y        Z     TOTAL  
  QM DIPOLE    -0.016    0.121   -1.366    1.372
 
 Final Structure

  QMMM: QM Region Cartesian Coordinates (*=link atom) 
  QMMM: QM_NO.   MM_NO.  ATOM         X         Y         Z
  QMMM:     1        1      C       -0.2562    0.2369    0.6860
  QMMM:     2        2      C       -1.7196    0.1411    0.3791
  QMMM:     3        3      C       -2.4632   -0.9590    0.8272
  QMMM:     4        4      C       -3.8376   -1.0363    0.6308
  QMMM:     5        5      C       -4.4921    0.0126   -0.0280
  QMMM:     6        6      O       -5.8492    0.0154   -0.2631
  QMMM:     7        7      C       -3.7728    1.1239   -0.4838
  QMMM:     8        8      C       -2.3910    1.1893   -0.2782
  QMMM:     9        9      C       -1.6833    2.3927   -0.7987
  QMMM:    10       10      C       -0.2967    2.5628   -0.2205
  QMMM:    11       11      C        0.4454    1.2390   -0.2471
  QMMM:    12       12      C        1.8688    1.3878    0.2410
  QMMM:    13       13      C        2.7953    2.4291   -0.3730
  QMMM:    14       14      C        4.2005    1.9490    0.0003
  QMMM:    15       15      C        4.0603    0.5130    0.5543
  QMMM:    16       16      O        5.1124   -0.3341    0.1559
  QMMM:    17       17      C        2.6444    0.0602    0.0977
  QMMM:    18       18      C        2.7365   -0.4301   -1.3366
  QMMM:    19       19      C        1.9782   -0.9656    0.9964
  QMMM:    20       20      C        0.4724   -1.1125    0.7651
  QMMM:    21       21      C        0.1746   -2.0356   -0.4160
  QMMM:    22       22      O       -0.4623   -3.1974    0.1273
  QMMM:    23       23      C       -0.7861   -4.1531   -0.8661
  QMMM:    24       24      H       -0.1944    0.6734    1.7318
  QMMM:    25       25      H       -1.9542   -1.7979    1.3311
  QMMM:    26       26      H       -4.4019   -1.9085    0.9883
  QMMM:    27       27      H       -6.2153   -0.7985    0.1118
  QMMM:    28       28      H       -4.3028    1.9383   -0.9979
  QMMM:    29       29      H       -2.2924    3.3111   -0.5806
  QMMM:    30       30      H       -1.6132    2.3015   -1.9180
  QMMM:    31       31      H       -0.3624    2.9407    0.8332
  QMMM:    32       32      H        0.2706    3.3247   -0.8165
  QMMM:    33       33      H        0.4276    0.8460   -1.2996
  QMMM:    34       34      H        1.8131    1.6269    1.3460
  QMMM:    35       35      H        2.5893    3.4475    0.0367
  QMMM:    36       36      H        2.6682    2.4748   -1.4827
  QMMM:    37       37      H        4.6556    2.6117    0.7752
  QMMM:    38       38      H        4.8738    1.9560   -0.8918
  QMMM:    39       39      H        4.1227    0.5072    1.6778
  QMMM:    40       40      H        5.1527   -0.3285   -0.8086
  QMMM:    41       41      H        3.3067    0.3013   -1.9611
  QMMM:    42       42      H        1.7282   -0.5585   -1.7956
  QMMM:    43       43      H        3.2648   -1.4152   -1.3655
  QMMM:    44       44      H        2.1377   -0.6587    2.0654
  QMMM:    45       45      H        2.4699   -1.9643    0.8604
  QMMM:    46       46      H        0.0762   -1.6355    1.6891
  QMMM:    47       47      H        1.1129   -2.3619   -0.9400
  QMMM:    48       48      H       -0.5124   -1.5466   -1.1563
  QMMM:    49       49      H       -1.2709   -4.9900   -0.3043
  QMMM:    50       50      H        0.1377   -4.5134   -1.3834
  QMMM:    51       51      H       -1.4954   -3.7210   -1.6149

           --------- Calculation Completed ----------

