
          -------------------------------------------------------
          Amber 16 SANDER                              2016
          -------------------------------------------------------

| Run on 08/12/2016 at 19:24:45

|   Executable path: sander
| Working directory: /net/roos/home4/zuckerman/spiriti/estrogen-receptor2/ligands5/ztw
|          Hostname: n000.dcb.private.net

  [-O]verwriting output

File Assignments:
|  MDIN: ../amber.in                                                           
| MDOUT: amber.out                                                             
|INPCRD: ztw.inpcrd                                                            
|  PARM: ztw.prm7                                                              
|RESTRT: restrt                                                                
|  REFC: refc                                                                  
| MDVEL: mdvel                                                                 
| MDFRC: mdfrc                                                                 
|  MDEN: mden                                                                  
| MDCRD: mdcrd                                                                 
|MDINFO: mdinfo                                                                
|  MTMD: mtmd                                                                  
|INPDIP: inpdip                                                                
|RSTDIP: rstdip                                                                
|INPTRA: inptraj                                                               


 Here is the input file:

test file                                                                      
&cntrl                                                                         
imin=1, maxcyc=1,                                                              
ntpr=5, cut=99, igb=0, ntb=0                                                   
/                                                                              

--------------------------------------------------------------------------------
   1.  RESOURCE   USE: 
--------------------------------------------------------------------------------

| Flags:                                                                        
|    NONPERIODIC   ntb=0 and igb=0: Setting up nonperiodic simulation
|  *** cutoff > system size, list only builds once
|Largest sphere to fit in unit cell has radius =    30.998
| New format PARM file being parsed.
| Version =    1.000 Date = 07/07/16 Time = 01:33:40
 NATOM  =      27 NTYPES =       5 NBONH =      10 MBONA  =      19
 NTHETH =      18 MTHETA =      27 NPHIH =      41 MPHIA  =      41
 NHPARM =       0 NPARM  =       0 NNB   =     132 NRES   =       1
 NBONA  =      19 NTHETA =      27 NPHIA =      41 NUMBND =      10
 NUMANG =      14 NPTRA  =       7 NATYP =       7 NPHB   =       0
 IFBOX  =       0 NMXRS  =      27 IFCAP =       0 NEXTRA =       0
 NCOPY  =       0


|     Memory Use     Allocated
|     Real                6446
|     Hollerith             84
|     Integer            24754
|     Max Pairs            351
|     nblistReal           324
|     nblist Int        960473
|       Total             3903 kbytes

| Note: 1-4 EEL scale factors are being read from the topology file.

| Note: 1-4 VDW scale factors are being read from the topology file.
| Duplicated    0 dihedrals
| Duplicated    0 dihedrals

--------------------------------------------------------------------------------
   2.  CONTROL  DATA  FOR  THE  RUN
--------------------------------------------------------------------------------

default_name                                                                    

General flags:
     imin    =       1, nmropt  =       0

Nature and format of input:
     ntx     =       1, irest   =       0, ntrx    =       1

Nature and format of output:
     ntxo    =       2, ntpr    =       5, ntrx    =       1, ntwr    =       1
     iwrap   =       0, ntwx    =       0, ntwv    =       0, ntwe    =       0
     ioutfm  =       1, ntwprt  =       0, idecomp =       0, rbornstat=      0

Potential function:
     ntf     =       1, ntb     =       0, igb     =       0, nsnb    =      25
     ipol    =       0, gbsa    =       0, iesp    =       0
     dielc   =   1.00000, cut     =  99.00000, intdiel =   1.00000

Frozen or restrained atoms:
     ibelly  =       0, ntr     =       0

Energy minimization:
     maxcyc  =       1, ncyc    =      10, ntmin   =       1
     dx0     =   0.01000, drms    =   0.00010
|  INFO: Old style inpcrd file read


--------------------------------------------------------------------------------
   3.  ATOMIC COORDINATES AND VELOCITIES
--------------------------------------------------------------------------------

default_name                                                                    
 begin time read from input coords =     0.000 ps

 Number of triangulated 3-point waters found:        0

     Sum of charges from parm topology file =  -0.00100000
     Forcing neutrality...

--------------------------------------------------------------------------------
   4.  RESULTS
--------------------------------------------------------------------------------

 ---------------------------------------------------

     eedmeth=4: Setting switch to one everywhere

 ---------------------------------------------------
| Local SIZE OF NONBOND LIST =        220
| TOTAL SIZE OF NONBOND LIST =        220


   NSTEP       ENERGY          RMS            GMAX         NAME    NUMBER
      1       8.7110E+00     2.4372E+01     6.6081E+01     C5          2

 BOND    =       11.2365  ANGLE   =       24.3954  DIHED      =        2.3015
 VDWAALS =       -1.7646  EEL     =       14.0180  HBOND      =        0.0000
 1-4 VDW =        8.3115  1-4 EEL =      -49.7873  RESTRAINT  =        0.0000


  Maximum number of minimization cycles reached.


                    FINAL RESULTS



   NSTEP       ENERGY          RMS            GMAX         NAME    NUMBER
      1       8.7110E+00     2.4372E+01     6.6081E+01     C5          2

 BOND    =       11.2365  ANGLE   =       24.3954  DIHED      =        2.3015
 VDWAALS =       -1.7646  EEL     =       14.0180  HBOND      =        0.0000
 1-4 VDW =        8.3115  1-4 EEL =      -49.7873  RESTRAINT  =        0.0000

--------------------------------------------------------------------------------
   5.  TIMINGS
--------------------------------------------------------------------------------

|    Read coords time           0.00 ( 0.38% of Total)
|                Build the list             0.00 (95.89% of List )
|                Other                      0.00 ( 4.11% of List )
|             List time                  0.00 (75.17% of Nonbo)
|                   Short_ene time             0.00 (96.76% of Direc)
|                   Other                      0.00 ( 3.24% of Direc)
|                Direct Ewald time          0.00 (89.31% of Ewald)
|                Force Adjust               0.00 ( 0.42% of Ewald)
|                Virial junk                0.00 ( 2.48% of Ewald)
|                Start synchronizatio       0.00 ( 0.42% of Ewald)
|                Other                      0.00 ( 7.38% of Ewald)
|             Ewald time                 0.00 (24.23% of Nonbo)
|             IPS excludes               0.00 ( 0.10% of Nonbo)
|             Other                      0.00 ( 0.51% of Nonbo)
|          Nonbond force              0.00 (82.15% of Force)
|          Bond/Angle/Dihedral        0.00 (15.88% of Force)
|          Other                      0.00 ( 1.96% of Force)
|       Force time                 0.00 (100.0% of Runmd)
|    Runmd Time                 0.00 ( 0.21% of Total)
|    Other                      0.56 (99.41% of Total)
| Total time                 0.57 (99.89% of ALL  )

| Number of list builds   :          1

| Highest rstack allocated:        110
| Highest istack allocated:         22
|           Job began  at 19:24:45.830  on 08/12/2016
|           Setup done at 19:24:45.997  on 08/12/2016
|           Run   done at 19:24:46.399  on 08/12/2016
|     wallclock() was called      58 times
