            --------------------------------------------------------
                             AMBER SQM VERSION 14
 
                                     By
              Ross C. Walker, Michael F. Crowley, Scott Brozell,
                         Tim Giese, Andreas W. Goetz,
                        Tai-Sung Lee and David A. Case
 
            --------------------------------------------------------
 

--------------------------------------------------------------------------------
  QM CALCULATION INFO
--------------------------------------------------------------------------------

| QMMM: Citation for AMBER QMMM Run:
| QMMM: R.C. Walker, M.F. Crowley and D.A. Case, J. COMP. CHEM. 29:1019, 2008

QMMM: SINGLET STATE CALCULATION
QMMM: RHF CALCULATION, NO. OF DOUBLY OCCUPIED LEVELS = 42

| QMMM: *** Selected Hamiltonian *** 
| QMMM: AM1         

| QMMM: *** Parameter sets in use ***
| QMMM: C : M.J.S.DEWAR et al. JACS, 107, 3902, (1985)
| QMMM: O : M.J.S.DEWAR et al. JACS, 107, 3902, (1985)
| QMMM: S : M.J.S.DEWAR et al. INORG. CHEM., 29, 3881, (1990)
| QMMM: H : M.J.S.DEWAR et al. JACS, 107, 3902, (1985)

| QMMM: *** SCF convergence criteria ***
| QMMM: Energy change                :  0.1D-09 kcal/mol
| QMMM: Error matrix |FP-PF|         :  0.1D+00 au
| QMMM: Density matrix change        :  0.5D-06
| QMMM: Maximum number of SCF cycles :     1000

| QMMM: *** Diagonalization Routine Information ***
| QMMM: Pseudo diagonalizations are allowed.
| QMMM: Auto diagonalization routine selection is in use.
| QMMM:
| QMMM: Timing diagonalization routines:
| QMMM:                              norbs =       78
| QMMM:    diag iterations used for timing =       15
| QMMM:
| QMMM:              Internal diag routine = 0.029419 seconds
| QMMM:                 Dspev diag routine = 0.051620 seconds
| QMMM:                Dspevd diag routine = 0.036907 seconds
| QMMM:                Dspevx diag routine = 0.120089 seconds
| QMMM:                 Dsyev diag routine = 0.055518 seconds
| QMMM:                Dsyevd diag routine = 0.043729 seconds
| QMMM:                Dsyevr diag routine = 0.037975 seconds
| QMMM:
| QMMM:                Pseudo diag routine = 0.013894 seconds
| QMMM:
| QMMM: Using internal diagonalization routine (diag_routine=1).

  QMMM: QM Region Cartesian Coordinates (*=link atom) 
  QMMM: QM_NO.   MM_NO.  ATOM         X         Y         Z
  QMMM:     1        1      C       -1.6980    0.3660   -2.8810
  QMMM:     2        2      C       -1.2880    0.2850   -4.1740
  QMMM:     3        3      C        0.0380    0.0100   -4.4990
  QMMM:     4        4      O        0.4230   -0.0650   -5.8010
  QMMM:     5        5      C        0.9610   -0.1850   -3.4850
  QMMM:     6        6      C        0.5530   -0.1050   -2.1710
  QMMM:     7        7      S        1.3760   -0.2820   -0.6090
  QMMM:     8        8      C       -0.0120    0.0020    0.4700
  QMMM:     9        9      C       -0.0380    0.0010    1.9480
  QMMM:    10       10      C        1.0130    0.5730    2.6660
  QMMM:    11       11      C        0.9850    0.5710    4.0450
  QMMM:    12       12      C       -0.0870    0.0020    4.7180
  QMMM:    13       13      O       -0.1110    0.0020    6.0770
  QMMM:    14       14      C       -1.1330   -0.5710    4.0070
  QMMM:    15       15      C       -1.1140   -0.5690    2.6290
  QMMM:    16       16      C       -0.7850    0.1710   -1.8160
  QMMM:    17       17      C       -1.0390    0.2130   -0.3860
  QMMM:    18       18      H       -2.6870    0.5720   -2.6720
  QMMM:    19       19      H       -1.9740    0.4300   -4.9310
  QMMM:    20       20      H       -0.2050    0.0680   -6.4840
  QMMM:    21       21      H        1.9470   -0.3890   -3.7120
  QMMM:    22       22      H        1.8100    0.9970    2.1660
  QMMM:    23       23      H        1.7620    0.9930    4.5770
  QMMM:    24       24      H        0.5940    0.3880    6.5580
  QMMM:    25       25      H       -1.9250   -0.9990    4.5110
  QMMM:    26       26      H       -1.8950   -0.9890    2.1010
  QMMM:    27       27      H       -1.9890    0.4010   -0.0280

--------------------------------------------------------------------------------
  RESULTS
--------------------------------------------------------------------------------

      iter         sqm energy              rms gradient
      ----    -------------------    -----------------------
xmin    10      -20.9127 kcal/mol        1.0722 kcal/(mol*A)
xmin    20      -21.1208 kcal/mol        0.2399 kcal/(mol*A)
xmin    30      -21.1699 kcal/mol        0.1820 kcal/(mol*A)
xmin    40      -21.1786 kcal/mol        0.0737 kcal/(mol*A)
xmin    50      -21.1854 kcal/mol        0.1638 kcal/(mol*A)
xmin    60      -21.2004 kcal/mol        0.2016 kcal/(mol*A)
xmin    70      -21.2346 kcal/mol        0.1311 kcal/(mol*A)
xmin    80      -21.2387 kcal/mol        0.2440 kcal/(mol*A)
xmin    90      -20.9710 kcal/mol        3.5596 kcal/(mol*A)
xmin   100      -21.2359 kcal/mol        0.1182 kcal/(mol*A)
xmin   110      -15.4955 kcal/mol        8.3011 kcal/(mol*A)
xmin   120      -21.2142 kcal/mol        0.4562 kcal/(mol*A)
xmin   130      -21.2479 kcal/mol        0.0796 kcal/(mol*A)
xmin   140      -21.2498 kcal/mol        0.0125 kcal/(mol*A)
xmin   150      -21.2501 kcal/mol        0.0172 kcal/(mol*A)
xmin   160      -21.2501 kcal/mol        0.0045 kcal/(mol*A)
xmin   170      -21.2501 kcal/mol        0.0030 kcal/(mol*A)
  ... geometry converged !
 
 Final MO eigenvalues (eV):
 -40.6664  -40.3671  -38.6239  -37.7679  -34.9725  -32.1138  -31.8470  -31.3679
 -28.0006  -25.2575  -24.3499  -23.8142  -22.3233  -21.4729  -19.7841  -19.1505
 -17.7296  -17.5810  -17.1794  -16.5751  -15.8364  -15.4310  -15.3513  -15.1900
 -15.0012  -14.7850  -14.5219  -14.3650  -14.1161  -13.7920  -13.3499  -12.9706
 -12.7890  -12.4060  -12.0278  -11.5500  -11.4831  -10.7191  -10.0120   -9.4954
  -8.7299   -8.2644   -0.5782    0.1481    0.2799    0.3880    0.6656    1.1690
   1.4252    2.6454    2.7808    2.8877    2.9947    3.4971    3.6068    3.6739
   3.6951    3.8404    4.0025    4.0977    4.2021    4.3096    4.3524    4.5327
   4.7021    4.7407    4.8719    4.9214    5.0476    5.0936    5.1672    5.2998
   5.4018    5.5533    5.6028    5.6732    6.1784    6.2079

 Heat of formation   =        -21.25012446 kcal/mol  (       -0.92147454 eV)

 Total SCF energy    =     -63754.91867522 kcal/mol  (    -2764.62073090 eV)
 Electronic energy   =    -358766.28250186 kcal/mol  (   -15557.27342708 eV)
 Core-core repulsion =     295011.36382664 kcal/mol  (    12792.65269618 eV)
 
    Atomic Charges for Step       1 :
  Atom    Element       Mulliken Charge
     1      C                 -0.052
     2      C                 -0.209
     3      C                  0.086
     4      O                 -0.251
     5      C                 -0.133
     6      C                 -0.268
     7      S                  0.486
     8      C                 -0.278
     9      C                 -0.049
    10      C                 -0.084
    11      C                 -0.210
    12      C                  0.083
    13      O                 -0.249
    14      C                 -0.156
    15      C                 -0.079
    16      C                 -0.101
    17      C                 -0.127
    18      H                  0.138
    19      H                  0.135
    20      H                  0.219
    21      H                  0.156
    22      H                  0.139
    23      H                  0.136
    24      H                  0.219
    25      H                  0.153
    26      H                  0.139
    27      H                  0.156
 Total Mulliken Charge =      -0.000
 
                  X        Y        Z     TOTAL  
  QM DIPOLE    -0.423    0.555   -0.204    0.727
 
 Final Structure

  QMMM: QM Region Cartesian Coordinates (*=link atom) 
  QMMM: QM_NO.   MM_NO.  ATOM         X         Y         Z
  QMMM:     1        1      C       -1.7896    0.2353   -2.8804
  QMMM:     2        2      C       -1.2756    0.1941   -4.1638
  QMMM:     3        3      C        0.1184    0.0555   -4.3602
  QMMM:     4        4      O        0.6735    0.0100   -5.6195
  QMMM:     5        5      C        1.0062   -0.0423   -3.2873
  QMMM:     6        6      C        0.4818   -0.0003   -1.9941
  QMMM:     7        7      S        1.2982   -0.0951   -0.5221
  QMMM:     8        8      C       -0.1280    0.0442    0.4073
  QMMM:     9        9      C       -0.0881    0.0283    1.8498
  QMMM:    10       10      C        1.0654    0.4453    2.5325
  QMMM:    11       11      C        1.1124    0.4341    3.9221
  QMMM:    12       12      C       -0.0089    0.0005    4.6441
  QMMM:    13       13      O       -0.0392   -0.0377    6.0185
  QMMM:    14       14      C       -1.1719   -0.4219    3.9787
  QMMM:    15       15      C       -1.2010   -0.4051    2.5902
  QMMM:    16       16      C       -0.9200    0.1386   -1.7853
  QMMM:    17       17      C       -1.2434    0.1618   -0.3838
  QMMM:    18       18      H       -2.8711    0.3432   -2.7117
  QMMM:    19       19      H       -1.9412    0.2683   -5.0353
  QMMM:    20       20      H       -0.0444    0.0859   -6.2646
  QMMM:    21       21      H        2.0842   -0.1494   -3.4696
  QMMM:    22       22      H        1.9426    0.7889    1.9608
  QMMM:    23       23      H        2.0186    0.7634    4.4495
  QMMM:    24       24      H        0.8174    0.2743    6.3451
  QMMM:    25       25      H       -2.0389   -0.7602    4.5633
  QMMM:    26       26      H       -2.1068   -0.7404    2.0616
  QMMM:    27       27      H       -2.2685    0.2718   -0.0219

           --------- Calculation Completed ----------

