
          -------------------------------------------------------
          Amber 16 SANDER                              2016
          -------------------------------------------------------

| Run on 08/12/2016 at 19:23:36

|   Executable path: sander
| Working directory: /net/roos/home4/zuckerman/spiriti/estrogen-receptor2/ligands5/1gq
|          Hostname: n000.dcb.private.net

  [-O]verwriting output

File Assignments:
|  MDIN: ../amber.in                                                           
| MDOUT: amber.out                                                             
|INPCRD: 1gq.inpcrd                                                            
|  PARM: 1gq.prm7                                                              
|RESTRT: restrt                                                                
|  REFC: refc                                                                  
| MDVEL: mdvel                                                                 
| MDFRC: mdfrc                                                                 
|  MDEN: mden                                                                  
| MDCRD: mdcrd                                                                 
|MDINFO: mdinfo                                                                
|  MTMD: mtmd                                                                  
|INPDIP: inpdip                                                                
|RSTDIP: rstdip                                                                
|INPTRA: inptraj                                                               


 Here is the input file:

test file                                                                      
&cntrl                                                                         
imin=1, maxcyc=1,                                                              
ntpr=5, cut=99, igb=0, ntb=0                                                   
/                                                                              

--------------------------------------------------------------------------------
   1.  RESOURCE   USE: 
--------------------------------------------------------------------------------

| Flags:                                                                        
|    NONPERIODIC   ntb=0 and igb=0: Setting up nonperiodic simulation
|  *** cutoff > system size, list only builds once
|Largest sphere to fit in unit cell has radius =    31.834
| New format PARM file being parsed.
| Version =    1.000 Date = 07/06/16 Time = 20:35:02
 NATOM  =      42 NTYPES =       9 NBONH =      17 MBONA  =      27
 NTHETH =      35 MTHETA =      40 NPHIH =      60 MPHIA  =      63
 NHPARM =       0 NPARM  =       0 NNB   =     216 NRES   =       1
 NBONA  =      27 NTHETA =      40 NPHIA =      63 NUMBND =      14
 NUMANG =      22 NPTRA  =      14 NATYP =      11 NPHB   =       0
 IFBOX  =       0 NMXRS  =      42 IFCAP =       0 NEXTRA =       0
 NCOPY  =       0


|     Memory Use     Allocated
|     Real                7645
|     Hollerith            129
|     Integer            27325
|     Max Pairs            861
|     nblistReal           504
|     nblist Int       1056984
|       Total             4303 kbytes

| Note: 1-4 EEL scale factors are being read from the topology file.

| Note: 1-4 VDW scale factors are being read from the topology file.
| Duplicated    0 dihedrals
| Duplicated    0 dihedrals

--------------------------------------------------------------------------------
   2.  CONTROL  DATA  FOR  THE  RUN
--------------------------------------------------------------------------------

default_name                                                                    

General flags:
     imin    =       1, nmropt  =       0

Nature and format of input:
     ntx     =       1, irest   =       0, ntrx    =       1

Nature and format of output:
     ntxo    =       2, ntpr    =       5, ntrx    =       1, ntwr    =       1
     iwrap   =       0, ntwx    =       0, ntwv    =       0, ntwe    =       0
     ioutfm  =       1, ntwprt  =       0, idecomp =       0, rbornstat=      0

Potential function:
     ntf     =       1, ntb     =       0, igb     =       0, nsnb    =      25
     ipol    =       0, gbsa    =       0, iesp    =       0
     dielc   =   1.00000, cut     =  99.00000, intdiel =   1.00000

Frozen or restrained atoms:
     ibelly  =       0, ntr     =       0

Energy minimization:
     maxcyc  =       1, ncyc    =      10, ntmin   =       1
     dx0     =   0.01000, drms    =   0.00010
|  INFO: Old style inpcrd file read


--------------------------------------------------------------------------------
   3.  ATOMIC COORDINATES AND VELOCITIES
--------------------------------------------------------------------------------

default_name                                                                    
 begin time read from input coords =     0.000 ps

 Number of triangulated 3-point waters found:        0

     Sum of charges from parm topology file =  -0.00400200
     Forcing neutrality...

--------------------------------------------------------------------------------
   4.  RESULTS
--------------------------------------------------------------------------------

 ---------------------------------------------------

     eedmeth=4: Setting switch to one everywhere

 ---------------------------------------------------
| Local SIZE OF NONBOND LIST =        646
| TOTAL SIZE OF NONBOND LIST =        646


   NSTEP       ENERGY          RMS            GMAX         NAME    NUMBER
      1       4.2334E+01     2.3193E+01     9.6879E+01     F24        21

 BOND    =       14.4506  ANGLE   =       31.9775  DIHED      =        3.4397
 VDWAALS =       27.9643  EEL     =       70.6358  HBOND      =        0.0000
 1-4 VDW =       12.0958  1-4 EEL =     -118.2294  RESTRAINT  =        0.0000


  Maximum number of minimization cycles reached.


                    FINAL RESULTS



   NSTEP       ENERGY          RMS            GMAX         NAME    NUMBER
      1       4.2334E+01     2.3193E+01     9.6879E+01     F24        21

 BOND    =       14.4506  ANGLE   =       31.9775  DIHED      =        3.4397
 VDWAALS =       27.9643  EEL     =       70.6358  HBOND      =        0.0000
 1-4 VDW =       12.0958  1-4 EEL =     -118.2294  RESTRAINT  =        0.0000

--------------------------------------------------------------------------------
   5.  TIMINGS
--------------------------------------------------------------------------------

|    Read coords time           0.00 ( 0.42% of Total)
|                Build the list             0.00 (95.27% of List )
|                Other                      0.00 ( 4.73% of List )
|             List time                  0.00 (73.70% of Nonbo)
|                   Short_ene time             0.00 (97.81% of Direc)
|                   Other                      0.00 ( 2.19% of Direc)
|                Direct Ewald time          0.00 (89.08% of Ewald)
|                Force Adjust               0.00 ( 0.31% of Ewald)
|                Virial junk                0.00 ( 1.63% of Ewald)
|                Start synchronizatio       0.00 ( 0.61% of Ewald)
|                Other                      0.00 ( 8.37% of Ewald)
|             Ewald time                 0.00 (25.81% of Nonbo)
|             Other                      0.00 ( 0.49% of Nonbo)
|          Nonbond force              0.00 (81.70% of Force)
|          Bond/Angle/Dihedral        0.00 (16.41% of Force)
|          Other                      0.00 ( 1.89% of Force)
|       Force time                 0.00 (100.0% of Runmd)
|    Runmd Time                 0.00 ( 0.25% of Total)
|    Other                      0.58 (99.32% of Total)
| Total time                 0.58 (99.89% of ALL  )

| Number of list builds   :          1

| Highest rstack allocated:        165
| Highest istack allocated:         33
|           Job began  at 19:23:36.131  on 08/12/2016
|           Setup done at 19:23:36.321  on 08/12/2016
|           Run   done at 19:23:36.713  on 08/12/2016
|     wallclock() was called      58 times
