
          -------------------------------------------------------
          Amber 16 SANDER                              2016
          -------------------------------------------------------

| Run on 08/12/2016 at 19:24:42

|   Executable path: sander
| Working directory: /net/roos/home4/zuckerman/spiriti/estrogen-receptor2/ligands5/stl
|          Hostname: n000.dcb.private.net

  [-O]verwriting output

File Assignments:
|  MDIN: ../amber.in                                                           
| MDOUT: amber.out                                                             
|INPCRD: stl.inpcrd                                                            
|  PARM: stl.prm7                                                              
|RESTRT: restrt                                                                
|  REFC: refc                                                                  
| MDVEL: mdvel                                                                 
| MDFRC: mdfrc                                                                 
|  MDEN: mden                                                                  
| MDCRD: mdcrd                                                                 
|MDINFO: mdinfo                                                                
|  MTMD: mtmd                                                                  
|INPDIP: inpdip                                                                
|RSTDIP: rstdip                                                                
|INPTRA: inptraj                                                               


 Here is the input file:

test file                                                                      
&cntrl                                                                         
imin=1, maxcyc=1,                                                              
ntpr=5, cut=99, igb=0, ntb=0                                                   
/                                                                              

--------------------------------------------------------------------------------
   1.  RESOURCE   USE: 
--------------------------------------------------------------------------------

| Flags:                                                                        
|    NONPERIODIC   ntb=0 and igb=0: Setting up nonperiodic simulation
|  *** cutoff > system size, list only builds once
|Largest sphere to fit in unit cell has radius =    30.011
| New format PARM file being parsed.
| Version =    1.000 Date = 07/07/16 Time = 01:30:34
 NATOM  =      29 NTYPES =       4 NBONH =      12 MBONA  =      18
 NTHETH =      21 MTHETA =      24 NPHIH =      48 MPHIA  =      32
 NHPARM =       0 NPARM  =       0 NNB   =     136 NRES   =       1
 NBONA  =      18 NTHETA =      24 NPHIA =      32 NUMBND =       9
 NUMANG =      12 NPTRA  =       5 NATYP =       6 NPHB   =       0
 IFBOX  =       0 NMXRS  =      29 IFCAP =       0 NEXTRA =       0
 NCOPY  =       0


|     Memory Use     Allocated
|     Real                6544
|     Hollerith             90
|     Integer            24710
|     Max Pairs            406
|     nblistReal           348
|     nblist Int        960520
|       Total             3904 kbytes

| Note: 1-4 EEL scale factors are being read from the topology file.

| Note: 1-4 VDW scale factors are being read from the topology file.
| Duplicated    0 dihedrals
| Duplicated    0 dihedrals

--------------------------------------------------------------------------------
   2.  CONTROL  DATA  FOR  THE  RUN
--------------------------------------------------------------------------------

default_name                                                                    

General flags:
     imin    =       1, nmropt  =       0

Nature and format of input:
     ntx     =       1, irest   =       0, ntrx    =       1

Nature and format of output:
     ntxo    =       2, ntpr    =       5, ntrx    =       1, ntwr    =       1
     iwrap   =       0, ntwx    =       0, ntwv    =       0, ntwe    =       0
     ioutfm  =       1, ntwprt  =       0, idecomp =       0, rbornstat=      0

Potential function:
     ntf     =       1, ntb     =       0, igb     =       0, nsnb    =      25
     ipol    =       0, gbsa    =       0, iesp    =       0
     dielc   =   1.00000, cut     =  99.00000, intdiel =   1.00000

Frozen or restrained atoms:
     ibelly  =       0, ntr     =       0

Energy minimization:
     maxcyc  =       1, ncyc    =      10, ntmin   =       1
     dx0     =   0.01000, drms    =   0.00010
|  INFO: Old style inpcrd file read


--------------------------------------------------------------------------------
   3.  ATOMIC COORDINATES AND VELOCITIES
--------------------------------------------------------------------------------

default_name                                                                    
 begin time read from input coords =     0.000 ps

 Number of triangulated 3-point waters found:        0

     Sum of charges from parm topology file =   0.00000000
     Forcing neutrality...

--------------------------------------------------------------------------------
   4.  RESULTS
--------------------------------------------------------------------------------

 ---------------------------------------------------

     eedmeth=4: Setting switch to one everywhere

 ---------------------------------------------------
| Local SIZE OF NONBOND LIST =        271
| TOTAL SIZE OF NONBOND LIST =        271


   NSTEP       ENERGY          RMS            GMAX         NAME    NUMBER
      1      -3.4663E+01     2.2193E+01     6.8135E+01     C7         14

 BOND    =       11.5955  ANGLE   =        8.8695  DIHED      =        0.0097
 VDWAALS =        9.3058  EEL     =       64.1565  HBOND      =        0.0000
 1-4 VDW =       11.1207  1-4 EEL =     -139.7207  RESTRAINT  =        0.0000


  Maximum number of minimization cycles reached.


                    FINAL RESULTS



   NSTEP       ENERGY          RMS            GMAX         NAME    NUMBER
      1      -3.4663E+01     2.2193E+01     6.8135E+01     C7         14

 BOND    =       11.5955  ANGLE   =        8.8695  DIHED      =        0.0097
 VDWAALS =        9.3058  EEL     =       64.1565  HBOND      =        0.0000
 1-4 VDW =       11.1207  1-4 EEL =     -139.7207  RESTRAINT  =        0.0000

--------------------------------------------------------------------------------
   5.  TIMINGS
--------------------------------------------------------------------------------

|    Read coords time           0.00 ( 0.39% of Total)
|                Build the list             0.00 (96.10% of List )
|                Other                      0.00 ( 3.90% of List )
|             List time                  0.00 (78.11% of Nonbo)
|                   Short_ene time             0.00 (97.49% of Direc)
|                   Other                      0.00 ( 2.51% of Direc)
|                Direct Ewald time          0.00 (85.29% of Ewald)
|                Force Adjust               0.00 ( 0.41% of Ewald)
|                Virial junk                0.00 ( 2.61% of Ewald)
|                Start synchronizatio       0.00 ( 3.48% of Ewald)
|                Other                      0.00 ( 8.21% of Ewald)
|             Ewald time                 0.00 (21.33% of Nonbo)
|             IPS excludes               0.00 ( 0.09% of Nonbo)
|             Other                      0.00 ( 0.47% of Nonbo)
|          Nonbond force              0.00 (84.35% of Force)
|          Bond/Angle/Dihedral        0.00 (13.94% of Force)
|          Other                      0.00 ( 1.71% of Force)
|       Force time                 0.00 (100.0% of Runmd)
|    Runmd Time                 0.00 ( 0.26% of Total)
|    Other                      0.48 (99.34% of Total)
| Total time                 0.49 (99.87% of ALL  )

| Number of list builds   :          1

| Highest rstack allocated:        120
| Highest istack allocated:         24
|           Job began  at 19:24:42.310  on 08/12/2016
|           Setup done at 19:24:42.433  on 08/12/2016
|           Run   done at 19:24:42.797  on 08/12/2016
|     wallclock() was called      58 times
