            --------------------------------------------------------
                             AMBER SQM VERSION 14
 
                                     By
              Ross C. Walker, Michael F. Crowley, Scott Brozell,
                         Tim Giese, Andreas W. Goetz,
                        Tai-Sung Lee and David A. Case
 
            --------------------------------------------------------
 

--------------------------------------------------------------------------------
  QM CALCULATION INFO
--------------------------------------------------------------------------------

| QMMM: Citation for AMBER QMMM Run:
| QMMM: R.C. Walker, M.F. Crowley and D.A. Case, J. COMP. CHEM. 29:1019, 2008

QMMM: SINGLET STATE CALCULATION
QMMM: RHF CALCULATION, NO. OF DOUBLY OCCUPIED LEVELS = 43

| QMMM: *** Selected Hamiltonian *** 
| QMMM: AM1         

| QMMM: *** Parameter sets in use ***
| QMMM: C : M.J.S.DEWAR et al. JACS, 107, 3902, (1985)
| QMMM: O : M.J.S.DEWAR et al. JACS, 107, 3902, (1985)
| QMMM: H : M.J.S.DEWAR et al. JACS, 107, 3902, (1985)

| QMMM: *** SCF convergence criteria ***
| QMMM: Energy change                :  0.1D-09 kcal/mol
| QMMM: Error matrix |FP-PF|         :  0.1D+00 au
| QMMM: Density matrix change        :  0.5D-06
| QMMM: Maximum number of SCF cycles :     1000

| QMMM: *** Diagonalization Routine Information ***
| QMMM: Pseudo diagonalizations are allowed.
| QMMM: Auto diagonalization routine selection is in use.
| QMMM:
| QMMM: Timing diagonalization routines:
| QMMM:                              norbs =       80
| QMMM:    diag iterations used for timing =       15
| QMMM:
| QMMM:              Internal diag routine = 0.031335 seconds
| QMMM:                 Dspev diag routine = 0.055717 seconds
| QMMM:                Dspevd diag routine = 0.039218 seconds
| QMMM:                Dspevx diag routine = 0.127374 seconds
| QMMM:                 Dsyev diag routine = 0.059309 seconds
| QMMM:                Dsyevd diag routine = 0.046617 seconds
| QMMM:                Dsyevr diag routine = 0.040315 seconds
| QMMM:
| QMMM:                Pseudo diag routine = 0.015065 seconds
| QMMM:
| QMMM: Using internal diagonalization routine (diag_routine=1).

  QMMM: QM Region Cartesian Coordinates (*=link atom) 
  QMMM: QM_NO.   MM_NO.  ATOM         X         Y         Z
  QMMM:     1        1      C        1.2470   -0.0150   -3.5120
  QMMM:     2        2      C        0.1720   -0.0160   -4.3890
  QMMM:     3        3      C       -1.1270   -0.0150   -3.9020
  QMMM:     4        4      C       -1.3560   -0.0140   -2.5360
  QMMM:     5        5      C       -0.2770   -0.0130   -1.6490
  QMMM:     6        6      C        1.0280   -0.0080   -2.1450
  QMMM:     7        7      C       -0.5150   -0.0120   -0.1950
  QMMM:     8        8      C        0.5230   -0.0120    0.6550
  QMMM:     9        9      C        0.2840   -0.0110    2.1090
  QMMM:    10       10      C        1.3640   -0.0100    2.9970
  QMMM:    11       11      C        1.1360   -0.0090    4.3560
  QMMM:    12       12      C       -0.1640   -0.0070    4.8440
  QMMM:    13       13      C       -1.2400   -0.0130    3.9660
  QMMM:    14       14      C       -1.0220   -0.0090    2.6050
  QMMM:    15       15      O       -0.3830   -0.0050    6.1850
  QMMM:    16       16      O       -2.1760   -0.0150   -4.7660
  QMMM:    17       17      O        2.5170   -0.0160   -3.9960
  QMMM:    18       18      H        0.3390   -0.0170   -5.4070
  QMMM:    19       19      H       -2.3220   -0.0140   -2.1740
  QMMM:    20       20      H        1.8280    0.0010   -1.4940
  QMMM:    21       21      H       -1.4800   -0.0110    0.1700
  QMMM:    22       22      H        1.4890   -0.0130    0.2910
  QMMM:    23       23      H        2.3300   -0.0100    2.6350
  QMMM:    24       24      H        1.9330   -0.0100    5.0120
  QMMM:    25       25      H       -2.2040   -0.0200    4.3330
  QMMM:    26       26      H       -1.8220   -0.0050    1.9530
  QMMM:    27       27      H        0.3420   -0.0010    6.7780
  QMMM:    28       28      H       -2.0220   -0.0160   -5.6900
  QMMM:    29       29      H        2.6660   -0.0210   -4.9210

--------------------------------------------------------------------------------
  RESULTS
--------------------------------------------------------------------------------

      iter         sqm energy              rms gradient
      ----    -------------------    -----------------------
xmin    10      -71.9532 kcal/mol        0.0725 kcal/(mol*A)
xmin    20      -71.9554 kcal/mol        0.0233 kcal/(mol*A)
xmin    30      -71.9555 kcal/mol        0.0048 kcal/(mol*A)
xmin    40      -71.9555 kcal/mol        0.0025 kcal/(mol*A)
xmin    50      -71.9561 kcal/mol        0.0930 kcal/(mol*A)
xmin    60      -71.9616 kcal/mol        0.1063 kcal/(mol*A)
xmin    70      -71.9764 kcal/mol        0.3184 kcal/(mol*A)
xmin    80      -72.0157 kcal/mol        0.2033 kcal/(mol*A)
xmin    90      -72.0487 kcal/mol        0.5323 kcal/(mol*A)
xmin   100      -72.0684 kcal/mol        0.0386 kcal/(mol*A)
xmin   110      -72.0731 kcal/mol        0.0190 kcal/(mol*A)
xmin   120      -72.0739 kcal/mol        0.0495 kcal/(mol*A)
xmin   130      -72.0747 kcal/mol        0.0308 kcal/(mol*A)
xmin   140      -72.0751 kcal/mol        0.0126 kcal/(mol*A)
xmin   150      -72.0752 kcal/mol        0.0232 kcal/(mol*A)
xmin   160      -72.0763 kcal/mol        0.0346 kcal/(mol*A)
xmin   170      -72.0765 kcal/mol        0.0037 kcal/(mol*A)
xmin   180      -72.0325 kcal/mol        0.2076 kcal/(mol*A)
xmin   190      -72.0643 kcal/mol        0.1023 kcal/(mol*A)
xmin   200      -72.0689 kcal/mol        0.0304 kcal/(mol*A)
xmin   210      -72.0708 kcal/mol        0.0208 kcal/(mol*A)
xmin   220      -72.0714 kcal/mol        0.0139 kcal/(mol*A)
xmin   230      -72.0722 kcal/mol        0.0300 kcal/(mol*A)
xmin   240      -72.0738 kcal/mol        0.0088 kcal/(mol*A)
xmin   250      -72.0741 kcal/mol        0.0230 kcal/(mol*A)
xmin   260      -72.0754 kcal/mol        0.0178 kcal/(mol*A)
xmin   270      -72.0759 kcal/mol        0.0440 kcal/(mol*A)
xmin   280      -72.0761 kcal/mol        0.0118 kcal/(mol*A)
xmin   290      -72.0762 kcal/mol        0.0127 kcal/(mol*A)
xmin   300      -72.0764 kcal/mol        0.0044 kcal/(mol*A)
xmin   310      -72.0765 kcal/mol        0.0117 kcal/(mol*A)
xmin   320      -72.0766 kcal/mol        0.0079 kcal/(mol*A)
xmin   330      -72.0766 kcal/mol        0.0052 kcal/(mol*A)
xmin   340      -72.0767 kcal/mol        0.0047 kcal/(mol*A)
xmin   350      -72.0767 kcal/mol        0.0047 kcal/(mol*A)
xmin   360      -72.0768 kcal/mol        0.0059 kcal/(mol*A)
xmin   370      -72.0769 kcal/mol        0.0069 kcal/(mol*A)
xmin   380      -72.0770 kcal/mol        0.0027 kcal/(mol*A)
xmin   390      -72.0770 kcal/mol        0.0019 kcal/(mol*A)
xmin   400      -72.0770 kcal/mol        0.0017 kcal/(mol*A)
xmin   410      -72.0770 kcal/mol        0.0023 kcal/(mol*A)
xmin   420      -72.0770 kcal/mol        0.0019 kcal/(mol*A)
xmin   430      -72.0770 kcal/mol        0.0038 kcal/(mol*A)
xmin   440      -72.0770 kcal/mol        0.0048 kcal/(mol*A)
xmin   450      -72.0770 kcal/mol        0.0021 kcal/(mol*A)
xmin   460      -72.0770 kcal/mol        0.0030 kcal/(mol*A)
xmin   470      -72.0770 kcal/mol        0.0015 kcal/(mol*A)
xmin   480      -72.0620 kcal/mol        0.1073 kcal/(mol*A)
xmin   490      -72.0692 kcal/mol        0.0443 kcal/(mol*A)
xmin   500      -72.0709 kcal/mol        0.0366 kcal/(mol*A)
xmin   510      -72.0713 kcal/mol        0.0343 kcal/(mol*A)
xmin   520      -72.0716 kcal/mol        0.0217 kcal/(mol*A)
xmin   530      -72.0728 kcal/mol        0.0297 kcal/(mol*A)
xmin   540      -72.0741 kcal/mol        0.0246 kcal/(mol*A)
xmin   550      -72.0746 kcal/mol        0.0123 kcal/(mol*A)
xmin   560      -72.0754 kcal/mol        0.0270 kcal/(mol*A)
xmin   570      -72.0758 kcal/mol        0.0090 kcal/(mol*A)
xmin   580      -72.0760 kcal/mol        0.0318 kcal/(mol*A)
xmin   590      -72.0761 kcal/mol        0.0221 kcal/(mol*A)
xmin   600      -72.0762 kcal/mol        0.0148 kcal/(mol*A)
xmin   610      -72.0764 kcal/mol        0.0115 kcal/(mol*A)
xmin   620      -72.0769 kcal/mol        0.0085 kcal/(mol*A)
xmin   630      -72.0769 kcal/mol        0.0097 kcal/(mol*A)
xmin   640      -72.0769 kcal/mol        0.0051 kcal/(mol*A)
xmin   650      -72.0769 kcal/mol        0.0060 kcal/(mol*A)
xmin   660      -72.0770 kcal/mol        0.0062 kcal/(mol*A)
xmin   670      -72.0770 kcal/mol        0.0042 kcal/(mol*A)
xmin   680      -72.0770 kcal/mol        0.0039 kcal/(mol*A)
xmin   690      -72.0770 kcal/mol        0.0038 kcal/(mol*A)
xmin   700      -72.0770 kcal/mol        0.0011 kcal/(mol*A)
xmin   710      -72.0770 kcal/mol        0.0011 kcal/(mol*A)
  ... geometry converged !
 
 Final MO eigenvalues (eV):
 -40.7999  -40.3792  -38.8855  -38.1843  -37.1632  -34.3265  -31.8059  -31.4771
 -30.1710  -28.6713  -25.1401  -23.9315  -23.1660  -22.7733  -20.8303  -19.2036
 -19.1318  -18.4639  -17.2591  -17.1823  -16.8627  -15.8386  -15.7890  -15.5521
 -15.3964  -15.1778  -14.7805  -14.6149  -14.5644  -14.2859  -14.0477  -13.2272
 -13.1171  -12.8844  -12.5708  -12.3805  -12.2605  -11.8460  -10.9029   -9.9650
  -9.6459   -9.0052   -8.4969   -0.5162    0.3363    0.4303    0.4734    1.5962
   2.7132    2.7419    2.9095    2.9262    2.9984    3.5132    3.6446    3.7300
   3.7434    3.9248    3.9511    4.0066    4.1357    4.2142    4.2869    4.5239
   4.6408    4.7396    4.8952    4.9730    5.0694    5.1069    5.1453    5.2377
   5.3557    5.5924    5.6798    5.7622    5.8061    6.0090    6.2197    6.2925


 Heat of formation   =        -72.07700883 kcal/mol  (       -3.12549364 eV)

 Total SCF energy    =     -67296.76949363 kcal/mol  (    -2918.20690749 eV)
 Electronic energy   =    -367447.83586546 kcal/mol  (   -15933.73383051 eV)
 Core-core repulsion =     300151.06637184 kcal/mol  (    13015.52692302 eV)
 
    Atomic Charges for Step       1 :
  Atom    Element       Mulliken Charge
     1      C                  0.117
     2      C                 -0.300
     3      C                  0.117
     4      C                 -0.185
     5      C                  0.027
     6      C                 -0.185
     7      C                 -0.133
     8      C                 -0.095
     9      C                 -0.085
    10      C                 -0.077
    11      C                 -0.215
    12      C                  0.085
    13      C                 -0.159
    14      C                 -0.082
    15      O                 -0.249
    16      O                 -0.249
    17      O                 -0.250
    18      H                  0.136
    19      H                  0.153
    20      H                  0.153
    21      H                  0.131
    22      H                  0.129
    23      H                  0.135
    24      H                  0.135
    25      H                  0.152
    26      H                  0.137
    27      H                  0.219
    28      H                  0.219
    29      H                  0.219
 Total Mulliken Charge =      -0.000
 
                  X        Y        Z     TOTAL  
  QM DIPOLE     1.489   -0.115   -1.308    1.985
 
 Final Structure

  QMMM: QM Region Cartesian Coordinates (*=link atom) 
  QMMM: QM_NO.   MM_NO.  ATOM         X         Y         Z
  QMMM:     1        1      C        1.2725    0.0782   -3.5882
  QMMM:     2        2      C        0.1892   -0.0301   -4.4688
  QMMM:     3        3      C       -1.1008   -0.0724   -3.9227
  QMMM:     4        4      C       -1.3120   -0.0104   -2.5388
  QMMM:     5        5      C       -0.2111    0.0904   -1.6754
  QMMM:     6        6      C        1.0863    0.1400   -2.1992
  QMMM:     7        7      C       -0.4575    0.1536   -0.2427
  QMMM:     8        8      C        0.4488   -0.1603    0.6980
  QMMM:     9        9      C        0.2125   -0.1053    2.1297
  QMMM:    10       10      C        1.3153   -0.0813    2.9993
  QMMM:    11       11      C        1.1375   -0.0264    4.3771
  QMMM:    12       12      C       -0.1634   -0.0020    4.9008
  QMMM:    13       13      C       -1.2797   -0.0344    4.0490
  QMMM:    14       14      C       -1.0813   -0.0857    2.6748
  QMMM:    15       15      O       -0.4207    0.0510    6.2507
  QMMM:    16       16      O       -2.2258   -0.1756   -4.7080
  QMMM:    17       17      O        2.5745    0.1307   -4.0304
  QMMM:    18       18      H        0.3450   -0.0783   -5.5538
  QMMM:    19       19      H       -2.3377   -0.0456   -2.1465
  QMMM:    20       20      H        1.9640    0.2363   -1.5456
  QMMM:    21       21      H       -1.4754    0.4793    0.0358
  QMMM:    22       22      H        1.4650   -0.4860    0.4093
  QMMM:    23       23      H        2.3354   -0.1022    2.5856
  QMMM:    24       24      H        2.0063   -0.0031    5.0496
  QMMM:    25       25      H       -2.2909   -0.0199    4.4793
  QMMM:    26       26      H       -1.9576   -0.1195    2.0089
  QMMM:    27       27      H        0.4283    0.0672    6.7162
  QMMM:    28       28      H       -1.9434   -0.2096   -5.6335
  QMMM:    29       29      H        2.5648    0.0846   -4.9974

           --------- Calculation Completed ----------

