
          -------------------------------------------------------
          Amber 16 SANDER                              2016
          -------------------------------------------------------

| Run on 08/12/2016 at 19:24:37

|   Executable path: sander
| Working directory: /net/roos/home4/zuckerman/spiriti/estrogen-receptor2/ligands5/piq
|          Hostname: n000.dcb.private.net

  [-O]verwriting output

File Assignments:
|  MDIN: ../amber.in                                                           
| MDOUT: amber.out                                                             
|INPCRD: piq.inpcrd                                                            
|  PARM: piq.prm7                                                              
|RESTRT: restrt                                                                
|  REFC: refc                                                                  
| MDVEL: mdvel                                                                 
| MDFRC: mdfrc                                                                 
|  MDEN: mden                                                                  
| MDCRD: mdcrd                                                                 
|MDINFO: mdinfo                                                                
|  MTMD: mtmd                                                                  
|INPDIP: inpdip                                                                
|RSTDIP: rstdip                                                                
|INPTRA: inptraj                                                               


 Here is the input file:

test file                                                                      
&cntrl                                                                         
imin=1, maxcyc=1,                                                              
ntpr=5, cut=99, igb=0, ntb=0                                                   
/                                                                              

--------------------------------------------------------------------------------
   1.  RESOURCE   USE: 
--------------------------------------------------------------------------------

| Flags:                                                                        
|    NONPERIODIC   ntb=0 and igb=0: Setting up nonperiodic simulation
|  *** cutoff > system size, list only builds once
|Largest sphere to fit in unit cell has radius =    31.166
| New format PARM file being parsed.
| Version =    1.000 Date = 07/07/16 Time = 01:00:55
 NATOM  =      29 NTYPES =       7 NBONH =      12 MBONA  =      19
 NTHETH =      23 MTHETA =      27 NPHIH =      41 MPHIA  =      43
 NHPARM =       0 NPARM  =       0 NNB   =     141 NRES   =       1
 NBONA  =      19 NTHETA =      27 NPHIA =      43 NUMBND =      14
 NUMANG =      25 NPTRA  =      10 NATYP =      12 NPHB   =       0
 IFBOX  =       0 NMXRS  =      29 IFCAP =       0 NEXTRA =       0
 NCOPY  =       0


|     Memory Use     Allocated
|     Real                6597
|     Hollerith             90
|     Integer            24962
|     Max Pairs            406
|     nblistReal           348
|     nblist Int        920586
|       Total             3749 kbytes

| Note: 1-4 EEL scale factors are being read from the topology file.

| Note: 1-4 VDW scale factors are being read from the topology file.
| Duplicated    0 dihedrals
| Duplicated    0 dihedrals

--------------------------------------------------------------------------------
   2.  CONTROL  DATA  FOR  THE  RUN
--------------------------------------------------------------------------------

default_name                                                                    

General flags:
     imin    =       1, nmropt  =       0

Nature and format of input:
     ntx     =       1, irest   =       0, ntrx    =       1

Nature and format of output:
     ntxo    =       2, ntpr    =       5, ntrx    =       1, ntwr    =       1
     iwrap   =       0, ntwx    =       0, ntwv    =       0, ntwe    =       0
     ioutfm  =       1, ntwprt  =       0, idecomp =       0, rbornstat=      0

Potential function:
     ntf     =       1, ntb     =       0, igb     =       0, nsnb    =      25
     ipol    =       0, gbsa    =       0, iesp    =       0
     dielc   =   1.00000, cut     =  99.00000, intdiel =   1.00000

Frozen or restrained atoms:
     ibelly  =       0, ntr     =       0

Energy minimization:
     maxcyc  =       1, ncyc    =      10, ntmin   =       1
     dx0     =   0.01000, drms    =   0.00010
|  INFO: Old style inpcrd file read


--------------------------------------------------------------------------------
   3.  ATOMIC COORDINATES AND VELOCITIES
--------------------------------------------------------------------------------

default_name                                                                    
 begin time read from input coords =     0.000 ps

 Number of triangulated 3-point waters found:        0

     Sum of charges from parm topology file =  -0.00000100
     Forcing neutrality...

--------------------------------------------------------------------------------
   4.  RESULTS
--------------------------------------------------------------------------------

 ---------------------------------------------------

     eedmeth=4: Setting switch to one everywhere

 ---------------------------------------------------
| Local SIZE OF NONBOND LIST =        266
| TOTAL SIZE OF NONBOND LIST =        266


   NSTEP       ENERGY          RMS            GMAX         NAME    NUMBER
      1      -5.8160E+01     2.0689E+01     6.9269E+01     C3A        14

 BOND    =        9.9388  ANGLE   =       18.0325  DIHED      =        3.2917
 VDWAALS =       -1.6477  EEL     =       34.9563  HBOND      =        0.0000
 1-4 VDW =       10.0841  1-4 EEL =     -132.8157  RESTRAINT  =        0.0000


  Maximum number of minimization cycles reached.


                    FINAL RESULTS



   NSTEP       ENERGY          RMS            GMAX         NAME    NUMBER
      1      -5.8160E+01     2.0689E+01     6.9269E+01     C3A        14

 BOND    =        9.9388  ANGLE   =       18.0325  DIHED      =        3.2917
 VDWAALS =       -1.6477  EEL     =       34.9563  HBOND      =        0.0000
 1-4 VDW =       10.0841  1-4 EEL =     -132.8157  RESTRAINT  =        0.0000

--------------------------------------------------------------------------------
   5.  TIMINGS
--------------------------------------------------------------------------------

|    Read coords time           0.00 ( 0.41% of Total)
|                Build the list             0.00 (95.75% of List )
|                Other                      0.00 ( 4.25% of List )
|             List time                  0.00 (75.71% of Nonbo)
|                   Short_ene time             0.00 (96.50% of Direc)
|                   Other                      0.00 ( 3.50% of Direc)
|                Direct Ewald time          0.00 (87.68% of Ewald)
|                Virial junk                0.00 ( 2.65% of Ewald)
|                Start synchronizatio       0.00 ( 1.31% of Ewald)
|                Other                      0.00 ( 8.35% of Ewald)
|             Ewald time                 0.00 (23.57% of Nonbo)
|             Other                      0.00 ( 0.72% of Nonbo)
|          Nonbond force              0.00 (79.06% of Force)
|          Bond/Angle/Dihedral        0.00 (18.55% of Force)
|          Other                      0.00 ( 2.39% of Force)
|       Force time                 0.00 (100.0% of Runmd)
|    Runmd Time                 0.00 ( 0.24% of Total)
|    Other                      0.50 (99.35% of Total)
| Total time                 0.51 (99.87% of ALL  )

| Number of list builds   :          1

| Highest rstack allocated:        105
| Highest istack allocated:         21
|           Job began  at 19:24:37.712  on 08/12/2016
|           Setup done at 19:24:37.893  on 08/12/2016
|           Run   done at 19:24:38.217  on 08/12/2016
|     wallclock() was called      58 times
