            --------------------------------------------------------
                             AMBER SQM VERSION 14
 
                                     By
              Ross C. Walker, Michael F. Crowley, Scott Brozell,
                         Tim Giese, Andreas W. Goetz,
                        Tai-Sung Lee and David A. Case
 
            --------------------------------------------------------
 

--------------------------------------------------------------------------------
  QM CALCULATION INFO
--------------------------------------------------------------------------------

| QMMM: Citation for AMBER QMMM Run:
| QMMM: R.C. Walker, M.F. Crowley and D.A. Case, J. COMP. CHEM. 29:1019, 2008

QMMM: SINGLET STATE CALCULATION
QMMM: RHF CALCULATION, NO. OF DOUBLY OCCUPIED LEVELS = 42

| QMMM: *** Selected Hamiltonian *** 
| QMMM: AM1         

| QMMM: *** Parameter sets in use ***
| QMMM: N : M.J.S.DEWAR et al. JACS, 107, 3902, (1985)
| QMMM: C : M.J.S.DEWAR et al. JACS, 107, 3902, (1985)
| QMMM: H : M.J.S.DEWAR et al. JACS, 107, 3902, (1985)

| QMMM: *** SCF convergence criteria ***
| QMMM: Energy change                :  0.1D-09 kcal/mol
| QMMM: Error matrix |FP-PF|         :  0.1D+00 au
| QMMM: Density matrix change        :  0.5D-06
| QMMM: Maximum number of SCF cycles :     1000

| QMMM: *** Diagonalization Routine Information ***
| QMMM: Pseudo diagonalizations are allowed.
| QMMM: Auto diagonalization routine selection is in use.
| QMMM:
| QMMM: Timing diagonalization routines:
| QMMM:                              norbs =       80
| QMMM:    diag iterations used for timing =       15
| QMMM:
| QMMM:              Internal diag routine = 0.031330 seconds
| QMMM:                 Dspev diag routine = 0.055765 seconds
| QMMM:                Dspevd diag routine = 0.039127 seconds
| QMMM:                Dspevx diag routine = 0.127686 seconds
| QMMM:                 Dsyev diag routine = 0.059363 seconds
| QMMM:                Dsyevd diag routine = 0.046865 seconds
| QMMM:                Dsyevr diag routine = 0.040342 seconds
| QMMM:
| QMMM:                Pseudo diag routine = 0.015283 seconds
| QMMM:
| QMMM: Using internal diagonalization routine (diag_routine=1).

  QMMM: QM Region Cartesian Coordinates (*=link atom) 
  QMMM: QM_NO.   MM_NO.  ATOM         X         Y         Z
  QMMM:     1        1      N        0.2910    0.0670    4.9950
  QMMM:     2        2      C        0.0020    0.0170    3.6500
  QMMM:     3        3      N        0.9170    0.1490    2.6460
  QMMM:     4        4      C        0.2270    0.0450    1.4490
  QMMM:     5        5      C        0.5980    0.0890    0.1170
  QMMM:     6        6      C       -0.3980   -0.0630   -0.8500
  QMMM:     7        7      C       -0.0560   -0.0190   -2.2930
  QMMM:     8        8      C       -0.8980    0.6330   -3.1910
  QMMM:     9        9      C       -0.5760    0.6700   -4.5320
  QMMM:    10       10      C        0.5790    0.0610   -4.9860
  QMMM:    11       11      C        1.4190   -0.5880   -4.0990
  QMMM:    12       12      C        1.1090   -0.6260   -2.7540
  QMMM:    13       13      N       -1.1930   -0.1640    3.1430
  QMMM:    14       14      C        2.3570    0.3650    2.8050
  QMMM:    15       15      C       -1.1230   -0.1600    1.7880
  QMMM:    16       16      N       -2.0380   -0.3010    0.8310
  QMMM:    17       17      C       -1.7180   -0.2590   -0.4420
  QMMM:    18       18      H        1.2180    0.2070    5.2940
  QMMM:    19       19      H       -0.4300   -0.0370    5.6580
  QMMM:    20       20      H        1.5840    0.2300   -0.1550
  QMMM:    21       21      H       -1.7610    1.0870   -2.8540
  QMMM:    22       22      H       -1.1990    1.1530   -5.1980
  QMMM:    23       23      H        0.8150    0.0910   -5.9900
  QMMM:    24       24      H        2.2780   -1.0440   -4.4430
  QMMM:    25       25      H        1.7400   -1.1040   -2.0920
  QMMM:    26       26      H        2.5990    0.4020    3.8470
  QMMM:    27       27      H        2.6320    1.2890    2.3420
  QMMM:    28       28      H        2.8910   -0.4380    2.3430
  QMMM:    29       29      H       -2.4560   -0.3730   -1.1540

--------------------------------------------------------------------------------
  RESULTS
--------------------------------------------------------------------------------

      iter         sqm energy              rms gradient
      ----    -------------------    -----------------------
xmin    10      115.5357 kcal/mol        1.0065 kcal/(mol*A)
xmin    20      114.2271 kcal/mol        1.2387 kcal/(mol*A)
xmin    30      113.9053 kcal/mol        0.2682 kcal/(mol*A)
xmin    40      113.8503 kcal/mol        0.2499 kcal/(mol*A)
xmin    50      113.8196 kcal/mol        0.1219 kcal/(mol*A)
xmin    60      113.6100 kcal/mol        1.0527 kcal/(mol*A)
xmin    70      113.3539 kcal/mol        0.2621 kcal/(mol*A)
xmin    80      113.2272 kcal/mol        0.1592 kcal/(mol*A)
xmin    90      113.1925 kcal/mol        0.0303 kcal/(mol*A)
xmin   100      113.1880 kcal/mol        0.0542 kcal/(mol*A)
xmin   110      113.1861 kcal/mol        0.0474 kcal/(mol*A)
xmin   120      113.1848 kcal/mol        0.0268 kcal/(mol*A)
xmin   130      113.1846 kcal/mol        0.0046 kcal/(mol*A)
xmin   140      113.1846 kcal/mol        0.0014 kcal/(mol*A)
xmin   150      113.1845 kcal/mol        0.0021 kcal/(mol*A)
xmin   160      113.1845 kcal/mol        0.0041 kcal/(mol*A)
xmin   170      113.1845 kcal/mol        0.0030 kcal/(mol*A)
xmin   180      113.1845 kcal/mol        0.0017 kcal/(mol*A)
  ... geometry converged !
 
 Final MO eigenvalues (eV):
 -41.6441  -39.9041  -38.2385  -35.4022  -34.7719  -33.3552  -31.7095  -31.2313
 -28.4200  -27.6573  -24.3053  -24.1006  -22.7959  -22.1343  -21.2101  -19.0578
 -18.3461  -17.8490  -16.9679  -16.8965  -16.4489  -16.1490  -15.9568  -15.4465
 -14.7609  -14.5323  -14.4865  -14.2596  -13.7568  -13.5938  -13.4551  -13.1578
 -12.3322  -12.0316  -11.9271  -11.6738  -11.2868  -10.3742   -9.9024   -9.7997
  -9.4018   -8.5221   -0.4626    0.2499    0.4378    0.5102    1.1589    1.4158
   2.3057    2.7273    2.9620    3.1176    3.2641    3.4584    3.6580    3.7025
   3.8072    3.8459    3.8843    3.9215    4.0190    4.1045    4.2085    4.3804
   4.4836    4.6447    4.7998    4.9625    4.9964    5.0458    5.0887    5.2082
   5.4542    5.5150    5.6032    5.7648    5.9774    6.0150    6.4117    6.9924


 Heat of formation   =        113.18453714 kcal/mol  (        4.90804983 eV)

 Total SCF energy    =     -61229.99467536 kcal/mol  (    -2655.13181021 eV)
 Electronic energy   =    -369785.39711839 kcal/mol  (   -16035.09809281 eV)
 Core-core repulsion =     308555.40244303 kcal/mol  (    13379.96628260 eV)
 
    Atomic Charges for Step       1 :
  Atom    Element       Mulliken Charge
     1      N                 -0.294
     2      C                  0.119
     3      N                 -0.200
     4      C                 -0.084
     5      C                 -0.078
     6      C                 -0.087
     7      C                 -0.031
     8      C                 -0.118
     9      C                 -0.128
    10      C                 -0.127
    11      C                 -0.130
    12      C                 -0.122
    13      N                 -0.160
    14      C                 -0.068
    15      C                  0.006
    16      N                 -0.085
    17      C                 -0.067
    18      H                  0.191
    19      H                  0.214
    20      H                  0.142
    21      H                  0.137
    22      H                  0.134
    23      H                  0.133
    24      H                  0.132
    25      H                  0.132
    26      H                  0.084
    27      H                  0.101
    28      H                  0.089
    29      H                  0.165
 Total Mulliken Charge =      -0.000
 
                  X        Y        Z     TOTAL  
  QM DIPOLE     5.113    1.702    0.505    5.412
 
 Final Structure

  QMMM: QM Region Cartesian Coordinates (*=link atom) 
  QMMM: QM_NO.   MM_NO.  ATOM         X         Y         Z
  QMMM:     1        1      N        0.3506   -0.0448    5.0383
  QMMM:     2        2      C       -0.0221    0.0100    3.6836
  QMMM:     3        3      N        0.9529    0.2369    2.6498
  QMMM:     4        4      C        0.2606    0.0657    1.4419
  QMMM:     5        5      C        0.6499    0.1366    0.1050
  QMMM:     6        6      C       -0.3517   -0.0316   -0.8556
  QMMM:     7        7      C       -0.0398    0.0232   -2.2790
  QMMM:     8        8      C       -0.9102    0.6649   -3.1725
  QMMM:     9        9      C       -0.6096    0.7163   -4.5320
  QMMM:    10       10      C        0.5592    0.1285   -5.0154
  QMMM:    11       11      C        1.4291   -0.5120   -4.1332
  QMMM:    12       12      C        1.1340   -0.5649   -2.7727
  QMMM:    13       13      N       -1.2839   -0.1875    3.1996
  QMMM:    14       14      C        2.3631    0.1412    2.8267
  QMMM:    15       15      C       -1.1446   -0.1723    1.7894
  QMMM:    16       16      N       -2.1077   -0.3299    0.8402
  QMMM:    17       17      C       -1.6905   -0.2583   -0.4285
  QMMM:    18       18      H        1.0345    0.6385    5.2893
  QMMM:    19       19      H       -0.4379   -0.0486    5.6541
  QMMM:    20       20      H        1.6923    0.3242   -0.1872
  QMMM:    21       21      H       -1.8304    1.1363   -2.7953
  QMMM:    22       22      H       -1.2973    1.2235   -5.2247
  QMMM:    23       23      H        0.7937    0.1692   -6.0890
  QMMM:    24       24      H        2.3501   -0.9796   -4.5115
  QMMM:    25       25      H        1.8186   -1.0790   -2.0818
  QMMM:    26       26      H        2.6998    0.9297    3.5535
  QMMM:    27       27      H        2.8739    0.3100    1.8416
  QMMM:    28       28      H        2.6583   -0.8672    3.2265
  QMMM:    29       29      H       -2.4849   -0.3998   -1.1860

           --------- Calculation Completed ----------

