            --------------------------------------------------------
                             AMBER SQM VERSION 14
 
                                     By
              Ross C. Walker, Michael F. Crowley, Scott Brozell,
                         Tim Giese, Andreas W. Goetz,
                        Tai-Sung Lee and David A. Case
 
            --------------------------------------------------------
 

--------------------------------------------------------------------------------
  QM CALCULATION INFO
--------------------------------------------------------------------------------

| QMMM: Citation for AMBER QMMM Run:
| QMMM: R.C. Walker, M.F. Crowley and D.A. Case, J. COMP. CHEM. 29:1019, 2008

QMMM: SINGLET STATE CALCULATION
QMMM: RHF CALCULATION, NO. OF DOUBLY OCCUPIED LEVELS = 86

| QMMM: *** Selected Hamiltonian *** 
| QMMM: AM1         

| QMMM: *** Parameter sets in use ***
| QMMM: C : M.J.S.DEWAR et al. JACS, 107, 3902, (1985)
| QMMM: O : M.J.S.DEWAR et al. JACS, 107, 3902, (1985)
| QMMM: S : M.J.S.DEWAR et al. INORG. CHEM., 29, 3881, (1990)
| QMMM: N : M.J.S.DEWAR et al. JACS, 107, 3902, (1985)
| QMMM: H : M.J.S.DEWAR et al. JACS, 107, 3902, (1985)

| QMMM: *** SCF convergence criteria ***
| QMMM: Energy change                :  0.1D-09 kcal/mol
| QMMM: Error matrix |FP-PF|         :  0.1D+00 au
| QMMM: Density matrix change        :  0.5D-06
| QMMM: Maximum number of SCF cycles :     1000

| QMMM: *** Diagonalization Routine Information ***
| QMMM: Pseudo diagonalizations are allowed.
| QMMM: Auto diagonalization routine selection is in use.
| QMMM:
| QMMM: Timing diagonalization routines:
| QMMM:                              norbs =      162
| QMMM:    diag iterations used for timing =        5
| QMMM:
| QMMM:              Internal diag routine = 0.070966 seconds
| QMMM:                 Dspev diag routine = 0.108860 seconds
| QMMM:                Dspevd diag routine = 0.071799 seconds
| QMMM:                Dspevx diag routine = 0.229256 seconds
| QMMM:                 Dsyev diag routine = 0.117271 seconds
| QMMM:                Dsyevd diag routine = 0.080166 seconds
| QMMM:                Dsyevr diag routine = 0.070587 seconds
| QMMM:
| QMMM:                Pseudo diag routine = 0.039658 seconds
| QMMM:
| QMMM: Using dsyevr routine (diag_routine=7).

  QMMM: QM Region Cartesian Coordinates (*=link atom) 
  QMMM: QM_NO.   MM_NO.  ATOM         X         Y         Z
  QMMM:     1        1      C        2.3250   -0.2810    1.6110
  QMMM:     2        2      C        1.6800    0.9410    0.9350
  QMMM:     3        3      O        2.1000    0.9940   -0.4130
  QMMM:     4        4      C        3.4170    1.2580   -0.5560
  QMMM:     5        5      C        3.7700    1.9300   -1.7310
  QMMM:     6        6      C        5.0830    2.2330   -2.0110
  QMMM:     7        7      C        6.0850    1.8700   -1.1230
  QMMM:     8        8      O        7.3850    2.1560   -1.4000
  QMMM:     9        9      C        5.7490    1.2150    0.0480
  QMMM:    10       10      C        4.4190    0.9200    0.3400
  QMMM:    11       11      S        4.0710    0.1400    1.8860
  QMMM:    12       12      C        2.2190   -1.4840    0.7080
  QMMM:    13       13      C        3.0770   -1.6160   -0.3680
  QMMM:    14       14      C        2.9820   -2.7180   -1.1960
  QMMM:    15       15      C        2.0250   -3.6910   -0.9480
  QMMM:    16       16      O        1.9300   -4.7750   -1.7610
  QMMM:    17       17      C        1.1660   -3.5550    0.1330
  QMMM:    18       18      C        1.2680   -2.4550    0.9620
  QMMM:    19       19      C        0.1790    0.8170    0.9920
  QMMM:    20       20      C       -0.5350    1.5140    1.9500
  QMMM:    21       21      C       -1.9100    1.4020    2.0040
  QMMM:    22       22      C       -2.5760    0.5890    1.0980
  QMMM:    23       23      C       -1.8560   -0.1130    0.1420
  QMMM:    24       24      C       -0.4810    0.0070    0.0870
  QMMM:    25       25      O       -3.9290    0.4770    1.1490
  QMMM:    26       26      C       -4.3100   -0.4170    0.1020
  QMMM:    27       27      C       -5.8300   -0.5880    0.1050
  QMMM:    28       28      C       -6.2900   -1.0420    1.4920
  QMMM:    29       29      N       -6.4670    0.6930   -0.2280
  QMMM:    30       30      C       -6.0730    1.0170   -1.6110
  QMMM:    31       31      C       -7.3570    1.0070   -2.4670
  QMMM:    32       32      C       -8.4770    1.2390   -1.4190
  QMMM:    33       33      C       -7.9270    0.4620   -0.1960
  QMMM:    34       34      H        1.8350   -0.5180    2.5320
  QMMM:    35       35      H        1.9770    1.8350    1.4430
  QMMM:    36       36      H        3.0330    2.2030   -2.4000
  QMMM:    37       37      H        5.3220    2.7310   -2.8830
  QMMM:    38       38      H        7.6080    2.6000   -2.1940
  QMMM:    39       39      H        6.4910    0.9420    0.7120
  QMMM:    40       40      H        3.7880   -0.8920   -0.5530
  QMMM:    41       41      H        3.6230   -2.8170   -1.9990
  QMMM:    42       42      H        2.5110   -4.8660   -2.4910
  QMMM:    43       43      H        0.4510   -4.2760    0.3180
  QMMM:    44       44      H        0.6350   -2.3580    1.7710
  QMMM:    45       45      H       -0.0400    2.1180    2.6250
  QMMM:    46       46      H       -2.4420    1.9230    2.7180
  QMMM:    47       47      H       -2.3480   -0.7250   -0.5280
  QMMM:    48       48      H        0.0540   -0.5080   -0.6300
  QMMM:    49       49      H       -3.8440   -1.3680    0.2570
  QMMM:    50       50      H       -3.9980   -0.0160   -0.8400
  QMMM:    51       51      H       -6.1080   -1.3240   -0.6210
  QMMM:    52       52      H       -6.0130   -0.3070    2.2180
  QMMM:    53       53      H       -5.8260   -1.9750    1.7340
  QMMM:    54       54      H       -7.3530   -1.1620    1.4940
  QMMM:    55       55      H       -6.2010    1.4420    0.4110
  QMMM:    56       56      H       -5.3830    0.2850   -1.9760
  QMMM:    57       57      H       -5.5950    1.9730   -1.6550
  QMMM:    58       58      H       -7.4820    0.0660   -2.9620
  QMMM:    59       59      H       -7.3500    1.7400   -3.2460
  QMMM:    60       60      H       -9.4110    0.8350   -1.7500
  QMMM:    61       61      H       -8.6820    2.2710   -1.2230
  QMMM:    62       62      H       -8.3490    0.8400    0.7120
  QMMM:    63       63      H       -8.1720   -0.5790   -0.2350

--------------------------------------------------------------------------------
  RESULTS
--------------------------------------------------------------------------------

      iter         sqm energy              rms gradient
      ----    -------------------    -----------------------
xmin    10       71.8124 kcal/mol        1.9286 kcal/(mol*A)
xmin    20       68.7650 kcal/mol        0.5175 kcal/(mol*A)
xmin    30       68.3283 kcal/mol        0.8788 kcal/(mol*A)
xmin    40       68.0282 kcal/mol        0.1698 kcal/(mol*A)
xmin    50       67.8731 kcal/mol        0.0730 kcal/(mol*A)
xmin    60       67.8380 kcal/mol        0.0954 kcal/(mol*A)
xmin    70       67.8057 kcal/mol        0.1551 kcal/(mol*A)
xmin    80       67.7871 kcal/mol        0.1909 kcal/(mol*A)
xmin    90       67.7745 kcal/mol        0.0631 kcal/(mol*A)
xmin   100       67.7105 kcal/mol        0.1388 kcal/(mol*A)
xmin   110       67.6569 kcal/mol        0.1435 kcal/(mol*A)
xmin   120       67.6272 kcal/mol        0.1184 kcal/(mol*A)
xmin   130       67.6078 kcal/mol        0.1167 kcal/(mol*A)
xmin   140       67.6662 kcal/mol        0.7678 kcal/(mol*A)
xmin   150       67.5840 kcal/mol        0.1342 kcal/(mol*A)
xmin   160       67.5722 kcal/mol        0.0591 kcal/(mol*A)
xmin   170       67.8795 kcal/mol        1.8375 kcal/(mol*A)
xmin   180       67.5655 kcal/mol        0.0881 kcal/(mol*A)
xmin   190       67.5589 kcal/mol        0.0302 kcal/(mol*A)
xmin   200       67.5578 kcal/mol        0.0137 kcal/(mol*A)
xmin   210       67.5576 kcal/mol        0.0048 kcal/(mol*A)
xmin   220       67.5574 kcal/mol        0.0060 kcal/(mol*A)
xmin   230       67.5570 kcal/mol        0.0049 kcal/(mol*A)
xmin   240       67.5567 kcal/mol        0.0058 kcal/(mol*A)
xmin   250       67.5567 kcal/mol        0.0080 kcal/(mol*A)
xmin   260       67.5567 kcal/mol        0.0008 kcal/(mol*A)
xmin   270       67.5567 kcal/mol        0.0006 kcal/(mol*A)
xmin   280       67.5573 kcal/mol        0.0456 kcal/(mol*A)
xmin   290       67.5567 kcal/mol        0.0034 kcal/(mol*A)
xmin   300       67.5567 kcal/mol        0.0007 kcal/(mol*A)
  ... geometry converged !
 
 Final MO eigenvalues (eV):
 -45.9877  -43.4838  -42.7650  -41.8770  -41.4276  -40.5673  -39.4314  -39.1220
 -38.1985  -35.8517  -35.5318  -34.8628  -34.2327  -33.6626  -33.4861  -33.3008
 -31.4246  -30.9049  -30.2836  -28.2846  -27.3537  -26.8379  -26.3190  -26.1813
 -25.7070  -25.3879  -24.7065  -24.6083  -23.3974  -23.2747  -22.2585  -21.5966
 -21.2699  -20.7018  -20.6570  -20.4385  -20.0943  -19.8695  -19.6873  -19.3723
 -19.2967  -18.9328  -18.8299  -18.6523  -18.3634  -18.3378  -18.0994  -17.9648
 -17.5375  -17.4467  -17.2539  -17.0586  -17.0335  -16.9364  -16.8392  -16.7817
 -16.7266  -16.6333  -16.5725  -16.5287  -16.4052  -16.2530  -16.1488  -16.0855
 -15.9011  -15.5940  -15.4546  -15.4224  -15.3571  -15.0077  -14.8930  -14.6722
 -14.4283  -14.2912  -14.2135  -13.7116  -13.5742  -13.2724  -12.7516  -12.3483
 -12.3111  -11.7776  -11.5193  -10.6849  -10.4791   -9.7024   -3.5996   -2.3615
  -2.0785   -1.7545   -1.6316   -1.5712   -1.3985   -1.3886   -1.2322   -1.1506
  -1.1149   -0.8927   -0.8682   -0.6900   -0.6182   -0.5304   -0.3862   -0.3577
  -0.3408   -0.1964   -0.1378   -0.0234    0.1666    0.2303    0.3297    0.3540
   0.4159    0.4447    0.5418    0.6233    0.8461    0.8630    0.8722    1.0474
   1.0518    1.1048    1.1868    1.2948    1.3890    1.4620    1.5194    1.6477
   1.6858    1.7820    1.8232    1.8557    2.0808    2.1543    2.2086    2.2377
   2.2832    2.4416    2.4662    2.5729    2.6031    2.6172    2.7846    2.8124
   2.8954    2.9803    3.0464    3.1043    3.3050    3.3887    3.4046    3.4811
   3.5356    3.5736    3.7011    3.7311    3.8881    3.9585    4.1309    4.4640
   4.6863    4.8997

 Heat of formation   =         67.55666301 kcal/mol  (        2.92947674 eV)

 Total SCF energy    =    -127884.69630209 kcal/mol  (    -5545.49656572 eV)
 Electronic energy   =   -1105328.03751389 kcal/mol  (   -47930.62042036 eV)
 Core-core repulsion =     977443.34121179 kcal/mol  (    42385.12385464 eV)
 
    Atomic Charges for Step       1 :
  Atom    Element       Mulliken Charge
     1      C                 -0.215
     2      C                  0.072
     3      O                 -0.213
     4      C                 -0.002
     5      C                 -0.085
     6      C                 -0.198
     7      C                  0.085
     8      O                 -0.242
     9      C                 -0.128
    10      C                 -0.247
    11      S                  0.277
    12      C                 -0.111
    13      C                 -0.068
    14      C                 -0.212
    15      C                  0.086
    16      O                 -0.250
    17      C                 -0.162
    18      C                 -0.087
    19      C                 -0.066
    20      C                 -0.095
    21      C                 -0.139
    22      C                  0.039
    23      C                 -0.175
    24      C                 -0.060
    25      O                 -0.261
    26      C                 -0.041
    27      C                 -0.070
    28      C                 -0.248
    29      N                 -0.008
    30      C                 -0.123
    31      C                 -0.182
    32      C                 -0.181
    33      C                 -0.124
    34      H                  0.134
    35      H                  0.116
    36      H                  0.150
    37      H                  0.144
    38      H                  0.224
    39      H                  0.168
    40      H                  0.153
    41      H                  0.140
    42      H                  0.224
    43      H                  0.153
    44      H                  0.132
    45      H                  0.149
    46      H                  0.145
    47      H                  0.138
    48      H                  0.169
    49      H                  0.137
    50      H                  0.099
    51      H                  0.143
    52      H                  0.118
    53      H                  0.134
    54      H                  0.101
    55      H                  0.257
    56      H                  0.136
    57      H                  0.155
    58      H                  0.136
    59      H                  0.129
    60      H                  0.135
    61      H                  0.129
    62      H                  0.144
    63      H                  0.141
 Total Mulliken Charge =       1.000
 
                  X        Y        Z     TOTAL  
  QM DIPOLE   -28.881    1.835   -3.990   29.213
 
 Final Structure

  QMMM: QM Region Cartesian Coordinates (*=link atom) 
  QMMM: QM_NO.   MM_NO.  ATOM         X         Y         Z
  QMMM:     1        1      C        2.3425   -0.0409    1.4477
  QMMM:     2        2      C        1.7984    1.0880    0.5659
  QMMM:     3        3      O        2.4453    1.1367   -0.7171
  QMMM:     4        4      C        3.8011    1.4462   -0.6521
  QMMM:     5        5      C        4.3145    2.1505   -1.7499
  QMMM:     6        6      C        5.6728    2.4357   -1.8045
  QMMM:     7        7      C        6.5058    2.0240   -0.7508
  QMMM:     8        8      O        7.8573    2.2760   -0.7319
  QMMM:     9        9      C        5.9920    1.3256    0.3499
  QMMM:    10       10      C        4.6262    1.0293    0.4055
  QMMM:    11       11      S        4.0805    0.2052    1.7767
  QMMM:    12       12      C        2.0692   -1.4186    0.9655
  QMMM:    13       13      C        2.4625   -1.8466   -0.3090
  QMMM:    14       14      C        2.2135   -3.1488   -0.7311
  QMMM:    15       15      C        1.5618   -4.0394    0.1338
  QMMM:    16       16      O        1.2609   -5.3337   -0.2188
  QMMM:    17       17      C        1.1643   -3.6296    1.4172
  QMMM:    18       18      C        1.4234   -2.3253    1.8205
  QMMM:    19       19      C        0.3251    0.9470    0.3170
  QMMM:    20       20      C       -0.5648    1.3141    1.3353
  QMMM:    21       21      C       -1.9388    1.1815    1.1561
  QMMM:    22       22      C       -2.4136    0.6916   -0.0683
  QMMM:    23       23      C       -1.5423    0.3371   -1.1023
  QMMM:    24       24      C       -0.1689    0.4652   -0.8995
  QMMM:    25       25      O       -3.8016    0.6504   -0.2103
  QMMM:    26       26      C       -4.2901   -0.4299   -1.0035
  QMMM:    27       27      C       -5.6867   -0.8087   -0.4612
  QMMM:    28       28      C       -5.5355   -1.5547    0.8583
  QMMM:    29       29      N       -6.5590    0.4108   -0.3132
  QMMM:    30       30      C       -6.7329    1.1689   -1.6032
  QMMM:    31       31      C       -8.1331    1.7863   -1.5889
  QMMM:    32       32      C       -8.9085    1.0891   -0.4774
  QMMM:    33       33      C       -7.9446    0.0989    0.1832
  QMMM:    34       34      H        1.8671    0.0876    2.4631
  QMMM:    35       35      H        1.9903    2.0694    1.0950
  QMMM:    36       36      H        3.6380    2.4615   -2.5591
  QMMM:    37       37      H        6.0907    2.9817   -2.6622
  QMMM:    38       38      H        8.0845    2.7587   -1.5406
  QMMM:    39       39      H        6.6687    1.0131    1.1604
  QMMM:    40       40      H        2.9771   -1.1432   -0.9850
  QMMM:    41       41      H        2.5365   -3.4790   -1.7285
  QMMM:    42       42      H        1.7058   -5.5271   -1.0574
  QMMM:    43       43      H        0.6669   -4.3457    2.0862
  QMMM:    44       44      H        1.1226   -2.0086    2.8314
  QMMM:    45       45      H       -0.1774    1.7064    2.2892
  QMMM:    46       46      H       -2.6421    1.4659    1.9505
  QMMM:    47       47      H       -1.9254   -0.0348   -2.0626
  QMMM:    48       48      H        0.5361    0.1870   -1.7011
  QMMM:    49       49      H       -3.6235   -1.3301   -0.9393
  QMMM:    50       50      H       -4.3572   -0.0821   -2.0691
  QMMM:    51       51      H       -6.1845   -1.4809   -1.2227
  QMMM:    52       52      H       -4.9719   -0.9381    1.6016
  QMMM:    53       53      H       -4.9528   -2.4913    0.6677
  QMMM:    54       54      H       -6.5246   -1.8425    1.2891
  QMMM:    55       55      H       -6.0920    1.0306    0.3633
  QMMM:    56       56      H       -6.6252    0.4517   -2.4632
  QMMM:    57       57      H       -5.9216    1.9448   -1.6755
  QMMM:    58       58      H       -8.6249    1.6373   -2.5835
  QMMM:    59       59      H       -8.0733    2.8889   -1.4035
  QMMM:    60       60      H       -9.7961    0.5408   -0.8835
  QMMM:    61       61      H       -9.2838    1.8300    0.2734
  QMMM:    62       62      H       -7.9586    0.1835    1.3039
  QMMM:    63       63      H       -8.2033   -0.9583   -0.1026

           --------- Calculation Completed ----------

