
          -------------------------------------------------------
          Amber 16 SANDER                              2016
          -------------------------------------------------------

| Run on 08/12/2016 at 19:24:08

|   Executable path: sander
| Working directory: /net/roos/home4/zuckerman/spiriti/estrogen-receptor2/ligands5/ei1
|          Hostname: n000.dcb.private.net

  [-O]verwriting output

File Assignments:
|  MDIN: ../amber.in                                                           
| MDOUT: amber.out                                                             
|INPCRD: ei1.inpcrd                                                            
|  PARM: ei1.prm7                                                              
|RESTRT: restrt                                                                
|  REFC: refc                                                                  
| MDVEL: mdvel                                                                 
| MDFRC: mdfrc                                                                 
|  MDEN: mden                                                                  
| MDCRD: mdcrd                                                                 
|MDINFO: mdinfo                                                                
|  MTMD: mtmd                                                                  
|INPDIP: inpdip                                                                
|RSTDIP: rstdip                                                                
|INPTRA: inptraj                                                               


 Here is the input file:

test file                                                                      
&cntrl                                                                         
imin=1, maxcyc=1,                                                              
ntpr=5, cut=99, igb=0, ntb=0                                                   
/                                                                              

--------------------------------------------------------------------------------
   1.  RESOURCE   USE: 
--------------------------------------------------------------------------------

| Flags:                                                                        
|    NONPERIODIC   ntb=0 and igb=0: Setting up nonperiodic simulation
|  *** cutoff > system size, list only builds once
|Largest sphere to fit in unit cell has radius =    31.732
| New format PARM file being parsed.
| Version =    1.000 Date = 07/06/16 Time = 22:35:54
 NATOM  =      33 NTYPES =       7 NBONH =      14 MBONA  =      21
 NTHETH =      27 MTHETA =      30 NPHIH =      49 MPHIA  =      48
 NHPARM =       0 NPARM  =       0 NNB   =     165 NRES   =       1
 NBONA  =      21 NTHETA =      30 NPHIA =      48 NUMBND =      12
 NUMANG =      18 NPTRA  =      10 NATYP =       9 NPHB   =       0
 IFBOX  =       0 NMXRS  =      33 IFCAP =       0 NEXTRA =       0
 NCOPY  =       0


|     Memory Use     Allocated
|     Real                6909
|     Hollerith            102
|     Integer            25723
|     Max Pairs            528
|     nblistReal           396
|     nblist Int       1012687
|       Total             4115 kbytes

| Note: 1-4 EEL scale factors are being read from the topology file.

| Note: 1-4 VDW scale factors are being read from the topology file.
| Duplicated    0 dihedrals
| Duplicated    0 dihedrals

--------------------------------------------------------------------------------
   2.  CONTROL  DATA  FOR  THE  RUN
--------------------------------------------------------------------------------

default_name                                                                    

General flags:
     imin    =       1, nmropt  =       0

Nature and format of input:
     ntx     =       1, irest   =       0, ntrx    =       1

Nature and format of output:
     ntxo    =       2, ntpr    =       5, ntrx    =       1, ntwr    =       1
     iwrap   =       0, ntwx    =       0, ntwv    =       0, ntwe    =       0
     ioutfm  =       1, ntwprt  =       0, idecomp =       0, rbornstat=      0

Potential function:
     ntf     =       1, ntb     =       0, igb     =       0, nsnb    =      25
     ipol    =       0, gbsa    =       0, iesp    =       0
     dielc   =   1.00000, cut     =  99.00000, intdiel =   1.00000

Frozen or restrained atoms:
     ibelly  =       0, ntr     =       0

Energy minimization:
     maxcyc  =       1, ncyc    =      10, ntmin   =       1
     dx0     =   0.01000, drms    =   0.00010
|  INFO: Old style inpcrd file read


--------------------------------------------------------------------------------
   3.  ATOMIC COORDINATES AND VELOCITIES
--------------------------------------------------------------------------------

default_name                                                                    
 begin time read from input coords =     0.000 ps

 Number of triangulated 3-point waters found:        0

     Sum of charges from parm topology file =   0.00199900
     Forcing neutrality...

--------------------------------------------------------------------------------
   4.  RESULTS
--------------------------------------------------------------------------------

 ---------------------------------------------------

     eedmeth=4: Setting switch to one everywhere

 ---------------------------------------------------
| Local SIZE OF NONBOND LIST =        364
| TOTAL SIZE OF NONBOND LIST =        364


   NSTEP       ENERGY          RMS            GMAX         NAME    NUMBER
      1       3.3186E+01     3.0438E+01     1.4947E+02     CAQ        19

 BOND    =       18.0414  ANGLE   =       30.7702  DIHED      =        1.1973
 VDWAALS =        8.7900  EEL     =        6.6212  HBOND      =        0.0000
 1-4 VDW =        9.3513  1-4 EEL =      -41.5853  RESTRAINT  =        0.0000


  Maximum number of minimization cycles reached.


                    FINAL RESULTS



   NSTEP       ENERGY          RMS            GMAX         NAME    NUMBER
      1       3.3186E+01     3.0438E+01     1.4947E+02     CAQ        19

 BOND    =       18.0414  ANGLE   =       30.7702  DIHED      =        1.1973
 VDWAALS =        8.7900  EEL     =        6.6212  HBOND      =        0.0000
 1-4 VDW =        9.3513  1-4 EEL =      -41.5853  RESTRAINT  =        0.0000

--------------------------------------------------------------------------------
   5.  TIMINGS
--------------------------------------------------------------------------------

|    Read coords time           0.00 ( 0.33% of Total)
|                Build the list             0.00 (95.38% of List )
|                Other                      0.00 ( 4.62% of List )
|             List time                  0.00 (75.27% of Nonbo)
|                   Short_ene time             0.00 (97.25% of Direc)
|                   Other                      0.00 ( 2.75% of Direc)
|                Direct Ewald time          0.00 (88.43% of Ewald)
|                Force Adjust               0.00 ( 0.38% of Ewald)
|                Virial junk                0.00 ( 1.98% of Ewald)
|                Start synchronizatio       0.00 ( 1.19% of Ewald)
|                Other                      0.00 ( 8.01% of Ewald)
|             Ewald time                 0.00 (24.15% of Nonbo)
|             IPS excludes               0.00 ( 0.10% of Nonbo)
|             Other                      0.00 ( 0.49% of Nonbo)
|          Nonbond force              0.00 (82.60% of Force)
|          Bond/Angle/Dihedral        0.00 (15.80% of Force)
|          Other                      0.00 ( 1.59% of Force)
|       Force time                 0.00 (100.0% of Runmd)
|    Runmd Time                 0.00 ( 0.21% of Total)
|    Other                      0.59 (99.46% of Total)
| Total time                 0.59 (99.88% of ALL  )

| Number of list builds   :          1

| Highest rstack allocated:        125
| Highest istack allocated:         25
|           Job began  at 19:24:08.005  on 08/12/2016
|           Setup done at 19:24:08.168  on 08/12/2016
|           Run   done at 19:24:08.595  on 08/12/2016
|     wallclock() was called      58 times
