            --------------------------------------------------------
                             AMBER SQM VERSION 14
 
                                     By
              Ross C. Walker, Michael F. Crowley, Scott Brozell,
                         Tim Giese, Andreas W. Goetz,
                        Tai-Sung Lee and David A. Case
 
            --------------------------------------------------------
 

--------------------------------------------------------------------------------
  QM CALCULATION INFO
--------------------------------------------------------------------------------

| QMMM: Citation for AMBER QMMM Run:
| QMMM: R.C. Walker, M.F. Crowley and D.A. Case, J. COMP. CHEM. 29:1019, 2008

QMMM: SINGLET STATE CALCULATION
QMMM: RHF CALCULATION, NO. OF DOUBLY OCCUPIED LEVELS = 48

| QMMM: *** Selected Hamiltonian *** 
| QMMM: AM1         

| QMMM: *** Parameter sets in use ***
| QMMM: C : M.J.S.DEWAR et al. JACS, 107, 3902, (1985)
| QMMM: O : M.J.S.DEWAR et al. JACS, 107, 3902, (1985)
| QMMM: N : M.J.S.DEWAR et al. JACS, 107, 3902, (1985)
| QMMM: H : M.J.S.DEWAR et al. JACS, 107, 3902, (1985)

| QMMM: *** SCF convergence criteria ***
| QMMM: Energy change                :  0.1D-09 kcal/mol
| QMMM: Error matrix |FP-PF|         :  0.1D+00 au
| QMMM: Density matrix change        :  0.5D-06
| QMMM: Maximum number of SCF cycles :     1000

| QMMM: *** Diagonalization Routine Information ***
| QMMM: Pseudo diagonalizations are allowed.
| QMMM: Auto diagonalization routine selection is in use.
| QMMM:
| QMMM: Timing diagonalization routines:
| QMMM:                              norbs =       90
| QMMM:    diag iterations used for timing =       15
| QMMM:
| QMMM:              Internal diag routine = 0.042665 seconds
| QMMM:                 Dspev diag routine = 0.073001 seconds
| QMMM:                Dspevd diag routine = 0.051540 seconds
| QMMM:                Dspevx diag routine = 0.166512 seconds
| QMMM:                 Dsyev diag routine = 0.078233 seconds
| QMMM:                Dsyevd diag routine = 0.060645 seconds
| QMMM:                Dsyevr diag routine = 0.052461 seconds
| QMMM:
| QMMM:                Pseudo diag routine = 0.020984 seconds
| QMMM:
| QMMM: Using internal diagonalization routine (diag_routine=1).

  QMMM: QM Region Cartesian Coordinates (*=link atom) 
  QMMM: QM_NO.   MM_NO.  ATOM         X         Y         Z
  QMMM:     1        1      C       -0.1610   -2.6580    1.2560
  QMMM:     2        2      C        0.1180   -2.1490   -0.1600
  QMMM:     3        3      C        0.5490   -0.7060   -0.1000
  QMMM:     4        4      C        1.8520   -0.2460   -0.0820
  QMMM:     5        5      C        3.1230   -0.8600   -0.1080
  QMMM:     6        6      C        4.2420   -0.0860   -0.0770
  QMMM:     7        7      O        5.4630   -0.6840   -0.1030
  QMMM:     8        8      C        4.1660    1.3110   -0.0180
  QMMM:     9        9      C        2.9760    1.9610    0.0110
  QMMM:    10       10      C        1.7750    1.2220   -0.0200
  QMMM:    11       11      N        0.4910    1.5370   -0.0060
  QMMM:    12       12      N       -0.2660    0.3610   -0.0600
  QMMM:    13       13      C       -1.6670    0.3060   -0.0690
  QMMM:    14       14      C       -2.3990    1.0970    0.8070
  QMMM:    15       15      C       -3.7780    1.0410    0.7980
  QMMM:    16       16      C       -4.4330    0.1960   -0.0860
  QMMM:    17       17      O       -5.7910    0.1420   -0.0950
  QMMM:    18       18      C       -3.7020   -0.5950   -0.9620
  QMMM:    19       19      C       -2.3230   -0.5360   -0.9570
  QMMM:    20       20      H       -0.4670   -3.6820    1.2130
  QMMM:    21       21      H       -0.9390   -2.0720    1.6990
  QMMM:    22       22      H        0.7280   -2.5760    1.8460
  QMMM:    23       23      H       -0.7710   -2.2310   -0.7500
  QMMM:    24       24      H        0.8960   -2.7350   -0.6030
  QMMM:    25       25      H        3.2030   -1.8880   -0.1500
  QMMM:    26       26      H        5.5260   -1.6180   -0.1420
  QMMM:    27       27      H        5.0390    1.8610    0.0040
  QMMM:    28       28      H        2.9490    2.9920    0.0560
  QMMM:    29       29      H       -1.9120    1.7260    1.4640
  QMMM:    30       30      H       -4.3220    1.6280    1.4490
  QMMM:    31       31      H       -6.2850    0.6760    0.4960
  QMMM:    32       32      H       -4.1890   -1.2270   -1.6170
  QMMM:    33       33      H       -1.7790   -1.1180   -1.6130

--------------------------------------------------------------------------------
  RESULTS
--------------------------------------------------------------------------------

      iter         sqm energy              rms gradient
      ----    -------------------    -----------------------
xmin    10       27.7855 kcal/mol        0.7661 kcal/(mol*A)
xmin    20       27.6637 kcal/mol        0.9372 kcal/(mol*A)
xmin    30       27.6111 kcal/mol        0.2235 kcal/(mol*A)
xmin    40       27.5999 kcal/mol        0.2505 kcal/(mol*A)
xmin    50       27.5953 kcal/mol        0.0363 kcal/(mol*A)
xmin    60       27.5946 kcal/mol        0.0220 kcal/(mol*A)
xmin    70       27.5933 kcal/mol        0.0088 kcal/(mol*A)
xmin    80       27.5932 kcal/mol        0.0204 kcal/(mol*A)
xmin    90       27.5931 kcal/mol        0.0054 kcal/(mol*A)
xmin   100       27.5931 kcal/mol        0.0061 kcal/(mol*A)
xmin   110       27.5931 kcal/mol        0.0013 kcal/(mol*A)
xmin   120       27.5931 kcal/mol        0.0024 kcal/(mol*A)
xmin   130       27.5959 kcal/mol        0.1140 kcal/(mol*A)
xmin   140       27.5944 kcal/mol        0.0104 kcal/(mol*A)
xmin   150       27.5939 kcal/mol        0.0173 kcal/(mol*A)
xmin   160       27.5936 kcal/mol        0.0080 kcal/(mol*A)
xmin   170       27.5935 kcal/mol        0.0205 kcal/(mol*A)
xmin   180       27.5933 kcal/mol        0.0152 kcal/(mol*A)
xmin   190       27.5931 kcal/mol        0.0147 kcal/(mol*A)
xmin   200       27.5931 kcal/mol        0.0023 kcal/(mol*A)
xmin   210       27.5931 kcal/mol        0.0016 kcal/(mol*A)
xmin   220       27.5931 kcal/mol        0.0012 kcal/(mol*A)
xmin   230       27.5931 kcal/mol        0.0022 kcal/(mol*A)
xmin   240       27.5931 kcal/mol        0.0007 kcal/(mol*A)
xmin   240       27.5931 kcal/mol        0.0004 kcal/(mol*A)
  ... geometry converged !
 
 Final MO eigenvalues (eV):
 -41.9571  -40.5175  -39.4206  -37.8701  -36.1666  -35.1220  -32.3118  -32.1608
 -31.6910  -28.8751  -28.7342  -25.4083  -24.2642  -24.1368  -22.9469  -22.4409
 -20.4644  -19.4824  -19.0231  -18.3727  -17.6065  -17.1136  -16.6598  -16.0334
 -15.4998  -15.4886  -15.3604  -15.0505  -14.9679  -14.7896  -14.5894  -14.4356
 -14.2803  -13.9573  -13.5693  -13.4771  -13.0433  -12.7176  -12.4598  -12.0994
 -12.0534  -11.7369  -11.2808  -10.5958  -10.3241   -9.6818   -8.9491   -8.1813
  -0.4620   -0.0362    0.0675    0.9117    1.3297    1.4417    2.2858    2.6225
   2.9319    3.0990    3.3669    3.3997    3.4833    3.5476    3.5604    3.7363
   3.9055    3.9562    4.0756    4.1466    4.2536    4.2999    4.4226    4.4870
   4.5966    4.6369    4.6594    4.7302    4.7691    4.8394    4.9222    5.0231
   5.0630    5.2176    5.3443    5.4575    5.5153    5.8428    5.8839    6.0730
   6.4366    6.8717

 Heat of formation   =         27.59310464 kcal/mol  (        1.19652680 eV)

 Total SCF energy    =     -72996.27230362 kcal/mol  (    -3165.35589539 eV)
 Electronic energy   =    -459292.18832671 kcal/mol  (   -19916.40381279 eV)
 Core-core repulsion =     386295.91602310 kcal/mol  (    16751.04791740 eV)
 
    Atomic Charges for Step       1 :
  Atom    Element       Mulliken Charge
     1      C                 -0.211
     2      C                 -0.095
     3      C                 -0.074
     4      C                 -0.099
     5      C                 -0.183
     6      C                  0.067
     7      O                 -0.255
     8      C                 -0.131
     9      C                 -0.065
    10      C                 -0.099
    11      N                 -0.075
    12      N                 -0.027
    13      C                  0.010
    14      C                 -0.064
    15      C                 -0.212
    16      C                  0.090
    17      O                 -0.245
    18      C                 -0.154
    19      C                 -0.087
    20      H                  0.077
    21      H                  0.080
    22      H                  0.084
    23      H                  0.091
    24      H                  0.100
    25      H                  0.134
    26      H                  0.215
    27      H                  0.150
    28      H                  0.148
    29      H                  0.158
    30      H                  0.142
    31      H                  0.223
    32      H                  0.158
    33      H                  0.151
 Total Mulliken Charge =      -0.000
 
                  X        Y        Z     TOTAL  
  QM DIPOLE    -2.547   -2.103    1.204    3.516
 
 Final Structure

  QMMM: QM Region Cartesian Coordinates (*=link atom) 
  QMMM: QM_NO.   MM_NO.  ATOM         X         Y         Z
  QMMM:     1        1      C       -0.2433   -2.6395    1.3839
  QMMM:     2        2      C        0.1400   -2.2197   -0.0160
  QMMM:     3        3      C        0.5916   -0.8146   -0.0739
  QMMM:     4        4      C        1.9178   -0.3208   -0.0878
  QMMM:     5        5      C        3.1985   -0.9121   -0.0891
  QMMM:     6        6      C        4.2904   -0.0735   -0.1060
  QMMM:     7        7      O        5.5907   -0.5308   -0.1085
  QMMM:     8        8      C        4.1681    1.3585   -0.1226
  QMMM:     9        9      C        2.9418    1.9575   -0.1230
  QMMM:    10       10      C        1.7757    1.1358   -0.1062
  QMMM:    11       11      N        0.4456    1.4769   -0.1055
  QMMM:    12       12      N       -0.2346    0.3231   -0.0919
  QMMM:    13       13      C       -1.6657    0.2936   -0.0982
  QMMM:    14       14      C       -2.3857    0.9447    0.9212
  QMMM:    15       15      C       -3.7765    0.9176    0.9156
  QMMM:    16       16      C       -4.4542    0.2461   -0.1109
  QMMM:    17       17      O       -5.8247    0.1732   -0.1749
  QMMM:    18       18      C       -3.7448   -0.3934   -1.1419
  QMMM:    19       19      C       -2.3571   -0.3613   -1.1384
  QMMM:    20       20      H       -0.5481   -3.7139    1.3867
  QMMM:    21       21      H       -1.0977   -2.0267    1.7596
  QMMM:    22       22      H        0.6166   -2.5113    2.0844
  QMMM:    23       23      H       -0.7322   -2.3804   -0.7068
  QMMM:    24       24      H        0.9843   -2.8647   -0.3847
  QMMM:    25       25      H        3.3013   -2.0048   -0.0775
  QMMM:    26       26      H        5.5661   -1.4983   -0.0990
  QMMM:    27       27      H        5.0972    1.9476   -0.1358
  QMMM:    28       28      H        2.8336    3.0517   -0.1374
  QMMM:    29       29      H       -1.8560    1.4843    1.7230
  QMMM:    30       30      H       -4.3384    1.4258    1.7123
  QMMM:    31       31      H       -6.1875    0.6693    0.5740
  QMMM:    32       32      H       -4.2968   -0.9043   -1.9440
  QMMM:    33       33      H       -1.8041   -0.8458   -1.9594

           --------- Calculation Completed ----------

