
          -------------------------------------------------------
          Amber 16 SANDER                              2016
          -------------------------------------------------------

| Run on 08/12/2016 at 19:24:36

|   Executable path: sander
| Working directory: /net/roos/home4/zuckerman/spiriti/estrogen-receptor2/ligands5/oht
|          Hostname: n000.dcb.private.net

  [-O]verwriting output

File Assignments:
|  MDIN: ../amber.in                                                           
| MDOUT: amber.out                                                             
|INPCRD: oht.inpcrd                                                            
|  PARM: oht.prm7                                                              
|RESTRT: restrt                                                                
|  REFC: refc                                                                  
| MDVEL: mdvel                                                                 
| MDFRC: mdfrc                                                                 
|  MDEN: mden                                                                  
| MDCRD: mdcrd                                                                 
|MDINFO: mdinfo                                                                
|  MTMD: mtmd                                                                  
|INPDIP: inpdip                                                                
|RSTDIP: rstdip                                                                
|INPTRA: inptraj                                                               


 Here is the input file:

test file                                                                      
&cntrl                                                                         
imin=1, maxcyc=1,                                                              
ntpr=5, cut=99, igb=0, ntb=0                                                   
/                                                                              

--------------------------------------------------------------------------------
   1.  RESOURCE   USE: 
--------------------------------------------------------------------------------

| Flags:                                                                        
|    NONPERIODIC   ntb=0 and igb=0: Setting up nonperiodic simulation
|  *** cutoff > system size, list only builds once
|Largest sphere to fit in unit cell has radius =    32.406
| New format PARM file being parsed.
| Version =    1.000 Date = 07/07/16 Time = 01:00:13
 NATOM  =      59 NTYPES =      11 NBONH =      30 MBONA  =      31
 NTHETH =      63 MTHETA =      41 NPHIH =     111 MPHIA  =      59
 NHPARM =       0 NPARM  =       0 NNB   =     305 NRES   =       1
 NBONA  =      31 NTHETA =      41 NPHIA =      59 NUMBND =      16
 NUMANG =      27 NPTRA  =      11 NATYP =      13 NPHB   =       0
 IFBOX  =       0 NMXRS  =      59 IFCAP =       0 NEXTRA =       0
 NCOPY  =       0


|     Memory Use     Allocated
|     Real                9052
|     Hollerith            180
|     Integer            30180
|     Max Pairs           1711
|     nblistReal           708
|     nblist Int       1105608
|       Total             4520 kbytes

| Note: 1-4 EEL scale factors are being read from the topology file.

| Note: 1-4 VDW scale factors are being read from the topology file.
| Duplicated    0 dihedrals
| Duplicated    0 dihedrals

--------------------------------------------------------------------------------
   2.  CONTROL  DATA  FOR  THE  RUN
--------------------------------------------------------------------------------

default_name                                                                    

General flags:
     imin    =       1, nmropt  =       0

Nature and format of input:
     ntx     =       1, irest   =       0, ntrx    =       1

Nature and format of output:
     ntxo    =       2, ntpr    =       5, ntrx    =       1, ntwr    =       1
     iwrap   =       0, ntwx    =       0, ntwv    =       0, ntwe    =       0
     ioutfm  =       1, ntwprt  =       0, idecomp =       0, rbornstat=      0

Potential function:
     ntf     =       1, ntb     =       0, igb     =       0, nsnb    =      25
     ipol    =       0, gbsa    =       0, iesp    =       0
     dielc   =   1.00000, cut     =  99.00000, intdiel =   1.00000

Frozen or restrained atoms:
     ibelly  =       0, ntr     =       0

Energy minimization:
     maxcyc  =       1, ncyc    =      10, ntmin   =       1
     dx0     =   0.01000, drms    =   0.00010
|  INFO: Old style inpcrd file read


--------------------------------------------------------------------------------
   3.  ATOMIC COORDINATES AND VELOCITIES
--------------------------------------------------------------------------------

default_name                                                                    
 begin time read from input coords =     0.000 ps

 Number of triangulated 3-point waters found:        0

     Sum of charges from parm topology file =   1.00299800

--------------------------------------------------------------------------------
   4.  RESULTS
--------------------------------------------------------------------------------

 ---------------------------------------------------

     eedmeth=4: Setting switch to one everywhere

 ---------------------------------------------------
| Local SIZE OF NONBOND LIST =       1409
| TOTAL SIZE OF NONBOND LIST =       1409


   NSTEP       ENERGY          RMS            GMAX         NAME    NUMBER
      1       1.6415E+02     2.1415E+01     1.1702E+02     C23        14

 BOND    =       19.6944  ANGLE   =        9.6447  DIHED      =       19.1455
 VDWAALS =       28.8596  EEL     =       13.2612  HBOND      =        0.0000
 1-4 VDW =       26.4310  1-4 EEL =       47.1134  RESTRAINT  =        0.0000


  Maximum number of minimization cycles reached.


                    FINAL RESULTS



   NSTEP       ENERGY          RMS            GMAX         NAME    NUMBER
      1       1.6415E+02     2.1415E+01     1.1702E+02     C23        14

 BOND    =       19.6944  ANGLE   =        9.6447  DIHED      =       19.1455
 VDWAALS =       28.8596  EEL     =       13.2612  HBOND      =        0.0000
 1-4 VDW =       26.4310  1-4 EEL =       47.1134  RESTRAINT  =        0.0000

--------------------------------------------------------------------------------
   5.  TIMINGS
--------------------------------------------------------------------------------

|    Read coords time           0.00 ( 0.46% of Total)
|                Build the list             0.00 (96.40% of List )
|                Other                      0.00 ( 3.60% of List )
|             List time                  0.00 (69.09% of Nonbo)
|                   Short_ene time             0.00 (98.06% of Direc)
|                   Other                      0.00 ( 1.94% of Direc)
|                Direct Ewald time          0.00 (91.60% of Ewald)
|                Force Adjust               0.00 ( 0.21% of Ewald)
|                Virial junk                0.00 ( 1.11% of Ewald)
|                Start synchronizatio       0.00 ( 0.66% of Ewald)
|                Other                      0.00 ( 6.42% of Ewald)
|             Ewald time                 0.00 (30.38% of Nonbo)
|             Other                      0.00 ( 0.54% of Nonbo)
|          Nonbond force              0.00 (84.83% of Force)
|          Bond/Angle/Dihedral        0.00 (14.08% of Force)
|          Other                      0.00 ( 1.09% of Force)
|       Force time                 0.00 (100.0% of Runmd)
|    Runmd Time                 0.00 ( 0.35% of Total)
|    Other                      0.50 (99.19% of Total)
| Total time                 0.50 (99.87% of ALL  )

| Number of list builds   :          1

| Highest rstack allocated:        255
| Highest istack allocated:         51
|           Job began  at 19:24:36.613  on 08/12/2016
|           Setup done at 19:24:36.746  on 08/12/2016
|           Run   done at 19:24:37.118  on 08/12/2016
|     wallclock() was called      58 times
