            --------------------------------------------------------
                             AMBER SQM VERSION 14
 
                                     By
              Ross C. Walker, Michael F. Crowley, Scott Brozell,
                         Tim Giese, Andreas W. Goetz,
                        Tai-Sung Lee and David A. Case
 
            --------------------------------------------------------
 

--------------------------------------------------------------------------------
  QM CALCULATION INFO
--------------------------------------------------------------------------------

| QMMM: Citation for AMBER QMMM Run:
| QMMM: R.C. Walker, M.F. Crowley and D.A. Case, J. COMP. CHEM. 29:1019, 2008

QMMM: SINGLET STATE CALCULATION
QMMM: RHF CALCULATION, NO. OF DOUBLY OCCUPIED LEVELS = 75

| QMMM: *** Selected Hamiltonian *** 
| QMMM: AM1         

| QMMM: *** Parameter sets in use ***
| QMMM: C : M.J.S.DEWAR et al. JACS, 107, 3902, (1985)
| QMMM: O : M.J.S.DEWAR et al. JACS, 107, 3902, (1985)
| QMMM: N : M.J.S.DEWAR et al. JACS, 107, 3902, (1985)
| QMMM: H : M.J.S.DEWAR et al. JACS, 107, 3902, (1985)

| QMMM: *** SCF convergence criteria ***
| QMMM: Energy change                :  0.1D-09 kcal/mol
| QMMM: Error matrix |FP-PF|         :  0.1D+00 au
| QMMM: Density matrix change        :  0.5D-06
| QMMM: Maximum number of SCF cycles :     1000

| QMMM: *** Diagonalization Routine Information ***
| QMMM: Pseudo diagonalizations are allowed.
| QMMM: Auto diagonalization routine selection is in use.
| QMMM:
| QMMM: Timing diagonalization routines:
| QMMM:                              norbs =      146
| QMMM:    diag iterations used for timing =       10
| QMMM:
| QMMM:              Internal diag routine = 0.105882 seconds
| QMMM:                 Dspev diag routine = 0.166815 seconds
| QMMM:                Dspevd diag routine = 0.110906 seconds
| QMMM:                Dspevx diag routine = 0.356915 seconds
| QMMM:                 Dsyev diag routine = 0.182444 seconds
| QMMM:                Dsyevd diag routine = 0.123922 seconds
| QMMM:                Dsyevr diag routine = 0.110757 seconds
| QMMM:
| QMMM:                Pseudo diag routine = 0.059211 seconds
| QMMM:
| QMMM: Using internal diagonalization routine (diag_routine=1).

  QMMM: QM Region Cartesian Coordinates (*=link atom) 
  QMMM: QM_NO.   MM_NO.  ATOM         X         Y         Z
  QMMM:     1        1      C       -0.9870   -1.4960    4.2310
  QMMM:     2        2      C       -1.6940   -0.2200    3.7700
  QMMM:     3        3      C       -1.4640   -0.0240    2.2930
  QMMM:     4        4      C       -2.6080    0.0220    1.3710
  QMMM:     5        5      C       -3.4730   -1.0720    1.2670
  QMMM:     6        6      C       -4.5430   -1.0200    0.3990
  QMMM:     7        7      C       -4.7640    0.1100   -0.3660
  QMMM:     8        8      C       -3.9130    1.1970   -0.2690
  QMMM:     9        9      C       -2.8420    1.1640    0.5970
  QMMM:    10       10      C       -0.2020    0.1080    1.8150
  QMMM:    11       11      C        0.9480    0.0610    2.7430
  QMMM:    12       12      C        1.9320   -0.9170    2.5900
  QMMM:    13       13      C        3.0030   -0.9570    3.4560
  QMMM:    14       14      C        3.1040   -0.0260    4.4810
  QMMM:    15       15      O        4.1620   -0.0690    5.3340
  QMMM:    16       16      C        2.1280    0.9480    4.6380
  QMMM:    17       17      C        1.0570    0.9990    3.7710
  QMMM:    18       18      C        0.0230    0.3010    0.3660
  QMMM:    19       19      C        0.6640    1.4510   -0.0950
  QMMM:    20       20      C        0.8730    1.6270   -1.4460
  QMMM:    21       21      C        0.4460    0.6610   -2.3480
  QMMM:    22       22      O        0.6540    0.8370   -3.6790
  QMMM:    23       23      C        0.1110   -0.3080   -4.3370
  QMMM:    24       24      C        0.3130   -0.1720   -5.8470
  QMMM:    25       25      N        1.7500   -0.1700   -6.1510
  QMMM:    26       26      C        2.2090   -1.5610   -6.0330
  QMMM:    27       27      C        1.8820    0.1980   -7.5670
  QMMM:    28       28      C       -0.1910   -0.4850   -1.8920
  QMMM:    29       29      C       -0.3990   -0.6690   -0.5420
  QMMM:    30       30      H       -1.1500   -1.6350    5.2790
  QMMM:    31       31      H        0.0630   -1.4100    4.0420
  QMMM:    32       32      H       -1.3790   -2.3350    3.6950
  QMMM:    33       33      H       -1.3020    0.6190    4.3060
  QMMM:    34       34      H       -2.7440   -0.3050    3.9590
  QMMM:    35       35      H       -3.3110   -1.9160    1.8380
  QMMM:    36       36      H       -5.1810   -1.8270    0.3200
  QMMM:    37       37      H       -5.5680    0.1430   -1.0130
  QMMM:    38       38      H       -4.0810    2.0350   -0.8470
  QMMM:    39       39      H       -2.2140    1.9790    0.6750
  QMMM:    40       40      H        1.8570   -1.6100    1.8290
  QMMM:    41       41      H        3.7310   -1.6800    3.3430
  QMMM:    42       42      H        4.8220   -0.7260    5.2290
  QMMM:    43       43      H        2.2040    1.6350    5.4040
  QMMM:    44       44      H        0.3370    1.7300    3.8820
  QMMM:    45       45      H        0.9810    2.1690    0.5750
  QMMM:    46       46      H        1.3470    2.4770   -1.7880
  QMMM:    47       47      H       -0.9350   -0.3800   -4.1220
  QMMM:    48       48      H        0.6090   -1.1890   -3.9890
  QMMM:    49       49      H       -0.1240    0.7450   -6.1840
  QMMM:    50       50      H       -0.1560   -0.9950   -6.3450
  QMMM:    51       51      H        2.2700    0.4600   -5.5400
  QMMM:    52       52      H        1.6370   -2.1820   -6.6900
  QMMM:    53       53      H        2.0810   -1.8950   -5.0240
  QMMM:    54       54      H        3.2440   -1.6190   -6.2990
  QMMM:    55       55      H        1.3220   -0.4880   -8.1670
  QMMM:    56       56      H        2.9130    0.1600   -7.8510
  QMMM:    57       57      H        1.5070    1.1890   -7.7140
  QMMM:    58       58      H       -0.5090   -1.2000   -2.5650
  QMMM:    59       59      H       -0.8670   -1.5240   -0.2040

--------------------------------------------------------------------------------
  RESULTS
--------------------------------------------------------------------------------

      iter         sqm energy              rms gradient
      ----    -------------------    -----------------------
xmin    10      153.7541 kcal/mol        0.8424 kcal/(mol*A)
xmin    20      151.9868 kcal/mol        0.4348 kcal/(mol*A)
xmin    30      151.5850 kcal/mol        0.4564 kcal/(mol*A)
xmin    40      151.4150 kcal/mol        0.0942 kcal/(mol*A)
xmin    50      151.3522 kcal/mol        0.1577 kcal/(mol*A)
xmin    60      151.2802 kcal/mol        0.1255 kcal/(mol*A)
xmin    70      151.2444 kcal/mol        0.1123 kcal/(mol*A)
xmin    80      151.2625 kcal/mol        0.4769 kcal/(mol*A)
xmin    90      151.2306 kcal/mol        0.0602 kcal/(mol*A)
xmin   100      151.2226 kcal/mol        0.1127 kcal/(mol*A)
xmin   110      151.2080 kcal/mol        0.0631 kcal/(mol*A)
xmin   120      151.2041 kcal/mol        0.0257 kcal/(mol*A)
xmin   130      151.2021 kcal/mol        0.0145 kcal/(mol*A)
xmin   140      151.2015 kcal/mol        0.0072 kcal/(mol*A)
xmin   150      151.1996 kcal/mol        0.0173 kcal/(mol*A)
xmin   160      151.1954 kcal/mol        0.0684 kcal/(mol*A)
xmin   170      151.1910 kcal/mol        0.0248 kcal/(mol*A)
xmin   180      151.6392 kcal/mol        2.4095 kcal/(mol*A)
xmin   190      151.1874 kcal/mol        0.0486 kcal/(mol*A)
xmin   200      151.1774 kcal/mol        0.0252 kcal/(mol*A)
xmin   210      151.1763 kcal/mol        0.0419 kcal/(mol*A)
xmin   220      151.1489 kcal/mol        0.0682 kcal/(mol*A)
xmin   230      151.1245 kcal/mol        0.1762 kcal/(mol*A)
xmin   240      151.0537 kcal/mol        0.2070 kcal/(mol*A)
xmin   250      150.9968 kcal/mol        0.5102 kcal/(mol*A)
xmin   260      150.9277 kcal/mol        0.1041 kcal/(mol*A)
xmin   270      150.8921 kcal/mol        0.1830 kcal/(mol*A)
xmin   280      150.8876 kcal/mol        0.0430 kcal/(mol*A)
xmin   290      150.8765 kcal/mol        0.0739 kcal/(mol*A)
xmin   300      150.8753 kcal/mol        0.0302 kcal/(mol*A)
xmin   310      150.8735 kcal/mol        0.0276 kcal/(mol*A)
xmin   320      150.8724 kcal/mol        0.0228 kcal/(mol*A)
xmin   330      150.8723 kcal/mol        0.0117 kcal/(mol*A)
xmin   340      150.8719 kcal/mol        0.0107 kcal/(mol*A)
xmin   350      150.8719 kcal/mol        0.0069 kcal/(mol*A)
xmin   360      150.8718 kcal/mol        0.0049 kcal/(mol*A)
xmin   370      150.8718 kcal/mol        0.0029 kcal/(mol*A)
  ... geometry converged !
 
 Final MO eigenvalues (eV):
 -45.5062  -43.3426  -42.4785  -41.6616  -40.9472  -39.6428  -38.0423  -35.7621
 -34.8214  -34.3347  -33.6735  -33.5037  -33.3688  -33.2975  -32.1560  -30.5699
 -30.1543  -28.1538  -27.0237  -26.2113  -25.4352  -25.3293  -25.0999  -24.7270
 -24.0672  -23.5936  -22.4715  -21.8783  -21.5092  -21.0847  -20.6829  -20.4529
 -19.8821  -19.6311  -19.1547  -18.6632  -18.5616  -18.3532  -18.1856  -18.1087
 -17.8500  -17.8215  -17.7664  -17.6955  -17.6292  -17.3103  -17.0131  -16.8071
 -16.7416  -16.6342  -16.4503  -16.0990  -16.0905  -16.0476  -16.0065  -15.7292
 -15.4704  -15.4176  -15.3863  -14.8966  -14.5914  -14.3845  -14.2184  -14.0510
 -13.8188  -13.7134  -13.4783  -13.1581  -12.5061  -12.4423  -11.5960  -11.5810
 -11.4653  -11.2830  -10.6712   -3.7927   -2.6099   -2.1717   -1.7724   -1.6750
  -1.5614   -1.5258   -1.3806   -1.3632   -1.2885   -1.1458   -0.9425   -0.8541
  -0.7734   -0.6947   -0.5387   -0.4954   -0.3273   -0.2856   -0.1991   -0.1708
   0.1656    0.2991    0.4471    0.9496    1.0048    1.0585    1.2867    1.3919
   1.4725    1.6547    1.6597    1.8388    1.9241    2.1061    2.1175    2.1314
   2.1612    2.2285    2.2615    2.3428    2.3986    2.4950    2.5228    2.6312
   2.6670    2.7070    2.7445    2.8120    2.8584    2.9317    2.9796    3.0940
   3.1298    3.1951    3.2171    3.2820    3.3700    3.3894    3.4775    3.5251
   3.5408    3.5950    3.6717    3.7670    3.7846    3.8127    3.8517    4.1051
   4.1827    4.6981

 Heat of formation   =        150.87178485 kcal/mol  (        6.54229152 eV)

 Total SCF energy    =    -105658.16199061 kcal/mol  (    -4581.68171331 eV)
 Electronic energy   =    -903204.98702550 kcal/mol  (   -39165.90724711 eV)
 Core-core repulsion =     797546.82503489 kcal/mol  (    34584.22553380 eV)
 
    Atomic Charges for Step       1 :
  Atom    Element       Mulliken Charge
     1      C                 -0.206
     2      C                 -0.134
     3      C                 -0.014
     4      C                 -0.055
     5      C                 -0.124
     6      C                 -0.127
     7      C                 -0.127
     8      C                 -0.132
     9      C                 -0.121
    10      C                 -0.058
    11      C                 -0.089
    12      C                 -0.073
    13      C                 -0.212
    14      C                  0.091
    15      O                 -0.244
    16      C                 -0.158
    17      C                 -0.094
    18      C                 -0.003
    19      C                 -0.095
    20      C                 -0.152
    21      C                 -0.005
    22      O                 -0.238
    23      C                 -0.044
    24      C                 -0.168
    25      N                  0.003
    26      C                 -0.192
    27      C                 -0.192
    28      C                 -0.142
    29      C                 -0.090
    30      H                  0.087
    31      H                  0.078
    32      H                  0.075
    33      H                  0.101
    34      H                  0.099
    35      H                  0.139
    36      H                  0.140
    37      H                  0.138
    38      H                  0.133
    39      H                  0.134
    40      H                  0.139
    41      H                  0.142
    42      H                  0.225
    43      H                  0.157
    44      H                  0.134
    45      H                  0.156
    46      H                  0.122
    47      H                  0.139
    48      H                  0.128
    49      H                  0.149
    50      H                  0.146
    51      H                  0.267
    52      H                  0.140
    53      H                  0.149
    54      H                  0.143
    55      H                  0.142
    56      H                  0.144
    57      H                  0.145
    58      H                  0.147
    59      H                  0.160
 Total Mulliken Charge =       1.000
 
                  X        Y        Z     TOTAL  
  QM DIPOLE     4.181    0.186  -23.634   24.001
 
 Final Structure

  QMMM: QM Region Cartesian Coordinates (*=link atom) 
  QMMM: QM_NO.   MM_NO.  ATOM         X         Y         Z
  QMMM:     1        1      C       -1.8089   -0.6467    4.3851
  QMMM:     2        2      C       -1.6206    0.5497    3.4827
  QMMM:     3        3      C       -1.3533    0.1441    2.0674
  QMMM:     4        4      C       -2.5530    0.0443    1.2249
  QMMM:     5        5      C       -3.3493   -1.1087    1.2557
  QMMM:     6        6      C       -4.5154   -1.1757    0.4950
  QMMM:     7        7      C       -4.8983   -0.0943   -0.2986
  QMMM:     8        8      C       -4.1113    1.0566   -0.3298
  QMMM:     9        9      C       -2.9436    1.1287    0.4281
  QMMM:    10       10      C       -0.1000   -0.0782    1.6127
  QMMM:    11       11      C        1.0784    0.0761    2.4810
  QMMM:    12       12      C        1.6489   -1.0421    3.1003
  QMMM:    13       13      C        2.7738   -0.9054    3.9095
  QMMM:    14       14      C        3.3319    0.3663    4.1012
  QMMM:    15       15      O        4.4447    0.5834    4.8764
  QMMM:    16       16      C        2.7657    1.4995    3.4904
  QMMM:    17       17      C        1.6432    1.3437    2.6871
  QMMM:    18       18      C        0.2079   -0.4793    0.2354
  QMMM:    19       19      C        1.2059    0.2030   -0.4797
  QMMM:    20       20      C        1.5255   -0.1659   -1.7824
  QMMM:    21       21      C        0.8477   -1.2433   -2.3672
  QMMM:    22       22      O        1.2767   -1.6556   -3.6325
  QMMM:    23       23      C        0.2695   -1.6610   -4.6344
  QMMM:    24       24      C        0.2096   -0.2946   -5.3351
  QMMM:    25       25      N        1.5718    0.2475   -5.6529
  QMMM:    26       26      C        2.1793   -0.4539   -6.8125
  QMMM:    27       27      C        1.5192    1.7121   -5.8879
  QMMM:    28       28      C       -0.1361   -1.9494   -1.6688
  QMMM:    29       29      C       -0.4522   -1.5585   -0.3696
  QMMM:    30       30      H       -2.0086   -0.3052    5.4294
  QMMM:    31       31      H       -0.8900   -1.2827    4.3876
  QMMM:    32       32      H       -2.6719   -1.2684    4.0442
  QMMM:    33       33      H       -0.7630    1.1704    3.8619
  QMMM:    34       34      H       -2.5406    1.1935    3.5166
  QMMM:    35       35      H       -3.0583   -1.9575    1.8933
  QMMM:    36       36      H       -5.1403   -2.0808    0.5306
  QMMM:    37       37      H       -5.8252   -0.1452   -0.8888
  QMMM:    38       38      H       -4.4189    1.9166   -0.9430
  QMMM:    39       39      H       -2.3328    2.0433    0.4125
  QMMM:    40       40      H        1.2043   -2.0379    2.9513
  QMMM:    41       41      H        3.2174   -1.7856    4.3963
  QMMM:    42       42      H        4.7092   -0.2619    5.2694
  QMMM:    43       43      H        3.2145    2.4882    3.6617
  QMMM:    44       44      H        1.1873    2.2268    2.2141
  QMMM:    45       45      H        1.7456    1.0324    0.0069
  QMMM:    46       46      H        2.3242    0.3516   -2.3302
  QMMM:    47       47      H       -0.7481   -1.8879   -4.2203
  QMMM:    48       48      H        0.5831   -2.4727   -5.3460
  QMMM:    49       49      H       -0.2996    0.4469   -4.6540
  QMMM:    50       50      H       -0.3790   -0.3822   -6.2897
  QMMM:    51       51      H        2.1621    0.0623   -4.8200
  QMMM:    52       52      H        1.5579   -0.2773   -7.7300
  QMMM:    53       53      H        2.2268   -1.5547   -6.5915
  QMMM:    54       54      H        3.2179   -0.0609   -6.9810
  QMMM:    55       55      H        0.8275    1.9304   -6.7444
  QMMM:    56       56      H        2.5500    2.0850   -6.1334
  QMMM:    57       57      H        1.1455    2.2267   -4.9620
  QMMM:    58       58      H       -0.6413   -2.8103   -2.1301
  QMMM:    59       59      H       -1.2307   -2.1024    0.1913

           --------- Calculation Completed ----------

