
          -------------------------------------------------------
          Amber 16 SANDER                              2016
          -------------------------------------------------------

| Run on 08/12/2016 at 19:24:26

|   Executable path: sander
| Working directory: /net/roos/home4/zuckerman/spiriti/estrogen-receptor2/ligands5/jj3
|          Hostname: n000.dcb.private.net

  [-O]verwriting output

File Assignments:
|  MDIN: ../amber.in                                                           
| MDOUT: amber.out                                                             
|INPCRD: jj3.inpcrd                                                            
|  PARM: jj3.prm7                                                              
|RESTRT: restrt                                                                
|  REFC: refc                                                                  
| MDVEL: mdvel                                                                 
| MDFRC: mdfrc                                                                 
|  MDEN: mden                                                                  
| MDCRD: mdcrd                                                                 
|MDINFO: mdinfo                                                                
|  MTMD: mtmd                                                                  
|INPDIP: inpdip                                                                
|RSTDIP: rstdip                                                                
|INPTRA: inptraj                                                               


 Here is the input file:

test file                                                                      
&cntrl                                                                         
imin=1, maxcyc=1,                                                              
ntpr=5, cut=99, igb=0, ntb=0                                                   
/                                                                              

--------------------------------------------------------------------------------
   1.  RESOURCE   USE: 
--------------------------------------------------------------------------------

| Flags:                                                                        
|    NONPERIODIC   ntb=0 and igb=0: Setting up nonperiodic simulation
|  *** cutoff > system size, list only builds once
|Largest sphere to fit in unit cell has radius =    32.495
| New format PARM file being parsed.
| Version =    1.000 Date = 07/06/16 Time = 23:54:27
 NATOM  =      46 NTYPES =       8 NBONH =      22 MBONA  =      27
 NTHETH =      49 MTHETA =      39 NPHIH =      87 MPHIA  =      75
 NHPARM =       0 NPARM  =       0 NNB   =     260 NRES   =       1
 NBONA  =      27 NTHETA =      39 NPHIA =      75 NUMBND =      10
 NUMANG =      19 NPTRA  =      13 NATYP =       8 NPHB   =       0
 IFBOX  =       0 NMXRS  =      46 IFCAP =       0 NEXTRA =       0
 NCOPY  =       0


|     Memory Use     Allocated
|     Real                7944
|     Hollerith            141
|     Integer            29284
|     Max Pairs           1035
|     nblistReal           552
|     nblist Int       1105217
|       Total             4502 kbytes

| Note: 1-4 EEL scale factors are being read from the topology file.

| Note: 1-4 VDW scale factors are being read from the topology file.
| Duplicated    0 dihedrals
| Duplicated    0 dihedrals

--------------------------------------------------------------------------------
   2.  CONTROL  DATA  FOR  THE  RUN
--------------------------------------------------------------------------------

default_name                                                                    

General flags:
     imin    =       1, nmropt  =       0

Nature and format of input:
     ntx     =       1, irest   =       0, ntrx    =       1

Nature and format of output:
     ntxo    =       2, ntpr    =       5, ntrx    =       1, ntwr    =       1
     iwrap   =       0, ntwx    =       0, ntwv    =       0, ntwe    =       0
     ioutfm  =       1, ntwprt  =       0, idecomp =       0, rbornstat=      0

Potential function:
     ntf     =       1, ntb     =       0, igb     =       0, nsnb    =      25
     ipol    =       0, gbsa    =       0, iesp    =       0
     dielc   =   1.00000, cut     =  99.00000, intdiel =   1.00000

Frozen or restrained atoms:
     ibelly  =       0, ntr     =       0

Energy minimization:
     maxcyc  =       1, ncyc    =      10, ntmin   =       1
     dx0     =   0.01000, drms    =   0.00010
|  INFO: Old style inpcrd file read


--------------------------------------------------------------------------------
   3.  ATOMIC COORDINATES AND VELOCITIES
--------------------------------------------------------------------------------

default_name                                                                    
 begin time read from input coords =     0.000 ps

 Number of triangulated 3-point waters found:        0

     Sum of charges from parm topology file =  -0.00100000
     Forcing neutrality...

--------------------------------------------------------------------------------
   4.  RESULTS
--------------------------------------------------------------------------------

 ---------------------------------------------------

     eedmeth=4: Setting switch to one everywhere

 ---------------------------------------------------
| Local SIZE OF NONBOND LIST =        777
| TOTAL SIZE OF NONBOND LIST =        777


   NSTEP       ENERGY          RMS            GMAX         NAME    NUMBER
      1       2.0705E+01     1.4966E+01     4.8374E+01     O27        29

 BOND    =       11.7230  ANGLE   =       10.4129  DIHED      =       10.6813
 VDWAALS =        1.0896  EEL     =       -0.6127  HBOND      =        0.0000
 1-4 VDW =       18.9951  1-4 EEL =      -31.5838  RESTRAINT  =        0.0000


  Maximum number of minimization cycles reached.


                    FINAL RESULTS



   NSTEP       ENERGY          RMS            GMAX         NAME    NUMBER
      1       2.0705E+01     1.4966E+01     4.8374E+01     O27        29

 BOND    =       11.7230  ANGLE   =       10.4129  DIHED      =       10.6813
 VDWAALS =        1.0896  EEL     =       -0.6127  HBOND      =        0.0000
 1-4 VDW =       18.9951  1-4 EEL =      -31.5838  RESTRAINT  =        0.0000

--------------------------------------------------------------------------------
   5.  TIMINGS
--------------------------------------------------------------------------------

|    Read coords time           0.00 ( 0.43% of Total)
|                Build the list             0.00 (96.09% of List )
|                Other                      0.00 ( 3.91% of List )
|             List time                  0.00 (74.09% of Nonbo)
|                   Short_ene time             0.00 (97.68% of Direc)
|                   Other                      0.00 ( 2.32% of Direc)
|                Direct Ewald time          0.00 (89.56% of Ewald)
|                Force Adjust               0.00 ( 0.28% of Ewald)
|                Virial junk                0.00 ( 1.49% of Ewald)
|                Start synchronizatio       0.00 ( 0.91% of Ewald)
|                Other                      0.00 ( 7.76% of Ewald)
|             Ewald time                 0.00 (25.54% of Nonbo)
|             Other                      0.00 ( 0.38% of Nonbo)
|          Nonbond force              0.00 (82.83% of Force)
|          Bond/Angle/Dihedral        0.00 (15.47% of Force)
|          Other                      0.00 ( 1.70% of Force)
|       Force time                 0.00 (100.0% of Runmd)
|    Runmd Time                 0.00 ( 0.35% of Total)
|    Other                      0.45 (99.21% of Total)
| Total time                 0.45 (99.86% of ALL  )

| Number of list builds   :          1

| Highest rstack allocated:        185
| Highest istack allocated:         37
|           Job began  at 19:24:26.216  on 08/12/2016
|           Setup done at 19:24:26.334  on 08/12/2016
|           Run   done at 19:24:26.667  on 08/12/2016
|     wallclock() was called      58 times
