            --------------------------------------------------------
                             AMBER SQM VERSION 14
 
                                     By
              Ross C. Walker, Michael F. Crowley, Scott Brozell,
                         Tim Giese, Andreas W. Goetz,
                        Tai-Sung Lee and David A. Case
 
            --------------------------------------------------------
 

--------------------------------------------------------------------------------
  QM CALCULATION INFO
--------------------------------------------------------------------------------

| QMMM: Citation for AMBER QMMM Run:
| QMMM: R.C. Walker, M.F. Crowley and D.A. Case, J. COMP. CHEM. 29:1019, 2008

QMMM: SINGLET STATE CALCULATION
QMMM: RHF CALCULATION, NO. OF DOUBLY OCCUPIED LEVELS = 63

| QMMM: *** Selected Hamiltonian *** 
| QMMM: AM1         

| QMMM: *** Parameter sets in use ***
| QMMM: C : M.J.S.DEWAR et al. JACS, 107, 3902, (1985)
| QMMM: O : M.J.S.DEWAR et al. JACS, 107, 3902, (1985)
| QMMM: H : M.J.S.DEWAR et al. JACS, 107, 3902, (1985)

| QMMM: *** SCF convergence criteria ***
| QMMM: Energy change                :  0.1D-09 kcal/mol
| QMMM: Error matrix |FP-PF|         :  0.1D+00 au
| QMMM: Density matrix change        :  0.5D-06
| QMMM: Maximum number of SCF cycles :     1000

| QMMM: *** Diagonalization Routine Information ***
| QMMM: Pseudo diagonalizations are allowed.
| QMMM: Auto diagonalization routine selection is in use.
| QMMM:
| QMMM: Timing diagonalization routines:
| QMMM:                              norbs =      118
| QMMM:    diag iterations used for timing =       10
| QMMM:
| QMMM:              Internal diag routine = 0.058566 seconds
| QMMM:                 Dspev diag routine = 0.096661 seconds
| QMMM:                Dspevd diag routine = 0.064385 seconds
| QMMM:                Dspevx diag routine = 0.210675 seconds
| QMMM:                 Dsyev diag routine = 0.102408 seconds
| QMMM:                Dsyevd diag routine = 0.074118 seconds
| QMMM:                Dsyevr diag routine = 0.067848 seconds
| QMMM:
| QMMM:                Pseudo diag routine = 0.030504 seconds
| QMMM:
| QMMM: Using internal diagonalization routine (diag_routine=1).

  QMMM: QM Region Cartesian Coordinates (*=link atom) 
  QMMM: QM_NO.   MM_NO.  ATOM         X         Y         Z
  QMMM:     1        1      C       -3.9680    0.5720    0.2800
  QMMM:     2        2      C       -3.5720   -0.7430    0.0860
  QMMM:     3        3      C       -2.2280   -1.0560    0.0520
  QMMM:     4        4      C       -1.2730   -0.0590    0.2130
  QMMM:     5        5      O        0.0410   -0.4080    0.1720
  QMMM:     6        6      C        0.9650    0.4750    0.8080
  QMMM:     7        7      C        0.7590    1.8900    0.2820
  QMMM:     8        8      C        0.8170    1.8980   -1.2620
  QMMM:     9        9      C       -0.0050    3.1410   -1.6640
  QMMM:    10       10      C       -0.9510    3.4410   -0.4880
  QMMM:    11       11      C       -0.6720    2.3700    0.5900
  QMMM:    12       12      C       -1.6650    1.2520    0.4080
  QMMM:    13       13      C       -3.0160    1.5640    0.4400
  QMMM:    14       14      C        2.3730    0.0280    0.5090
  QMMM:    15       15      C        3.3380    0.0770    1.4980
  QMMM:    16       16      C        4.6290   -0.3320    1.2270
  QMMM:    17       17      C        4.9580   -0.7920   -0.0400
  QMMM:    18       18      O        6.2270   -1.1950   -0.3090
  QMMM:    19       19      C        3.9880   -0.8410   -1.0310
  QMMM:    20       20      C        2.6970   -0.4360   -0.7530
  QMMM:    21       21      C       -1.7950   -2.4840   -0.1590
  QMMM:    22       22      O       -2.9490   -3.3160   -0.2970
  QMMM:    23       23      C       -2.6480   -4.6980   -0.5030
  QMMM:    24       24      O       -5.2910    0.8870    0.3080
  QMMM:    25       25      H       -4.2800   -1.4850   -0.0330
  QMMM:    26       26      H        0.8030    0.4600    1.8660
  QMMM:    27       27      H        1.5130    2.5000    0.7350
  QMMM:    28       28      H        0.3800    1.0080   -1.6630
  QMMM:    29       29      H        1.8190    1.9310   -1.6350
  QMMM:    30       30      H       -0.5700    2.9390   -2.5500
  QMMM:    31       31      H        0.6320    3.9760   -1.8690
  QMMM:    32       32      H       -1.9700    3.3830   -0.8100
  QMMM:    33       33      H       -0.7870    4.4260   -0.1040
  QMMM:    34       34      H       -0.7600    2.7260    1.5950
  QMMM:    35       35      H       -3.3130    2.5420    0.5840
  QMMM:    36       36      H        3.0930    0.4200    2.4400
  QMMM:    37       37      H        5.3480   -0.2960    1.9660
  QMMM:    38       38      H        6.8810   -1.1610    0.3610
  QMMM:    39       39      H        4.2310   -1.1800   -1.9750
  QMMM:    40       40      H        1.9740   -0.4800   -1.4880
  QMMM:    41       41      H       -1.2190   -2.8100    0.6820
  QMMM:    42       42      H       -1.2000   -2.5490   -1.0460
  QMMM:    43       43      H       -3.5590   -5.2510   -0.5960
  QMMM:    44       44      H       -2.0890   -5.0690    0.3300
  QMMM:    45       45      H       -2.0710   -4.8080   -1.3970
  QMMM:    46       46      H       -5.9350    0.2150    0.2000

--------------------------------------------------------------------------------
  RESULTS
--------------------------------------------------------------------------------

      iter         sqm energy              rms gradient
      ----    -------------------    -----------------------
xmin    10     -131.6900 kcal/mol        1.0212 kcal/(mol*A)
xmin    20     -132.2229 kcal/mol        0.2709 kcal/(mol*A)
xmin    30     -132.3077 kcal/mol        0.0789 kcal/(mol*A)
xmin    40     -132.3365 kcal/mol        0.1729 kcal/(mol*A)
xmin    50     -132.3466 kcal/mol        0.0662 kcal/(mol*A)
xmin    60     -132.3496 kcal/mol        0.0709 kcal/(mol*A)
xmin    70     -132.3502 kcal/mol        0.0154 kcal/(mol*A)
xmin    80     -132.3511 kcal/mol        0.0240 kcal/(mol*A)
xmin    90     -132.3530 kcal/mol        0.0171 kcal/(mol*A)
xmin   100     -132.3534 kcal/mol        0.0271 kcal/(mol*A)
xmin   110     -132.3541 kcal/mol        0.0087 kcal/(mol*A)
xmin   120     -132.3543 kcal/mol        0.0052 kcal/(mol*A)
xmin   130     -132.3544 kcal/mol        0.0023 kcal/(mol*A)
xmin   140     -132.3544 kcal/mol        0.0009 kcal/(mol*A)
  ... geometry converged !
 
 Final MO eigenvalues (eV):
 -41.8469  -40.3519  -39.5909  -38.8586  -37.9189  -37.6806  -36.4302  -33.1598
 -32.5934  -31.7533  -30.4690  -29.5554  -28.5037  -27.7791  -26.1462  -25.5008
 -24.1122  -23.4088  -22.5593  -22.1310  -20.8120  -20.0811  -19.1557  -18.7425
 -18.4759  -17.5019  -17.3617  -16.9449  -16.7216  -16.6306  -16.3462  -16.2043
 -15.8347  -15.4442  -15.1618  -15.1080  -14.9945  -14.6758  -14.5721  -14.3308
 -14.2759  -13.9208  -13.8376  -13.5322  -13.4290  -13.2260  -13.0372  -12.7822
 -12.5777  -12.2952  -12.2460  -12.1604  -12.0208  -11.7948  -11.6905  -11.3845
 -11.0845  -11.0184  -10.6559   -9.9432   -9.4534   -9.0851   -8.5640    0.2759
   0.3103    0.3261    0.5154    2.4125    2.6655    2.7076    2.8976    2.9258
   3.0584    3.3324    3.4027    3.6050    3.6634    3.7322    3.7507    3.7756
   3.9271    3.9581    4.0879    4.1118    4.1197    4.2056    4.2406    4.2475
   4.3098    4.3298    4.3941    4.4463    4.4815    4.4900    4.5883    4.6551
   4.6759    4.7316    4.7781    4.9089    4.9598    4.9921    5.0066    5.0581
   5.1184    5.1437    5.1716    5.2356    5.2597    5.3195    5.4894    5.5147
   5.7284    5.7363    6.2056    6.2128    6.2691    6.4662

 Heat of formation   =       -132.35440377 kcal/mol  (       -5.73931763 eV)

 Total SCF energy    =     -95597.46510236 kcal/mol  (    -4145.41715894 eV)
 Electronic energy   =    -713184.50892252 kcal/mol  (   -30926.00099400 eV)
 Core-core repulsion =     617587.04382016 kcal/mol  (    26780.58383505 eV)
 
    Atomic Charges for Step       1 :
  Atom    Element       Mulliken Charge
     1      C                  0.054
     2      C                 -0.166
     3      C                 -0.056
     4      C                  0.040
     5      O                 -0.212
     6      C                  0.082
     7      C                 -0.124
     8      C                 -0.152
     9      C                 -0.156
    10      C                 -0.151
    11      C                 -0.061
    12      C                 -0.086
    13      C                 -0.134
    14      C                 -0.114
    15      C                 -0.085
    16      C                 -0.214
    17      C                  0.082
    18      O                 -0.251
    19      C                 -0.161
    20      C                 -0.070
    21      C                  0.021
    22      O                 -0.284
    23      C                 -0.071
    24      O                 -0.255
    25      H                  0.157
    26      H                  0.094
    27      H                  0.098
    28      H                  0.096
    29      H                  0.087
    30      H                  0.086
    31      H                  0.079
    32      H                  0.095
    33      H                  0.080
    34      H                  0.099
    35      H                  0.151
    36      H                  0.133
    37      H                  0.135
    38      H                  0.218
    39      H                  0.152
    40      H                  0.152
    41      H                  0.090
    42      H                  0.084
    43      H                  0.097
    44      H                  0.062
    45      H                  0.060
    46      H                  0.218
 Total Mulliken Charge =      -0.000
 
                  X        Y        Z     TOTAL  
  QM DIPOLE     1.671   -0.053    0.969    1.933
 
 Final Structure

  QMMM: QM Region Cartesian Coordinates (*=link atom) 
  QMMM: QM_NO.   MM_NO.  ATOM         X         Y         Z
  QMMM:     1        1      C       -4.0351    0.5287    0.3914
  QMMM:     2        2      C       -3.6409   -0.7871    0.1111
  QMMM:     3        3      C       -2.2874   -1.0861   -0.0228
  QMMM:     4        4      C       -1.3412   -0.0497    0.1141
  QMMM:     5        5      O       -0.0122   -0.4088   -0.0544
  QMMM:     6        6      C        0.8943    0.4408    0.6789
  QMMM:     7        7      C        0.7147    1.9071    0.2970
  QMMM:     8        8      C        1.0777    2.2190   -1.1526
  QMMM:     9        9      C        0.1381    3.3221   -1.6170
  QMMM:    10       10      C       -0.9602    3.4616   -0.5715
  QMMM:    11       11      C       -0.7360    2.3763    0.4906
  QMMM:    12       12      C       -1.7343    1.2731    0.3713
  QMMM:    13       13      C       -3.0943    1.5581    0.5218
  QMMM:    14       14      C        2.2830   -0.0568    0.4174
  QMMM:    15       15      C        3.2790    0.2001    1.3662
  QMMM:    16       16      C        4.5824   -0.2423    1.1599
  QMMM:    17       17      C        4.8868   -0.9567   -0.0077
  QMMM:    18       18      O        6.1501   -1.4282   -0.2814
  QMMM:    19       19      C        3.8952   -1.2271   -0.9651
  QMMM:    20       20      C        2.6000   -0.7723   -0.7435
  QMMM:    21       21      C       -1.8037   -2.4636   -0.3250
  QMMM:    22       22      O       -2.8876   -3.3839   -0.1786
  QMMM:    23       23      C       -2.4866   -4.7217   -0.4196
  QMMM:    24       24      O       -5.3579    0.8846    0.5497
  QMMM:    25       25      H       -4.3882   -1.5887    0.0065
  QMMM:    26       26      H        0.6534    0.3241    1.7769
  QMMM:    27       27      H        1.3786    2.5098    0.9762
  QMMM:    28       28      H        0.9482    1.2998   -1.7805
  QMMM:    29       29      H        2.1464    2.5356   -1.2330
  QMMM:    30       30      H       -0.2974    3.0693   -2.6159
  QMMM:    31       31      H        0.6917    4.2879   -1.7307
  QMMM:    32       32      H       -1.9716    3.3608   -1.0379
  QMMM:    33       33      H       -0.9113    4.4706   -0.0896
  QMMM:    34       34      H       -0.8471    2.8261    1.5162
  QMMM:    35       35      H       -3.4324    2.5819    0.7363
  QMMM:    36       36      H        3.0329    0.7569    2.2833
  QMMM:    37       37      H        5.3636   -0.0368    1.9047
  QMMM:    38       38      H        6.7278   -1.1783    0.4544
  QMMM:    39       39      H        4.1547   -1.7911   -1.8717
  QMMM:    40       40      H        1.8103   -0.9796   -1.4838
  QMMM:    41       41      H       -0.9719   -2.7427    0.3791
  QMMM:    42       42      H       -1.4159   -2.5090   -1.3801
  QMMM:    43       43      H       -3.4185   -5.3224   -0.2717
  QMMM:    44       44      H       -1.6981   -5.0352    0.3086
  QMMM:    45       45      H       -2.1064   -4.8379   -1.4647
  QMMM:    46       46      H       -5.8925    0.0840    0.4473

           --------- Calculation Completed ----------

