
          -------------------------------------------------------
          Amber 16 SANDER                              2016
          -------------------------------------------------------

| Run on 08/12/2016 at 19:24:33

|   Executable path: sander
| Working directory: /net/roos/home4/zuckerman/spiriti/estrogen-receptor2/ligands5/llb
|          Hostname: n000.dcb.private.net

  [-O]verwriting output

File Assignments:
|  MDIN: ../amber.in                                                           
| MDOUT: amber.out                                                             
|INPCRD: llb.inpcrd                                                            
|  PARM: llb.prm7                                                              
|RESTRT: restrt                                                                
|  REFC: refc                                                                  
| MDVEL: mdvel                                                                 
| MDFRC: mdfrc                                                                 
|  MDEN: mden                                                                  
| MDCRD: mdcrd                                                                 
|MDINFO: mdinfo                                                                
|  MTMD: mtmd                                                                  
|INPDIP: inpdip                                                                
|RSTDIP: rstdip                                                                
|INPTRA: inptraj                                                               


 Here is the input file:

test file                                                                      
&cntrl                                                                         
imin=1, maxcyc=1,                                                              
ntpr=5, cut=99, igb=0, ntb=0                                                   
/                                                                              

--------------------------------------------------------------------------------
   1.  RESOURCE   USE: 
--------------------------------------------------------------------------------

| Flags:                                                                        
|    NONPERIODIC   ntb=0 and igb=0: Setting up nonperiodic simulation
|  *** cutoff > system size, list only builds once
|Largest sphere to fit in unit cell has radius =    32.761
| New format PARM file being parsed.
| Version =    1.000 Date = 07/07/16 Time = 00:28:56
 NATOM  =      65 NTYPES =      13 NBONH =      30 MBONA  =      39
 NTHETH =      66 MTHETA =      55 NPHIH =     124 MPHIA  =      91
 NHPARM =       0 NPARM  =       0 NNB   =     360 NRES   =       1
 NBONA  =      39 NTHETA =      55 NPHIA =      91 NUMBND =      20
 NUMANG =      33 NPTRA  =      17 NATYP =      16 NPHB   =       0
 IFBOX  =       0 NMXRS  =      65 IFCAP =       0 NEXTRA =       0
 NCOPY  =       0


|     Memory Use     Allocated
|     Real                9653
|     Hollerith            198
|     Integer            32565
|     Max Pairs           2080
|     nblistReal           780
|     nblist Int       1153920
|       Total             4725 kbytes

| Note: 1-4 EEL scale factors are being read from the topology file.

| Note: 1-4 VDW scale factors are being read from the topology file.
| Duplicated    0 dihedrals
| Duplicated    0 dihedrals

--------------------------------------------------------------------------------
   2.  CONTROL  DATA  FOR  THE  RUN
--------------------------------------------------------------------------------

default_name                                                                    

General flags:
     imin    =       1, nmropt  =       0

Nature and format of input:
     ntx     =       1, irest   =       0, ntrx    =       1

Nature and format of output:
     ntxo    =       2, ntpr    =       5, ntrx    =       1, ntwr    =       1
     iwrap   =       0, ntwx    =       0, ntwv    =       0, ntwe    =       0
     ioutfm  =       1, ntwprt  =       0, idecomp =       0, rbornstat=      0

Potential function:
     ntf     =       1, ntb     =       0, igb     =       0, nsnb    =      25
     ipol    =       0, gbsa    =       0, iesp    =       0
     dielc   =   1.00000, cut     =  99.00000, intdiel =   1.00000

Frozen or restrained atoms:
     ibelly  =       0, ntr     =       0

Energy minimization:
     maxcyc  =       1, ncyc    =      10, ntmin   =       1
     dx0     =   0.01000, drms    =   0.00010
|  INFO: Old style inpcrd file read


--------------------------------------------------------------------------------
   3.  ATOMIC COORDINATES AND VELOCITIES
--------------------------------------------------------------------------------

default_name                                                                    
 begin time read from input coords =     0.000 ps

 Number of triangulated 3-point waters found:        0

     Sum of charges from parm topology file =   0.99999900

--------------------------------------------------------------------------------
   4.  RESULTS
--------------------------------------------------------------------------------

 ---------------------------------------------------

     eedmeth=4: Setting switch to one everywhere

 ---------------------------------------------------
| Local SIZE OF NONBOND LIST =       1721
| TOTAL SIZE OF NONBOND LIST =       1721


   NSTEP       ENERGY          RMS            GMAX         NAME    NUMBER
      1       1.1151E+02     1.5779E+01     4.7163E+01     O59        60

 BOND    =       18.9608  ANGLE   =       16.6210  DIHED      =       28.4578
 VDWAALS =       -2.6700  EEL     =       53.3009  HBOND      =        0.0000
 1-4 VDW =       21.4832  1-4 EEL =      -24.6421  RESTRAINT  =        0.0000


  Maximum number of minimization cycles reached.


                    FINAL RESULTS



   NSTEP       ENERGY          RMS            GMAX         NAME    NUMBER
      1       1.1151E+02     1.5779E+01     4.7163E+01     O59        60

 BOND    =       18.9608  ANGLE   =       16.6210  DIHED      =       28.4578
 VDWAALS =       -2.6700  EEL     =       53.3009  HBOND      =        0.0000
 1-4 VDW =       21.4832  1-4 EEL =      -24.6421  RESTRAINT  =        0.0000

--------------------------------------------------------------------------------
   5.  TIMINGS
--------------------------------------------------------------------------------

|    Read coords time           0.00 ( 0.39% of Total)
|                Build the list             0.00 (96.55% of List )
|                Other                      0.00 ( 3.45% of List )
|             List time                  0.00 (70.55% of Nonbo)
|                   Short_ene time             0.00 (98.44% of Direc)
|                   Other                      0.00 ( 1.56% of Direc)
|                Direct Ewald time          0.00 (91.25% of Ewald)
|                Force Adjust               0.00 ( 0.21% of Ewald)
|                Virial junk                0.00 ( 1.02% of Ewald)
|                Start synchronizatio       0.00 ( 0.40% of Ewald)
|                Other                      0.00 ( 7.13% of Ewald)
|             Ewald time                 0.00 (29.21% of Nonbo)
|             Other                      0.00 ( 0.24% of Nonbo)
|          Nonbond force              0.00 (83.84% of Force)
|          Bond/Angle/Dihedral        0.00 (15.01% of Force)
|          Other                      0.00 ( 1.15% of Force)
|       Force time                 0.00 (100.0% of Runmd)
|    Runmd Time                 0.00 ( 0.38% of Total)
|    Other                      0.53 (99.23% of Total)
| Total time                 0.53 (99.88% of ALL  )

| Number of list builds   :          1

| Highest rstack allocated:        300
| Highest istack allocated:         60
|           Job began  at 19:24:33.357  on 08/12/2016
|           Setup done at 19:24:33.501  on 08/12/2016
|           Run   done at 19:24:33.887  on 08/12/2016
|     wallclock() was called      58 times
