            --------------------------------------------------------
                             AMBER SQM VERSION 14
 
                                     By
              Ross C. Walker, Michael F. Crowley, Scott Brozell,
                         Tim Giese, Andreas W. Goetz,
                        Tai-Sung Lee and David A. Case
 
            --------------------------------------------------------
 

--------------------------------------------------------------------------------
  QM CALCULATION INFO
--------------------------------------------------------------------------------

| QMMM: Citation for AMBER QMMM Run:
| QMMM: R.C. Walker, M.F. Crowley and D.A. Case, J. COMP. CHEM. 29:1019, 2008

QMMM: SINGLET STATE CALCULATION
QMMM: RHF CALCULATION, NO. OF DOUBLY OCCUPIED LEVELS = 90

| QMMM: *** Selected Hamiltonian *** 
| QMMM: AM1         

| QMMM: *** Parameter sets in use ***
| QMMM: C : M.J.S.DEWAR et al. JACS, 107, 3902, (1985)
| QMMM: O : M.J.S.DEWAR et al. JACS, 107, 3902, (1985)
| QMMM: S : M.J.S.DEWAR et al. INORG. CHEM., 29, 3881, (1990)
| QMMM: N : M.J.S.DEWAR et al. JACS, 107, 3902, (1985)
| QMMM: H : M.J.S.DEWAR et al. JACS, 107, 3902, (1985)

| QMMM: *** SCF convergence criteria ***
| QMMM: Energy change                :  0.1D-09 kcal/mol
| QMMM: Error matrix |FP-PF|         :  0.1D+00 au
| QMMM: Density matrix change        :  0.5D-06
| QMMM: Maximum number of SCF cycles :     1000

| QMMM: *** Diagonalization Routine Information ***
| QMMM: Pseudo diagonalizations are allowed.
| QMMM: Auto diagonalization routine selection is in use.
| QMMM:
| QMMM: Timing diagonalization routines:
| QMMM:                              norbs =      170
| QMMM:    diag iterations used for timing =        5
| QMMM:
| QMMM:              Internal diag routine = 0.081211 seconds
| QMMM:                 Dspev diag routine = 0.123936 seconds
| QMMM:                Dspevd diag routine = 0.081563 seconds
| QMMM:                Dspevx diag routine = 0.260486 seconds
| QMMM:                 Dsyev diag routine = 0.132024 seconds
| QMMM:                Dsyevd diag routine = 0.091095 seconds
| QMMM:                Dsyevr diag routine = 0.079837 seconds
| QMMM:
| QMMM:                Pseudo diag routine = 0.045803 seconds
| QMMM:
| QMMM: Using dsyevr routine (diag_routine=7).

  QMMM: QM Region Cartesian Coordinates (*=link atom) 
  QMMM: QM_NO.   MM_NO.  ATOM         X         Y         Z
  QMMM:     1        1      C       -3.1110   -2.0090    0.3740
  QMMM:     2        2      C       -2.5250   -3.0940    1.0560
  QMMM:     3        3      C       -2.8550   -4.3840    0.7250
  QMMM:     4        4      C        8.8580   -2.2260    0.8410
  QMMM:     5        5      C       -1.9740   -0.0400    1.5810
  QMMM:     6        6      C        1.9950    1.0050    0.4880
  QMMM:     7        7      C        1.5360    1.2760    1.7710
  QMMM:     8        8      C        0.2490    0.9390    2.1290
  QMMM:     9        9      C        3.6370    1.1320   -1.2250
  QMMM:    10       10      O       -2.3480    0.1060    2.7310
  QMMM:    11       11      C       -2.8920   -0.5760    0.5760
  QMMM:    12       12      C       -3.6280    0.2160   -0.2630
  QMMM:    13       13      C       -3.5920    1.6900   -0.2660
  QMMM:    14       14      C       -3.4440    2.3850   -1.4700
  QMMM:    15       15      C       -3.4120    3.7620   -1.4680
  QMMM:    16       16      C       -3.5260    4.4600   -0.2720
  QMMM:    17       17      O       -3.4930    5.8180   -0.2750
  QMMM:    18       18      C       -3.6730    3.7740    0.9270
  QMMM:    19       19      C       -3.7120    2.3970    0.9340
  QMMM:    20       20      S       -4.6160   -0.7560   -1.3340
  QMMM:    21       21      C       -4.0260   -2.2630   -0.6460
  QMMM:    22       22      C       -4.3500   -3.5840   -0.9730
  QMMM:    23       23      C       -3.7740   -4.6340   -0.2890
  QMMM:    24       24      O       -4.0950   -5.9150   -0.6150
  QMMM:    25       25      C       -0.5940    0.3240    1.2010
  QMMM:    26       26      C        1.1580    0.3970   -0.4400
  QMMM:    27       27      C       -0.1280    0.0520   -0.0880
  QMMM:    28       28      O        3.2640    1.3380    0.1390
  QMMM:    29       29      C        5.1190    1.4680   -1.4050
  QMMM:    30       30      N        5.9330    0.5220   -0.6310
  QMMM:    31       31      C        6.0020   -0.7830   -1.3000
  QMMM:    32       32      C        6.7330   -1.7820   -0.4000
  QMMM:    33       33      C        8.1430   -1.2620   -0.1080
  QMMM:    34       34      C        8.0450    0.1200    0.5440
  QMMM:    35       35      C        7.2760    1.0630   -0.3830
  QMMM:    36       36      H       -1.8430   -2.9170    1.8100
  QMMM:    37       37      H       -2.4200   -5.1720    1.2300
  QMMM:    38       38      H        8.9260   -3.1910    0.3840
  QMMM:    39       39      H        8.3060   -2.3020    1.7550
  QMMM:    40       40      H        9.8420   -1.8590    1.0480
  QMMM:    41       41      H        2.1600    1.7300    2.4560
  QMMM:    42       42      H       -0.0920    1.1410    3.0820
  QMMM:    43       43      H        3.4680    0.1090   -1.4900
  QMMM:    44       44      H        3.0490    1.7660   -1.8550
  QMMM:    45       45      H       -3.3590    1.8670   -2.3590
  QMMM:    46       46      H       -3.3030    4.2760   -2.3560
  QMMM:    47       47      H       -3.3940    6.2820   -1.0830
  QMMM:    48       48      H       -3.7530    4.2960    1.8130
  QMMM:    49       49      H       -3.8300    1.8880    1.8240
  QMMM:    50       50      H       -5.0240   -3.7740   -1.7310
  QMMM:    51       51      H       -4.7140   -6.0840   -1.2980
  QMMM:    52       52      H        1.5010    0.2040   -1.3940
  QMMM:    53       53      H       -0.7470   -0.4070   -0.7750
  QMMM:    54       54      H        5.3040    2.4640   -1.0590
  QMMM:    55       55      H        5.3780    1.3970   -2.4410
  QMMM:    56       56      H        5.4810    0.3850    0.2730
  QMMM:    57       57      H        6.5320   -0.6820   -2.2240
  QMMM:    58       58      H        5.0110   -1.1370   -1.4930
  QMMM:    59       59      H        6.7960   -2.7290   -0.8950
  QMMM:    60       60      H        6.1960   -1.8970    0.5180
  QMMM:    61       61      H        8.6960   -1.1900   -1.0210
  QMMM:    62       62      H        9.0290    0.5070    0.7110
  QMMM:    63       63      H        7.5320    0.0390    1.4790
  QMMM:    64       64      H        7.1930    2.0250    0.0770
  QMMM:    65       65      H        7.8000    1.1540   -1.3120

--------------------------------------------------------------------------------
  RESULTS
--------------------------------------------------------------------------------

      iter         sqm energy              rms gradient
      ----    -------------------    -----------------------
xmin    10       70.3269 kcal/mol        0.3660 kcal/(mol*A)
xmin    20       69.7857 kcal/mol        0.5311 kcal/(mol*A)
xmin    30       69.6722 kcal/mol        0.1265 kcal/(mol*A)
xmin    40       69.5829 kcal/mol        0.1074 kcal/(mol*A)
xmin    50       69.5961 kcal/mol        0.0751 kcal/(mol*A)
xmin    60       69.5618 kcal/mol        0.1138 kcal/(mol*A)
xmin    70       69.5481 kcal/mol        0.1426 kcal/(mol*A)
xmin    80       69.5383 kcal/mol        0.0782 kcal/(mol*A)
xmin    90       69.5306 kcal/mol        0.0284 kcal/(mol*A)
xmin   100       69.5223 kcal/mol        0.0305 kcal/(mol*A)
xmin   110       69.5195 kcal/mol        0.0134 kcal/(mol*A)
xmin   120       69.5192 kcal/mol        0.0121 kcal/(mol*A)
xmin   130       69.5191 kcal/mol        0.0076 kcal/(mol*A)
xmin   140       69.5186 kcal/mol        0.0140 kcal/(mol*A)
xmin   150       69.5186 kcal/mol        0.0028 kcal/(mol*A)
xmin   160       69.5185 kcal/mol        0.0042 kcal/(mol*A)
xmin   170       69.5183 kcal/mol        0.0032 kcal/(mol*A)
xmin   180       69.5181 kcal/mol        0.0105 kcal/(mol*A)
xmin   190       69.5180 kcal/mol        0.0032 kcal/(mol*A)
xmin   200       69.5180 kcal/mol        0.0075 kcal/(mol*A)
xmin   210       69.5179 kcal/mol        0.0029 kcal/(mol*A)
xmin   220       69.5178 kcal/mol        0.0048 kcal/(mol*A)
xmin   230       69.5178 kcal/mol        0.0043 kcal/(mol*A)
xmin   240       69.5177 kcal/mol        0.0016 kcal/(mol*A)
xmin   250       69.5177 kcal/mol        0.0031 kcal/(mol*A)
xmin   260       71.0885 kcal/mol        4.5307 kcal/(mol*A)
xmin   270       69.5246 kcal/mol        0.0978 kcal/(mol*A)
xmin   280       69.5179 kcal/mol        0.0215 kcal/(mol*A)
xmin   290       69.5177 kcal/mol        0.0034 kcal/(mol*A)
xmin   300       69.5177 kcal/mol        0.0023 kcal/(mol*A)
  ... geometry converged !
 
 Final MO eigenvalues (eV):
 -45.9593  -43.5703  -42.7096  -41.8356  -41.6849  -40.7079  -40.1027  -39.6891
 -39.2347  -36.6898  -36.4031  -35.6558  -34.2577  -33.8160  -33.5372  -33.2408
 -32.8643  -32.3246  -29.8953  -28.9888  -28.5796  -27.9709  -27.7498  -26.4290
 -25.9623  -25.6645  -25.3235  -25.1428  -24.4615  -23.8177  -22.5718  -22.1126
 -21.9702  -21.7926  -21.3033  -21.0258  -20.5776  -20.3189  -20.2056  -19.6404
 -19.5174  -19.4494  -19.3338  -18.9577  -18.7453  -18.4124  -18.2442  -18.0987
 -18.0183  -17.9921  -17.8215  -17.7432  -17.4714  -17.1215  -16.9124  -16.8387
 -16.8244  -16.7285  -16.6281  -16.6022  -16.5286  -16.3260  -16.2514  -16.2046
 -16.1516  -15.9463  -15.8987  -15.7584  -15.7019  -15.6708  -15.4287  -15.2591
 -15.0349  -15.0142  -14.8523  -14.4903  -14.4055  -14.2916  -14.0980  -13.4777
 -13.1926  -13.0314  -12.5979  -12.3964  -12.3102  -11.9664  -11.4238  -10.9246
 -10.3386   -9.9954   -3.6856   -2.6738   -2.1657   -2.1180   -1.7368   -1.5313
  -1.4931   -1.4273   -1.3469   -1.2645   -1.1284   -0.9257   -0.8977   -0.8163
  -0.7613   -0.5994   -0.4788   -0.4653   -0.4240   -0.3897   -0.3840   -0.3326
  -0.2578   -0.1174    0.0798    0.2358    0.2583    0.2960    0.4437    0.5156
   0.6189    0.7960    1.0071    1.0544    1.0606    1.0862    1.1066    1.1862
   1.2407    1.2929    1.4332    1.5122    1.5620    1.6807    1.6959    1.8657
   1.8768    1.9657    2.0501    2.0526    2.2225    2.2403    2.3075    2.3891
   2.4018    2.5522    2.5853    2.6927    2.6972    2.7957    2.8642    2.9248
   2.9820    3.0515    3.0965    3.1206    3.2464    3.4053    3.4272    3.4764
   3.5912    3.6836    3.7640    3.8123    4.0020    4.0729    4.2606    4.6234
   4.7246    4.8081

 Heat of formation   =         69.51764971 kcal/mol  (        3.01451150 eV)

 Total SCF energy    =    -133796.78136626 kcal/mol  (    -5801.86381190 eV)
 Electronic energy   =   -1149011.56216616 kcal/mol  (   -49824.88019453 eV)
 Core-core repulsion =    1015214.78079990 kcal/mol  (    44023.01638263 eV)
 
    Atomic Charges for Step       1 :
  Atom    Element       Mulliken Charge
     1      C                 -0.083
     2      C                 -0.069
     3      C                 -0.145
     4      C                 -0.215
     5      C                  0.339
     6      C                  0.070
     7      C                 -0.158
     8      C                 -0.045
     9      C                 -0.041
    10      O                 -0.270
    11      C                 -0.160
    12      C                 -0.236
    13      C                 -0.086
    14      C                 -0.077
    15      C                 -0.218
    16      C                  0.097
    17      O                 -0.243
    18      C                 -0.158
    19      C                 -0.069
    20      S                  0.536
    21      C                 -0.278
    22      C                 -0.187
    23      C                  0.097
    24      O                 -0.244
    25      C                 -0.152
    26      C                 -0.202
    27      C                 -0.040
    28      O                 -0.260
    29      C                 -0.133
    30      N                 -0.004
    31      C                 -0.124
    32      C                 -0.186
    33      C                 -0.114
    34      C                 -0.186
    35      C                 -0.122
    36      H                  0.140
    37      H                  0.157
    38      H                  0.099
    39      H                  0.088
    40      H                  0.099
    41      H                  0.151
    42      H                  0.173
    43      H                  0.102
    44      H                  0.137
    45      H                  0.136
    46      H                  0.140
    47      H                  0.223
    48      H                  0.160
    49      H                  0.163
    50      H                  0.147
    51      H                  0.225
    52      H                  0.138
    53      H                  0.164
    54      H                  0.151
    55      H                  0.146
    56      H                  0.262
    57      H                  0.135
    58      H                  0.141
    59      H                  0.139
    60      H                  0.114
    61      H                  0.106
    62      H                  0.140
    63      H                  0.113
    64      H                  0.140
    65      H                  0.137
 Total Mulliken Charge =       1.000
 
                  X        Y        Z     TOTAL  
  QM DIPOLE    27.698    0.649   -7.265   28.642
 
 Final Structure

  QMMM: QM Region Cartesian Coordinates (*=link atom) 
  QMMM: QM_NO.   MM_NO.  ATOM         X         Y         Z
  QMMM:     1        1      C       -3.2358   -1.7061    0.3375
  QMMM:     2        2      C       -2.5866   -2.7878    0.9569
  QMMM:     3        3      C       -2.9206   -4.0795    0.6055
  QMMM:     4        4      C        9.6431   -1.9189    0.9072
  QMMM:     5        5      C       -2.0621    0.2148    1.5292
  QMMM:     6        6      C        2.0342    0.3431    0.3509
  QMMM:     7        7      C        1.6769    0.7008    1.6601
  QMMM:     8        8      C        0.3357    0.6452    2.0237
  QMMM:     9        9      C        3.7618    0.4979   -1.2869
  QMMM:    10       10      O       -2.3863    0.5973    2.6593
  QMMM:    11       11      C       -3.0447   -0.2922    0.5570
  QMMM:    12       12      C       -3.8946    0.4694   -0.2145
  QMMM:    13       13      C       -4.0224    1.9085   -0.2600
  QMMM:    14       14      C       -4.1350    2.5648   -1.4954
  QMMM:    15       15      C       -4.2809    3.9464   -1.5543
  QMMM:    16       16      C       -4.3186    4.6847   -0.3620
  QMMM:    17       17      O       -4.4507    6.0511   -0.3378
  QMMM:    18       18      C       -4.2121    4.0426    0.8843
  QMMM:    19       19      C       -4.0668    2.6624    0.9255
  QMMM:    20       20      S       -4.8920   -0.4957   -1.1953
  QMMM:    21       21      C       -4.2450   -1.9439   -0.6350
  QMMM:    22       22      C       -4.5866   -3.2509   -0.9969
  QMMM:    23       23      C       -3.9206   -4.3048   -0.3757
  QMMM:    24       24      O       -4.1761   -5.6226   -0.6680
  QMMM:    25       25      C       -0.6412    0.2450    1.0984
  QMMM:    26       26      C        1.0774   -0.0575   -0.5860
  QMMM:    27       27      C       -0.2631   -0.1020   -0.2022
  QMMM:    28       28      O        3.4019    0.3681    0.0870
  QMMM:    29       29      C        5.1970    1.0372   -1.3051
  QMMM:    30       30      N        6.1458    0.2286   -0.4788
  QMMM:    31       31      C        6.5003   -1.0669   -1.1460
  QMMM:    32       32      C        7.4695   -1.8940   -0.3125
  QMMM:    33       33      C        8.7313   -1.1091    0.0110
  QMMM:    34       34      C        8.3736    0.2129    0.6721
  QMMM:    35       35      C        7.3881    1.0112   -0.1703
  QMMM:    36       36      H       -1.8236   -2.5966    1.7263
  QMMM:    37       37      H       -2.4363   -4.9478    1.0753
  QMMM:    38       38      H        9.9219   -2.8779    0.4067
  QMMM:    39       39      H        9.1410   -2.1570    1.8759
  QMMM:    40       40      H       10.5779   -1.3467    1.1231
  QMMM:    41       41      H        2.4466    1.0128    2.3792
  QMMM:    42       42      H        0.0253    0.9226    3.0467
  QMMM:    43       43      H        3.6868   -0.5061   -1.7827
  QMMM:    44       44      H        3.0993    1.2338   -1.8169
  QMMM:    45       45      H       -4.1099    1.9814   -2.4293
  QMMM:    46       46      H       -4.3724    4.4543   -2.5247
  QMMM:    47       47      H       -4.5820    6.3585   -1.2472
  QMMM:    48       48      H       -4.2521    4.6387    1.8075
  QMMM:    49       49      H       -3.9900    2.1483    1.8994
  QMMM:    50       50      H       -5.3687   -3.4385   -1.7458
  QMMM:    51       51      H       -4.9148   -5.6572   -1.2943
  QMMM:    52       52      H        1.3614   -0.3408   -1.6085
  QMMM:    53       53      H       -1.0283   -0.4189   -0.9312
  QMMM:    54       54      H        5.1939    2.0866   -0.8891
  QMMM:    55       55      H        5.5684    1.0613   -2.3675
  QMMM:    56       56      H        5.6758    0.0059    0.4136
  QMMM:    57       57      H        6.9617   -0.8248   -2.1452
  QMMM:    58       58      H        5.5443   -1.6406   -1.3121
  QMMM:    59       59      H        7.7326   -2.8106   -0.9061
  QMMM:    60       60      H        6.9770   -2.2393    0.6349
  QMMM:    61       61      H        9.2753   -0.8921   -0.9527
  QMMM:    62       62      H        9.2982    0.8386    0.7970
  QMMM:    63       63      H        7.9536    0.0287    1.6965
  QMMM:    64       64      H        7.0823    1.9469    0.3793
  QMMM:    65       65      H        7.8609    1.3012   -1.1511

           --------- Calculation Completed ----------

