
          -------------------------------------------------------
          Amber 16 SANDER                              2016
          -------------------------------------------------------

| Run on 08/12/2016 at 19:24:09

|   Executable path: sander
| Working directory: /net/roos/home4/zuckerman/spiriti/estrogen-receptor2/ligands5/ese
|          Hostname: n000.dcb.private.net

  [-O]verwriting output

File Assignments:
|  MDIN: ../amber.in                                                           
| MDOUT: amber.out                                                             
|INPCRD: ese.inpcrd                                                            
|  PARM: ese.prm7                                                              
|RESTRT: restrt                                                                
|  REFC: refc                                                                  
| MDVEL: mdvel                                                                 
| MDFRC: mdfrc                                                                 
|  MDEN: mden                                                                  
| MDCRD: mdcrd                                                                 
|MDINFO: mdinfo                                                                
|  MTMD: mtmd                                                                  
|INPDIP: inpdip                                                                
|RSTDIP: rstdip                                                                
|INPTRA: inptraj                                                               


 Here is the input file:

test file                                                                      
&cntrl                                                                         
imin=1, maxcyc=1,                                                              
ntpr=5, cut=99, igb=0, ntb=0                                                   
/                                                                              

--------------------------------------------------------------------------------
   1.  RESOURCE   USE: 
--------------------------------------------------------------------------------

| Flags:                                                                        
|    NONPERIODIC   ntb=0 and igb=0: Setting up nonperiodic simulation
|  *** cutoff > system size, list only builds once
|Largest sphere to fit in unit cell has radius =    32.276
| New format PARM file being parsed.
| Version =    1.000 Date = 07/06/16 Time = 22:36:23
 NATOM  =      40 NTYPES =       7 NBONH =      22 MBONA  =      20
 NTHETH =      50 MTHETA =      30 NPHIH =     101 MPHIA  =      85
 NHPARM =       0 NPARM  =       0 NNB   =     246 NRES   =       1
 NBONA  =      20 NTHETA =      30 NPHIA =      85 NUMBND =       9
 NUMANG =      14 NPTRA  =      13 NATYP =       7 NPHB   =       0
 IFBOX  =       0 NMXRS  =      40 IFCAP =       0 NEXTRA =       0
 NCOPY  =       0


|     Memory Use     Allocated
|     Real                7447
|     Hollerith            123
|     Integer            30048
|     Max Pairs            780
|     nblistReal           480
|     nblist Int        967124
|       Total             3960 kbytes

| Note: 1-4 EEL scale factors are being read from the topology file.

| Note: 1-4 VDW scale factors are being read from the topology file.
| Duplicated    0 dihedrals
| Duplicated    0 dihedrals

--------------------------------------------------------------------------------
   2.  CONTROL  DATA  FOR  THE  RUN
--------------------------------------------------------------------------------

default_name                                                                    

General flags:
     imin    =       1, nmropt  =       0

Nature and format of input:
     ntx     =       1, irest   =       0, ntrx    =       1

Nature and format of output:
     ntxo    =       2, ntpr    =       5, ntrx    =       1, ntwr    =       1
     iwrap   =       0, ntwx    =       0, ntwv    =       0, ntwe    =       0
     ioutfm  =       1, ntwprt  =       0, idecomp =       0, rbornstat=      0

Potential function:
     ntf     =       1, ntb     =       0, igb     =       0, nsnb    =      25
     ipol    =       0, gbsa    =       0, iesp    =       0
     dielc   =   1.00000, cut     =  99.00000, intdiel =   1.00000

Frozen or restrained atoms:
     ibelly  =       0, ntr     =       0

Energy minimization:
     maxcyc  =       1, ncyc    =      10, ntmin   =       1
     dx0     =   0.01000, drms    =   0.00010
|  INFO: Old style inpcrd file read


--------------------------------------------------------------------------------
   3.  ATOMIC COORDINATES AND VELOCITIES
--------------------------------------------------------------------------------

default_name                                                                    
 begin time read from input coords =     0.000 ps

 Number of triangulated 3-point waters found:        0

     Sum of charges from parm topology file =   0.00099900
     Forcing neutrality...

--------------------------------------------------------------------------------
   4.  RESULTS
--------------------------------------------------------------------------------

 ---------------------------------------------------

     eedmeth=4: Setting switch to one everywhere

 ---------------------------------------------------
| Local SIZE OF NONBOND LIST =        535
| TOTAL SIZE OF NONBOND LIST =        535


   NSTEP       ENERGY          RMS            GMAX         NAME    NUMBER
      1       3.2785E+01     1.4256E+01     3.9821E+01     O01         6

 BOND    =        9.6522  ANGLE   =       10.4716  DIHED      =       17.3721
 VDWAALS =        3.2514  EEL     =       -6.9626  HBOND      =        0.0000
 1-4 VDW =       17.1038  1-4 EEL =      -18.1032  RESTRAINT  =        0.0000


  Maximum number of minimization cycles reached.


                    FINAL RESULTS



   NSTEP       ENERGY          RMS            GMAX         NAME    NUMBER
      1       3.2785E+01     1.4256E+01     3.9821E+01     O01         6

 BOND    =        9.6522  ANGLE   =       10.4716  DIHED      =       17.3721
 VDWAALS =        3.2514  EEL     =       -6.9626  HBOND      =        0.0000
 1-4 VDW =       17.1038  1-4 EEL =      -18.1032  RESTRAINT  =        0.0000

--------------------------------------------------------------------------------
   5.  TIMINGS
--------------------------------------------------------------------------------

|    Read coords time           0.00 ( 0.38% of Total)
|                Build the list             0.00 (95.60% of List )
|                Other                      0.00 ( 4.40% of List )
|             List time                  0.00 (73.72% of Nonbo)
|                   Short_ene time             0.00 (96.96% of Direc)
|                   Other                      0.00 ( 3.04% of Direc)
|                Direct Ewald time          0.00 (85.58% of Ewald)
|                Force Adjust               0.00 ( 0.73% of Ewald)
|                Virial junk                0.00 ( 3.33% of Ewald)
|                Start synchronizatio       0.00 ( 0.38% of Ewald)
|                Other                      0.00 ( 9.98% of Ewald)
|             Ewald time                 0.00 (25.71% of Nonbo)
|             Other                      0.00 ( 0.57% of Nonbo)
|          Nonbond force              0.00 (77.09% of Force)
|          Bond/Angle/Dihedral        0.00 (21.00% of Force)
|          Other                      0.00 ( 1.90% of Force)
|       Force time                 0.00 (100.0% of Runmd)
|    Runmd Time                 0.00 ( 0.25% of Total)
|    Other                      0.54 (99.37% of Total)
| Total time                 0.54 (99.88% of ALL  )

| Number of list builds   :          1

| Highest rstack allocated:        145
| Highest istack allocated:         29
|           Job began  at 19:24:09.206  on 08/12/2016
|           Setup done at 19:24:09.350  on 08/12/2016
|           Run   done at 19:24:09.752  on 08/12/2016
|     wallclock() was called      58 times
