            --------------------------------------------------------
                             AMBER SQM VERSION 14
 
                                     By
              Ross C. Walker, Michael F. Crowley, Scott Brozell,
                         Tim Giese, Andreas W. Goetz,
                        Tai-Sung Lee and David A. Case
 
            --------------------------------------------------------
 

--------------------------------------------------------------------------------
  QM CALCULATION INFO
--------------------------------------------------------------------------------

| QMMM: Citation for AMBER QMMM Run:
| QMMM: R.C. Walker, M.F. Crowley and D.A. Case, J. COMP. CHEM. 29:1019, 2008

QMMM: SINGLET STATE CALCULATION
QMMM: RHF CALCULATION, NO. OF DOUBLY OCCUPIED LEVELS = 49

| QMMM: *** Selected Hamiltonian *** 
| QMMM: AM1         

| QMMM: *** Parameter sets in use ***
| QMMM: C : M.J.S.DEWAR et al. JACS, 107, 3902, (1985)
| QMMM: O : M.J.S.DEWAR et al. JACS, 107, 3902, (1985)
| QMMM: H : M.J.S.DEWAR et al. JACS, 107, 3902, (1985)

| QMMM: *** SCF convergence criteria ***
| QMMM: Energy change                :  0.1D-09 kcal/mol
| QMMM: Error matrix |FP-PF|         :  0.1D+00 au
| QMMM: Density matrix change        :  0.5D-06
| QMMM: Maximum number of SCF cycles :     1000

| QMMM: *** Diagonalization Routine Information ***
| QMMM: Pseudo diagonalizations are allowed.
| QMMM: Auto diagonalization routine selection is in use.
| QMMM:
| QMMM: Timing diagonalization routines:
| QMMM:                              norbs =       94
| QMMM:    diag iterations used for timing =       15
| QMMM:
| QMMM:              Internal diag routine = 0.047800 seconds
| QMMM:                 Dspev diag routine = 0.081886 seconds
| QMMM:                Dspevd diag routine = 0.057290 seconds
| QMMM:                Dspevx diag routine = 0.184834 seconds
| QMMM:                 Dsyev diag routine = 0.087041 seconds
| QMMM:                Dsyevd diag routine = 0.067535 seconds
| QMMM:                Dsyevr diag routine = 0.058179 seconds
| QMMM:
| QMMM:                Pseudo diag routine = 0.024032 seconds
| QMMM:
| QMMM: Using internal diagonalization routine (diag_routine=1).

  QMMM: QM Region Cartesian Coordinates (*=link atom) 
  QMMM: QM_NO.   MM_NO.  ATOM         X         Y         Z
  QMMM:     1        1      C       -3.3610    1.1890    0.5680
  QMMM:     2        2      C       -4.3830    0.3570    0.1330
  QMMM:     3        3      C       -4.0810   -0.8810   -0.4150
  QMMM:     4        4      C       -2.7640   -1.2830   -0.5270
  QMMM:     5        5      C       -1.7480   -0.4520   -0.0930
  QMMM:     6        6      C       -2.0460    0.7850    0.4480
  QMMM:     7        7      C       -0.3120   -0.8930   -0.2160
  QMMM:     8        8      C        0.4560    0.0970   -1.0880
  QMMM:     9        9      C        1.9080   -0.3500   -1.2670
  QMMM:    10       10      C        2.5780   -0.5740    0.1010
  QMMM:    11       11      C        1.7540   -1.4320    1.0330
  QMMM:    12       12      C        0.3350   -0.9320    1.1730
  QMMM:    13       13      C        2.6910    0.8850   -1.8020
  QMMM:    14       14      C        2.8780    1.7740   -0.5530
  QMMM:    15       15      C        2.7990    0.8350    0.6680
  QMMM:    16       16      C        3.9380   -1.2400   -0.1160
  QMMM:    17       17      O       -5.6780    0.7540    0.2450
  QMMM:    18       18      O        4.0220    0.8820    1.4060
  QMMM:    19       19      H       -3.5830    2.1080    0.9810
  QMMM:    20       20      H       -4.8400   -1.5010   -0.7390
  QMMM:    21       21      H       -2.5390   -2.2040   -0.9350
  QMMM:    22       22      H       -1.2850    1.4070    0.7620
  QMMM:    23       23      H       -0.2830   -1.8670   -0.6590
  QMMM:    24       24      H        0.4400    1.0600   -0.6220
  QMMM:    25       25      H       -0.0110    0.1410   -2.0500
  QMMM:    26       26      H        1.9180   -1.2250   -1.8830
  QMMM:    27       27      H        1.7300   -2.4310    0.6500
  QMMM:    28       28      H        2.2100   -1.3940    2.0000
  QMMM:    29       29      H        0.3400    0.0510    1.5960
  QMMM:    30       30      H       -0.2190   -1.5840    1.8150
  QMMM:    31       31      H        2.1270    1.3970   -2.5530
  QMMM:    32       32      H        3.6190    0.6180   -2.2620
  QMMM:    33       33      H        2.1030    2.5100   -0.5040
  QMMM:    34       34      H        3.8140    2.2920   -0.5830
  QMMM:    35       35      H        2.0110    1.1200    1.3340
  QMMM:    36       36      H        3.7940   -2.2240   -0.5120
  QMMM:    37       37      H        4.4570   -1.3030    0.8170
  QMMM:    38       38      H        4.5140   -0.6590   -0.8060
  QMMM:    39       39      H       -5.8810    1.5900    0.6150
  QMMM:    40       40      H        4.7580    0.6280    0.8280

--------------------------------------------------------------------------------
  RESULTS
--------------------------------------------------------------------------------

      iter         sqm energy              rms gradient
      ----    -------------------    -----------------------
xmin    10     -106.3902 kcal/mol        0.2867 kcal/(mol*A)
xmin    20     -106.7006 kcal/mol        0.4148 kcal/(mol*A)
xmin    30     -106.8112 kcal/mol        0.1800 kcal/(mol*A)
xmin    40     -106.8346 kcal/mol        0.0473 kcal/(mol*A)
xmin    50     -106.8392 kcal/mol        0.0198 kcal/(mol*A)
xmin    60     -106.8393 kcal/mol        0.0024 kcal/(mol*A)
xmin    70     -106.8393 kcal/mol        0.0011 kcal/(mol*A)
  ... geometry converged !
 
 Final MO eigenvalues (eV):
 -41.5773  -40.2385  -38.3131  -36.9687  -35.0390  -33.4296  -31.6482  -30.4160
 -30.1085  -26.9891  -26.5991  -23.8446  -23.7156  -23.0698  -21.4598  -20.9878
 -19.6105  -18.9925  -17.5621  -17.2505  -16.7061  -16.3729  -15.6656  -15.4585
 -15.3193  -15.0087  -14.9869  -14.7413  -14.6275  -14.2734  -13.8441  -13.7370
 -13.4754  -13.2397  -13.0481  -12.8565  -12.7368  -12.3536  -12.2465  -12.0590
 -11.9016  -11.7197  -11.4784  -11.1638  -11.1091  -10.9323  -10.5117   -9.8413
  -8.9377    0.4103    0.4629    2.7684    3.0357    3.2213    3.3332    3.4150
   3.6286    3.7609    3.8136    3.8432    3.9129    3.9551    4.0828    4.1048
   4.1235    4.2202    4.2524    4.2882    4.3605    4.4258    4.4473    4.5432
   4.6210    4.6543    4.7282    4.7614    4.7667    4.8405    4.8831    4.9109
   4.9454    4.9851    5.0702    5.1048    5.1360    5.2503    5.2775    5.3191
   5.3365    5.4465    5.7124    5.8506    6.3288    6.4326

 Heat of formation   =       -106.83926930 kcal/mol  (       -4.63289837 eV)

 Total SCF energy    =     -69045.59780472 kcal/mol  (    -2994.04179371 eV)
 Electronic energy   =    -479847.24078473 kcal/mol  (   -20807.73777307 eV)
 Core-core repulsion =     410801.64298001 kcal/mol  (    17813.69597936 eV)
 
    Atomic Charges for Step       1 :
  Atom    Element       Mulliken Charge
     1      C                 -0.211
     2      C                  0.076
     3      C                 -0.156
     4      C                 -0.094
     5      C                 -0.102
     6      C                 -0.087
     7      C                 -0.062
     8      C                 -0.146
     9      C                 -0.096
    10      C                 -0.078
    11      C                 -0.144
    12      C                 -0.150
    13      C                 -0.158
    14      C                 -0.192
    15      C                  0.032
    16      C                 -0.211
    17      O                 -0.252
    18      O                 -0.319
    19      H                  0.133
    20      H                  0.150
    21      H                  0.134
    22      H                  0.134
    23      H                  0.093
    24      H                  0.082
    25      H                  0.086
    26      H                  0.093
    27      H                  0.079
    28      H                  0.094
    29      H                  0.081
    30      H                  0.087
    31      H                  0.087
    32      H                  0.080
    33      H                  0.090
    34      H                  0.085
    35      H                  0.117
    36      H                  0.080
    37      H                  0.081
    38      H                  0.071
    39      H                  0.217
    40      H                  0.197
 Total Mulliken Charge =      -0.000
 
                  X        Y        Z     TOTAL  
  QM DIPOLE     0.713    0.436   -1.050    1.342
 
 Final Structure

  QMMM: QM Region Cartesian Coordinates (*=link atom) 
  QMMM: QM_NO.   MM_NO.  ATOM         X         Y         Z
  QMMM:     1        1      C       -3.5491    1.1192    0.5564
  QMMM:     2        2      C       -4.5047    0.2060    0.0904
  QMMM:     3        3      C       -4.1122   -1.0271   -0.4551
  QMMM:     4        4      C       -2.7579   -1.3328   -0.5277
  QMMM:     5        5      C       -1.7884   -0.4316   -0.0665
  QMMM:     6        6      C       -2.1983    0.7924    0.4739
  QMMM:     7        7      C       -0.3391   -0.7870   -0.1564
  QMMM:     8        8      C        0.4111    0.1893   -1.0500
  QMMM:     9        9      C        1.8724   -0.1898   -1.2196
  QMMM:    10       10      C        2.5954   -0.5257    0.1024
  QMMM:    11       11      C        1.7474   -1.2774    1.1180
  QMMM:    12       12      C        0.3158   -0.8037    1.2184
  QMMM:    13       13      C        2.6475    1.0048   -1.7915
  QMMM:    14       14      C        3.2676    1.7366   -0.6090
  QMMM:    15       15      C        3.0322    0.8650    0.6341
  QMMM:    16       16      C        3.8192   -1.3790   -0.2097
  QMMM:    17       17      O       -5.8577    0.4556    0.1369
  QMMM:    18       18      O        4.1459    0.8305    1.4987
  QMMM:    19       19      H       -3.8631    2.0820    0.9826
  QMMM:    20       20      H       -4.8766   -1.7297   -0.8148
  QMMM:    21       21      H       -2.4470   -2.2990   -0.9544
  QMMM:    22       22      H       -1.4456    1.5076    0.8399
  QMMM:    23       23      H       -0.2448   -1.8189   -0.6029
  QMMM:    24       24      H        0.3408    1.2187   -0.6068
  QMMM:    25       25      H       -0.0745    0.2248   -2.0601
  QMMM:    26       26      H        1.9367   -1.0687   -1.9139
  QMMM:    27       27      H        1.7438   -2.3679    0.8468
  QMMM:    28       28      H        2.2408   -1.1825    2.1225
  QMMM:    29       29      H        0.2770    0.2235    1.6670
  QMMM:    30       30      H       -0.2535   -1.4880    1.9002
  QMMM:    31       31      H        1.9747    1.6779   -2.3775
  QMMM:    32       32      H        3.4465    0.6406   -2.4854
  QMMM:    33       33      H        2.7966    2.7399   -0.4663
  QMMM:    34       34      H        4.3627    1.8993   -0.7687
  QMMM:    35       35      H        2.2122    1.2971    1.2743
  QMMM:    36       36      H        3.5141   -2.3252   -0.7177
  QMMM:    37       37      H        4.3561   -1.6422    0.7338
  QMMM:    38       38      H        4.5170   -0.8241   -0.8824
  QMMM:    39       39      H       -5.9852    1.3289    0.5347
  QMMM:    40       40      H        4.9041    0.5114    0.9935

           --------- Calculation Completed ----------

