            --------------------------------------------------------
                             AMBER SQM VERSION 14
 
                                     By
              Ross C. Walker, Michael F. Crowley, Scott Brozell,
                         Tim Giese, Andreas W. Goetz,
                        Tai-Sung Lee and David A. Case
 
            --------------------------------------------------------
 

--------------------------------------------------------------------------------
  QM CALCULATION INFO
--------------------------------------------------------------------------------

| QMMM: Citation for AMBER QMMM Run:
| QMMM: R.C. Walker, M.F. Crowley and D.A. Case, J. COMP. CHEM. 29:1019, 2008

QMMM: SINGLET STATE CALCULATION
QMMM: RHF CALCULATION, NO. OF DOUBLY OCCUPIED LEVELS = 45

| QMMM: *** Selected Hamiltonian *** 
| QMMM: AM1         

| QMMM: *** Parameter sets in use ***
| QMMM: C : M.J.S.DEWAR et al. JACS, 107, 3902, (1985)
| QMMM: N : M.J.S.DEWAR et al. JACS, 107, 3902, (1985)
| QMMM: O : M.J.S.DEWAR et al. JACS, 107, 3902, (1985)
| QMMM: H : M.J.S.DEWAR et al. JACS, 107, 3902, (1985)

| QMMM: *** SCF convergence criteria ***
| QMMM: Energy change                :  0.1D-09 kcal/mol
| QMMM: Error matrix |FP-PF|         :  0.1D+00 au
| QMMM: Density matrix change        :  0.5D-06
| QMMM: Maximum number of SCF cycles :     1000

| QMMM: *** Diagonalization Routine Information ***
| QMMM: Pseudo diagonalizations are allowed.
| QMMM: Auto diagonalization routine selection is in use.
| QMMM:
| QMMM: Timing diagonalization routines:
| QMMM:                              norbs =       84
| QMMM:    diag iterations used for timing =       15
| QMMM:
| QMMM:              Internal diag routine = 0.035654 seconds
| QMMM:                 Dspev diag routine = 0.062231 seconds
| QMMM:                Dspevd diag routine = 0.044076 seconds
| QMMM:                Dspevx diag routine = 0.142200 seconds
| QMMM:                 Dsyev diag routine = 0.066430 seconds
| QMMM:                Dsyevd diag routine = 0.051848 seconds
| QMMM:                Dsyevr diag routine = 0.044657 seconds
| QMMM:
| QMMM:                Pseudo diag routine = 0.017207 seconds
| QMMM:
| QMMM: Using internal diagonalization routine (diag_routine=1).

  QMMM: QM Region Cartesian Coordinates (*=link atom) 
  QMMM: QM_NO.   MM_NO.  ATOM         X         Y         Z
  QMMM:     1        1      C       -0.5210    0.5620   -0.0020
  QMMM:     2        2      C       -1.8660    0.2330    0.0010
  QMMM:     3        3      N       -3.0390    0.9690    0.0020
  QMMM:     4        4      C       -3.1490    2.4300    0.0000
  QMMM:     5        5      C       -4.0730    0.0780    0.0040
  QMMM:     6        6      N       -5.4080    0.4160    0.0060
  QMMM:     7        7      N       -3.6060   -1.1470    0.0050
  QMMM:     8        8      C       -2.2500   -1.1210    0.0020
  QMMM:     9        9      N       -1.3230   -2.0790    0.0030
  QMMM:    10       10      C       -0.0390   -1.7980    0.0010
  QMMM:    11       11      C        0.4120   -0.4770   -0.0070
  QMMM:    12       12      C        1.8660   -0.1810   -0.0100
  QMMM:    13       13      C        2.3090    1.1410   -0.0130
  QMMM:    14       14      C        3.6610    1.4130   -0.0140
  QMMM:    15       15      C        4.5800    0.3730   -0.0140
  QMMM:    16       16      O        5.9110    0.6450   -0.0170
  QMMM:    17       17      C        4.1420   -0.9440   -0.0110
  QMMM:    18       18      C        2.7910   -1.2230   -0.0030
  QMMM:    19       19      H       -0.2160    1.5480   -0.0010
  QMMM:    20       20      H       -2.1700    2.8610   -0.0010
  QMMM:    21       21      H       -3.6780    2.7490    0.8740
  QMMM:    22       22      H       -3.6790    2.7470   -0.8740
  QMMM:    23       23      H       -5.6760    1.3630    0.0050
  QMMM:    24       24      H       -6.0940   -0.2900    0.0080
  QMMM:    25       25      H        0.6480   -2.5680    0.0050
  QMMM:    26       26      H        1.6260    1.9150   -0.0140
  QMMM:    27       27      H        3.9900    2.3910   -0.0150
  QMMM:    28       28      H        6.2080    1.5340   -0.0190
  QMMM:    29       29      H        4.8280   -1.7150   -0.0150
  QMMM:    30       30      H        2.4660   -2.2020    0.0080

--------------------------------------------------------------------------------
  RESULTS
--------------------------------------------------------------------------------

      iter         sqm energy              rms gradient
      ----    -------------------    -----------------------
xmin    10       72.4671 kcal/mol        0.3375 kcal/(mol*A)
xmin    20       71.1325 kcal/mol        0.2679 kcal/(mol*A)
xmin    30       71.0226 kcal/mol        0.2085 kcal/(mol*A)
xmin    40       70.7849 kcal/mol        1.0120 kcal/(mol*A)
xmin    50       69.5920 kcal/mol        0.9798 kcal/(mol*A)
xmin    60       69.0731 kcal/mol        0.6496 kcal/(mol*A)
xmin    70       68.9660 kcal/mol        0.4735 kcal/(mol*A)
xmin    80       68.9272 kcal/mol        0.0449 kcal/(mol*A)
xmin    90       68.9103 kcal/mol        0.0591 kcal/(mol*A)
xmin   100       68.9072 kcal/mol        0.0547 kcal/(mol*A)
xmin   110       68.9061 kcal/mol        0.0124 kcal/(mol*A)
xmin   120       68.9058 kcal/mol        0.0099 kcal/(mol*A)
xmin   130       68.9057 kcal/mol        0.0030 kcal/(mol*A)
xmin   140       68.9057 kcal/mol        0.0066 kcal/(mol*A)
xmin   150       68.9057 kcal/mol        0.0027 kcal/(mol*A)
xmin   160       68.9056 kcal/mol        0.0032 kcal/(mol*A)
xmin   170       68.9056 kcal/mol        0.0013 kcal/(mol*A)
  ... geometry converged !
 
 Final MO eigenvalues (eV):
 -41.6574  -40.4750  -38.8939  -37.4314  -35.4017  -34.5577  -33.1400  -31.8469
 -30.8962  -28.0951  -27.6544  -24.3901  -24.1815  -23.1122  -22.2065  -21.2683
 -19.1780  -19.0738  -18.3782  -17.5732  -17.1021  -16.8389  -16.4531  -16.2125
 -15.9322  -15.2173  -15.1071  -14.7744  -14.6374  -14.5134  -14.3155  -13.7392
 -13.6753  -13.3503  -12.9806  -12.7396  -12.0770  -11.9452  -11.6917  -11.1823
 -10.3747  -10.0073   -9.6717   -9.2769   -8.4291   -0.4667    0.2377    0.2795
   0.4729    1.1432    1.4015    2.3022    2.6177    2.8873    2.9242    3.1054
   3.2586    3.4522    3.6136    3.6528    3.6866    3.7288    3.8236    3.8538
   4.0587    4.1190    4.1410    4.3432    4.5765    4.6365    4.8210    4.8937
   4.9829    5.0243    5.1027    5.1880    5.3090    5.5056    5.6656    5.7748
   6.0089    6.1822    6.4076    6.9882

 Heat of formation   =         68.90564302 kcal/mol  (        2.98797290 eV)

 Total SCF energy    =     -68623.40360019 kcal/mol  (    -2975.73407919 eV)
 Electronic energy   =    -410268.31040202 kcal/mol  (   -17790.56894333 eV)
 Core-core repulsion =     341644.90680183 kcal/mol  (    14814.83486414 eV)
 
    Atomic Charges for Step       1 :
  Atom    Element       Mulliken Charge
     1      C                 -0.081
     2      C                 -0.082
     3      N                 -0.200
     4      C                 -0.067
     5      C                  0.118
     6      N                 -0.294
     7      N                 -0.160
     8      C                  0.004
     9      N                 -0.084
    10      C                 -0.069
    11      C                 -0.080
    12      C                 -0.067
    13      C                 -0.082
    14      C                 -0.214
    15      C                  0.082
    16      O                 -0.249
    17      C                 -0.155
    18      C                 -0.085
    19      H                  0.140
    20      H                  0.100
    21      H                  0.084
    22      H                  0.089
    23      H                  0.191
    24      H                  0.214
    25      H                  0.164
    26      H                  0.134
    27      H                  0.135
    28      H                  0.219
    29      H                  0.153
    30      H                  0.141
 Total Mulliken Charge =      -0.000
 
                  X        Y        Z     TOTAL  
  QM DIPOLE    -0.816    5.874    1.664    6.160
 
 Final Structure

  QMMM: QM Region Cartesian Coordinates (*=link atom) 
  QMMM: QM_NO.   MM_NO.  ATOM         X         Y         Z
  QMMM:     1        1      C       -0.5055    0.6080    0.1219
  QMMM:     2        2      C       -1.8538    0.2678    0.0194
  QMMM:     3        3      N       -3.0399    0.9761    0.2608
  QMMM:     4        4      C       -3.1746    2.3933    0.3082
  QMMM:     5        5      C       -4.1032    0.0590   -0.0535
  QMMM:     6        6      N       -5.4462    0.4763   -0.0660
  QMMM:     7        7      N       -3.6579   -1.1917   -0.3738
  QMMM:     8        8      C       -2.2440   -1.0969   -0.3511
  QMMM:     9        9      N       -1.3246   -2.0685   -0.6043
  QMMM:    10       10      C       -0.0438   -1.6983   -0.4987
  QMMM:    11       11      C        0.4242   -0.4008   -0.1462
  QMMM:    12       12      C        1.8558   -0.1390   -0.0685
  QMMM:    13       13      C        2.3850    1.0663   -0.5498
  QMMM:    14       14      C        3.7512    1.3217   -0.4799
  QMMM:    15       15      C        4.6015    0.3588    0.0812
  QMMM:    16       16      O        5.9611    0.5381    0.1874
  QMMM:    17       17      C        4.0887   -0.8549    0.5698
  QMMM:    18       18      C        2.7226   -1.0929    0.4897
  QMMM:    19       19      H       -0.1820    1.6182    0.4082
  QMMM:    20       20      H       -2.1741    2.8553    0.5207
  QMMM:    21       21      H       -3.8881    2.6707    1.1312
  QMMM:    22       22      H       -3.5691    2.7996   -0.6630
  QMMM:    23       23      H       -5.6756    1.0940    0.6846
  QMMM:    24       24      H       -6.0852   -0.2894   -0.1464
  QMMM:    25       25      H        0.6889   -2.4979   -0.7192
  QMMM:    26       26      H        1.7149    1.8164   -0.9971
  QMMM:    27       27      H        4.1599    2.2669   -0.8634
  QMMM:    28       28      H        6.1789    1.4019   -0.1921
  QMMM:    29       29      H        4.7725   -1.5957    1.0076
  QMMM:    30       30      H        2.3137   -2.0396    0.8763

           --------- Calculation Completed ----------

