
          -------------------------------------------------------
          Amber 16 SANDER                              2016
          -------------------------------------------------------

| Run on 08/12/2016 at 19:24:11

|   Executable path: sander
| Working directory: /net/roos/home4/zuckerman/spiriti/estrogen-receptor2/ligands5/est
|          Hostname: n000.dcb.private.net

  [-O]verwriting output

File Assignments:
|  MDIN: ../amber.in                                                           
| MDOUT: amber.out                                                             
|INPCRD: est.inpcrd                                                            
|  PARM: est.prm7                                                              
|RESTRT: restrt                                                                
|  REFC: refc                                                                  
| MDVEL: mdvel                                                                 
| MDFRC: mdfrc                                                                 
|  MDEN: mden                                                                  
| MDCRD: mdcrd                                                                 
|MDINFO: mdinfo                                                                
|  MTMD: mtmd                                                                  
|INPDIP: inpdip                                                                
|RSTDIP: rstdip                                                                
|INPTRA: inptraj                                                               


 Here is the input file:

test file                                                                      
&cntrl                                                                         
imin=1, maxcyc=1,                                                              
ntpr=5, cut=99, igb=0, ntb=0                                                   
/                                                                              

--------------------------------------------------------------------------------
   1.  RESOURCE   USE: 
--------------------------------------------------------------------------------

| Flags:                                                                        
|    NONPERIODIC   ntb=0 and igb=0: Setting up nonperiodic simulation
|  *** cutoff > system size, list only builds once
|Largest sphere to fit in unit cell has radius =    31.883
| New format PARM file being parsed.
| Version =    1.000 Date = 07/06/16 Time = 22:37:59
 NATOM  =      44 NTYPES =       7 NBONH =      24 MBONA  =      23
 NTHETH =      56 MTHETA =      36 NPHIH =     112 MPHIA  =     108
 NHPARM =       0 NPARM  =       0 NNB   =     284 NRES   =       1
 NBONA  =      23 NTHETA =      36 NPHIA =     108 NUMBND =       9
 NUMANG =      14 NPTRA  =      13 NATYP =       7 NPHB   =       0
 IFBOX  =       0 NMXRS  =      44 IFCAP =       0 NEXTRA =       0
 NCOPY  =       0


|     Memory Use     Allocated
|     Real                7772
|     Hollerith            135
|     Integer            31779
|     Max Pairs            946
|     nblistReal           528
|     nblist Int        967340
|       Total             3971 kbytes

| Note: 1-4 EEL scale factors are being read from the topology file.

| Note: 1-4 VDW scale factors are being read from the topology file.
| Duplicated    0 dihedrals
| Duplicated    0 dihedrals

--------------------------------------------------------------------------------
   2.  CONTROL  DATA  FOR  THE  RUN
--------------------------------------------------------------------------------

default_name                                                                    

General flags:
     imin    =       1, nmropt  =       0

Nature and format of input:
     ntx     =       1, irest   =       0, ntrx    =       1

Nature and format of output:
     ntxo    =       2, ntpr    =       5, ntrx    =       1, ntwr    =       1
     iwrap   =       0, ntwx    =       0, ntwv    =       0, ntwe    =       0
     ioutfm  =       1, ntwprt  =       0, idecomp =       0, rbornstat=      0

Potential function:
     ntf     =       1, ntb     =       0, igb     =       0, nsnb    =      25
     ipol    =       0, gbsa    =       0, iesp    =       0
     dielc   =   1.00000, cut     =  99.00000, intdiel =   1.00000

Frozen or restrained atoms:
     ibelly  =       0, ntr     =       0

Energy minimization:
     maxcyc  =       1, ncyc    =      10, ntmin   =       1
     dx0     =   0.01000, drms    =   0.00010
|  INFO: Old style inpcrd file read


--------------------------------------------------------------------------------
   3.  ATOMIC COORDINATES AND VELOCITIES
--------------------------------------------------------------------------------

default_name                                                                    
 begin time read from input coords =     0.000 ps

 Number of triangulated 3-point waters found:        0

     Sum of charges from parm topology file =   0.00300100
     Forcing neutrality...

--------------------------------------------------------------------------------
   4.  RESULTS
--------------------------------------------------------------------------------

 ---------------------------------------------------

     eedmeth=4: Setting switch to one everywhere

 ---------------------------------------------------
| Local SIZE OF NONBOND LIST =        663
| TOTAL SIZE OF NONBOND LIST =        663


   NSTEP       ENERGY          RMS            GMAX         NAME    NUMBER
      1       5.9026E+01     1.8116E+01     6.7206E+01     H18        30

 BOND    =       10.0519  ANGLE   =       14.7837  DIHED      =       20.0304
 VDWAALS =       21.6739  EEL     =       -3.2556  HBOND      =        0.0000
 1-4 VDW =       20.7508  1-4 EEL =      -25.0095  RESTRAINT  =        0.0000


  Maximum number of minimization cycles reached.


                    FINAL RESULTS



   NSTEP       ENERGY          RMS            GMAX         NAME    NUMBER
      1       5.9026E+01     1.8116E+01     6.7206E+01     H18        30

 BOND    =       10.0519  ANGLE   =       14.7837  DIHED      =       20.0304
 VDWAALS =       21.6739  EEL     =       -3.2556  HBOND      =        0.0000
 1-4 VDW =       20.7508  1-4 EEL =      -25.0095  RESTRAINT  =        0.0000

--------------------------------------------------------------------------------
   5.  TIMINGS
--------------------------------------------------------------------------------

|    Read coords time           0.00 ( 0.34% of Total)
|                Build the list             0.00 (96.17% of List )
|                Other                      0.00 ( 3.83% of List )
|             List time                  0.00 (72.64% of Nonbo)
|                   Short_ene time             0.00 (98.10% of Direc)
|                   Other                      0.00 ( 1.90% of Direc)
|                Direct Ewald time          0.00 (86.97% of Ewald)
|                Virial junk                0.00 ( 2.01% of Ewald)
|                Start synchronizatio       0.00 ( 0.68% of Ewald)
|                Other                      0.00 (10.35% of Ewald)
|             Ewald time                 0.00 (26.91% of Nonbo)
|             Other                      0.00 ( 0.45% of Nonbo)
|          Nonbond force              0.00 (78.47% of Force)
|          Bond/Angle/Dihedral        0.00 (19.92% of Force)
|          Other                      0.00 ( 1.61% of Force)
|       Force time                 0.00 (100.0% of Runmd)
|    Runmd Time                 0.00 ( 0.25% of Total)
|    Other                      0.57 (99.41% of Total)
| Total time                 0.58 (99.88% of ALL  )

| Number of list builds   :          1

| Highest rstack allocated:        195
| Highest istack allocated:         39
|           Job began  at 19:24:11.718  on 08/12/2016
|           Setup done at 19:24:11.924  on 08/12/2016
|           Run   done at 19:24:12.297  on 08/12/2016
|     wallclock() was called      58 times
