            --------------------------------------------------------
                             AMBER SQM VERSION 14
 
                                     By
              Ross C. Walker, Michael F. Crowley, Scott Brozell,
                         Tim Giese, Andreas W. Goetz,
                        Tai-Sung Lee and David A. Case
 
            --------------------------------------------------------
 

--------------------------------------------------------------------------------
  QM CALCULATION INFO
--------------------------------------------------------------------------------

| QMMM: Citation for AMBER QMMM Run:
| QMMM: R.C. Walker, M.F. Crowley and D.A. Case, J. COMP. CHEM. 29:1019, 2008

QMMM: SINGLET STATE CALCULATION
QMMM: RHF CALCULATION, NO. OF DOUBLY OCCUPIED LEVELS = 54

| QMMM: *** Selected Hamiltonian *** 
| QMMM: AM1         

| QMMM: *** Parameter sets in use ***
| QMMM: C : M.J.S.DEWAR et al. JACS, 107, 3902, (1985)
| QMMM: O : M.J.S.DEWAR et al. JACS, 107, 3902, (1985)
| QMMM: H : M.J.S.DEWAR et al. JACS, 107, 3902, (1985)

| QMMM: *** SCF convergence criteria ***
| QMMM: Energy change                :  0.1D-09 kcal/mol
| QMMM: Error matrix |FP-PF|         :  0.1D+00 au
| QMMM: Density matrix change        :  0.5D-06
| QMMM: Maximum number of SCF cycles :     1000

| QMMM: *** Diagonalization Routine Information ***
| QMMM: Pseudo diagonalizations are allowed.
| QMMM: Auto diagonalization routine selection is in use.
| QMMM:
| QMMM: Timing diagonalization routines:
| QMMM:                              norbs =      104
| QMMM:    diag iterations used for timing =       10
| QMMM:
| QMMM:              Internal diag routine = 0.041738 seconds
| QMMM:                 Dspev diag routine = 0.070160 seconds
| QMMM:                Dspevd diag routine = 0.047228 seconds
| QMMM:                Dspevx diag routine = 0.155877 seconds
| QMMM:                 Dsyev diag routine = 0.074359 seconds
| QMMM:                Dsyevd diag routine = 0.055300 seconds
| QMMM:                Dsyevr diag routine = 0.049607 seconds
| QMMM:
| QMMM:                Pseudo diag routine = 0.021571 seconds
| QMMM:
| QMMM: Using internal diagonalization routine (diag_routine=1).

  QMMM: QM Region Cartesian Coordinates (*=link atom) 
  QMMM: QM_NO.   MM_NO.  ATOM         X         Y         Z
  QMMM:     1        1      C        1.4630   -0.4460   -2.4860
  QMMM:     2        2      C        1.4540   -0.1540   -3.8330
  QMMM:     3        3      C        0.2700    0.2320   -4.4440
  QMMM:     4        4      O        0.2490    0.5180   -5.7720
  QMMM:     5        5      C       -0.8880    0.3280   -3.6940
  QMMM:     6        6      C       -0.8770    0.0390   -2.3360
  QMMM:     7        7      C       -2.1740    0.1760   -1.5820
  QMMM:     8        8      C       -2.1020   -0.5200   -0.2230
  QMMM:     9        9      C       -0.8160   -0.0770    0.4740
  QMMM:    10       10      C        0.3660   -0.7020   -0.2760
  QMMM:    11       11      C        0.2790   -0.3550   -1.7330
  QMMM:    12       12      C        1.6950   -0.2820    0.3320
  QMMM:    13       13      C        1.7440   -0.6400    1.8300
  QMMM:    14       14      C        0.5700    0.0410    2.5040
  QMMM:    15       15      C       -0.7320   -0.5570    1.9060
  QMMM:    16       16      C       -1.8160   -0.0700    2.8620
  QMMM:    17       17      C       -1.1150    0.0740    4.2360
  QMMM:    18       18      C        0.3960   -0.2410    4.0000
  QMMM:    19       19      O        1.2210    0.6110    4.7960
  QMMM:    20       20      C        0.6220    1.5500    2.2550
  QMMM:    21       21      H        2.3420   -0.7330   -2.0280
  QMMM:    22       22      H        2.3240   -0.2220   -4.3840
  QMMM:    23       23      H        1.0350    0.4520   -6.2780
  QMMM:    24       24      H       -1.7690    0.6170   -4.1480
  QMMM:    25       25      H       -2.9600   -0.2650   -2.1580
  QMMM:    26       26      H       -2.3620    1.2170   -1.4190
  QMMM:    27       27      H       -2.0930   -1.5810   -0.3600
  QMMM:    28       28      H       -2.9530   -0.2590    0.3710
  QMMM:    29       29      H       -0.8000    0.9930    0.4730
  QMMM:    30       30      H        0.3140   -1.7660   -0.1810
  QMMM:    31       31      H        1.8150    0.7750    0.2190
  QMMM:    32       32      H        2.4840   -0.8000   -0.1720
  QMMM:    33       33      H        2.6610   -0.2930    2.2580
  QMMM:    34       34      H        1.6900   -1.7000    1.9640
  QMMM:    35       35      H       -0.8070   -1.6220    1.8380
  QMMM:    36       36      H       -2.6120   -0.7830    2.9200
  QMMM:    37       37      H       -2.2490    0.8530    2.5370
  QMMM:    38       38      H       -1.5310   -0.6180    4.9370
  QMMM:    39       39      H       -1.2470    1.0580    4.6360
  QMMM:    40       40      H        0.6760   -1.2370    4.2720
  QMMM:    41       41      H        1.0160    1.5380    4.5970
  QMMM:    42       42      H        0.7440    1.7350    1.2080
  QMMM:    43       43      H        1.4470    1.9710    2.7900
  QMMM:    44       44      H       -0.2890    1.9990    2.5930

--------------------------------------------------------------------------------
  RESULTS
--------------------------------------------------------------------------------

      iter         sqm energy              rms gradient
      ----    -------------------    -----------------------
xmin    10     -107.4789 kcal/mol        0.9734 kcal/(mol*A)
xmin    20     -107.6595 kcal/mol        0.2873 kcal/(mol*A)
xmin    30     -107.7133 kcal/mol        0.0615 kcal/(mol*A)
xmin    40     -107.7179 kcal/mol        0.0171 kcal/(mol*A)
xmin    50     -107.7183 kcal/mol        0.0100 kcal/(mol*A)
xmin    60     -107.7184 kcal/mol        0.0116 kcal/(mol*A)
xmin    70     -107.7185 kcal/mol        0.0082 kcal/(mol*A)
xmin    80     -107.7185 kcal/mol        0.0023 kcal/(mol*A)
  ... geometry converged !
 
 Final MO eigenvalues (eV):
 -41.9982  -40.4155  -38.8252  -37.1469  -35.4485  -35.0574  -32.8240  -31.0664
 -29.9786  -29.2499  -27.1915  -27.0259  -24.4522  -23.6355  -23.3365  -21.7275
 -20.9717  -20.5423  -19.4483  -18.4868  -17.7232  -17.0695  -16.8270  -16.4742
 -15.9527  -15.8260  -15.4512  -15.1505  -14.8435  -14.7998  -14.5607  -14.4493
 -14.2021  -14.0531  -13.7119  -13.5382  -13.3134  -13.0236  -12.9680  -12.8098
 -12.5861  -12.4031  -12.2555  -11.8761  -11.8309  -11.6758  -11.6126  -11.3112
 -11.2946  -11.0230  -10.7402  -10.4488   -9.5458   -8.8523    0.3756    0.5143
   2.7320    3.0232    3.1285    3.2733    3.3784    3.6144    3.6882    3.7661
   3.7922    3.8357    3.8814    3.9920    4.0065    4.0530    4.1249    4.1679
   4.2119    4.2410    4.2683    4.3601    4.3922    4.4075    4.4837    4.5763
   4.5986    4.6806    4.7395    4.7465    4.7896    4.7993    4.8734    4.8849
   4.9135    4.9368    4.9947    5.0046    5.1082    5.1206    5.1398    5.2087
   5.2855    5.3437    5.3997    5.5375    5.7547    5.8883    6.3631    6.4290


 Heat of formation   =       -107.71853094 kcal/mol  (       -4.67102602 eV)

 Total SCF energy    =     -75590.35312332 kcal/mol  (    -3277.84368082 eV)
 Electronic energy   =    -568375.35269821 kcal/mol  (   -24646.60477422 eV)
 Core-core repulsion =     492784.99957489 kcal/mol  (    21368.76109340 eV)
 
    Atomic Charges for Step       1 :
  Atom    Element       Mulliken Charge
     1      C                 -0.091
     2      C                 -0.215
     3      C                  0.078
     4      O                 -0.253
     5      C                 -0.162
     6      C                 -0.030
     7      C                 -0.123
     8      C                 -0.152
     9      C                 -0.087
    10      C                 -0.055
    11      C                 -0.093
    12      C                 -0.151
    13      C                 -0.140
    14      C                 -0.083
    15      C                 -0.102
    16      C                 -0.151
    17      C                 -0.192
    18      C                  0.033
    19      O                 -0.317
    20      C                 -0.209
    21      H                  0.134
    22      H                  0.132
    23      H                  0.217
    24      H                  0.148
    25      H                  0.093
    26      H                  0.092
    27      H                  0.084
    28      H                  0.084
    29      H                  0.100
    30      H                  0.095
    31      H                  0.086
    32      H                  0.078
    33      H                  0.090
    34      H                  0.080
    35      H                  0.088
    36      H                  0.085
    37      H                  0.084
    38      H                  0.091
    39      H                  0.086
    40      H                  0.117
    41      H                  0.198
    42      H                  0.086
    43      H                  0.079
    44      H                  0.071
 Total Mulliken Charge =      -0.000
 
                  X        Y        Z     TOTAL  
  QM DIPOLE    -0.145    0.232   -0.372    0.462
 
 Final Structure

  QMMM: QM Region Cartesian Coordinates (*=link atom) 
  QMMM: QM_NO.   MM_NO.  ATOM         X         Y         Z
  QMMM:     1        1      C        1.4891   -0.3790   -2.5509
  QMMM:     2        2      C        1.4552   -0.1260   -3.9185
  QMMM:     3        3      C        0.2282    0.1695   -4.5257
  QMMM:     4        4      O        0.1049    0.4300   -5.8723
  QMMM:     5        5      C       -0.9489    0.2123   -3.7676
  QMMM:     6        6      C       -0.9002   -0.0412   -2.3934
  QMMM:     7        7      C       -2.1848    0.0490   -1.6424
  QMMM:     8        8      C       -2.1007   -0.4574   -0.2191
  QMMM:     9        9      C       -0.8022   -0.0051    0.4231
  QMMM:    10       10      C        0.3755   -0.6710   -0.3113
  QMMM:    11       11      C        0.3272   -0.3400   -1.7711
  QMMM:    12       12      C        1.7136   -0.3328    0.3392
  QMMM:    13       13      C        1.7431   -0.5599    1.8431
  QMMM:    14       14      C        0.5810    0.1384    2.5260
  QMMM:    15       15      C       -0.7204   -0.3928    1.8817
  QMMM:    16       16      C       -1.8192    0.0380    2.8443
  QMMM:    17       17      C       -1.1710   -0.0501    4.2276
  QMMM:    18       18      C        0.3457   -0.2478    4.0103
  QMMM:    19       19      O        1.1276    0.4644    4.9410
  QMMM:    20       20      C        0.7411    1.6452    2.4210
  QMMM:    21       21      H        2.4595   -0.6150   -2.0881
  QMMM:    22       22      H        2.3777   -0.1593   -4.5141
  QMMM:    23       23      H        0.9859    0.3642   -6.2681
  QMMM:    24       24      H       -1.9027    0.4458   -4.2620
  QMMM:    25       25      H       -2.9783   -0.5245   -2.1937
  QMMM:    26       26      H       -2.5048    1.1279   -1.6334
  QMMM:    27       27      H       -2.1612   -1.5771   -0.2043
  QMMM:    28       28      H       -2.9705   -0.0671    0.3713
  QMMM:    29       29      H       -0.7247    1.1116    0.3171
  QMMM:    30       30      H        0.2360   -1.7909   -0.2265
  QMMM:    31       31      H        1.9754    0.7335    0.1127
  QMMM:    32       32      H        2.5132   -0.9781   -0.1137
  QMMM:    33       33      H        2.7125   -0.1772    2.2559
  QMMM:    34       34      H        1.6954   -1.6599    2.0576
  QMMM:    35       35      H       -0.6794   -1.5223    1.9222
  QMMM:    36       36      H       -2.7103   -0.6309    2.7677
  QMMM:    37       37      H       -2.1558    1.0815    2.6253
  QMMM:    38       38      H       -1.5862   -0.9081    4.8092
  QMMM:    39       39      H       -1.3593    0.8821    4.8150
  QMMM:    40       40      H        0.6401   -1.3208    4.1784
  QMMM:    41       41      H        0.8754    1.3950    4.8920
  QMMM:    42       42      H        0.8033    1.9775    1.3580
  QMMM:    43       43      H        1.6833    1.9595    2.9347
  QMMM:    44       44      H       -0.1238    2.1628    2.9026

           --------- Calculation Completed ----------

