            --------------------------------------------------------
                             AMBER SQM VERSION 14
 
                                     By
              Ross C. Walker, Michael F. Crowley, Scott Brozell,
                         Tim Giese, Andreas W. Goetz,
                        Tai-Sung Lee and David A. Case
 
            --------------------------------------------------------
 

--------------------------------------------------------------------------------
  QM CALCULATION INFO
--------------------------------------------------------------------------------

| QMMM: Citation for AMBER QMMM Run:
| QMMM: R.C. Walker, M.F. Crowley and D.A. Case, J. COMP. CHEM. 29:1019, 2008

QMMM: SINGLET STATE CALCULATION
QMMM: RHF CALCULATION, NO. OF DOUBLY OCCUPIED LEVELS = 89

| QMMM: *** Selected Hamiltonian *** 
| QMMM: AM1         

| QMMM: *** Parameter sets in use ***
| QMMM: C : M.J.S.DEWAR et al. JACS, 107, 3902, (1985)
| QMMM: O : M.J.S.DEWAR et al. JACS, 107, 3902, (1985)
| QMMM: S : M.J.S.DEWAR et al. INORG. CHEM., 29, 3881, (1990)
| QMMM: N : M.J.S.DEWAR et al. JACS, 107, 3902, (1985)
| QMMM: H : M.J.S.DEWAR et al. JACS, 107, 3902, (1985)

| QMMM: *** SCF convergence criteria ***
| QMMM: Energy change                :  0.1D-09 kcal/mol
| QMMM: Error matrix |FP-PF|         :  0.1D+00 au
| QMMM: Density matrix change        :  0.5D-06
| QMMM: Maximum number of SCF cycles :     1000

| QMMM: *** Diagonalization Routine Information ***
| QMMM: Pseudo diagonalizations are allowed.
| QMMM: Auto diagonalization routine selection is in use.
| QMMM:
| QMMM: Timing diagonalization routines:
| QMMM:                              norbs =      168
| QMMM:    diag iterations used for timing =        5
| QMMM:
| QMMM:              Internal diag routine = 0.078310 seconds
| QMMM:                 Dspev diag routine = 0.119982 seconds
| QMMM:                Dspevd diag routine = 0.078598 seconds
| QMMM:                Dspevx diag routine = 0.251039 seconds
| QMMM:                 Dsyev diag routine = 0.126947 seconds
| QMMM:                Dsyevd diag routine = 0.087882 seconds
| QMMM:                Dsyevr diag routine = 0.077281 seconds
| QMMM:
| QMMM:                Pseudo diag routine = 0.044332 seconds
| QMMM:
| QMMM: Using dsyevr routine (diag_routine=7).

  QMMM: QM Region Cartesian Coordinates (*=link atom) 
  QMMM: QM_NO.   MM_NO.  ATOM         X         Y         Z
  QMMM:     1        1      C       -2.5420    0.0640    1.6010
  QMMM:     2        2      C       -1.8200   -0.9690    0.7200
  QMMM:     3        3      O       -2.3430   -0.9010   -0.5900
  QMMM:     4        4      C       -3.6280   -1.3090   -0.6780
  QMMM:     5        5      C       -3.9990   -1.8630   -1.9070
  QMMM:     6        6      C       -5.2880   -2.2910   -2.1360
  QMMM:     7        7      C       -6.2460   -2.1750   -1.1390
  QMMM:     8        8      O       -7.5230   -2.5850   -1.3640
  QMMM:     9        9      C       -5.8900   -1.6390    0.0850
  QMMM:    10       10      C       -4.5830   -1.2190    0.3230
  QMMM:    11       11      S       -4.1980   -0.6060    1.9350
  QMMM:    12       12      C       -2.6540    1.3770    0.8690
  QMMM:    13       13      C       -3.6160    1.5400   -0.1110
  QMMM:    14       14      C       -3.7200    2.7420   -0.7840
  QMMM:    15       15      C       -2.8600    3.7860   -0.4750
  QMMM:    16       16      O       -2.9610    4.9690   -1.1360
  QMMM:    17       17      C       -1.8960    3.6190    0.5090
  QMMM:    18       18      C       -1.7990    2.4170    1.1820
  QMMM:    19       19      C       -0.3440   -0.6640    0.6910
  QMMM:    20       20      C        0.5250   -1.3830    1.4920
  QMMM:    21       21      C        1.8780   -1.1050    1.4670
  QMMM:    22       22      C        2.3650   -0.1050    0.6380
  QMMM:    23       23      C        1.4900    0.6180   -0.1600
  QMMM:    24       24      C        0.1380    0.3330   -0.1360
  QMMM:    25       25      O        3.6950    0.1700    0.6110
  QMMM:    26       26      C        3.8790    1.2330   -0.3260
  QMMM:    27       27      C        5.3640    1.5930   -0.4040
  QMMM:    28       28      N        6.1150    0.4560   -0.9530
  QMMM:    29       29      C        7.5500    0.7690   -0.7760
  QMMM:    30       30      C        8.2430   -0.5290   -0.3220
  QMMM:    31       31      C        9.2840   -0.9640   -1.3560
  QMMM:    32       32      C        7.1130   -1.5790   -0.2230
  QMMM:    33       33      C        7.3050   -2.4780    1.0000
  QMMM:    34       34      C        5.8420   -0.7040   -0.0670
  QMMM:    35       35      H       -2.0060    0.2400    2.5100
  QMMM:    36       36      H       -1.9680   -1.9510    1.1180
  QMMM:    37       37      H       -3.2950   -1.9530   -2.6560
  QMMM:    38       38      H       -5.5410   -2.6980   -3.0500
  QMMM:    39       39      H       -7.7590   -2.9480   -2.1950
  QMMM:    40       40      H       -6.5990   -1.5490    0.8290
  QMMM:    41       41      H       -4.2560    0.7640   -0.3400
  QMMM:    42       42      H       -4.4370    2.8630   -1.5160
  QMMM:    43       43      H       -3.6120    5.0800   -1.8000
  QMMM:    44       44      H       -1.2520    4.3920    0.7380
  QMMM:    45       45      H       -1.0870    2.2950    1.9190
  QMMM:    46       46      H        0.1630   -2.1270    2.1080
  QMMM:    47       47      H        2.5260   -1.6410    2.0650
  QMMM:    48       48      H        1.8490    1.3680   -0.7710
  QMMM:    49       49      H       -0.5120    0.8650   -0.7360
  QMMM:    50       50      H        3.3210    2.0890   -0.0090
  QMMM:    51       51      H        3.5360    0.9210   -1.2910
  QMMM:    52       52      H        5.7280    1.8210    0.5760
  QMMM:    53       53      H        5.4920    2.4450   -1.0390
  QMMM:    54       54      H        5.8700    0.2740   -1.9260
  QMMM:    55       55      H        7.6710    1.5290   -0.0330
  QMMM:    56       56      H        7.9770    1.1300   -1.6880
  QMMM:    57       57      H        8.7570   -0.4050    0.6080
  QMMM:    58       58      H        8.8090   -1.0990   -2.3050
  QMMM:    59       59      H        9.7310   -1.8850   -1.0460
  QMMM:    60       60      H       10.0400   -0.2110   -1.4400
  QMMM:    61       61      H        7.0760   -2.2390   -1.0640
  QMMM:    62       62      H        7.3510   -1.8750    1.8820
  QMMM:    63       63      H        8.2160   -3.0300    0.8980
  QMMM:    64       64      H        6.4830   -3.1580    1.0750
  QMMM:    65       65      H        4.9700   -1.2340   -0.3880
  QMMM:    66       66      H        5.6510   -0.4210    0.9470

--------------------------------------------------------------------------------
  RESULTS
--------------------------------------------------------------------------------

      iter         sqm energy              rms gradient
      ----    -------------------    -----------------------
xmin    10       64.2386 kcal/mol        1.0059 kcal/(mol*A)
xmin    20       62.1222 kcal/mol        1.0944 kcal/(mol*A)
xmin    30       61.8734 kcal/mol        0.4812 kcal/(mol*A)
xmin    40       61.7494 kcal/mol        0.1637 kcal/(mol*A)
xmin    50       61.6050 kcal/mol        0.0997 kcal/(mol*A)
xmin    60       61.5650 kcal/mol        0.2248 kcal/(mol*A)
xmin    70       61.5363 kcal/mol        0.0677 kcal/(mol*A)
xmin    80       61.5218 kcal/mol        0.1509 kcal/(mol*A)
xmin    90       61.4940 kcal/mol        0.0676 kcal/(mol*A)
xmin   100       61.4702 kcal/mol        0.0202 kcal/(mol*A)
xmin   110       61.4608 kcal/mol        0.0427 kcal/(mol*A)
xmin   120       61.4579 kcal/mol        0.0295 kcal/(mol*A)
xmin   130       61.4481 kcal/mol        0.0163 kcal/(mol*A)
xmin   140       61.4472 kcal/mol        0.0204 kcal/(mol*A)
xmin   150       61.4456 kcal/mol        0.0144 kcal/(mol*A)
xmin   160       61.4445 kcal/mol        0.0143 kcal/(mol*A)
xmin   170       61.4430 kcal/mol        0.0111 kcal/(mol*A)
xmin   180       61.4426 kcal/mol        0.0090 kcal/(mol*A)
xmin   190       61.4425 kcal/mol        0.0063 kcal/(mol*A)
xmin   200       61.4424 kcal/mol        0.0060 kcal/(mol*A)
xmin   210       61.4424 kcal/mol        0.0058 kcal/(mol*A)
xmin   220       61.4423 kcal/mol        0.0039 kcal/(mol*A)
xmin   230       61.4423 kcal/mol        0.0038 kcal/(mol*A)
xmin   240       61.4422 kcal/mol        0.0031 kcal/(mol*A)
xmin   250       61.4422 kcal/mol        0.0031 kcal/(mol*A)
xmin   260       61.4422 kcal/mol        0.0006 kcal/(mol*A)
  ... geometry converged !
 
 Final MO eigenvalues (eV):
 -46.0139  -43.4848  -42.7577  -41.8532  -41.4225  -40.6288  -39.8933  -39.3634
 -38.2030  -36.3260  -35.8573  -35.0521  -34.1370  -33.6451  -33.3064  -33.2567
 -31.7011  -31.0434  -30.4705  -30.2009  -28.1546  -27.1086  -26.7365  -26.2105
 -25.7662  -25.3601  -25.1528  -24.6900  -24.5695  -23.3820  -23.2881  -22.1646
 -21.6281  -21.2566  -20.6661  -20.6285  -20.4310  -20.0957  -19.7018  -19.4202
 -19.3432  -19.2475  -19.0999  -18.8008  -18.4797  -18.3447  -18.3265  -18.0620
 -17.9749  -17.6942  -17.5431  -17.4953  -17.1923  -17.0323  -16.9637  -16.8190
 -16.7954  -16.6728  -16.5545  -16.4938  -16.3889  -16.1613  -16.1570  -16.0935
 -16.0733  -15.8933  -15.6001  -15.5715  -15.4067  -15.3884  -15.3445  -15.2579
 -15.0028  -14.8716  -14.6484  -14.4096  -14.2693  -14.1891  -13.6890  -13.5516
 -13.2490  -12.7333  -12.3209  -12.2949  -11.7517  -11.4906  -10.6570  -10.4638
  -9.6851   -3.5661   -2.3334   -2.0491   -1.7410   -1.6090   -1.5431   -1.4408
  -1.3726   -1.2039   -1.1706   -1.1009   -0.8457   -0.7258   -0.6695   -0.5759
  -0.4851   -0.3708   -0.3315   -0.2656   -0.0946   -0.0835    0.0711    0.1997
   0.2887    0.3553    0.3811    0.4523    0.4734    0.6714    0.7388    0.9473
   1.0757    1.1195    1.2145    1.2408    1.2967    1.3191    1.3925    1.4157
   1.4174    1.4861    1.5431    1.6638    1.6697    1.7058    1.7663    1.8061
   1.8470    1.8808    2.1058    2.1733    2.2331    2.2628    2.3087    2.4605
   2.4865    2.5937    2.6292    2.6441    2.8140    2.8375    2.9131    3.0075
   3.0741    3.1281    3.3233    3.4035    3.4330    3.5103    3.5645    3.5882
   3.7289    3.7453    3.9152    3.9735    4.1595    4.4809    4.7155    4.9127


 Heat of formation   =         61.44221415 kcal/mol  (        2.66433434 eV)

 Total SCF energy    =    -131477.66378249 kcal/mol  (    -5701.29932711 eV)
 Electronic energy   =   -1150258.60664626 kcal/mol  (   -49878.95610105 eV)
 Core-core repulsion =    1018780.94286378 kcal/mol  (    44177.65677394 eV)
 
    Atomic Charges for Step       1 :
  Atom    Element       Mulliken Charge
     1      C                 -0.215
     2      C                  0.072
     3      O                 -0.212
     4      C                 -0.001
     5      C                 -0.085
     6      C                 -0.198
     7      C                  0.085
     8      O                 -0.242
     9      C                 -0.128
    10      C                 -0.247
    11      S                  0.276
    12      C                 -0.111
    13      C                 -0.068
    14      C                 -0.213
    15      C                  0.086
    16      O                 -0.250
    17      C                 -0.162
    18      C                 -0.087
    19      C                 -0.067
    20      C                 -0.095
    21      C                 -0.138
    22      C                  0.036
    23      C                 -0.175
    24      C                 -0.060
    25      O                 -0.255
    26      C                 -0.042
    27      C                 -0.134
    28      N                 -0.002
    29      C                 -0.128
    30      C                 -0.120
    31      C                 -0.223
    32      C                 -0.121
    33      C                 -0.217
    34      C                 -0.120
    35      H                  0.134
    36      H                  0.115
    37      H                  0.150
    38      H                  0.144
    39      H                  0.224
    40      H                  0.168
    41      H                  0.153
    42      H                  0.140
    43      H                  0.223
    44      H                  0.153
    45      H                  0.132
    46      H                  0.149
    47      H                  0.145
    48      H                  0.138
    49      H                  0.169
    50      H                  0.140
    51      H                  0.100
    52      H                  0.154
    53      H                  0.143
    54      H                  0.240
    55      H                  0.140
    56      H                  0.143
    57      H                  0.137
    58      H                  0.081
    59      H                  0.113
    60      H                  0.101
    61      H                  0.128
    62      H                  0.087
    63      H                  0.110
    64      H                  0.101
    65      H                  0.159
    66      H                  0.149
 Total Mulliken Charge =       1.000
 
                  X        Y        Z     TOTAL  
  QM DIPOLE    27.737    0.731   -5.030   28.199
 
 Final Structure

  QMMM: QM Region Cartesian Coordinates (*=link atom) 
  QMMM: QM_NO.   MM_NO.  ATOM         X         Y         Z
  QMMM:     1        1      C       -2.6913   -0.0693    1.3624
  QMMM:     2        2      C       -2.0831   -1.0843    0.3889
  QMMM:     3        3      O       -2.7567   -1.0918   -0.8813
  QMMM:     4        4      C       -4.0820   -1.5124   -0.8127
  QMMM:     5        5      C       -4.5671   -2.1723   -1.9502
  QMMM:     6        6      C       -5.8998   -2.5608   -1.9988
  QMMM:     7        7      C       -6.7347   -2.2965   -0.9003
  QMMM:     8        8      O       -8.0612   -2.6572   -0.8733
  QMMM:     9        9      C       -6.2487   -1.6424    0.2395
  QMMM:    10       10      C       -4.9094   -1.2423    0.2899
  QMMM:    11       11      S       -4.3946   -0.4804    1.7083
  QMMM:    12       12      C       -2.5426    1.3572    0.9774
  QMMM:    13       13      C       -3.0040    1.8420   -0.2530
  QMMM:    14       14      C       -2.8731    3.1874   -0.5826
  QMMM:    15       15      C       -2.2719    4.0641    0.3317
  QMMM:    16       16      O       -2.0877    5.4012    0.0703
  QMMM:    17       17      C       -1.8066    3.5968    1.5720
  QMMM:    18       18      C       -1.9482    2.2500    1.8830
  QMMM:    19       19      C       -0.6324   -0.8086    0.1214
  QMMM:    20       20      C        0.3123   -1.1971    1.0806
  QMMM:    21       21      C        1.6668   -0.9447    0.8823
  QMMM:    22       22      C        2.0678   -0.3118   -0.3024
  QMMM:    23       23      C        1.1414    0.0695   -1.2774
  QMMM:    24       24      C       -0.2120   -0.1809   -1.0558
  QMMM:    25       25      O        3.4445   -0.1532   -0.4715
  QMMM:    26       26      C        3.8239    1.0310   -1.1697
  QMMM:    27       27      C        5.2292    1.4045   -0.6869
  QMMM:    28       28      N        6.2406    0.3357   -0.9279
  QMMM:    29       29      C        7.6520    0.8335   -0.7650
  QMMM:    30       30      C        8.4939   -0.3070   -0.1657
  QMMM:    31       31      C        9.5261   -0.8060   -1.1474
  QMMM:    32       32      C        7.5044   -1.4108    0.2461
  QMMM:    33       33      C        7.6746   -1.8287    1.6862
  QMMM:    34       34      C        6.0983   -0.8425    0.0021
  QMMM:    35       35      H       -2.1802   -0.2309    2.3554
  QMMM:    36       36      H       -2.1843   -2.1135    0.8475
  QMMM:    37       37      H       -3.8897   -2.3671   -2.7942
  QMMM:    38       38      H       -6.2958   -3.0734   -2.8869
  QMMM:    39       39      H       -8.2709   -3.0945   -1.7119
  QMMM:    40       40      H       -6.9264   -1.4459    1.0848
  QMMM:    41       41      H       -3.4785    1.1492   -0.9682
  QMMM:    42       42      H       -3.2491    3.5609   -1.5456
  QMMM:    43       43      H       -2.5666    5.6162   -0.7440
  QMMM:    44       44      H       -1.3495    4.3012    2.2810
  QMMM:    45       45      H       -1.5941    1.8868    2.8604
  QMMM:    46       46      H       -0.0163   -1.7017    2.0031
  QMMM:    47       47      H        2.4125   -1.2434    1.6314
  QMMM:    48       48      H        1.4659    0.5580   -2.2063
  QMMM:    49       49      H       -0.9599    0.1154   -1.8107
  QMMM:    50       50      H        3.1315    1.8852   -0.9409
  QMMM:    51       51      H        3.8104    0.8195   -2.2726
  QMMM:    52       52      H        5.2043    1.6240    0.4185
  QMMM:    53       53      H        5.5609    2.3294   -1.2407
  QMMM:    54       54      H        6.1205   -0.0063   -1.8882
  QMMM:    55       55      H        7.6442    1.7202   -0.0726
  QMMM:    56       56      H        8.0415    1.1584   -1.7683
  QMMM:    57       57      H        9.0224    0.0872    0.7468
  QMMM:    58       58      H        9.0471   -1.1841   -2.0827
  QMMM:    59       59      H       10.1114   -1.6413   -0.6888
  QMMM:    60       60      H       10.2370    0.0131   -1.4164
  QMMM:    61       61      H        7.6533   -2.3121   -0.4118
  QMMM:    62       62      H        7.5457   -0.9617    2.3785
  QMMM:    63       63      H        8.6978   -2.2530    1.8379
  QMMM:    64       64      H        6.9244   -2.6127    1.9530
  QMMM:    65       65      H        5.4049   -1.5927   -0.4697
  QMMM:    66       66      H        5.6261   -0.4921    0.9622

           --------- Calculation Completed ----------

