            --------------------------------------------------------
                             AMBER SQM VERSION 14
 
                                     By
              Ross C. Walker, Michael F. Crowley, Scott Brozell,
                         Tim Giese, Andreas W. Goetz,
                        Tai-Sung Lee and David A. Case
 
            --------------------------------------------------------
 

--------------------------------------------------------------------------------
  QM CALCULATION INFO
--------------------------------------------------------------------------------

| QMMM: Citation for AMBER QMMM Run:
| QMMM: R.C. Walker, M.F. Crowley and D.A. Case, J. COMP. CHEM. 29:1019, 2008

QMMM: SINGLET STATE CALCULATION
QMMM: RHF CALCULATION, NO. OF DOUBLY OCCUPIED LEVELS = 60

| QMMM: *** Selected Hamiltonian *** 
| QMMM: AM1         

| QMMM: *** Parameter sets in use ***
| QMMM: C : M.J.S.DEWAR et al. JACS, 107, 3902, (1985)
| QMMM: O : M.J.S.DEWAR et al. JACS, 107, 3902, (1985)
| QMMM: F : M.J.S.DEWAR et al. THEOCHEM, 180, 1, (1988)
| QMMM: H : M.J.S.DEWAR et al. JACS, 107, 3902, (1985)

| QMMM: *** SCF convergence criteria ***
| QMMM: Energy change                :  0.1D-09 kcal/mol
| QMMM: Error matrix |FP-PF|         :  0.1D+00 au
| QMMM: Density matrix change        :  0.5D-06
| QMMM: Maximum number of SCF cycles :     1000

| QMMM: *** Diagonalization Routine Information ***
| QMMM: Pseudo diagonalizations are allowed.
| QMMM: Auto diagonalization routine selection is in use.
| QMMM:
| QMMM: Timing diagonalization routines:
| QMMM:                              norbs =      108
| QMMM:    diag iterations used for timing =       10
| QMMM:
| QMMM:              Internal diag routine = 0.046196 seconds
| QMMM:                 Dspev diag routine = 0.076935 seconds
| QMMM:                Dspevd diag routine = 0.052075 seconds
| QMMM:                Dspevx diag routine = 0.171715 seconds
| QMMM:                 Dsyev diag routine = 0.080974 seconds
| QMMM:                Dsyevd diag routine = 0.060646 seconds
| QMMM:                Dsyevr diag routine = 0.054073 seconds
| QMMM:
| QMMM:                Pseudo diag routine = 0.023038 seconds
| QMMM:
| QMMM: Using internal diagonalization routine (diag_routine=1).

  QMMM: QM Region Cartesian Coordinates (*=link atom) 
  QMMM: QM_NO.   MM_NO.  ATOM         X         Y         Z
  QMMM:     1        1      C       -1.3020   -1.3010   -0.2100
  QMMM:     2        2      C        0.7800   -0.7060    0.7740
  QMMM:     3        3      C        0.2400    0.6960    1.0360
  QMMM:     4        4      C        0.2630    1.5280   -0.2580
  QMMM:     5        5      C       -1.2470    0.6250    1.4300
  QMMM:     6        6      C       -1.9720   -0.4030    0.6000
  QMMM:     7        7      C        3.2040   -0.8970    1.3640
  QMMM:     8        8      C        4.5440   -0.8210    1.0350
  QMMM:     9        9      C        4.9210   -0.4690   -0.2520
  QMMM:    10       10      C        3.9520   -0.1930   -1.2060
  QMMM:    11       11      C       -4.0680   -1.3660   -0.0800
  QMMM:    12       12      C       -3.3930   -2.2690   -0.8880
  QMMM:    13       13      C       -2.0150   -2.2330   -0.9550
  QMMM:    14       14      O        0.0550   -1.2960   -0.3050
  QMMM:    15       15      C       -1.0290    2.3640   -0.2650
  QMMM:    16       16      F       -0.7170    3.7280   -0.2940
  QMMM:    17       17      F       -1.8130    2.0270   -1.3730
  QMMM:    18       18      C       -1.7780    2.0270    1.0340
  QMMM:    19       19      C       -3.3570   -0.4380    0.6620
  QMMM:    20       20      C        2.2400   -0.6220    0.4120
  QMMM:    21       21      O        6.2390   -0.3930   -0.5780
  QMMM:    22       22      C        2.6140   -0.2700   -0.8720
  QMMM:    23       23      O       -5.4250   -1.3960   -0.0110
  QMMM:    24       24      H        0.6660   -1.3050    1.6530
  QMMM:    25       25      H        0.8460    1.1270    1.8050
  QMMM:    26       26      H        0.2900    0.8830   -1.1110
  QMMM:    27       27      H        1.1290    2.1550   -0.2990
  QMMM:    28       28      H       -1.3850    0.3650    2.4590
  QMMM:    29       29      H        2.9230   -1.1590    2.3220
  QMMM:    30       30      H        5.2630   -1.0260    1.7460
  QMMM:    31       31      H        4.2310    0.0700   -2.1640
  QMMM:    32       32      H       -3.9200   -2.9660   -1.4380
  QMMM:    33       33      H       -1.5120   -2.9000   -1.5600
  QMMM:    34       34      H       -1.5570    2.7450    1.7960
  QMMM:    35       35      H       -2.8410    2.0410    0.9090
  QMMM:    36       36      H       -3.8610    0.2310    1.2650
  QMMM:    37       37      H        6.8930   -0.5800    0.0670
  QMMM:    38       38      H        1.8930   -0.0650   -1.5810
  QMMM:    39       39      H       -5.9060   -2.0240   -0.5130

--------------------------------------------------------------------------------
  RESULTS
--------------------------------------------------------------------------------

      iter         sqm energy              rms gradient
      ----    -------------------    -----------------------
xmin    10     -180.1202 kcal/mol        1.4041 kcal/(mol*A)
xmin    20     -181.4840 kcal/mol        1.2436 kcal/(mol*A)
xmin    30     -181.7191 kcal/mol        0.1240 kcal/(mol*A)
xmin    40     -181.7383 kcal/mol        0.0987 kcal/(mol*A)
xmin    50     -181.7471 kcal/mol        0.0712 kcal/(mol*A)
xmin    60     -181.7558 kcal/mol        0.0216 kcal/(mol*A)
xmin    70     -181.7578 kcal/mol        0.0128 kcal/(mol*A)
xmin    80     -181.7579 kcal/mol        0.0135 kcal/(mol*A)
xmin    90     -181.7580 kcal/mol        0.0008 kcal/(mol*A)
  ... geometry converged !
 
 Final MO eigenvalues (eV):
 -50.3083  -47.5796  -41.9537  -40.4377  -39.6734  -37.8977  -37.6993  -36.6511
 -32.9119  -32.2578  -31.8360  -29.8392  -29.7452  -28.6670  -25.6732  -24.4289
 -23.8983  -23.3997  -22.5524  -21.8703  -20.6667  -19.3075  -18.9744  -18.8433
 -18.2573  -17.9101  -17.5570  -17.0644  -16.7201  -16.6307  -16.3274  -15.8278
 -15.5822  -15.3244  -15.2002  -15.1098  -14.9767  -14.8764  -14.6807  -14.4510
 -14.3356  -14.0286  -13.9099  -13.7690  -13.7605  -13.3032  -13.2462  -13.1082
 -12.7817  -12.4404  -12.2645  -12.1713  -12.0362  -11.7823  -11.5803  -11.3112
 -10.0397   -9.9372   -9.1965   -8.8479    0.0372    0.1573    0.2326    0.3201
   2.2081    2.4779    2.5239    2.6035    2.6819    2.8382    2.8548    3.0019
   3.2619    3.3977    3.4712    3.5135    3.5446    3.6276    3.6668    3.7526
   3.7632    3.8526    3.9071    3.9865    4.0865    4.1554    4.1928    4.2739
   4.3249    4.4350    4.5200    4.5789    4.6446    4.6647    4.7222    4.7718
   4.8216    4.8436    5.0375    5.0829    5.1132    5.2313    5.3428    5.4785
   5.6320    6.0333    6.1360    6.2409

 Heat of formation   =       -181.75797430 kcal/mol  (       -7.88161720 eV)

 Total SCF energy    =    -102776.18884215 kcal/mol  (    -4456.70997971 eV)
 Electronic energy   =    -680537.46162147 kcal/mol  (   -29510.31879023 eV)
 Core-core repulsion =     577761.27277932 kcal/mol  (    25053.60881052 eV)
 
    Atomic Charges for Step       1 :
  Atom    Element       Mulliken Charge
     1      C                  0.043
     2      C                  0.084
     3      C                 -0.124
     4      C                 -0.197
     5      C                 -0.058
     6      C                 -0.094
     7      C                 -0.084
     8      C                 -0.214
     9      C                  0.086
    10      C                 -0.159
    11      C                  0.058
    12      C                 -0.185
    13      C                 -0.107
    14      O                 -0.206
    15      C                  0.264
    16      F                 -0.174
    17      F                 -0.167
    18      C                 -0.199
    19      C                 -0.131
    20      C                 -0.121
    21      O                 -0.249
    22      C                 -0.068
    23      O                 -0.252
    24      H                  0.098
    25      H                  0.107
    26      H                  0.127
    27      H                  0.119
    28      H                  0.108
    29      H                  0.132
    30      H                  0.136
    31      H                  0.154
    32      H                  0.138
    33      H                  0.153
    34      H                  0.112
    35      H                  0.125
    36      H                  0.152
    37      H                  0.219
    38      H                  0.154
    39      H                  0.218
 Total Mulliken Charge =      -0.000
 
                  X        Y        Z     TOTAL  
  QM DIPOLE     0.549   -2.578    2.329    3.517
 
 Final Structure

  QMMM: QM Region Cartesian Coordinates (*=link atom) 
  QMMM: QM_NO.   MM_NO.  ATOM         X         Y         Z
  QMMM:     1        1      C       -1.3445   -1.3051   -0.2857
  QMMM:     2        2      C        0.7319   -0.6732    0.6283
  QMMM:     3        3      C        0.1904    0.7040    1.0070
  QMMM:     4        4      C        0.4061    1.7559   -0.0699
  QMMM:     5        5      C       -1.3188    0.6658    1.2979
  QMMM:     6        6      C       -2.0315   -0.4180    0.5592
  QMMM:     7        7      C        3.1304   -0.6310    1.3053
  QMMM:     8        8      C        4.4916   -0.5985    1.0176
  QMMM:     9        9      C        4.9089   -0.5817   -0.3213
  QMMM:    10       10      C        3.9715   -0.5963   -1.3676
  QMMM:    11       11      C       -4.0849   -1.5698   -0.0006
  QMMM:    12       12      C       -3.3942   -2.4380   -0.8597
  QMMM:    13       13      C       -2.0176   -2.3105   -0.9969
  QMMM:    14       14      O        0.0224   -1.2219   -0.5002
  QMMM:    15       15      C       -0.7904    2.7415    0.0300
  QMMM:    16       16      F       -0.4159    3.9755    0.5272
  QMMM:    17       17      F       -1.2904    3.0908   -1.2082
  QMMM:    18       18      C       -1.8557    2.0490    0.9288
  QMMM:    19       19      C       -3.4131   -0.5645    0.7085
  QMMM:    20       20      C        2.1863   -0.6384    0.2724
  QMMM:    21       21      O        6.2348   -0.5515   -0.6852
  QMMM:    22       22      C        2.6157   -0.6235   -1.0603
  QMMM:    23       23      O       -5.4462   -1.6497    0.1983
  QMMM:    24       24      H        0.5736   -1.3709    1.5029
  QMMM:    25       25      H        0.7260    1.0256    1.9432
  QMMM:    26       26      H        0.4138    1.2845   -1.0859
  QMMM:    27       27      H        1.3693    2.3017    0.0766
  QMMM:    28       28      H       -1.4768    0.4888    2.3988
  QMMM:    29       29      H        2.7972   -0.6506    2.3542
  QMMM:    30       30      H        5.2314   -0.5894    1.8300
  QMMM:    31       31      H        4.3201   -0.5866   -2.4098
  QMMM:    32       32      H       -3.9359   -3.2162   -1.4157
  QMMM:    33       33      H       -1.4487   -2.9802   -1.6577
  QMMM:    34       34      H       -2.0131    2.6661    1.8480
  QMMM:    35       35      H       -2.8259    1.9821    0.3773
  QMMM:    36       36      H       -3.9810    0.1034    1.3723
  QMMM:    37       37      H        6.7671   -0.5472    0.1237
  QMMM:    38       38      H        1.8690   -0.6410   -1.8709
  QMMM:    39       39      H       -5.7849   -2.3672   -0.3562

           --------- Calculation Completed ----------

