
          -------------------------------------------------------
          Amber 16 SANDER                              2016
          -------------------------------------------------------

| Run on 08/12/2016 at 19:23:54

|   Executable path: sander
| Working directory: /net/roos/home4/zuckerman/spiriti/estrogen-receptor2/ligands5/aij
|          Hostname: n000.dcb.private.net

  [-O]verwriting output

File Assignments:
|  MDIN: ../amber.in                                                           
| MDOUT: amber.out                                                             
|INPCRD: aij.inpcrd                                                            
|  PARM: aij.prm7                                                              
|RESTRT: restrt                                                                
|  REFC: refc                                                                  
| MDVEL: mdvel                                                                 
| MDFRC: mdfrc                                                                 
|  MDEN: mden                                                                  
| MDCRD: mdcrd                                                                 
|MDINFO: mdinfo                                                                
|  MTMD: mtmd                                                                  
|INPDIP: inpdip                                                                
|RSTDIP: rstdip                                                                
|INPTRA: inptraj                                                               


 Here is the input file:

test file                                                                      
&cntrl                                                                         
imin=1, maxcyc=1,                                                              
ntpr=5, cut=99, igb=0, ntb=0                                                   
/                                                                              

--------------------------------------------------------------------------------
   1.  RESOURCE   USE: 
--------------------------------------------------------------------------------

| Flags:                                                                        
|    NONPERIODIC   ntb=0 and igb=0: Setting up nonperiodic simulation
|  *** cutoff > system size, list only builds once
|Largest sphere to fit in unit cell has radius =    32.590
| New format PARM file being parsed.
| Version =    1.000 Date = 07/06/16 Time = 21:23:36
 NATOM  =      63 NTYPES =      12 NBONH =      30 MBONA  =      37
 NTHETH =      67 MTHETA =      52 NPHIH =     127 MPHIA  =      78
 NHPARM =       0 NPARM  =       0 NNB   =     356 NRES   =       1
 NBONA  =      37 NTHETA =      52 NPHIA =      78 NUMBND =      15
 NUMANG =      28 NPTRA  =      15 NATYP =      12 NPHB   =       0
 IFBOX  =       0 NMXRS  =      63 IFCAP =       0 NEXTRA =       0
 NCOPY  =       0


|     Memory Use     Allocated
|     Real                9471
|     Hollerith            192
|     Integer            32070
|     Max Pairs           1953
|     nblistReal           756
|     nblist Int       1101887
|       Total             4517 kbytes

| Note: 1-4 EEL scale factors are being read from the topology file.

| Note: 1-4 VDW scale factors are being read from the topology file.
| Duplicated    0 dihedrals
| Duplicated    0 dihedrals

--------------------------------------------------------------------------------
   2.  CONTROL  DATA  FOR  THE  RUN
--------------------------------------------------------------------------------

default_name                                                                    

General flags:
     imin    =       1, nmropt  =       0

Nature and format of input:
     ntx     =       1, irest   =       0, ntrx    =       1

Nature and format of output:
     ntxo    =       2, ntpr    =       5, ntrx    =       1, ntwr    =       1
     iwrap   =       0, ntwx    =       0, ntwv    =       0, ntwe    =       0
     ioutfm  =       1, ntwprt  =       0, idecomp =       0, rbornstat=      0

Potential function:
     ntf     =       1, ntb     =       0, igb     =       0, nsnb    =      25
     ipol    =       0, gbsa    =       0, iesp    =       0
     dielc   =   1.00000, cut     =  99.00000, intdiel =   1.00000

Frozen or restrained atoms:
     ibelly  =       0, ntr     =       0

Energy minimization:
     maxcyc  =       1, ncyc    =      10, ntmin   =       1
     dx0     =   0.01000, drms    =   0.00010
|  INFO: Old style inpcrd file read


--------------------------------------------------------------------------------
   3.  ATOMIC COORDINATES AND VELOCITIES
--------------------------------------------------------------------------------

default_name                                                                    
 begin time read from input coords =     0.000 ps

 Number of triangulated 3-point waters found:        0

     Sum of charges from parm topology file =   1.00000000

--------------------------------------------------------------------------------
   4.  RESULTS
--------------------------------------------------------------------------------

 ---------------------------------------------------

     eedmeth=4: Setting switch to one everywhere

 ---------------------------------------------------
| Local SIZE OF NONBOND LIST =       1600
| TOTAL SIZE OF NONBOND LIST =       1600


   NSTEP       ENERGY          RMS            GMAX         NAME    NUMBER
      1       1.3505E+02     2.2123E+01     1.1816E+02     C26        21

 BOND    =       19.0189  ANGLE   =       18.5867  DIHED      =       10.9472
 VDWAALS =       35.7207  EEL     =       45.8536  HBOND      =        0.0000
 1-4 VDW =       32.1593  1-4 EEL =      -27.2349  RESTRAINT  =        0.0000


  Maximum number of minimization cycles reached.


                    FINAL RESULTS



   NSTEP       ENERGY          RMS            GMAX         NAME    NUMBER
      1       1.3505E+02     2.2123E+01     1.1816E+02     C26        21

 BOND    =       19.0189  ANGLE   =       18.5867  DIHED      =       10.9472
 VDWAALS =       35.7207  EEL     =       45.8536  HBOND      =        0.0000
 1-4 VDW =       32.1593  1-4 EEL =      -27.2349  RESTRAINT  =        0.0000

--------------------------------------------------------------------------------
   5.  TIMINGS
--------------------------------------------------------------------------------

|    Read coords time           0.00 ( 0.30% of Total)
|                Build the list             0.00 (96.33% of List )
|                Other                      0.00 ( 3.67% of List )
|             List time                  0.00 (70.90% of Nonbo)
|                   Short_ene time             0.00 (98.17% of Direc)
|                   Other                      0.00 ( 1.83% of Direc)
|                Direct Ewald time          0.00 (89.81% of Ewald)
|                Virial junk                0.00 ( 1.15% of Ewald)
|                Start synchronizatio       0.00 ( 0.24% of Ewald)
|                Other                      0.00 ( 8.81% of Ewald)
|             Ewald time                 0.00 (28.69% of Nonbo)
|             Other                      0.00 ( 0.40% of Nonbo)
|          Nonbond force              0.00 (82.89% of Force)
|          Bond/Angle/Dihedral        0.00 (15.95% of Force)
|          Other                      0.00 ( 1.16% of Force)
|       Force time                 0.00 (100.0% of Runmd)
|    Runmd Time                 0.00 ( 0.27% of Total)
|    Other                      0.66 (99.42% of Total)
| Total time                 0.66 (99.89% of ALL  )

| Number of list builds   :          1

| Highest rstack allocated:        275
| Highest istack allocated:         55
|           Job began  at 19:23:54.661  on 08/12/2016
|           Setup done at 19:23:54.842  on 08/12/2016
|           Run   done at 19:23:55.323  on 08/12/2016
|     wallclock() was called      58 times
