            --------------------------------------------------------
                             AMBER SQM VERSION 14
 
                                     By
              Ross C. Walker, Michael F. Crowley, Scott Brozell,
                         Tim Giese, Andreas W. Goetz,
                        Tai-Sung Lee and David A. Case
 
            --------------------------------------------------------
 

--------------------------------------------------------------------------------
  QM CALCULATION INFO
--------------------------------------------------------------------------------

| QMMM: Citation for AMBER QMMM Run:
| QMMM: R.C. Walker, M.F. Crowley and D.A. Case, J. COMP. CHEM. 29:1019, 2008

QMMM: SINGLET STATE CALCULATION
QMMM: RHF CALCULATION, NO. OF DOUBLY OCCUPIED LEVELS = 86

| QMMM: *** Selected Hamiltonian *** 
| QMMM: AM1         

| QMMM: *** Parameter sets in use ***
| QMMM: C : M.J.S.DEWAR et al. JACS, 107, 3902, (1985)
| QMMM: O : M.J.S.DEWAR et al. JACS, 107, 3902, (1985)
| QMMM: S : M.J.S.DEWAR et al. INORG. CHEM., 29, 3881, (1990)
| QMMM: N : M.J.S.DEWAR et al. JACS, 107, 3902, (1985)
| QMMM: H : M.J.S.DEWAR et al. JACS, 107, 3902, (1985)

| QMMM: *** SCF convergence criteria ***
| QMMM: Energy change                :  0.1D-09 kcal/mol
| QMMM: Error matrix |FP-PF|         :  0.1D+00 au
| QMMM: Density matrix change        :  0.5D-06
| QMMM: Maximum number of SCF cycles :     1000

| QMMM: *** Diagonalization Routine Information ***
| QMMM: Pseudo diagonalizations are allowed.
| QMMM: Auto diagonalization routine selection is in use.
| QMMM:
| QMMM: Timing diagonalization routines:
| QMMM:                              norbs =      162
| QMMM:    diag iterations used for timing =        5
| QMMM:
| QMMM:              Internal diag routine = 0.070937 seconds
| QMMM:                 Dspev diag routine = 0.108883 seconds
| QMMM:                Dspevd diag routine = 0.071673 seconds
| QMMM:                Dspevx diag routine = 0.229190 seconds
| QMMM:                 Dsyev diag routine = 0.116226 seconds
| QMMM:                Dsyevd diag routine = 0.080267 seconds
| QMMM:                Dsyevr diag routine = 0.070555 seconds
| QMMM:
| QMMM:                Pseudo diag routine = 0.039611 seconds
| QMMM:
| QMMM: Using dsyevr routine (diag_routine=7).

  QMMM: QM Region Cartesian Coordinates (*=link atom) 
  QMMM: QM_NO.   MM_NO.  ATOM         X         Y         Z
  QMMM:     1        1      C       -2.0800   -0.0320   -1.5700
  QMMM:     2        2      C       -1.7580    1.1620   -0.6560
  QMMM:     3        3      O       -2.3510    0.9450    0.6080
  QMMM:     4        4      C       -3.7020    0.9710    0.5800
  QMMM:     5        5      C       -4.3180    1.3950    1.7620
  QMMM:     6        6      C       -5.6900    1.4390    1.8730
  QMMM:     7        7      C       -6.4870    1.0580    0.8030
  QMMM:     8        8      O       -7.8420    1.0880    0.9120
  QMMM:     9        9      C       -5.8910    0.6470   -0.3750
  QMMM:    10       10      C       -4.5030    0.6160   -0.4940
  QMMM:    11       11      S       -3.8240    0.1410   -2.0550
  QMMM:    12       12      C       -1.8790   -1.3240   -0.8210
  QMMM:    13       13      C       -2.8350   -1.7560    0.0800
  QMMM:    14       14      C       -2.6520   -2.9390    0.7680
  QMMM:    15       15      C       -1.5080   -3.6950    0.5550
  QMMM:    16       16      O       -1.3260   -4.8590    1.2310
  QMMM:    17       17      C       -0.5500   -3.2590   -0.3490
  QMMM:    18       18      C       -0.7400   -2.0770   -1.0390
  QMMM:    19       19      C       -0.2650    1.2890   -0.4980
  QMMM:    20       20      C        0.4300    2.2260   -1.2400
  QMMM:    21       21      C        1.7990    2.3450   -1.0970
  QMMM:    22       22      C        2.4760    1.5220   -0.2080
  QMMM:    23       23      C        1.7770    0.5780    0.5300
  QMMM:    24       24      C        0.4070    0.4680    0.3880
  QMMM:    25       25      O        3.8230    1.6360   -0.0660
  QMMM:    26       26      C        4.2190    0.6670    0.9070
  QMMM:    27       27      C        5.7330    0.7440    1.1150
  QMMM:    28       28      C        6.1250    2.1750    1.4860
  QMMM:    29       29      N        6.4180    0.3530   -0.1240
  QMMM:    30       30      C        7.8650    0.4480    0.1440
  QMMM:    31       31      C        8.4450   -0.9780    0.0340
  QMMM:    32       32      C        7.4000   -1.7130   -0.8470
  QMMM:    33       33      C        6.0770   -1.0640   -0.3700
  QMMM:    34       34      H       -1.4400   -0.0470   -2.4270
  QMMM:    35       35      H       -2.1430    2.0620   -1.0870
  QMMM:    36       36      H       -3.7350    1.6800    2.5640
  QMMM:    37       37      H       -6.1260    1.7560    2.7530
  QMMM:    38       38      H       -8.2420    1.3670    1.7120
  QMMM:    39       39      H       -6.4790    0.3610   -1.1730
  QMMM:    40       40      H       -3.6860   -1.1940    0.2380
  QMMM:    41       41      H       -3.3660   -3.2610    1.4400
  QMMM:    42       42      H       -1.9740   -5.1530    1.8410
  QMMM:    43       43      H        0.3040   -3.8170   -0.5060
  QMMM:    44       44      H       -0.0320   -1.7560   -1.7170
  QMMM:    45       45      H       -0.0740    2.8370   -1.9010
  QMMM:    46       46      H        2.3170    3.0450   -1.6500
  QMMM:    47       47      H        2.2800   -0.0420    1.1840
  QMMM:    48       48      H       -0.1150   -0.2280    0.9440
  QMMM:    49       49      H        3.9550   -0.3120    0.5640
  QMMM:    50       50      H        3.7210    0.8660    1.8330
  QMMM:    51       51      H        6.0190    0.0810    1.9040
  QMMM:    52       52      H        5.8400    2.8390    0.6970
  QMMM:    53       53      H        7.1840    2.2280    1.6320
  QMMM:    54       54      H        5.6260    2.4590    2.3890
  QMMM:    55       55      H        6.1550    0.9350   -0.9190
  QMMM:    56       56      H        8.0310    0.8360    1.1270
  QMMM:    57       57      H        8.3380    1.1050   -0.5550
  QMMM:    58       58      H        8.5260   -1.4360    0.9980
  QMMM:    59       59      H        9.4330   -1.0010   -0.3760
  QMMM:    60       60      H        7.4060   -2.7670   -0.6630
  QMMM:    61       61      H        7.5750   -1.6200   -1.8980
  QMMM:    62       62      H        5.3240   -1.1450   -1.1260
  QMMM:    63       63      H        5.6850   -1.5420    0.5030

--------------------------------------------------------------------------------
  RESULTS
--------------------------------------------------------------------------------

      iter         sqm energy              rms gradient
      ----    -------------------    -----------------------
xmin    10       71.3967 kcal/mol        0.5715 kcal/(mol*A)
xmin    20       69.0147 kcal/mol        0.7066 kcal/(mol*A)
xmin    30       67.9530 kcal/mol        0.3267 kcal/(mol*A)
xmin    40       67.8313 kcal/mol        0.2497 kcal/(mol*A)
xmin    50       67.7304 kcal/mol        0.0450 kcal/(mol*A)
xmin    60       76.6599 kcal/mol       10.9902 kcal/(mol*A)
xmin    70       67.7087 kcal/mol        0.0480 kcal/(mol*A)
xmin    80       67.7040 kcal/mol        0.0461 kcal/(mol*A)
xmin    90       67.6990 kcal/mol        0.1581 kcal/(mol*A)
xmin   100       67.6936 kcal/mol        0.0877 kcal/(mol*A)
xmin   110       67.6807 kcal/mol        0.0909 kcal/(mol*A)
xmin   120       67.6686 kcal/mol        0.0358 kcal/(mol*A)
xmin   130       67.6563 kcal/mol        0.0947 kcal/(mol*A)
xmin   140       67.6520 kcal/mol        0.0478 kcal/(mol*A)
xmin   150       67.6479 kcal/mol        0.0600 kcal/(mol*A)
xmin   160       67.6453 kcal/mol        0.0419 kcal/(mol*A)
xmin   170       67.6420 kcal/mol        0.0096 kcal/(mol*A)
xmin   180       67.6400 kcal/mol        0.0378 kcal/(mol*A)
xmin   190       67.6387 kcal/mol        0.0149 kcal/(mol*A)
xmin   200       67.6386 kcal/mol        0.0056 kcal/(mol*A)
xmin   210       67.6379 kcal/mol        0.0511 kcal/(mol*A)
xmin   220       67.6363 kcal/mol        0.0244 kcal/(mol*A)
xmin   230       67.6351 kcal/mol        0.0276 kcal/(mol*A)
xmin   240       67.6346 kcal/mol        0.0130 kcal/(mol*A)
xmin   250       67.6396 kcal/mol        0.3223 kcal/(mol*A)
xmin   260       67.6339 kcal/mol        0.0129 kcal/(mol*A)
xmin   270       67.6338 kcal/mol        0.0035 kcal/(mol*A)
xmin   280       67.6335 kcal/mol        0.0122 kcal/(mol*A)
xmin   290       67.6334 kcal/mol        0.0055 kcal/(mol*A)
xmin   300       67.6331 kcal/mol        0.0117 kcal/(mol*A)
xmin   310       67.6329 kcal/mol        0.0201 kcal/(mol*A)
xmin   320       67.6329 kcal/mol        0.0090 kcal/(mol*A)
xmin   330       67.6328 kcal/mol        0.0059 kcal/(mol*A)
xmin   340       67.6327 kcal/mol        0.0052 kcal/(mol*A)
xmin   350       67.6327 kcal/mol        0.0012 kcal/(mol*A)
  ... geometry converged !
 
 Final MO eigenvalues (eV):
 -46.0052  -43.4902  -42.7630  -41.8543  -41.4214  -40.5684  -39.4122  -39.1367
 -38.1884  -35.8505  -35.5399  -34.8779  -34.2255  -33.6531  -33.4700  -33.2707
 -31.4334  -30.9040  -30.2802  -28.3020  -27.3671  -26.8637  -26.3167  -26.1705
 -25.6676  -25.3576  -24.6919  -24.5923  -23.4029  -23.2640  -22.2419  -21.7110
 -21.2608  -20.6783  -20.6329  -20.3858  -20.0954  -19.8448  -19.7028  -19.3467
 -19.3072  -19.0220  -18.8092  -18.6660  -18.3579  -18.3290  -18.0738  -17.9635
 -17.5086  -17.4838  -17.2737  -17.0533  -17.0447  -16.9126  -16.8270  -16.7696
 -16.7261  -16.6162  -16.5824  -16.5129  -16.3841  -16.2385  -16.1159  -16.0748
 -15.9284  -15.6756  -15.4630  -15.4351  -15.3304  -14.9119  -14.8762  -14.6492
 -14.4159  -14.3331  -14.1997  -13.6912  -13.5603  -13.2516  -12.7327  -12.3400
 -12.3022  -11.7293  -11.4870  -10.6553  -10.4697   -9.6885   -3.6207   -2.3045
  -2.0631   -1.7836   -1.6077   -1.5913   -1.4207   -1.3781   -1.2069   -1.2001
  -1.1074   -0.9149   -0.8458   -0.7024   -0.6317   -0.5465   -0.4071   -0.3709
  -0.3310   -0.2124   -0.1504   -0.0357    0.1791    0.2183    0.3039    0.3253
   0.4042    0.4630    0.5279    0.6132    0.8396    0.8597    0.8663    1.0397
   1.0787    1.1119    1.1686    1.2692    1.4159    1.4772    1.5412    1.6465
   1.6931    1.8071    1.8477    1.8696    2.1000    2.1670    2.2306    2.2610
   2.3100    2.4524    2.4739    2.5850    2.6215    2.6344    2.8090    2.8252
   2.9039    3.0073    3.0757    3.1222    3.3151    3.3959    3.4342    3.4945
   3.5665    3.5820    3.7304    3.7373    3.9173    3.9667    4.1617    4.4740
   4.7152    4.9062

 Heat of formation   =         67.63269415 kcal/mol  (        2.93277369 eV)

 Total SCF energy    =    -127884.62027096 kcal/mol  (    -5545.49326876 eV)
 Electronic energy   =   -1104443.65885939 kcal/mol  (   -47892.27088415 eV)
 Core-core repulsion =     976559.03858844 kcal/mol  (    42346.77761539 eV)
 
    Atomic Charges for Step       1 :
  Atom    Element       Mulliken Charge
     1      C                 -0.215
     2      C                  0.073
     3      O                 -0.213
     4      C                 -0.001
     5      C                 -0.086
     6      C                 -0.198
     7      C                  0.085
     8      O                 -0.242
     9      C                 -0.128
    10      C                 -0.247
    11      S                  0.276
    12      C                 -0.111
    13      C                 -0.069
    14      C                 -0.213
    15      C                  0.086
    16      O                 -0.250
    17      C                 -0.161
    18      C                 -0.086
    19      C                 -0.071
    20      C                 -0.091
    21      C                 -0.141
    22      C                  0.046
    23      C                 -0.184
    24      C                 -0.056
    25      O                 -0.260
    26      C                 -0.040
    27      C                 -0.066
    28      C                 -0.248
    29      N                 -0.009
    30      C                 -0.124
    31      C                 -0.181
    32      C                 -0.181
    33      C                 -0.123
    34      H                  0.134
    35      H                  0.115
    36      H                  0.150
    37      H                  0.144
    38      H                  0.224
    39      H                  0.168
    40      H                  0.153
    41      H                  0.140
    42      H                  0.223
    43      H                  0.153
    44      H                  0.133
    45      H                  0.149
    46      H                  0.147
    47      H                  0.137
    48      H                  0.168
    49      H                  0.098
    50      H                  0.133
    51      H                  0.143
    52      H                  0.120
    53      H                  0.101
    54      H                  0.133
    55      H                  0.258
    56      H                  0.140
    57      H                  0.144
    58      H                  0.135
    59      H                  0.129
    60      H                  0.136
    61      H                  0.129
    62      H                  0.155
    63      H                  0.137
 Total Mulliken Charge =       1.000
 
                  X        Y        Z     TOTAL  
  QM DIPOLE    28.743    2.331    4.274   29.152
 
 Final Structure

  QMMM: QM Region Cartesian Coordinates (*=link atom) 
  QMMM: QM_NO.   MM_NO.  ATOM         X         Y         Z
  QMMM:     1        1      C       -2.3560   -0.0476   -1.4720
  QMMM:     2        2      C       -1.8661    1.0493   -0.5209
  QMMM:     3        3      O       -2.4983    0.9749    0.7684
  QMMM:     4        4      C       -3.8705    1.2079    0.7365
  QMMM:     5        5      C       -4.4101    1.8026    1.8854
  QMMM:     6        6      C       -5.7818    2.0042    1.9709
  QMMM:     7        7      C       -6.6025    1.6198    0.8976
  QMMM:     8        8      O       -7.9664    1.7939    0.9074
  QMMM:     9        9      C       -6.0630    1.0307   -0.2536
  QMMM:    10       10      C       -4.6833    0.8186   -0.3411
  QMMM:    11       11      S       -4.1083    0.1250   -1.7714
  QMMM:    12       12      C       -2.0040   -1.4373   -1.0848
  QMMM:    13       13      C       -2.3621   -1.9705    0.1599
  QMMM:    14       14      C       -2.0412   -3.2832    0.4912
  QMMM:    15       15      C       -1.3516   -4.0775   -0.4357
  QMMM:    16       16      O       -0.9815   -5.3755   -0.1742
  QMMM:    17       17      C       -0.9871   -3.5611   -1.6903
  QMMM:    18       18      C       -1.3181   -2.2483   -2.0026
  QMMM:    19       19      C       -0.3847    0.9782   -0.2932
  QMMM:    20       20      C        0.4712    1.5082   -1.2683
  QMMM:    21       21      C        1.8515    1.4586   -1.1004
  QMMM:    22       22      C        2.3691    0.8653    0.0608
  QMMM:    23       23      C        1.5315    0.3411    1.0488
  QMMM:    24       24      C        0.1505    0.4028    0.8630
  QMMM:    25       25      O        3.7611    0.7914    0.1159
  QMMM:    26       26      C        4.3124    0.6750    1.4257
  QMMM:    27       27      C        5.8039    1.0642    1.3215
  QMMM:    28       28      C        5.9236    2.5694    1.1200
  QMMM:    29       29      N        6.4874    0.2992    0.2178
  QMMM:    30       30      C        7.9519    0.6190    0.0876
  QMMM:    31       31      C        8.6701   -0.6618   -0.3479
  QMMM:    32       32      C        7.6765   -1.8049   -0.1793
  QMMM:    33       33      C        6.3948   -1.1942    0.3922
  QMMM:    34       34      H       -1.8990    0.1738   -2.4797
  QMMM:    35       35      H       -2.1214    2.0508   -0.9810
  QMMM:    36       36      H       -3.7428    2.0948    2.7090
  QMMM:    37       37      H       -6.2197    2.4637    2.8684
  QMMM:    38       38      H       -8.2109    2.2047    1.7501
  QMMM:    39       39      H       -6.7305    0.7368   -1.0785
  QMMM:    40       40      H       -2.9068   -1.3428    0.8850
  QMMM:    41       41      H       -2.3371   -3.6966    1.4657
  QMMM:    42       42      H       -1.4043   -5.6465    0.6543
  QMMM:    43       43      H       -0.4572   -4.2024   -2.4084
  QMMM:    44       44      H       -1.0421   -1.8479   -2.9906
  QMMM:    45       45      H        0.0515    1.9709   -2.1758
  QMMM:    46       46      H        2.5289    1.8682   -1.8619
  QMMM:    47       47      H        1.9381   -0.1208    1.9585
  QMMM:    48       48      H       -0.5284   -0.0087    1.6292
  QMMM:    49       49      H        4.1997   -0.3848    1.7788
  QMMM:    50       50      H        3.8055    1.3720    2.1442
  QMMM:    51       51      H        6.3078    0.7685    2.2901
  QMMM:    52       52      H        5.3616    2.8947    0.2096
  QMMM:    53       53      H        6.9885    2.8941    1.0349
  QMMM:    54       54      H        5.4735    3.0794    2.0088
  QMMM:    55       55      H        6.0102    0.5510   -0.6590
  QMMM:    56       56      H        8.3368    0.9708    1.0848
  QMMM:    57       57      H        8.0795    1.4473   -0.6613
  QMMM:    58       58      H        9.5813   -0.8191    0.2833
  QMMM:    59       59      H        9.0069   -0.5790   -1.4125
  QMMM:    60       60      H        8.0698   -2.5865    0.5192
  QMMM:    61       61      H        7.4695   -2.3027   -1.1607
  QMMM:    62       62      H        5.4722   -1.5613   -0.1364
  QMMM:    63       63      H        6.3003   -1.4267    1.4889

           --------- Calculation Completed ----------

