
          -------------------------------------------------------
          Amber 16 SANDER                              2016
          -------------------------------------------------------

| Run on 08/12/2016 at 19:24:40

|   Executable path: sander
| Working directory: /net/roos/home4/zuckerman/spiriti/estrogen-receptor2/ligands5/ral
|          Hostname: n000.dcb.private.net

  [-O]verwriting output

File Assignments:
|  MDIN: ../amber.in                                                           
| MDOUT: amber.out                                                             
|INPCRD: ral.inpcrd                                                            
|  PARM: ral.prm7                                                              
|RESTRT: restrt                                                                
|  REFC: refc                                                                  
| MDVEL: mdvel                                                                 
| MDFRC: mdfrc                                                                 
|  MDEN: mden                                                                  
| MDCRD: mdcrd                                                                 
|MDINFO: mdinfo                                                                
|  MTMD: mtmd                                                                  
|INPDIP: inpdip                                                                
|RSTDIP: rstdip                                                                
|INPTRA: inptraj                                                               


 Here is the input file:

test file                                                                      
&cntrl                                                                         
imin=1, maxcyc=1,                                                              
ntpr=5, cut=99, igb=0, ntb=0                                                   
/                                                                              

--------------------------------------------------------------------------------
   1.  RESOURCE   USE: 
--------------------------------------------------------------------------------

| Flags:                                                                        
|    NONPERIODIC   ntb=0 and igb=0: Setting up nonperiodic simulation
|  *** cutoff > system size, list only builds once
|Largest sphere to fit in unit cell has radius =    32.901
| New format PARM file being parsed.
| Version =    1.000 Date = 07/07/16 Time = 01:23:33
 NATOM  =      62 NTYPES =      13 NBONH =      28 MBONA  =      38
 NTHETH =      62 MTHETA =      53 NPHIH =     117 MPHIA  =      85
 NHPARM =       0 NPARM  =       0 NNB   =     342 NRES   =       1
 NBONA  =      38 NTHETA =      53 NPHIA =      85 NUMBND =      20
 NUMANG =      33 NPTRA  =      17 NATYP =      16 NPHB   =       0
 IFBOX  =       0 NMXRS  =      62 IFCAP =       0 NEXTRA =       0
 NCOPY  =       0


|     Memory Use     Allocated
|     Real                9354
|     Hollerith            189
|     Integer            31858
|     Max Pairs           1891
|     nblistReal           744
|     nblist Int       1151805
|       Total             4710 kbytes

| Note: 1-4 EEL scale factors are being read from the topology file.

| Note: 1-4 VDW scale factors are being read from the topology file.
| Duplicated    0 dihedrals
| Duplicated    0 dihedrals

--------------------------------------------------------------------------------
   2.  CONTROL  DATA  FOR  THE  RUN
--------------------------------------------------------------------------------

default_name                                                                    

General flags:
     imin    =       1, nmropt  =       0

Nature and format of input:
     ntx     =       1, irest   =       0, ntrx    =       1

Nature and format of output:
     ntxo    =       2, ntpr    =       5, ntrx    =       1, ntwr    =       1
     iwrap   =       0, ntwx    =       0, ntwv    =       0, ntwe    =       0
     ioutfm  =       1, ntwprt  =       0, idecomp =       0, rbornstat=      0

Potential function:
     ntf     =       1, ntb     =       0, igb     =       0, nsnb    =      25
     ipol    =       0, gbsa    =       0, iesp    =       0
     dielc   =   1.00000, cut     =  99.00000, intdiel =   1.00000

Frozen or restrained atoms:
     ibelly  =       0, ntr     =       0

Energy minimization:
     maxcyc  =       1, ncyc    =      10, ntmin   =       1
     dx0     =   0.01000, drms    =   0.00010
|  INFO: Old style inpcrd file read


--------------------------------------------------------------------------------
   3.  ATOMIC COORDINATES AND VELOCITIES
--------------------------------------------------------------------------------

default_name                                                                    
 begin time read from input coords =     0.000 ps

 Number of triangulated 3-point waters found:        0

     Sum of charges from parm topology file =   0.99800000

--------------------------------------------------------------------------------
   4.  RESULTS
--------------------------------------------------------------------------------

 ---------------------------------------------------

     eedmeth=4: Setting switch to one everywhere

 ---------------------------------------------------
| Local SIZE OF NONBOND LIST =       1550
| TOTAL SIZE OF NONBOND LIST =       1550


   NSTEP       ENERGY          RMS            GMAX         NAME    NUMBER
      1       1.5244E+02     2.2510E+01     1.1675E+02     C24        40

 BOND    =       18.9451  ANGLE   =       29.0145  DIHED      =       27.4120
 VDWAALS =       14.7201  EEL     =       45.0425  HBOND      =        0.0000
 1-4 VDW =       27.4279  1-4 EEL =      -10.1213  RESTRAINT  =        0.0000


  Maximum number of minimization cycles reached.


                    FINAL RESULTS



   NSTEP       ENERGY          RMS            GMAX         NAME    NUMBER
      1       1.5244E+02     2.2510E+01     1.1675E+02     C24        40

 BOND    =       18.9451  ANGLE   =       29.0145  DIHED      =       27.4120
 VDWAALS =       14.7201  EEL     =       45.0425  HBOND      =        0.0000
 1-4 VDW =       27.4279  1-4 EEL =      -10.1213  RESTRAINT  =        0.0000

--------------------------------------------------------------------------------
   5.  TIMINGS
--------------------------------------------------------------------------------

|    Read coords time           0.00 ( 0.38% of Total)
|                Build the list             0.00 (96.27% of List )
|                Other                      0.00 ( 3.73% of List )
|             List time                  0.00 (69.40% of Nonbo)
|                   Short_ene time             0.00 (98.14% of Direc)
|                   Other                      0.00 ( 1.86% of Direc)
|                Direct Ewald time          0.00 (91.69% of Ewald)
|                Virial junk                0.00 ( 1.28% of Ewald)
|                Start synchronizatio       0.00 ( 0.43% of Ewald)
|                Other                      0.00 ( 6.60% of Ewald)
|             Ewald time                 0.00 (30.27% of Nonbo)
|             Other                      0.00 ( 0.33% of Nonbo)
|          Nonbond force              0.00 (82.71% of Force)
|          Bond/Angle/Dihedral        0.00 (15.80% of Force)
|          Other                      0.00 ( 1.49% of Force)
|       Force time                 0.00 (100.0% of Runmd)
|    Runmd Time                 0.00 ( 0.35% of Total)
|    Other                      0.54 (99.27% of Total)
| Total time                 0.54 (99.88% of ALL  )

| Number of list builds   :          1

| Highest rstack allocated:        285
| Highest istack allocated:         57
|           Job began  at 19:24:39.912  on 08/12/2016
|           Setup done at 19:24:40.075  on 08/12/2016
|           Run   done at 19:24:40.454  on 08/12/2016
|     wallclock() was called      58 times
