            --------------------------------------------------------
                             AMBER SQM VERSION 14
 
                                     By
              Ross C. Walker, Michael F. Crowley, Scott Brozell,
                         Tim Giese, Andreas W. Goetz,
                        Tai-Sung Lee and David A. Case
 
            --------------------------------------------------------
 

--------------------------------------------------------------------------------
  QM CALCULATION INFO
--------------------------------------------------------------------------------

| QMMM: Citation for AMBER QMMM Run:
| QMMM: R.C. Walker, M.F. Crowley and D.A. Case, J. COMP. CHEM. 29:1019, 2008

QMMM: SINGLET STATE CALCULATION
QMMM: RHF CALCULATION, NO. OF DOUBLY OCCUPIED LEVELS = 87

| QMMM: *** Selected Hamiltonian *** 
| QMMM: AM1         

| QMMM: *** Parameter sets in use ***
| QMMM: C : M.J.S.DEWAR et al. JACS, 107, 3902, (1985)
| QMMM: O : M.J.S.DEWAR et al. JACS, 107, 3902, (1985)
| QMMM: S : M.J.S.DEWAR et al. INORG. CHEM., 29, 3881, (1990)
| QMMM: N : M.J.S.DEWAR et al. JACS, 107, 3902, (1985)
| QMMM: H : M.J.S.DEWAR et al. JACS, 107, 3902, (1985)

| QMMM: *** SCF convergence criteria ***
| QMMM: Energy change                :  0.1D-09 kcal/mol
| QMMM: Error matrix |FP-PF|         :  0.1D+00 au
| QMMM: Density matrix change        :  0.5D-06
| QMMM: Maximum number of SCF cycles :     1000

| QMMM: *** Diagonalization Routine Information ***
| QMMM: Pseudo diagonalizations are allowed.
| QMMM: Auto diagonalization routine selection is in use.
| QMMM:
| QMMM: Timing diagonalization routines:
| QMMM:                              norbs =      164
| QMMM:    diag iterations used for timing =        5
| QMMM:
| QMMM:              Internal diag routine = 0.073277 seconds
| QMMM:                 Dspev diag routine = 0.112424 seconds
| QMMM:                Dspevd diag routine = 0.074369 seconds
| QMMM:                Dspevx diag routine = 0.236976 seconds
| QMMM:                 Dsyev diag routine = 0.122924 seconds
| QMMM:                Dsyevd diag routine = 0.083238 seconds
| QMMM:                Dsyevr diag routine = 0.072871 seconds
| QMMM:
| QMMM:                Pseudo diag routine = 0.031041 seconds
| QMMM:
| QMMM: Using dsyevr routine (diag_routine=7).

  QMMM: QM Region Cartesian Coordinates (*=link atom) 
  QMMM: QM_NO.   MM_NO.  ATOM         X         Y         Z
  QMMM:     1        1      C        2.4440    0.8250   -3.6100
  QMMM:     2        2      C        3.4780    0.3980   -4.4010
  QMMM:     3        3      C        3.3480   -0.7220   -5.2150
  QMMM:     4        4      O        4.3850   -1.1290   -5.9940
  QMMM:     5        5      C        2.1500   -1.4190   -5.2250
  QMMM:     6        6      C        1.1060   -0.9940   -4.4300
  QMMM:     7        7      S       -0.5420   -1.5900   -4.1610
  QMMM:     8        8      C       -1.0960   -0.3820   -2.9750
  QMMM:     9        9      C       -2.4110   -0.2840   -2.3140
  QMMM:    10       10      C       -2.9690   -1.4060   -1.6940
  QMMM:    11       11      C       -4.1970   -1.3100   -1.0780
  QMMM:    12       12      C       -4.8810   -0.1000   -1.0730
  QMMM:    13       13      O       -6.0920   -0.0100   -0.4640
  QMMM:    14       14      C       -4.3330    1.0150   -1.6930
  QMMM:    15       15      C       -3.1030    0.9300   -2.3070
  QMMM:    16       16      C        1.2110    0.1350   -3.5980
  QMMM:    17       17      C        0.0050    0.4490   -2.8260
  QMMM:    18       18      C       -0.0330    1.6000   -1.9230
  QMMM:    19       19      O       -0.3920    2.6870   -2.3380
  QMMM:    20       20      C        0.3620    1.4420   -0.5090
  QMMM:    21       21      C        0.4310    2.5590    0.3260
  QMMM:    22       22      C        0.8000    2.4080    1.6450
  QMMM:    23       23      C        1.1030    1.1470    2.1430
  QMMM:    24       24      C        1.0340    0.0330    1.3150
  QMMM:    25       25      C        0.6610    0.1750   -0.0020
  QMMM:    26       26      O        1.4660    1.0020    3.4430
  QMMM:    27       27      C        1.8280   -0.3680    3.6210
  QMMM:    28       28      C        2.3080   -0.5870    5.0570
  QMMM:    29       29      N        1.2300   -0.2400    5.9920
  QMMM:    30       30      C        1.7520   -0.4710    7.3430
  QMMM:    31       31      C        0.6770   -0.1370    8.3780
  QMMM:    32       32      C       -0.5300   -1.0550    8.1650
  QMMM:    33       33      C       -1.0120   -0.9150    6.7180
  QMMM:    34       34      C        0.1510   -1.2090    5.7690
  QMMM:    35       35      H        2.5670    1.6600   -3.0160
  QMMM:    36       36      H        4.3700    0.9170   -4.3930
  QMMM:    37       37      H        5.1930   -0.6550   -5.9840
  QMMM:    38       38      H        2.0400   -2.2520   -5.8240
  QMMM:    39       39      H       -2.4620   -2.3050   -1.6980
  QMMM:    40       40      H       -4.6100   -2.1370   -0.6200
  QMMM:    41       41      H       -6.4630   -0.7620   -0.0450
  QMMM:    42       42      H       -4.8480    1.9090   -1.6940
  QMMM:    43       43      H       -2.6930    1.7610   -2.7610
  QMMM:    44       44      H        0.2060    3.4960   -0.0440
  QMMM:    45       45      H        0.8510    3.2320    2.2640
  QMMM:    46       46      H        1.2630   -0.9020    1.6880
  QMMM:    47       47      H        0.6020   -0.6540   -0.6140
  QMMM:    48       48      H        2.6140   -0.6210    2.9400
  QMMM:    49       49      H        0.9780   -0.9890    3.4310
  QMMM:    50       50      H        3.1590    0.0340    5.2470
  QMMM:    51       51      H        2.5790   -1.6140    5.1900
  QMMM:    52       52      H        0.9070    0.7200    5.8710
  QMMM:    53       53      H        2.6070    0.1520    7.5050
  QMMM:    54       54      H        2.0310   -1.4990    7.4430
  QMMM:    55       55      H        0.3750    0.8830    8.2640
  QMMM:    56       56      H        1.0690   -0.2820    9.3630
  QMMM:    57       57      H       -1.3170   -0.7750    8.8340
  QMMM:    58       58      H       -0.2510   -2.0700    8.3570
  QMMM:    59       59      H       -1.3650    0.0820    6.5530
  QMMM:    60       60      H       -1.8080   -1.6070    6.5360
  QMMM:    61       61      H        0.5180   -2.1970    5.9520
  QMMM:    62       62      H       -0.1900   -1.1330    4.7580

--------------------------------------------------------------------------------
  RESULTS
--------------------------------------------------------------------------------

      iter         sqm energy              rms gradient
      ----    -------------------    -----------------------
xmin    10       77.4564 kcal/mol        0.4687 kcal/(mol*A)
xmin    20       76.2247 kcal/mol        0.4081 kcal/(mol*A)
xmin    30       75.6800 kcal/mol        0.2908 kcal/(mol*A)
xmin    40       75.6094 kcal/mol        0.2165 kcal/(mol*A)
xmin    50       75.5605 kcal/mol        0.0503 kcal/(mol*A)
xmin    60       75.5398 kcal/mol        0.0987 kcal/(mol*A)
xmin    70       75.5359 kcal/mol        0.0405 kcal/(mol*A)
xmin    80       75.5240 kcal/mol        0.0489 kcal/(mol*A)
xmin    90       75.5054 kcal/mol        0.1228 kcal/(mol*A)
xmin   100       75.5001 kcal/mol        0.0269 kcal/(mol*A)
xmin   110       75.4922 kcal/mol        0.0124 kcal/(mol*A)
xmin   120       75.4914 kcal/mol        0.0404 kcal/(mol*A)
xmin   130       75.4892 kcal/mol        0.0618 kcal/(mol*A)
xmin   140       75.4858 kcal/mol        0.0530 kcal/(mol*A)
xmin   150       75.4793 kcal/mol        0.0610 kcal/(mol*A)
xmin   160       75.4775 kcal/mol        0.0319 kcal/(mol*A)
xmin   170       75.4729 kcal/mol        0.0189 kcal/(mol*A)
xmin   180       75.4722 kcal/mol        0.0133 kcal/(mol*A)
xmin   190       75.4718 kcal/mol        0.0059 kcal/(mol*A)
xmin   200       75.4711 kcal/mol        0.0078 kcal/(mol*A)
xmin   210       75.4705 kcal/mol        0.0156 kcal/(mol*A)
xmin   220       75.4703 kcal/mol        0.0166 kcal/(mol*A)
xmin   230       75.4701 kcal/mol        0.0039 kcal/(mol*A)
xmin   240       75.4701 kcal/mol        0.0045 kcal/(mol*A)
xmin   250       75.4700 kcal/mol        0.0029 kcal/(mol*A)
xmin   260       75.4699 kcal/mol        0.0057 kcal/(mol*A)
xmin   270       75.4698 kcal/mol        0.0063 kcal/(mol*A)
xmin   280       75.4697 kcal/mol        0.0045 kcal/(mol*A)
xmin   290       75.4696 kcal/mol        0.0033 kcal/(mol*A)
xmin   300       75.4695 kcal/mol        0.0068 kcal/(mol*A)
xmin   310       75.4693 kcal/mol        0.0033 kcal/(mol*A)
xmin   320       75.4692 kcal/mol        0.0021 kcal/(mol*A)
xmin   330       75.4692 kcal/mol        0.0021 kcal/(mol*A)
xmin   340       75.4692 kcal/mol        0.0022 kcal/(mol*A)
xmin   350       75.4692 kcal/mol        0.0010 kcal/(mol*A)
xmin   360       75.4692 kcal/mol        0.0038 kcal/(mol*A)
xmin   370       75.4691 kcal/mol        0.0011 kcal/(mol*A)
xmin   380       75.4691 kcal/mol        0.0008 kcal/(mol*A)
  ... geometry converged !
 
 Final MO eigenvalues (eV):
 -45.9526  -43.5823  -42.7157  -41.8724  -41.6759  -40.5042  -39.7983  -39.4185
 -39.2746  -36.7035  -36.4459  -35.2682  -34.1936  -33.7594  -33.4697  -33.2872
 -32.8944  -30.2520  -29.8671  -28.9255  -28.5842  -27.8377  -26.5149  -25.8917
 -25.8549  -25.4580  -25.3274  -24.5339  -23.7216  -22.6364  -22.1233  -22.0469
 -21.8888  -21.3272  -21.3198  -20.6342  -20.3348  -19.9140  -19.6851  -19.6079
 -19.4803  -19.2011  -18.9277  -18.8310  -18.6801  -18.3472  -18.1334  -18.1192
 -17.9147  -17.7061  -17.6531  -17.3660  -17.1072  -16.9695  -16.8521  -16.8152
 -16.7683  -16.6946  -16.5787  -16.4852  -16.3438  -16.1907  -15.9804  -15.9029
 -15.8839  -15.8298  -15.7792  -15.7572  -15.4538  -15.4405  -15.0100  -14.9317
 -14.4645  -14.4372  -14.2657  -14.1933  -13.5300  -13.1882  -13.0581  -12.6130
 -12.4164  -12.2786  -11.9749  -11.4964  -10.9803  -10.3470   -9.9378   -3.7334
  -2.6775   -2.1930   -2.1375   -1.7853   -1.5784   -1.5408   -1.4419   -1.3315
  -1.3079   -1.1985   -0.9365   -0.9144   -0.8384   -0.7991   -0.6405   -0.5419
  -0.4923   -0.4586   -0.4419   -0.3749   -0.3720   -0.3099   -0.1456    0.0543
   0.1931    0.2286    0.2980    0.4179    0.4332    0.5590    0.7805    0.9924
   1.0463    1.0555    1.0797    1.1127    1.1535    1.2433    1.2449    1.4418
   1.5291    1.5368    1.8476    1.8597    1.9487    2.0500    2.1643    2.2026
   2.2381    2.3215    2.3780    2.5221    2.5963    2.6377    2.6853    2.7504
   2.7733    2.8503    2.9648    3.0664    3.1102    3.1646    3.3133    3.3834
   3.3981    3.5041    3.5756    3.6251    3.7234    3.7799    3.9378    4.0462
   4.1871    4.5924    4.7340    4.7540

 Heat of formation   =         75.46913695 kcal/mol  (        3.27258735 eV)

 Total SCF energy    =    -130203.97684750 kcal/mol  (    -5646.06811706 eV)
 Electronic energy   =   -1101503.22915373 kcal/mol  (   -47764.76428402 eV)
 Core-core repulsion =     971299.25230624 kcal/mol  (    42118.69616696 eV)
 
    Atomic Charges for Step       1 :
  Atom    Element       Mulliken Charge
     1      C                 -0.059
     2      C                 -0.200
     3      C                  0.092
     4      O                 -0.244
     5      C                 -0.128
     6      C                 -0.281
     7      S                  0.537
     8      C                 -0.241
     9      C                 -0.081
    10      C                 -0.078
    11      C                 -0.216
    12      C                  0.094
    13      O                 -0.244
    14      C                 -0.157
    15      C                 -0.072
    16      C                 -0.084
    17      C                 -0.158
    18      C                  0.338
    19      O                 -0.269
    20      C                 -0.154
    21      C                 -0.044
    22      C                 -0.159
    23      C                  0.072
    24      C                 -0.205
    25      C                 -0.038
    26      O                 -0.260
    27      C                 -0.041
    28      C                 -0.133
    29      N                 -0.004
    30      C                 -0.123
    31      C                 -0.185
    32      C                 -0.177
    33      C                 -0.185
    34      C                 -0.125
    35      H                  0.141
    36      H                  0.140
    37      H                  0.224
    38      H                  0.163
    39      H                  0.138
    40      H                  0.140
    41      H                  0.223
    42      H                  0.160
    43      H                  0.159
    44      H                  0.173
    45      H                  0.151
    46      H                  0.138
    47      H                  0.164
    48      H                  0.136
    49      H                  0.102
    50      H                  0.151
    51      H                  0.146
    52      H                  0.262
    53      H                  0.141
    54      H                  0.138
    55      H                  0.112
    56      H                  0.141
    57      H                  0.132
    58      H                  0.105
    59      H                  0.113
    60      H                  0.140
    61      H                  0.136
    62      H                  0.141
 Total Mulliken Charge =       1.000
 
                  X        Y        Z     TOTAL  
  QM DIPOLE     6.957   -5.553   29.171   30.499
 
 Final Structure

  QMMM: QM Region Cartesian Coordinates (*=link atom) 
  QMMM: QM_NO.   MM_NO.  ATOM         X         Y         Z
  QMMM:     1        1      C        2.4431    0.8949   -3.5321
  QMMM:     2        2      C        3.4638    0.4388   -4.3450
  QMMM:     3        3      C        3.2233   -0.6177   -5.2554
  QMMM:     4        4      O        4.2110   -1.1145   -6.0724
  QMMM:     5        5      C        1.9670   -1.2169   -5.3667
  QMMM:     6        6      C        0.9387   -0.7492   -4.5463
  QMMM:     7        7      S       -0.6664   -1.2534   -4.4873
  QMMM:     8        8      C       -1.0938   -0.1520   -3.2654
  QMMM:     9        9      C       -2.4562   -0.1022   -2.7856
  QMMM:    10       10      C       -3.1736   -1.2911   -2.5807
  QMMM:    11       11      C       -4.4919   -1.2574   -2.1398
  QMMM:    12       12      C       -5.1056   -0.0185   -1.9022
  QMMM:    13       13      O       -6.3984    0.0964   -1.4533
  QMMM:    14       14      C       -4.4037    1.1821   -2.1081
  QMMM:    15       15      C       -3.0882    1.1307   -2.5492
  QMMM:    16       16      C        1.1742    0.3021   -3.6162
  QMMM:    17       17      C       -0.0224    0.6197   -2.8738
  QMMM:    18       18      C       -0.0368    1.6764   -1.8483
  QMMM:    19       19      O       -0.3077    2.8529   -2.1142
  QMMM:    20       20      C        0.2997    1.2705   -0.4600
  QMMM:    21       21      C        0.2598    2.2395    0.5551
  QMMM:    22       22      C        0.5623    1.9026    1.8697
  QMMM:    23       23      C        0.9014    0.5721    2.1627
  QMMM:    24       24      C        0.9481   -0.4075    1.1672
  QMMM:    25       25      C        0.6455   -0.0472   -0.1464
  QMMM:    26       26      O        1.1353    0.3143    3.5115
  QMMM:    27       27      C        1.8491   -0.8865    3.7979
  QMMM:    28       28      C        2.3646   -0.7421    5.2347
  QMMM:    29       29      N        1.2914   -0.4007    6.2191
  QMMM:    30       30      C        1.8809    0.1587    7.4805
  QMMM:    31       31      C        0.8100    0.5172    8.5032
  QMMM:    32       32      C       -0.0865   -0.6643    8.8042
  QMMM:    33       33      C       -0.6693   -1.2459    7.5344
  QMMM:    34       34      C        0.4242   -1.5846    6.5290
  QMMM:    35       35      H        2.6131    1.7254   -2.8307
  QMMM:    36       36      H        4.4622    0.8973   -4.2981
  QMMM:    37       37      H        5.0008   -0.5650   -5.9596
  QMMM:    38       38      H        1.8039   -2.0278   -6.0906
  QMMM:    39       39      H       -2.6899   -2.2618   -2.7739
  QMMM:    40       40      H       -5.0502   -2.1917   -1.9868
  QMMM:    41       41      H       -6.7936   -0.7881   -1.4409
  QMMM:    42       42      H       -4.9065    2.1430   -1.9265
  QMMM:    43       43      H       -2.5330    2.0680   -2.7261
  QMMM:    44       44      H       -0.0133    3.2779    0.2964
  QMMM:    45       45      H        0.5334    2.6557    2.6690
  QMMM:    46       46      H        1.2114   -1.4486    1.3976
  QMMM:    47       47      H        0.6788   -0.8114   -0.9416
  QMMM:    48       48      H        2.7318   -1.0087    3.1143
  QMMM:    49       49      H        1.1588   -1.7643    3.6879
  QMMM:    50       50      H        3.1280    0.0890    5.2626
  QMMM:    51       51      H        2.8547   -1.7057    5.5490
  QMMM:    52       52      H        0.6933    0.3261    5.7936
  QMMM:    53       53      H        2.4767    1.0764    7.2090
  QMMM:    54       54      H        2.5781   -0.6181    7.9050
  QMMM:    55       55      H        0.1979    1.3835    8.1360
  QMMM:    56       56      H        1.3344    0.8512    9.4391
  QMMM:    57       57      H       -0.9200   -0.3368    9.4817
  QMMM:    58       58      H        0.4951   -1.4531    9.3516
  QMMM:    59       59      H       -1.4055   -0.5297    7.0818
  QMMM:    60       60      H       -1.2245   -2.1951    7.7644
  QMMM:    61       61      H        1.0861   -2.3981    6.9412
  QMMM:    62       62      H       -0.0335   -1.9379    5.5615

           --------- Calculation Completed ----------

