            --------------------------------------------------------
                             AMBER SQM VERSION 14
 
                                     By
              Ross C. Walker, Michael F. Crowley, Scott Brozell,
                         Tim Giese, Andreas W. Goetz,
                        Tai-Sung Lee and David A. Case
 
            --------------------------------------------------------
 

--------------------------------------------------------------------------------
  QM CALCULATION INFO
--------------------------------------------------------------------------------

| QMMM: Citation for AMBER QMMM Run:
| QMMM: R.C. Walker, M.F. Crowley and D.A. Case, J. COMP. CHEM. 29:1019, 2008

QMMM: SINGLET STATE CALCULATION
QMMM: RHF CALCULATION, NO. OF DOUBLY OCCUPIED LEVELS = 49

| QMMM: *** Selected Hamiltonian *** 
| QMMM: AM1         

| QMMM: *** Parameter sets in use ***
| QMMM: C : M.J.S.DEWAR et al. JACS, 107, 3902, (1985)
| QMMM: O : M.J.S.DEWAR et al. JACS, 107, 3902, (1985)
| QMMM: N : M.J.S.DEWAR et al. JACS, 107, 3902, (1985)
| QMMM: H : M.J.S.DEWAR et al. JACS, 107, 3902, (1985)

| QMMM: *** SCF convergence criteria ***
| QMMM: Energy change                :  0.1D-09 kcal/mol
| QMMM: Error matrix |FP-PF|         :  0.1D+00 au
| QMMM: Density matrix change        :  0.5D-06
| QMMM: Maximum number of SCF cycles :     1000

| QMMM: *** Diagonalization Routine Information ***
| QMMM: Pseudo diagonalizations are allowed.
| QMMM: Auto diagonalization routine selection is in use.
| QMMM:
| QMMM: Timing diagonalization routines:
| QMMM:                              norbs =       91
| QMMM:    diag iterations used for timing =       15
| QMMM:
| QMMM:              Internal diag routine = 0.044056 seconds
| QMMM:                 Dspev diag routine = 0.077761 seconds
| QMMM:                Dspevd diag routine = 0.053931 seconds
| QMMM:                Dspevx diag routine = 0.171067 seconds
| QMMM:                 Dsyev diag routine = 0.082446 seconds
| QMMM:                Dsyevd diag routine = 0.063972 seconds
| QMMM:                Dsyevr diag routine = 0.055558 seconds
| QMMM:
| QMMM:                Pseudo diag routine = 0.023459 seconds
| QMMM:
| QMMM: Using internal diagonalization routine (diag_routine=1).

  QMMM: QM Region Cartesian Coordinates (*=link atom) 
  QMMM: QM_NO.   MM_NO.  ATOM         X         Y         Z
  QMMM:     1        1      C       -0.1440   -0.3300   -3.7990
  QMMM:     2        2      C        0.6130   -0.4800   -2.6570
  QMMM:     3        3      C        0.0400   -0.2710   -1.4100
  QMMM:     4        4      C       -1.3140    0.0930   -1.3250
  QMMM:     5        5      C       -2.0740    0.2430   -2.4860
  QMMM:     6        6      C       -1.4860    0.0290   -3.7180
  QMMM:     7        7      O        0.5210   -0.3410   -0.1500
  QMMM:     8        8      C       -0.4390   -0.0440    0.7460
  QMMM:     9        9      C       -1.6000    0.2290    0.1040
  QMMM:    10       10      O       -2.2200    0.1720   -4.8540
  QMMM:    11       11      C        2.0640   -0.8710   -2.7630
  QMMM:    12       12      C        2.8930    0.3410   -2.8580
  QMMM:    13       13      N        3.5330    1.2760   -2.9320
  QMMM:    14       14      C       -0.2540   -0.0260    2.2130
  QMMM:    15       15      C       -1.3250    0.2970    3.0490
  QMMM:    16       16      C       -1.1500    0.3090    4.4160
  QMMM:    17       17      C        0.0910    0.0090    4.9610
  QMMM:    18       18      C        1.1580   -0.3120    4.1330
  QMMM:    19       19      C        0.9900   -0.3310    2.7650
  QMMM:    20       20      O        0.2600    0.0260    6.3090
  QMMM:    21       21      H        0.2890   -0.4850   -4.7230
  QMMM:    22       22      H       -3.0680    0.5120   -2.4250
  QMMM:    23       23      H       -2.5030    0.4820    0.5350
  QMMM:    24       24      H       -1.8220    0.0270   -5.6900
  QMMM:    25       25      H        2.2090   -1.4710   -3.6370
  QMMM:    26       26      H        2.3470   -1.4300   -1.8950
  QMMM:    27       27      H       -2.2460    0.5260    2.6440
  QMMM:    28       28      H       -1.9420    0.5410    5.0350
  QMMM:    29       29      H        2.0780   -0.5370    4.5420
  QMMM:    30       30      H        1.7830   -0.5710    2.1500
  QMMM:    31       31      H       -0.4600    0.2430    6.8690

--------------------------------------------------------------------------------
  RESULTS
--------------------------------------------------------------------------------

      iter         sqm energy              rms gradient
      ----    -------------------    -----------------------
xmin    10      -14.5933 kcal/mol        2.1428 kcal/(mol*A)
xmin    20      -15.4516 kcal/mol        0.4176 kcal/(mol*A)
xmin    30      -15.4816 kcal/mol        0.1122 kcal/(mol*A)
xmin    40      -15.5028 kcal/mol        0.4646 kcal/(mol*A)
xmin    50      -15.5340 kcal/mol        0.2703 kcal/(mol*A)
xmin    60      -15.5543 kcal/mol        0.2825 kcal/(mol*A)

QMMM: ERROR!
QMMM: Unable to achieve self consistency to the tolerances specified
QMMM: No convergence in SCF after   1000 steps.
QMMM: E =  -0.4638E+06 DeltaE =   0.5856E-03 DeltaP =   0.2737E-02
QMMM: Smallest DeltaE =   0.3339E-03 DeltaP =   0.4378E-02 Step =    998

