
          -------------------------------------------------------
          Amber 16 SANDER                              2016
          -------------------------------------------------------

| Run on 08/12/2016 at 19:24:41

|   Executable path: sander
| Working directory: /net/roos/home4/zuckerman/spiriti/estrogen-receptor2/ligands5/srr
|          Hostname: n000.dcb.private.net

  [-O]verwriting output

File Assignments:
|  MDIN: ../amber.in                                                           
| MDOUT: amber.out                                                             
|INPCRD: srr.inpcrd                                                            
|  PARM: srr.prm7                                                              
|RESTRT: restrt                                                                
|  REFC: refc                                                                  
| MDVEL: mdvel                                                                 
| MDFRC: mdfrc                                                                 
|  MDEN: mden                                                                  
| MDCRD: mdcrd                                                                 
|MDINFO: mdinfo                                                                
|  MTMD: mtmd                                                                  
|INPDIP: inpdip                                                                
|RSTDIP: rstdip                                                                
|INPTRA: inptraj                                                               


 Here is the input file:

test file                                                                      
&cntrl                                                                         
imin=1, maxcyc=1,                                                              
ntpr=5, cut=99, igb=0, ntb=0                                                   
/                                                                              

--------------------------------------------------------------------------------
   1.  RESOURCE   USE: 
--------------------------------------------------------------------------------

| Flags:                                                                        
|    NONPERIODIC   ntb=0 and igb=0: Setting up nonperiodic simulation
|  *** cutoff > system size, list only builds once
|Largest sphere to fit in unit cell has radius =    32.278
| New format PARM file being parsed.
| Version =    1.000 Date = 07/07/16 Time = 01:28:35
 NATOM  =      51 NTYPES =       8 NBONH =      24 MBONA  =      29
 NTHETH =      48 MTHETA =      39 NPHIH =      89 MPHIA  =      59
 NHPARM =       0 NPARM  =       0 NNB   =     255 NRES   =       1
 NBONA  =      29 NTHETA =      39 NPHIA =      59 NUMBND =      13
 NUMANG =      21 NPTRA  =      12 NATYP =      10 NPHB   =       0
 IFBOX  =       0 NMXRS  =      51 IFCAP =       0 NEXTRA =       0
 NCOPY  =       0


|     Memory Use     Allocated
|     Real                8433
|     Hollerith            156
|     Integer            28741
|     Max Pairs           1275
|     nblistReal           612
|     nblist Int       1151276
|       Total             4685 kbytes

| Note: 1-4 EEL scale factors are being read from the topology file.

| Note: 1-4 VDW scale factors are being read from the topology file.
| Duplicated    0 dihedrals
| Duplicated    0 dihedrals

--------------------------------------------------------------------------------
   2.  CONTROL  DATA  FOR  THE  RUN
--------------------------------------------------------------------------------

default_name                                                                    

General flags:
     imin    =       1, nmropt  =       0

Nature and format of input:
     ntx     =       1, irest   =       0, ntrx    =       1

Nature and format of output:
     ntxo    =       2, ntpr    =       5, ntrx    =       1, ntwr    =       1
     iwrap   =       0, ntwx    =       0, ntwv    =       0, ntwe    =       0
     ioutfm  =       1, ntwprt  =       0, idecomp =       0, rbornstat=      0

Potential function:
     ntf     =       1, ntb     =       0, igb     =       0, nsnb    =      25
     ipol    =       0, gbsa    =       0, iesp    =       0
     dielc   =   1.00000, cut     =  99.00000, intdiel =   1.00000

Frozen or restrained atoms:
     ibelly  =       0, ntr     =       0

Energy minimization:
     maxcyc  =       1, ncyc    =      10, ntmin   =       1
     dx0     =   0.01000, drms    =   0.00010
|  INFO: Old style inpcrd file read


--------------------------------------------------------------------------------
   3.  ATOMIC COORDINATES AND VELOCITIES
--------------------------------------------------------------------------------

default_name                                                                    
 begin time read from input coords =     0.000 ps

 Number of triangulated 3-point waters found:        0

     Sum of charges from parm topology file =   0.00299900
     Forcing neutrality...

--------------------------------------------------------------------------------
   4.  RESULTS
--------------------------------------------------------------------------------

 ---------------------------------------------------

     eedmeth=4: Setting switch to one everywhere

 ---------------------------------------------------
| Local SIZE OF NONBOND LIST =       1023
| TOTAL SIZE OF NONBOND LIST =       1023


   NSTEP       ENERGY          RMS            GMAX         NAME    NUMBER
      1       2.0541E+01     1.6391E+01     4.5213E+01     OAC        46

 BOND    =       17.0181  ANGLE   =        7.9800  DIHED      =       21.2255
 VDWAALS =        3.9513  EEL     =        3.2786  HBOND      =        0.0000
 1-4 VDW =       19.0186  1-4 EEL =      -51.9306  RESTRAINT  =        0.0000


  Maximum number of minimization cycles reached.


                    FINAL RESULTS



   NSTEP       ENERGY          RMS            GMAX         NAME    NUMBER
      1       2.0541E+01     1.6391E+01     4.5213E+01     OAC        46

 BOND    =       17.0181  ANGLE   =        7.9800  DIHED      =       21.2255
 VDWAALS =        3.9513  EEL     =        3.2786  HBOND      =        0.0000
 1-4 VDW =       19.0186  1-4 EEL =      -51.9306  RESTRAINT  =        0.0000

--------------------------------------------------------------------------------
   5.  TIMINGS
--------------------------------------------------------------------------------

|    Read coords time           0.00 ( 0.32% of Total)
|                Build the list             0.00 (97.16% of List )
|                Other                      0.00 ( 2.84% of List )
|             List time                  0.00 (74.49% of Nonbo)
|                   Short_ene time             0.00 (98.25% of Direc)
|                   Other                      0.00 ( 1.75% of Direc)
|                Direct Ewald time          0.00 (90.21% of Ewald)
|                Virial junk                0.00 ( 1.59% of Ewald)
|                Start synchronizatio       0.00 ( 0.54% of Ewald)
|                Other                      0.00 ( 7.66% of Ewald)
|             Ewald time                 0.00 (25.05% of Nonbo)
|             IPS excludes               0.00 ( 0.06% of Nonbo)
|             Other                      0.00 ( 0.40% of Nonbo)
|          Nonbond force              0.00 (85.30% of Force)
|          Bond/Angle/Dihedral        0.00 (13.46% of Force)
|          Other                      0.00 ( 1.24% of Force)
|       Force time                 0.00 (100.0% of Runmd)
|    Runmd Time                 0.00 ( 0.29% of Total)
|    Other                      0.60 (99.38% of Total)
| Total time                 0.60 (99.89% of ALL  )

| Number of list builds   :          1

| Highest rstack allocated:        215
| Highest istack allocated:         43
|           Job began  at 19:24:41.101  on 08/12/2016
|           Setup done at 19:24:41.225  on 08/12/2016
|           Run   done at 19:24:41.704  on 08/12/2016
|     wallclock() was called      58 times
