            --------------------------------------------------------
                             AMBER SQM VERSION 14
 
                                     By
              Ross C. Walker, Michael F. Crowley, Scott Brozell,
                         Tim Giese, Andreas W. Goetz,
                        Tai-Sung Lee and David A. Case
 
            --------------------------------------------------------
 

--------------------------------------------------------------------------------
  QM CALCULATION INFO
--------------------------------------------------------------------------------

| QMMM: Citation for AMBER QMMM Run:
| QMMM: R.C. Walker, M.F. Crowley and D.A. Case, J. COMP. CHEM. 29:1019, 2008

QMMM: SINGLET STATE CALCULATION
QMMM: RHF CALCULATION, NO. OF DOUBLY OCCUPIED LEVELS = 69

| QMMM: *** Selected Hamiltonian *** 
| QMMM: AM1         

| QMMM: *** Parameter sets in use ***
| QMMM: C : M.J.S.DEWAR et al. JACS, 107, 3902, (1985)
| QMMM: O : M.J.S.DEWAR et al. JACS, 107, 3902, (1985)
| QMMM: H : M.J.S.DEWAR et al. JACS, 107, 3902, (1985)

| QMMM: *** SCF convergence criteria ***
| QMMM: Energy change                :  0.1D-09 kcal/mol
| QMMM: Error matrix |FP-PF|         :  0.1D+00 au
| QMMM: Density matrix change        :  0.5D-06
| QMMM: Maximum number of SCF cycles :     1000

| QMMM: *** Diagonalization Routine Information ***
| QMMM: Pseudo diagonalizations are allowed.
| QMMM: Auto diagonalization routine selection is in use.
| QMMM:
| QMMM: Timing diagonalization routines:
| QMMM:                              norbs =      132
| QMMM:    diag iterations used for timing =       10
| QMMM:
| QMMM:              Internal diag routine = 0.079724 seconds
| QMMM:                 Dspev diag routine = 0.128069 seconds
| QMMM:                Dspevd diag routine = 0.086278 seconds
| QMMM:                Dspevx diag routine = 0.278596 seconds
| QMMM:                 Dsyev diag routine = 0.138008 seconds
| QMMM:                Dsyevd diag routine = 0.097152 seconds
| QMMM:                Dsyevr diag routine = 0.086560 seconds
| QMMM:
| QMMM:                Pseudo diag routine = 0.043088 seconds
| QMMM:
| QMMM: Using internal diagonalization routine (diag_routine=1).

  QMMM: QM Region Cartesian Coordinates (*=link atom) 
  QMMM: QM_NO.   MM_NO.  ATOM         X         Y         Z
  QMMM:     1        1      C        7.2650    0.5810    0.8490
  QMMM:     2        2      C       -1.3420    3.1210   -1.5620
  QMMM:     3        3      O        1.3490   -4.7820   -0.4090
  QMMM:     4        4      O       -6.7850    0.4400    0.5600
  QMMM:     5        5      C        0.0750   -3.2230    0.8580
  QMMM:     6        6      C        0.7490   -2.7010   -1.3930
  QMMM:     7        7      C       -4.8830   -0.1520   -0.7390
  QMMM:     8        8      C       -4.6120    0.8510    1.4330
  QMMM:     9        9      C        3.0730    1.6530   -1.2100
  QMMM:    10       10      C        3.0520    0.7120    1.0080
  QMMM:    11       11      C       -0.5560   -2.0010    0.9570
  QMMM:    12       12      C        0.1210   -1.4770   -1.3020
  QMMM:    13       13      C       -3.5130   -0.2140   -0.8860
  QMMM:    14       14      C       -3.2410    0.7930    1.2940
  QMMM:    15       15      C        1.6970    1.7150   -1.2030
  QMMM:    16       16      C        1.6760    0.7700    1.0260
  QMMM:    17       17      C        5.7480    0.5690    1.0470
  QMMM:    18       18      C       -1.1800    2.6730   -0.1080
  QMMM:    19       19      O        5.1110    1.0940   -0.1190
  QMMM:    20       20      C       -0.4840    1.3370   -0.0690
  QMMM:    21       21      C       -1.2120    0.1940   -0.0220
  QMMM:    22       22      C        0.7280   -3.5760   -0.3150
  QMMM:    23       23      C       -5.4350    0.3800    0.4190
  QMMM:    24       24      C        3.7540    1.1530   -0.1070
  QMMM:    25       25      C        0.9850    1.2730   -0.0830
  QMMM:    26       26      C       -0.5360   -1.1190   -0.1240
  QMMM:    27       27      C       -2.6820    0.2590    0.1310
  QMMM:    28       28      H        7.7420    0.1880    1.7220
  QMMM:    29       29      H        7.5950    1.5850    0.6840
  QMMM:    30       30      H        7.5190   -0.0220    0.0020
  QMMM:    31       31      H       -1.8360    4.0700   -1.5900
  QMMM:    32       32      H       -1.9250    2.3990   -2.0950
  QMMM:    33       33      H       -0.3780    3.2070   -2.0180
  QMMM:    34       34      H        1.3360   -5.3740    0.3170
  QMMM:    35       35      H       -7.3420    0.1230   -0.1230
  QMMM:    36       36      H        0.0620   -3.8760    1.6570
  QMMM:    37       37      H        1.2350   -2.9670   -2.2630
  QMMM:    38       38      H       -5.4980   -0.5010   -1.4900
  QMMM:    39       39      H       -5.0270    1.2450    2.2920
  QMMM:    40       40      H        3.5990    1.9790   -2.0360
  QMMM:    41       41      H        3.5630    0.3400    1.8240
  QMMM:    42       42      H       -1.0420   -1.7390    1.8290
  QMMM:    43       43      H        0.1370   -0.8270   -2.1030
  QMMM:    44       44      H       -3.1030   -0.6090   -1.7470
  QMMM:    45       45      H       -2.6300    1.1430    2.0480
  QMMM:    46       46      H        1.1920    2.0870   -2.0230
  QMMM:    47       47      H        1.1550    0.4430    1.8550
  QMMM:    48       48      H        5.4940    1.1720    1.8940
  QMMM:    49       49      H        5.4180   -0.4350    1.2120
  QMMM:    50       50      H       -2.1440    2.5860    0.3480
  QMMM:    51       51      H       -0.5970    3.3950    0.4250

--------------------------------------------------------------------------------
  RESULTS
--------------------------------------------------------------------------------

      iter         sqm energy              rms gradient
      ----    -------------------    -----------------------
xmin    10      -49.3710 kcal/mol        0.7945 kcal/(mol*A)
xmin    20      -49.8656 kcal/mol        1.1145 kcal/(mol*A)
xmin    30      -50.0271 kcal/mol        0.5091 kcal/(mol*A)
xmin    40      -50.1209 kcal/mol        0.2392 kcal/(mol*A)
xmin    50      -50.1942 kcal/mol        0.0976 kcal/(mol*A)
xmin    60      -50.2181 kcal/mol        0.1003 kcal/(mol*A)
xmin    70      -50.2461 kcal/mol        0.0399 kcal/(mol*A)
xmin    80      -50.2546 kcal/mol        0.0730 kcal/(mol*A)
xmin    90      -50.2625 kcal/mol        0.0521 kcal/(mol*A)
xmin   100      -50.2674 kcal/mol        0.0695 kcal/(mol*A)
xmin   110      -50.2747 kcal/mol        0.0401 kcal/(mol*A)
xmin   120      -50.2814 kcal/mol        0.0379 kcal/(mol*A)
xmin   130      -50.2827 kcal/mol        0.0239 kcal/(mol*A)
xmin   140      -50.0129 kcal/mol        1.1151 kcal/(mol*A)
xmin   150      -50.2834 kcal/mol        0.0160 kcal/(mol*A)
xmin   160      -50.2837 kcal/mol        0.0037 kcal/(mol*A)
xmin   170      -50.2837 kcal/mol        0.0030 kcal/(mol*A)
xmin   180      -50.2682 kcal/mol        0.0794 kcal/(mol*A)
xmin   190      -50.2831 kcal/mol        0.0196 kcal/(mol*A)
xmin   200      -50.2836 kcal/mol        0.0092 kcal/(mol*A)
xmin   210      -50.2837 kcal/mol        0.0065 kcal/(mol*A)
xmin   220      -50.2837 kcal/mol        0.0053 kcal/(mol*A)
xmin   230      -50.2837 kcal/mol        0.0115 kcal/(mol*A)
xmin   240      -50.2837 kcal/mol        0.0037 kcal/(mol*A)
xmin   250      -50.2836 kcal/mol        0.0368 kcal/(mol*A)
xmin   260      -50.2837 kcal/mol        0.0008 kcal/(mol*A)
  ... geometry converged !
 
 Final MO eigenvalues (eV):
 -40.9565  -40.3204  -40.0285  -39.0292  -37.9303  -37.1948  -35.8458  -32.8286
 -32.6301  -31.7510  -31.5848  -31.4321  -30.6349  -29.7318  -27.8929  -25.0905
 -24.5170  -23.9187  -23.5215  -23.2705  -22.8317  -22.3387  -21.9663  -19.5319
 -19.0487  -18.9133  -18.8749  -17.6288  -17.1783  -16.8245  -16.8043  -16.5834
 -16.4125  -15.6302  -15.2910  -15.1473  -15.0502  -15.0171  -14.7964  -14.7159
 -14.6303  -14.3792  -14.3116  -14.2556  -14.2189  -14.1395  -14.0334  -13.6263
 -13.4811  -13.2192  -12.9986  -12.7969  -12.6731  -12.6104  -12.4326  -12.3326
 -12.0268  -11.8303  -11.7289  -11.6858  -11.5116  -11.3224  -10.0191   -9.8725
  -9.7639   -9.7467   -9.0883   -8.8994   -8.5449    0.1699    0.3220    0.3992
   0.5016    0.5236    0.5721    1.2105    2.4372    2.7268    2.8553    2.9212
   2.9943    3.0960    3.6338    3.7334    3.7597    3.7923    3.8180    3.8269
   3.8962    3.9048    3.9316    4.0120    4.0322    4.1321    4.2035    4.2368
   4.3498    4.3764    4.3972    4.4086    4.4716    4.5212    4.5478    4.6464
   4.6998    4.7011    4.7741    4.8074    4.8892    4.9072    4.9817    5.0098
   5.0592    5.1017    5.1612    5.1895    5.1999    5.3057    5.3324    5.3883
   5.4828    5.5349    5.5934    5.6952    5.7243    5.8147    5.8768    5.9189
   5.9385    6.2821    6.3890    6.5133

 Heat of formation   =        -50.28373345 kcal/mol  (       -2.18046630 eV)

 Total SCF energy    =    -100624.18650915 kcal/mol  (    -4363.39215598 eV)
 Electronic energy   =    -790065.08445609 kcal/mol  (   -34259.79291688 eV)
 Core-core repulsion =     689440.89794693 kcal/mol  (    29896.40076089 eV)
 
    Atomic Charges for Step       1 :
  Atom    Element       Mulliken Charge
     1      C                 -0.218
     2      C                 -0.205
     3      O                 -0.252
     4      O                 -0.252
     5      C                 -0.216
     6      C                 -0.159
     7      C                 -0.213
     8      C                 -0.158
     9      C                 -0.159
    10      C                 -0.204
    11      C                 -0.077
    12      C                 -0.078
    13      C                 -0.076
    14      C                 -0.093
    15      C                 -0.094
    16      C                 -0.077
    17      C                 -0.022
    18      C                 -0.129
    19      O                 -0.215
    20      C                 -0.043
    21      C                 -0.027
    22      C                  0.080
    23      C                  0.078
    24      C                  0.085
    25      C                 -0.078
    26      C                 -0.072
    27      C                 -0.071
    28      H                  0.084
    29      H                  0.090
    30      H                  0.091
    31      H                  0.075
    32      H                  0.078
    33      H                  0.072
    34      H                  0.217
    35      H                  0.218
    36      H                  0.133
    37      H                  0.151
    38      H                  0.134
    39      H                  0.150
    40      H                  0.149
    41      H                  0.137
    42      H                  0.138
    43      H                  0.142
    44      H                  0.140
    45      H                  0.137
    46      H                  0.136
    47      H                  0.136
    48      H                  0.077
    49      H                  0.079
    50      H                  0.093
    51      H                  0.091
 Total Mulliken Charge =      -0.000
 
                  X        Y        Z     TOTAL  
  QM DIPOLE    -0.031   -0.114    0.880    0.888
 
 Final Structure

  QMMM: QM Region Cartesian Coordinates (*=link atom) 
  QMMM: QM_NO.   MM_NO.  ATOM         X         Y         Z
  QMMM:     1        1      C        7.4562    1.0264    0.5105
  QMMM:     2        2      C       -1.3784    3.1009   -1.3508
  QMMM:     3        3      O        0.8423   -5.1318   -0.2310
  QMMM:     4        4      O       -6.7812    0.4078    0.4176
  QMMM:     5        5      C       -0.6078   -3.4987    0.8522
  QMMM:     6        6      C        0.7859   -2.9185   -1.0641
  QMMM:     7        7      C       -4.8027    0.1362   -0.9808
  QMMM:     8        8      C       -4.6452    0.4806    1.4298
  QMMM:     9        9      C        3.1471    1.4876   -1.2828
  QMMM:    10       10      C        3.1993    0.9483    1.0940
  QMMM:    11       11      C       -1.0850   -2.1924    0.8892
  QMMM:    12       12      C        0.3020   -1.6168   -1.0065
  QMMM:    13       13      C       -3.4134    0.0759   -1.0553
  QMMM:    14       14      C       -3.2598    0.4183    1.3360
  QMMM:    15       15      C        1.7596    1.4778   -1.2469
  QMMM:    16       16      C        1.8051    0.9417    1.1099
  QMMM:    17       17      C        6.0051    0.9503    0.9258
  QMMM:    18       18      C       -0.9845    2.6130    0.0230
  QMMM:    19       19      O        5.2417    1.2614   -0.2474
  QMMM:    20       20      C       -0.3933    1.2389   -0.0148
  QMMM:    21       21      C       -1.1643    0.1290    0.0132
  QMMM:    22       22      C        0.3276   -3.8595   -0.1279
  QMMM:    23       23      C       -5.4152    0.3378    0.2635
  QMMM:    24       24      C        3.8699    1.2212   -0.1035
  QMMM:    25       25      C        1.0737    1.2042   -0.0530
  QMMM:    26       26      C       -0.6345   -1.2376   -0.0333
  QMMM:    27       27      C       -2.6322    0.2152    0.0980
  QMMM:    28       28      H        8.1007    0.7952    1.3915
  QMMM:    29       29      H        7.7016    2.0480    0.1338
  QMMM:    30       30      H        7.6685    0.2921   -0.3028
  QMMM:    31       31      H       -1.8334    4.1180   -1.2781
  QMMM:    32       32      H       -2.1250    2.4075   -1.8104
  QMMM:    33       33      H       -0.4874    3.1586   -2.0215
  QMMM:    34       34      H        0.4411   -5.6719    0.4651
  QMMM:    35       35      H       -7.1854    0.2903   -0.4543
  QMMM:    36       36      H       -0.9622   -4.2405    1.5811
  QMMM:    37       37      H        1.5194   -3.2207   -1.8243
  QMMM:    38       38      H       -5.4124    0.0252   -1.8882
  QMMM:    39       39      H       -5.1458    0.6387    2.3950
  QMMM:    40       40      H        3.6917    1.6996   -2.2134
  QMMM:    41       41      H        3.7510    0.7375    2.0200
  QMMM:    42       42      H       -1.8282   -1.9023    1.6487
  QMMM:    43       43      H        0.6651   -0.8676   -1.7287
  QMMM:    44       44      H       -2.9261   -0.0845   -2.0290
  QMMM:    45       45      H       -2.6472    0.5305    2.2437
  QMMM:    46       46      H        1.1900    1.6861   -2.1657
  QMMM:    47       47      H        1.2764    0.7240    2.0503
  QMMM:    48       48      H        5.7730    1.6986    1.7289
  QMMM:    49       49      H        5.7381   -0.0791    1.2831
  QMMM:    50       50      H       -1.8912    2.6082    0.6883
  QMMM:    51       51      H       -0.2434    3.3259    0.4744

           --------- Calculation Completed ----------

