
          -------------------------------------------------------
          Amber 16 SANDER                              2016
          -------------------------------------------------------

| Run on 08/12/2016 at 19:24:31

|   Executable path: sander
| Working directory: /net/roos/home4/zuckerman/spiriti/estrogen-receptor2/ligands5/kn3
|          Hostname: n000.dcb.private.net

  [-O]verwriting output

File Assignments:
|  MDIN: ../amber.in                                                           
| MDOUT: amber.out                                                             
|INPCRD: kn3.inpcrd                                                            
|  PARM: kn3.prm7                                                              
|RESTRT: restrt                                                                
|  REFC: refc                                                                  
| MDVEL: mdvel                                                                 
| MDFRC: mdfrc                                                                 
|  MDEN: mden                                                                  
| MDCRD: mdcrd                                                                 
|MDINFO: mdinfo                                                                
|  MTMD: mtmd                                                                  
|INPDIP: inpdip                                                                
|RSTDIP: rstdip                                                                
|INPTRA: inptraj                                                               


 Here is the input file:

test file                                                                      
&cntrl                                                                         
imin=1, maxcyc=1,                                                              
ntpr=5, cut=99, igb=0, ntb=0                                                   
/                                                                              

--------------------------------------------------------------------------------
   1.  RESOURCE   USE: 
--------------------------------------------------------------------------------

| Flags:                                                                        
|    NONPERIODIC   ntb=0 and igb=0: Setting up nonperiodic simulation
|  *** cutoff > system size, list only builds once
|Largest sphere to fit in unit cell has radius =    31.913
| New format PARM file being parsed.
| Version =    1.000 Date = 07/07/16 Time = 00:02:18
 NATOM  =      43 NTYPES =       9 NBONH =      17 MBONA  =      28
 NTHETH =      33 MTHETA =      42 NPHIH =      67 MPHIA  =      65
 NHPARM =       0 NPARM  =       0 NNB   =     213 NRES   =       1
 NBONA  =      28 NTHETA =      42 NPHIA =      65 NUMBND =      16
 NUMANG =      25 NPTRA  =      12 NATYP =      12 NPHB   =       0
 IFBOX  =       0 NMXRS  =      43 IFCAP =       0 NEXTRA =       0
 NCOPY  =       0


|     Memory Use     Allocated
|     Real                7723
|     Hollerith            132
|     Integer            27690
|     Max Pairs            903
|     nblistReal           516
|     nblist Int       1059040
|       Total             4313 kbytes

| Note: 1-4 EEL scale factors are being read from the topology file.

| Note: 1-4 VDW scale factors are being read from the topology file.
| Duplicated    0 dihedrals
| Duplicated    0 dihedrals

--------------------------------------------------------------------------------
   2.  CONTROL  DATA  FOR  THE  RUN
--------------------------------------------------------------------------------

default_name                                                                    

General flags:
     imin    =       1, nmropt  =       0

Nature and format of input:
     ntx     =       1, irest   =       0, ntrx    =       1

Nature and format of output:
     ntxo    =       2, ntpr    =       5, ntrx    =       1, ntwr    =       1
     iwrap   =       0, ntwx    =       0, ntwv    =       0, ntwe    =       0
     ioutfm  =       1, ntwprt  =       0, idecomp =       0, rbornstat=      0

Potential function:
     ntf     =       1, ntb     =       0, igb     =       0, nsnb    =      25
     ipol    =       0, gbsa    =       0, iesp    =       0
     dielc   =   1.00000, cut     =  99.00000, intdiel =   1.00000

Frozen or restrained atoms:
     ibelly  =       0, ntr     =       0

Energy minimization:
     maxcyc  =       1, ncyc    =      10, ntmin   =       1
     dx0     =   0.01000, drms    =   0.00010
|  INFO: Old style inpcrd file read


--------------------------------------------------------------------------------
   3.  ATOMIC COORDINATES AND VELOCITIES
--------------------------------------------------------------------------------

default_name                                                                    
 begin time read from input coords =     0.000 ps

 Number of triangulated 3-point waters found:        0

     Sum of charges from parm topology file =   0.00399700
     Forcing neutrality...

--------------------------------------------------------------------------------
   4.  RESULTS
--------------------------------------------------------------------------------

 ---------------------------------------------------

     eedmeth=4: Setting switch to one everywhere

 ---------------------------------------------------
| Local SIZE OF NONBOND LIST =        692
| TOTAL SIZE OF NONBOND LIST =        692


   NSTEP       ENERGY          RMS            GMAX         NAME    NUMBER
      1       1.1451E+02     5.8583E+01     4.1817E+02     HAO        23

 BOND    =       15.7767  ANGLE   =       34.8080  DIHED      =       14.9179
 VDWAALS =       81.0690  EEL     =       77.3604  HBOND      =        0.0000
 1-4 VDW =       13.6221  1-4 EEL =     -123.0437  RESTRAINT  =        0.0000


  Maximum number of minimization cycles reached.


                    FINAL RESULTS



   NSTEP       ENERGY          RMS            GMAX         NAME    NUMBER
      1       1.1451E+02     5.8583E+01     4.1817E+02     HAO        23

 BOND    =       15.7767  ANGLE   =       34.8080  DIHED      =       14.9179
 VDWAALS =       81.0690  EEL     =       77.3604  HBOND      =        0.0000
 1-4 VDW =       13.6221  1-4 EEL =     -123.0437  RESTRAINT  =        0.0000

--------------------------------------------------------------------------------
   5.  TIMINGS
--------------------------------------------------------------------------------

|    Read coords time           0.00 ( 0.38% of Total)
|                Build the list             0.00 (95.76% of List )
|                Other                      0.00 ( 4.24% of List )
|             List time                  0.00 (74.28% of Nonbo)
|                   Short_ene time             0.00 (97.23% of Direc)
|                   Other                      0.00 ( 2.77% of Direc)
|                Direct Ewald time          0.00 (87.39% of Ewald)
|                Force Adjust               0.00 ( 0.35% of Ewald)
|                Virial junk                0.00 ( 3.74% of Ewald)
|                Start synchronizatio       0.00 ( 1.02% of Ewald)
|                Other                      0.00 ( 7.51% of Ewald)
|             Ewald time                 0.00 (24.87% of Nonbo)
|             IPS excludes               0.00 ( 0.43% of Nonbo)
|             Other                      0.00 ( 0.43% of Nonbo)
|          Nonbond force              0.00 (82.44% of Force)
|          Bond/Angle/Dihedral        0.00 (15.89% of Force)
|          Other                      0.00 ( 1.67% of Force)
|       Force time                 0.00 (100.0% of Runmd)
|    Runmd Time                 0.00 ( 0.26% of Total)
|    Other                      0.54 (99.35% of Total)
| Total time                 0.54 (99.74% of ALL  )

| Number of list builds   :          1

| Highest rstack allocated:        180
| Highest istack allocated:         36
|           Job began  at 19:24:30.924  on 08/12/2016
|           Setup done at 19:24:31.051  on 08/12/2016
|           Run   done at 19:24:31.466  on 08/12/2016
|     wallclock() was called      58 times
