            --------------------------------------------------------
                             AMBER SQM VERSION 14
 
                                     By
              Ross C. Walker, Michael F. Crowley, Scott Brozell,
                         Tim Giese, Andreas W. Goetz,
                        Tai-Sung Lee and David A. Case
 
            --------------------------------------------------------
 

--------------------------------------------------------------------------------
  QM CALCULATION INFO
--------------------------------------------------------------------------------

| QMMM: Citation for AMBER QMMM Run:
| QMMM: R.C. Walker, M.F. Crowley and D.A. Case, J. COMP. CHEM. 29:1019, 2008

QMMM: SINGLET STATE CALCULATION
QMMM: RHF CALCULATION, NO. OF DOUBLY OCCUPIED LEVELS = 68

| QMMM: *** Selected Hamiltonian *** 
| QMMM: AM1         

| QMMM: *** Parameter sets in use ***
| QMMM: C : M.J.S.DEWAR et al. JACS, 107, 3902, (1985)
| QMMM: N : M.J.S.DEWAR et al. JACS, 107, 3902, (1985)
| QMMM: O : M.J.S.DEWAR et al. JACS, 107, 3902, (1985)
| QMMM: F : M.J.S.DEWAR et al. THEOCHEM, 180, 1, (1988)
| QMMM: H : M.J.S.DEWAR et al. JACS, 107, 3902, (1985)

| QMMM: *** SCF convergence criteria ***
| QMMM: Energy change                :  0.1D-09 kcal/mol
| QMMM: Error matrix |FP-PF|         :  0.1D+00 au
| QMMM: Density matrix change        :  0.5D-06
| QMMM: Maximum number of SCF cycles :     1000

| QMMM: *** Diagonalization Routine Information ***
| QMMM: Pseudo diagonalizations are allowed.
| QMMM: Auto diagonalization routine selection is in use.
| QMMM:
| QMMM: Timing diagonalization routines:
| QMMM:                              norbs =      121
| QMMM:    diag iterations used for timing =       10
| QMMM:
| QMMM:              Internal diag routine = 0.063003 seconds
| QMMM:                 Dspev diag routine = 0.107040 seconds
| QMMM:                Dspevd diag routine = 0.069391 seconds
| QMMM:                Dspevx diag routine = 0.224861 seconds
| QMMM:                 Dsyev diag routine = 0.114702 seconds
| QMMM:                Dsyevd diag routine = 0.080895 seconds
| QMMM:                Dsyevr diag routine = 0.071617 seconds
| QMMM:
| QMMM:                Pseudo diag routine = 0.034702 seconds
| QMMM:
| QMMM: Using internal diagonalization routine (diag_routine=1).

  QMMM: QM Region Cartesian Coordinates (*=link atom) 
  QMMM: QM_NO.   MM_NO.  ATOM         X         Y         Z
  QMMM:     1        1      C       -1.7420    3.0340    0.5890
  QMMM:     2        2      C       -0.4320    3.4460    0.7940
  QMMM:     3        3      C        0.6100    2.5970    0.5530
  QMMM:     4        4      C        0.3540    1.3020    0.0960
  QMMM:     5        5      C       -0.9730    0.8850   -0.1110
  QMMM:     6        6      C       -2.0170    1.7700    0.1480
  QMMM:     7        7      C        1.2040    0.1590   -0.2550
  QMMM:     8        8      N        0.4160   -0.8200   -0.6290
  QMMM:     9        9      N       -0.9190   -0.4120   -0.5540
  QMMM:    10       10      C        2.6840    0.1190   -0.1980
  QMMM:    11       11      C       -2.0790   -1.2410   -0.8940
  QMMM:    12       12      C       -2.4220   -2.1290    0.2740
  QMMM:    13       13      C       -2.3710   -3.4310    0.1440
  QMMM:    14       14      C       -2.8850   -4.3200    1.2470
  QMMM:    15       15      C       -1.7990   -4.0410   -1.1100
  QMMM:    16       16      C        3.4340    1.1460   -0.7680
  QMMM:    17       17      C        4.8120    1.1060   -0.7140
  QMMM:    18       18      C        5.4550    0.0440   -0.0920
  QMMM:    19       19      C        4.7160   -0.9830    0.4780
  QMMM:    20       20      C        3.3340   -0.9480    0.4340
  QMMM:    21       21      O        2.6090   -1.9520    0.9910
  QMMM:    22       22      O        6.8130    0.0100   -0.0410
  QMMM:    23       23      C       -3.4450    1.3400   -0.0680
  QMMM:    24       24      F       -3.6520    1.0770   -1.4270
  QMMM:    25       25      F       -3.7000    0.1820    0.6740
  QMMM:    26       26      F       -4.3070    2.3600    0.3460
  QMMM:    27       27      H       -2.5170    3.6900    0.7720
  QMMM:    28       28      H       -0.2440    4.4030    1.1320
  QMMM:    29       29      H        1.5810    2.9100    0.7080
  QMMM:    30       30      H       -1.8480   -1.8460   -1.7460
  QMMM:    31       31      H       -2.9140   -0.6110   -1.1200
  QMMM:    32       32      H       -2.6970   -1.7110    1.1770
  QMMM:    33       33      H       -3.2500   -3.7160    2.0510
  QMMM:    34       34      H       -2.0910   -4.9440    1.6020
  QMMM:    35       35      H       -3.6790   -4.9320    0.8720
  QMMM:    36       36      H       -1.4870   -3.2630   -1.7750
  QMMM:    37       37      H       -2.5460   -4.6410   -1.5880
  QMMM:    38       38      H       -0.9580   -4.6530   -0.8580
  QMMM:    39       39      H        2.9590    1.9370   -1.2310
  QMMM:    40       40      H        5.3660    1.8670   -1.1370
  QMMM:    41       41      H        5.1980   -1.7730    0.9350
  QMMM:    42       42      H        3.0450   -2.6660    1.4140
  QMMM:    43       43      H        7.3140    0.7020   -0.4250

--------------------------------------------------------------------------------
  RESULTS
--------------------------------------------------------------------------------

      iter         sqm energy              rms gradient
      ----    -------------------    -----------------------
xmin    10     -122.6497 kcal/mol        0.4877 kcal/(mol*A)
xmin    20     -122.8756 kcal/mol        0.2445 kcal/(mol*A)
xmin    30     -123.4225 kcal/mol        0.1517 kcal/(mol*A)
xmin    40     -123.5706 kcal/mol        0.1080 kcal/(mol*A)
xmin    50     -123.6033 kcal/mol        0.1440 kcal/(mol*A)
xmin    60     -123.6418 kcal/mol        0.1047 kcal/(mol*A)
xmin    70     -123.6882 kcal/mol        0.2181 kcal/(mol*A)
xmin    80     -123.7210 kcal/mol        0.0433 kcal/(mol*A)
xmin    90     -123.7304 kcal/mol        0.0300 kcal/(mol*A)
xmin   100     -123.3633 kcal/mol        2.2662 kcal/(mol*A)
xmin   110     -123.7353 kcal/mol        0.0424 kcal/(mol*A)
xmin   120     -123.7373 kcal/mol        0.0242 kcal/(mol*A)
xmin   130     -123.7378 kcal/mol        0.0226 kcal/(mol*A)
xmin   140     -123.7386 kcal/mol        0.0448 kcal/(mol*A)
xmin   150     -123.7394 kcal/mol        0.0214 kcal/(mol*A)
xmin   160     -123.7399 kcal/mol        0.0241 kcal/(mol*A)
xmin   170     -123.7402 kcal/mol        0.0092 kcal/(mol*A)
xmin   180     -123.7403 kcal/mol        0.0069 kcal/(mol*A)
xmin   190     -123.7406 kcal/mol        0.0085 kcal/(mol*A)
xmin   200     -123.7407 kcal/mol        0.0029 kcal/(mol*A)
xmin   210     -123.7407 kcal/mol        0.0035 kcal/(mol*A)
xmin   220     -123.7407 kcal/mol        0.0018 kcal/(mol*A)
xmin   230     -123.7408 kcal/mol        0.0018 kcal/(mol*A)
xmin   240     -123.7408 kcal/mol        0.0017 kcal/(mol*A)
  ... geometry converged !
 
 Final MO eigenvalues (eV):
 -51.9133  -48.4760  -48.4712  -41.9718  -40.7997  -39.1137  -38.3460  -37.2762
 -36.8246  -34.4149  -32.3557  -31.4595  -30.9277  -30.6156  -28.5166  -28.1968
 -26.9040  -25.1895  -24.2300  -24.0688  -23.3506  -22.7739  -21.1835  -20.0325
 -19.5012  -19.3545  -19.2823  -18.8123  -18.2402  -17.7975  -17.4833  -16.9670
 -16.6171  -16.3469  -16.2166  -15.7797  -15.6598  -15.4793  -15.3446  -15.3008
 -14.9878  -14.8587  -14.7487  -14.6713  -14.6281  -14.5134  -14.3388  -14.2657
 -14.2330  -13.9618  -13.3909  -13.2515  -13.1083  -13.0601  -13.0184  -12.7264
 -12.5774  -12.4442  -12.3069  -12.1872  -11.8638  -11.6895  -11.0746   -9.8181
  -9.6736   -9.6661   -9.4161   -8.6926   -0.5677    0.0175    0.0565    0.1711
   0.7981    1.3502    1.7156    1.8060    2.3147    2.5127    2.5307    2.9236
   2.9829    3.1880    3.2833    3.4530    3.5289    3.5796    3.6414    3.6901
   3.7095    3.8229    3.8944    3.9893    4.0303    4.1058    4.1610    4.2147
   4.3209    4.3423    4.4136    4.4266    4.4511    4.5078    4.5917    4.6843
   4.7400    4.8545    4.8803    4.9154    4.9863    5.0400    5.0570    5.1412
   5.2671    5.4226    5.5106    5.5991    5.8145    5.8949    5.9394    6.0989
   6.7276

 Heat of formation   =       -123.74077385 kcal/mol  (       -5.36580260 eV)

 Total SCF energy    =    -119343.42269667 kcal/mol  (    -5175.11914907 eV)
 Electronic energy   =    -821362.60327184 kcal/mol  (   -35616.95517418 eV)
 Core-core repulsion =     702019.18057517 kcal/mol  (    30441.83602511 eV)
 
    Atomic Charges for Step       1 :
  Atom    Element       Mulliken Charge
     1      C                 -0.055
     2      C                 -0.173
     3      C                 -0.034
     4      C                 -0.129
     5      C                  0.046
     6      C                 -0.176
     7      C                 -0.035
     8      N                 -0.012
     9      N                 -0.137
    10      C                 -0.079
    11      C                  0.023
    12      C                 -0.227
    13      C                 -0.054
    14      C                 -0.189
    15      C                 -0.200
    16      C                 -0.043
    17      C                 -0.253
    18      C                  0.128
    19      C                 -0.255
    20      C                  0.145
    21      O                 -0.229
    22      O                 -0.247
    23      C                  0.473
    24      F                 -0.166
    25      F                 -0.169
    26      F                 -0.168
    27      H                  0.152
    28      H                  0.143
    29      H                  0.146
    30      H                  0.119
    31      H                  0.114
    32      H                  0.136
    33      H                  0.083
    34      H                  0.088
    35      H                  0.084
    36      H                  0.109
    37      H                  0.084
    38      H                  0.079
    39      H                  0.144
    40      H                  0.139
    41      H                  0.155
    42      H                  0.221
    43      H                  0.223
 Total Mulliken Charge =      -0.000
 
                  X        Y        Z     TOTAL  
  QM DIPOLE     3.263    0.251    1.123    3.461
 
 Final Structure

  QMMM: QM Region Cartesian Coordinates (*=link atom) 
  QMMM: QM_NO.   MM_NO.  ATOM         X         Y         Z
  QMMM:     1        1      C       -1.7659    3.0165    0.7720
  QMMM:     2        2      C       -0.4442    3.3121    1.1246
  QMMM:     3        3      C        0.5893    2.4422    0.7969
  QMMM:     4        4      C        0.2768    1.2648    0.1331
  QMMM:     5        5      C       -1.0928    0.9287   -0.2116
  QMMM:     6        6      C       -2.1128    1.8457    0.0960
  QMMM:     7        7      C        1.0665    0.1428   -0.3784
  QMMM:     8        8      N        0.2455   -0.7592   -0.9543
  QMMM:     9        9      N       -1.0290   -0.2997   -0.9106
  QMMM:    10       10      C        2.5132    0.0379   -0.2997
  QMMM:    11       11      C       -2.1325   -1.2403   -1.0976
  QMMM:    12       12      C       -2.4630   -2.0642    0.1026
  QMMM:    13       13      C       -2.0985   -3.3445    0.2695
  QMMM:    14       14      C       -2.5095   -4.1061    1.4758
  QMMM:    15       15      C       -1.2781   -4.0958   -0.7117
  QMMM:    16       16      C        3.3061    1.1196   -0.7029
  QMMM:    17       17      C        4.6938    1.0609   -0.6479
  QMMM:    18       18      C        5.3120   -0.1088   -0.1788
  QMMM:    19       19      C        4.5533   -1.2095    0.2376
  QMMM:    20       20      C        3.1550   -1.1280    0.1736
  QMMM:    21       21      O        2.3626   -2.1692    0.5858
  QMMM:    22       22      O        6.6769   -0.2433   -0.0967
  QMMM:    23       23      C       -3.5708    1.6475   -0.2873
  QMMM:    24       24      F       -3.7908    1.4456   -1.6296
  QMMM:    25       25      F       -4.1932    0.5837    0.3220
  QMMM:    26       26      F       -4.3941    2.7080    0.0121
  QMMM:    27       27      H       -2.5589    3.7380    1.0345
  QMMM:    28       28      H       -0.2283    4.2476    1.6611
  QMMM:    29       29      H        1.6342    2.6744    1.0531
  QMMM:    30       30      H       -1.8620   -1.9051   -1.9701
  QMMM:    31       31      H       -3.0349   -0.6319   -1.3913
  QMMM:    32       32      H       -3.0672   -1.5445    0.8654
  QMMM:    33       33      H       -3.1558   -3.4958    2.1526
  QMMM:    34       34      H       -1.6028   -4.4275    2.0474
  QMMM:    35       35      H       -3.0764   -5.0224    1.1748
  QMMM:    36       36      H       -0.3280   -3.5463   -0.9316
  QMMM:    37       37      H       -1.8393   -4.2243   -1.6714
  QMMM:    38       38      H       -1.0157   -5.1106   -0.3237
  QMMM:    39       39      H        2.8136    2.0324   -1.0755
  QMMM:    40       40      H        5.3002    1.9172   -0.9724
  QMMM:    41       41      H        5.0553   -2.1150    0.6039
  QMMM:    42       42      H        2.9420   -2.8960    0.8622
  QMMM:    43       43      H        7.0785    0.5755   -0.4237

           --------- Calculation Completed ----------

