
          -------------------------------------------------------
          Amber 16 SANDER                              2016
          -------------------------------------------------------

| Run on 08/12/2016 at 19:23:47

|   Executable path: sander
| Working directory: /net/roos/home4/zuckerman/spiriti/estrogen-receptor2/ligands5/458
|          Hostname: n000.dcb.private.net

  [-O]verwriting output

File Assignments:
|  MDIN: ../amber.in                                                           
| MDOUT: amber.out                                                             
|INPCRD: 458.inpcrd                                                            
|  PARM: 458.prm7                                                              
|RESTRT: restrt                                                                
|  REFC: refc                                                                  
| MDVEL: mdvel                                                                 
| MDFRC: mdfrc                                                                 
|  MDEN: mden                                                                  
| MDCRD: mdcrd                                                                 
|MDINFO: mdinfo                                                                
|  MTMD: mtmd                                                                  
|INPDIP: inpdip                                                                
|RSTDIP: rstdip                                                                
|INPTRA: inptraj                                                               


 Here is the input file:

test file                                                                      
&cntrl                                                                         
imin=1, maxcyc=1,                                                              
ntpr=5, cut=99, igb=0, ntb=0                                                   
/                                                                              

--------------------------------------------------------------------------------
   1.  RESOURCE   USE: 
--------------------------------------------------------------------------------

| Flags:                                                                        
|    NONPERIODIC   ntb=0 and igb=0: Setting up nonperiodic simulation
|  *** cutoff > system size, list only builds once
|Largest sphere to fit in unit cell has radius =    32.090
| New format PARM file being parsed.
| Version =    1.000 Date = 07/06/16 Time = 20:52:57
 NATOM  =      39 NTYPES =       8 NBONH =      20 MBONA  =      21
 NTHETH =      44 MTHETA =      31 NPHIH =      94 MPHIA  =      57
 NHPARM =       0 NPARM  =       0 NNB   =     225 NRES   =       1
 NBONA  =      21 NTHETA =      31 NPHIA =      57 NUMBND =      13
 NUMANG =      25 NPTRA  =      20 NATYP =       9 NPHB   =       0
 IFBOX  =       0 NMXRS  =      39 IFCAP =       0 NEXTRA =       0
 NCOPY  =       0


|     Memory Use     Allocated
|     Real                7393
|     Hollerith            120
|     Integer            28468
|     Max Pairs            741
|     nblistReal           468
|     nblist Int        967025
|       Total             3953 kbytes

| Note: 1-4 EEL scale factors are being read from the topology file.

| Note: 1-4 VDW scale factors are being read from the topology file.
| Duplicated    0 dihedrals
| Duplicated    0 dihedrals

--------------------------------------------------------------------------------
   2.  CONTROL  DATA  FOR  THE  RUN
--------------------------------------------------------------------------------

default_name                                                                    

General flags:
     imin    =       1, nmropt  =       0

Nature and format of input:
     ntx     =       1, irest   =       0, ntrx    =       1

Nature and format of output:
     ntxo    =       2, ntpr    =       5, ntrx    =       1, ntwr    =       1
     iwrap   =       0, ntwx    =       0, ntwv    =       0, ntwe    =       0
     ioutfm  =       1, ntwprt  =       0, idecomp =       0, rbornstat=      0

Potential function:
     ntf     =       1, ntb     =       0, igb     =       0, nsnb    =      25
     ipol    =       0, gbsa    =       0, iesp    =       0
     dielc   =   1.00000, cut     =  99.00000, intdiel =   1.00000

Frozen or restrained atoms:
     ibelly  =       0, ntr     =       0

Energy minimization:
     maxcyc  =       1, ncyc    =      10, ntmin   =       1
     dx0     =   0.01000, drms    =   0.00010
|  INFO: Old style inpcrd file read


--------------------------------------------------------------------------------
   3.  ATOMIC COORDINATES AND VELOCITIES
--------------------------------------------------------------------------------

default_name                                                                    
 begin time read from input coords =     0.000 ps

 Number of triangulated 3-point waters found:        0

     Sum of charges from parm topology file =   0.00000000
     Forcing neutrality...

--------------------------------------------------------------------------------
   4.  RESULTS
--------------------------------------------------------------------------------

 ---------------------------------------------------

     eedmeth=4: Setting switch to one everywhere

 ---------------------------------------------------
| Local SIZE OF NONBOND LIST =        517
| TOTAL SIZE OF NONBOND LIST =        517


   NSTEP       ENERGY          RMS            GMAX         NAME    NUMBER
      1       3.4403E+01     1.4626E+01     4.3217E+01     OAG        34

 BOND    =       10.4921  ANGLE   =        6.2385  DIHED      =       14.8559
 VDWAALS =       -1.5069  EEL     =       10.6190  HBOND      =        0.0000
 1-4 VDW =       19.6223  1-4 EEL =      -25.9180  RESTRAINT  =        0.0000


  Maximum number of minimization cycles reached.


                    FINAL RESULTS



   NSTEP       ENERGY          RMS            GMAX         NAME    NUMBER
      1       3.4403E+01     1.4626E+01     4.3217E+01     OAG        34

 BOND    =       10.4921  ANGLE   =        6.2385  DIHED      =       14.8559
 VDWAALS =       -1.5069  EEL     =       10.6190  HBOND      =        0.0000
 1-4 VDW =       19.6223  1-4 EEL =      -25.9180  RESTRAINT  =        0.0000

--------------------------------------------------------------------------------
   5.  TIMINGS
--------------------------------------------------------------------------------

|    Read coords time           0.00 ( 0.26% of Total)
|                Build the list             0.00 (95.81% of List )
|                Other                      0.00 ( 4.19% of List )
|             List time                  0.00 (74.78% of Nonbo)
|                   Short_ene time             0.00 (97.18% of Direc)
|                   Other                      0.00 ( 2.82% of Direc)
|                Direct Ewald time          0.00 (87.28% of Ewald)
|                Virial junk                0.00 ( 2.46% of Ewald)
|                Start synchronizatio       0.00 ( 0.72% of Ewald)
|                Other                      0.00 ( 9.54% of Ewald)
|             Ewald time                 0.00 (24.70% of Nonbo)
|             IPS excludes               0.00 ( 0.09% of Nonbo)
|             Other                      0.00 ( 0.43% of Nonbo)
|          Nonbond force              0.00 (81.44% of Force)
|          Bond/Angle/Dihedral        0.00 (17.06% of Force)
|          Other                      0.00 ( 1.50% of Force)
|       Force time                 0.00 (100.0% of Runmd)
|    Runmd Time                 0.00 ( 0.18% of Total)
|    Other                      0.77 (99.56% of Total)
| Total time                 0.77 (100.0% of ALL  )

| Number of list builds   :          1

| Highest rstack allocated:        150
| Highest istack allocated:         30
|           Job began  at 19:23:47.199  on 08/12/2016
|           Setup done at 19:23:47.372  on 08/12/2016
|           Run   done at 19:23:47.974  on 08/12/2016
|     wallclock() was called      58 times
