            --------------------------------------------------------
                             AMBER SQM VERSION 14
 
                                     By
              Ross C. Walker, Michael F. Crowley, Scott Brozell,
                         Tim Giese, Andreas W. Goetz,
                        Tai-Sung Lee and David A. Case
 
            --------------------------------------------------------
 

--------------------------------------------------------------------------------
  QM CALCULATION INFO
--------------------------------------------------------------------------------

| QMMM: Citation for AMBER QMMM Run:
| QMMM: R.C. Walker, M.F. Crowley and D.A. Case, J. COMP. CHEM. 29:1019, 2008

QMMM: SINGLET STATE CALCULATION
QMMM: RHF CALCULATION, NO. OF DOUBLY OCCUPIED LEVELS = 51

| QMMM: *** Selected Hamiltonian *** 
| QMMM: AM1         

| QMMM: *** Parameter sets in use ***
| QMMM: C : M.J.S.DEWAR et al. JACS, 107, 3902, (1985)
| QMMM: O : M.J.S.DEWAR et al. JACS, 107, 3902, (1985)
| QMMM: H : M.J.S.DEWAR et al. JACS, 107, 3902, (1985)

| QMMM: *** SCF convergence criteria ***
| QMMM: Energy change                :  0.1D-09 kcal/mol
| QMMM: Error matrix |FP-PF|         :  0.1D+00 au
| QMMM: Density matrix change        :  0.5D-06
| QMMM: Maximum number of SCF cycles :     1000

| QMMM: *** Diagonalization Routine Information ***
| QMMM: Pseudo diagonalizations are allowed.
| QMMM: Auto diagonalization routine selection is in use.
| QMMM:
| QMMM: Timing diagonalization routines:
| QMMM:                              norbs =       96
| QMMM:    diag iterations used for timing =       15
| QMMM:
| QMMM:              Internal diag routine = 0.050563 seconds
| QMMM:                 Dspev diag routine = 0.087583 seconds
| QMMM:                Dspevd diag routine = 0.061014 seconds
| QMMM:                Dspevx diag routine = 0.193084 seconds
| QMMM:                 Dsyev diag routine = 0.092887 seconds
| QMMM:                Dsyevd diag routine = 0.071062 seconds
| QMMM:                Dsyevr diag routine = 0.061612 seconds
| QMMM:
| QMMM:                Pseudo diag routine = 0.025476 seconds
| QMMM:
| QMMM: Using internal diagonalization routine (diag_routine=1).

  QMMM: QM Region Cartesian Coordinates (*=link atom) 
  QMMM: QM_NO.   MM_NO.  ATOM         X         Y         Z
  QMMM:     1        1      C       -2.0370   -0.0720   -1.5030
  QMMM:     2        2      C       -0.5770    0.2910   -1.1930
  QMMM:     3        3      C       -0.5640    1.5550   -0.3690
  QMMM:     4        4      C        0.6660    2.4260   -0.4050
  QMMM:     5        5      C       -1.5640    1.9250    0.3650
  QMMM:     6        6      C       -2.8590    1.1810    0.4850
  QMMM:     7        7      C       -2.7660   -0.1980   -0.1600
  QMMM:     8        8      C       -4.1800   -0.7270   -0.4090
  QMMM:     9        9      O       -4.8800   -0.8210    0.8340
  QMMM:    10       10      C       -2.0220   -1.1780    0.7370
  QMMM:    11       11      O       -0.6700   -0.7790    0.9380
  QMMM:    12       12      C       -0.0080   -0.8240   -0.3270
  QMMM:    13       13      C        1.4710   -0.6090   -0.1350
  QMMM:    14       14      C        2.3600   -1.0120   -1.1150
  QMMM:    15       15      C        3.7160   -0.8110   -0.9440
  QMMM:    16       16      C        4.1870   -0.2150    0.2170
  QMMM:    17       17      O        5.5210   -0.0210    0.3900
  QMMM:    18       18      C        3.2930    0.1830    1.2010
  QMMM:    19       19      C        1.9380   -0.0150    1.0230
  QMMM:    20       20      H       -2.0800   -1.0010   -2.0320
  QMMM:    21       21      H       -2.4940    0.6770   -2.1150
  QMMM:    22       22      H       -0.0160    0.4210   -2.0950
  QMMM:    23       23      H        1.3960    1.9860   -1.0520
  QMMM:    24       24      H        1.0700    2.5130    0.5820
  QMMM:    25       25      H        0.4050    3.3970   -0.7700
  QMMM:    26       26      H       -1.4620    2.7970    0.9080
  QMMM:    27       27      H       -3.6300    1.7420   -0.0010
  QMMM:    28       28      H       -3.0810    1.0540    1.5240
  QMMM:    29       29      H       -4.1240   -1.6950   -0.8610
  QMMM:    30       30      H       -4.7010   -0.0580   -1.0620
  QMMM:    31       31      H       -4.4080   -1.4270    1.4260
  QMMM:    32       32      H       -2.0350   -2.1460    0.2800
  QMMM:    33       33      H       -2.5110   -1.1990    1.6890
  QMMM:    34       34      H       -0.1590   -1.7750   -0.7930
  QMMM:    35       35      H        2.0100   -1.4630   -1.9750
  QMMM:    36       36      H        4.3780   -1.1040   -1.6790
  QMMM:    37       37      H        6.1240   -0.2900   -0.2750
  QMMM:    38       38      H        3.6410    0.6270    2.0650
  QMMM:    39       39      H        1.2730    0.2810    1.7550

--------------------------------------------------------------------------------
  RESULTS
--------------------------------------------------------------------------------

      iter         sqm energy              rms gradient
      ----    -------------------    -----------------------
xmin    10     -111.2901 kcal/mol        0.9503 kcal/(mol*A)
xmin    20     -111.8411 kcal/mol        0.4344 kcal/(mol*A)
xmin    30     -111.8630 kcal/mol        0.6412 kcal/(mol*A)
xmin    40     -112.1615 kcal/mol        0.6956 kcal/(mol*A)
xmin    50     -112.5226 kcal/mol        0.2301 kcal/(mol*A)
xmin    60     -112.6482 kcal/mol        0.4277 kcal/(mol*A)
xmin    70     -112.6845 kcal/mol        0.1924 kcal/(mol*A)
xmin    80     -112.7010 kcal/mol        0.0333 kcal/(mol*A)
xmin    90     -112.7069 kcal/mol        0.0278 kcal/(mol*A)
xmin   100     -112.7077 kcal/mol        0.0415 kcal/(mol*A)
xmin   110     -112.7079 kcal/mol        0.0157 kcal/(mol*A)
xmin   120     -112.7081 kcal/mol        0.0050 kcal/(mol*A)
xmin   130     -112.7081 kcal/mol        0.0022 kcal/(mol*A)
xmin   140     -112.7081 kcal/mol        0.0051 kcal/(mol*A)
xmin   150     -112.7081 kcal/mol        0.0014 kcal/(mol*A)
xmin   160     -112.7081 kcal/mol        0.0019 kcal/(mol*A)
xmin   170     -112.7081 kcal/mol        0.0015 kcal/(mol*A)
  ... geometry converged !
 
 Final MO eigenvalues (eV):
 -41.8808  -40.1775  -38.5423  -37.4090  -36.9829  -34.3468  -32.7357  -31.5996
 -30.7525  -29.3478  -26.8460  -25.9505  -24.9519  -23.6639  -23.4367  -22.0138
 -21.4093  -19.0085  -18.4023  -18.0627  -17.4992  -16.8976  -16.5768  -16.5149
 -15.9500  -15.8119  -15.3418  -15.1121  -14.8933  -14.6839  -14.6263  -14.2467
 -14.1835  -13.9696  -13.7422  -13.6727  -13.3546  -12.9286  -12.7709  -12.5852
 -12.2682  -12.1620  -11.9863  -11.7526  -11.5764  -11.2416  -10.8846  -10.4862
  -9.8332   -9.3654   -8.8912    0.3956    0.4364    1.1902    2.6965    2.7746
   3.0227    3.2097    3.3046    3.4095    3.6447    3.6972    3.7230    3.7890
   3.8410    3.8635    3.9250    4.1187    4.1500    4.2403    4.2822    4.3160
   4.3425    4.3825    4.4557    4.4902    4.5035    4.6114    4.6339    4.6871
   4.7475    4.8142    4.9288    4.9408    5.0210    5.0282    5.1986    5.2417
   5.3680    5.6013    5.7402    5.8494    6.0594    6.1559    6.1853    6.3126


 Heat of formation   =       -112.70812700 kcal/mol  (       -4.88739114 eV)

 Total SCF energy    =     -75770.76668704 kcal/mol  (    -3285.66700000 eV)
 Electronic energy   =    -526436.36677070 kcal/mol  (   -22827.99387584 eV)
 Core-core repulsion =     450665.60008366 kcal/mol  (    19542.32687584 eV)
 
    Atomic Charges for Step       1 :
  Atom    Element       Mulliken Charge
     1      C                 -0.148
     2      C                 -0.091
     3      C                 -0.100
     4      C                 -0.180
     5      C                 -0.157
     6      C                 -0.111
     7      C                 -0.123
     8      C                 -0.016
     9      O                 -0.321
    10      C                 -0.014
    11      O                 -0.260
    12      C                  0.081
    13      C                 -0.107
    14      C                 -0.092
    15      C                 -0.216
    16      C                  0.079
    17      O                 -0.251
    18      C                 -0.162
    19      C                 -0.065
    20      H                  0.081
    21      H                  0.096
    22      H                  0.103
    23      H                  0.077
    24      H                  0.093
    25      H                  0.079
    26      H                  0.125
    27      H                  0.099
    28      H                  0.095
    29      H                  0.064
    30      H                  0.110
    31      H                  0.196
    32      H                  0.067
    33      H                  0.102
    34      H                  0.079
    35      H                  0.130
    36      H                  0.133
    37      H                  0.217
    38      H                  0.151
    39      H                  0.157
 Total Mulliken Charge =      -0.000
 
                  X        Y        Z     TOTAL  
  QM DIPOLE     0.518   -0.792   -2.406    2.586
 
 Final Structure

  QMMM: QM Region Cartesian Coordinates (*=link atom) 
  QMMM: QM_NO.   MM_NO.  ATOM         X         Y         Z
  QMMM:     1        1      C       -2.0403   -0.1256   -1.4661
  QMMM:     2        2      C       -0.5903    0.2740   -1.2050
  QMMM:     3        3      C       -0.5705    1.6109   -0.5308
  QMMM:     4        4      C        0.5921    2.4812   -0.8169
  QMMM:     5        5      C       -1.5787    1.9871    0.2713
  QMMM:     6        6      C       -2.7761    1.1597    0.5501
  QMMM:     7        7      C       -2.7585   -0.2156   -0.1201
  QMMM:     8        8      C       -4.1966   -0.6941   -0.3535
  QMMM:     9        9      O       -5.0149   -0.5737    0.7919
  QMMM:    10       10      C       -2.0227   -1.2469    0.7476
  QMMM:    11       11      O       -0.6349   -0.9854    0.8977
  QMMM:    12       12      C        0.0501   -0.8408   -0.3536
  QMMM:    13       13      C        1.5029   -0.6165   -0.0701
  QMMM:    14       14      C        2.4244   -0.7976   -1.1082
  QMMM:    15       15      C        3.7866   -0.6196   -0.8852
  QMMM:    16       16      C        4.2296   -0.2617    0.3962
  QMMM:    17       17      O        5.5593   -0.0692    0.6949
  QMMM:    18       18      C        3.3170   -0.0815    1.4483
  QMMM:    19       19      C        1.9594   -0.2604    1.2049
  QMMM:    20       20      H       -2.0835   -1.1135   -1.9916
  QMMM:    21       21      H       -2.5382    0.6373   -2.1163
  QMMM:    22       22      H       -0.0276    0.3322   -2.1763
  QMMM:    23       23      H        0.6075    2.7575   -1.9011
  QMMM:    24       24      H        1.5423    1.9380   -0.5792
  QMMM:    25       25      H        0.5586    3.4209   -0.2135
  QMMM:    26       26      H       -1.5693    2.9693    0.7711
  QMMM:    27       27      H       -3.6872    1.7204    0.2002
  QMMM:    28       28      H       -2.8852    1.0239    1.6603
  QMMM:    29       29      H       -4.1908   -1.7596   -0.7105
  QMMM:    30       30      H       -4.6991   -0.0476   -1.1234
  QMMM:    31       31      H       -4.5870   -1.0616    1.5055
  QMMM:    32       32      H       -2.1584   -2.2719    0.3059
  QMMM:    33       33      H       -2.4071   -1.2328    1.8031
  QMMM:    34       34      H       -0.0598   -1.8128   -0.9235
  QMMM:    35       35      H        2.0713   -1.0838   -2.1106
  QMMM:    36       36      H        4.5071   -0.7610   -1.7024
  QMMM:    37       37      H        6.0720   -0.2336   -0.1096
  QMMM:    38       38      H        3.6854    0.1960    2.4456
  QMMM:    39       39      H        1.2320   -0.1257    2.0221

           --------- Calculation Completed ----------

