
          -------------------------------------------------------
          Amber 16 SANDER                              2016
          -------------------------------------------------------

| Run on 08/12/2016 at 19:24:03

|   Executable path: sander
| Working directory: /net/roos/home4/zuckerman/spiriti/estrogen-receptor2/ligands5/des
|          Hostname: n000.dcb.private.net

  [-O]verwriting output

File Assignments:
|  MDIN: ../amber.in                                                           
| MDOUT: amber.out                                                             
|INPCRD: des.inpcrd                                                            
|  PARM: des.prm7                                                              
|RESTRT: restrt                                                                
|  REFC: refc                                                                  
| MDVEL: mdvel                                                                 
| MDFRC: mdfrc                                                                 
|  MDEN: mden                                                                  
| MDCRD: mdcrd                                                                 
|MDINFO: mdinfo                                                                
|  MTMD: mtmd                                                                  
|INPDIP: inpdip                                                                
|RSTDIP: rstdip                                                                
|INPTRA: inptraj                                                               


 Here is the input file:

test file                                                                      
&cntrl                                                                         
imin=1, maxcyc=1,                                                              
ntpr=5, cut=99, igb=0, ntb=0                                                   
/                                                                              

--------------------------------------------------------------------------------
   1.  RESOURCE   USE: 
--------------------------------------------------------------------------------

| Flags:                                                                        
|    NONPERIODIC   ntb=0 and igb=0: Setting up nonperiodic simulation
|  *** cutoff > system size, list only builds once
|Largest sphere to fit in unit cell has radius =    32.109
| New format PARM file being parsed.
| Version =    1.000 Date = 07/06/16 Time = 22:20:41
 NATOM  =      40 NTYPES =       6 NBONH =      20 MBONA  =      21
 NTHETH =      40 MTHETA =      28 NPHIH =      74 MPHIA  =      42
 NHPARM =       0 NPARM  =       0 NNB   =     198 NRES   =       1
 NBONA  =      21 NTHETA =      28 NPHIA =      42 NUMBND =      11
 NUMANG =      18 NPTRA  =      10 NATYP =       8 NPHB   =       0
 IFBOX  =       0 NMXRS  =      40 IFCAP =       0 NEXTRA =       0
 NCOPY  =       0


|     Memory Use     Allocated
|     Real                7436
|     Hollerith            123
|     Integer            26824
|     Max Pairs            780
|     nblistReal           480
|     nblist Int       1056877
|       Total             4298 kbytes

| Note: 1-4 EEL scale factors are being read from the topology file.

| Note: 1-4 VDW scale factors are being read from the topology file.
| Duplicated    0 dihedrals
| Duplicated    0 dihedrals

--------------------------------------------------------------------------------
   2.  CONTROL  DATA  FOR  THE  RUN
--------------------------------------------------------------------------------

default_name                                                                    

General flags:
     imin    =       1, nmropt  =       0

Nature and format of input:
     ntx     =       1, irest   =       0, ntrx    =       1

Nature and format of output:
     ntxo    =       2, ntpr    =       5, ntrx    =       1, ntwr    =       1
     iwrap   =       0, ntwx    =       0, ntwv    =       0, ntwe    =       0
     ioutfm  =       1, ntwprt  =       0, idecomp =       0, rbornstat=      0

Potential function:
     ntf     =       1, ntb     =       0, igb     =       0, nsnb    =      25
     ipol    =       0, gbsa    =       0, iesp    =       0
     dielc   =   1.00000, cut     =  99.00000, intdiel =   1.00000

Frozen or restrained atoms:
     ibelly  =       0, ntr     =       0

Energy minimization:
     maxcyc  =       1, ncyc    =      10, ntmin   =       1
     dx0     =   0.01000, drms    =   0.00010
|  INFO: Old style inpcrd file read


--------------------------------------------------------------------------------
   3.  ATOMIC COORDINATES AND VELOCITIES
--------------------------------------------------------------------------------

default_name                                                                    
 begin time read from input coords =     0.000 ps

 Number of triangulated 3-point waters found:        0

     Sum of charges from parm topology file =   0.00000200
     Forcing neutrality...

--------------------------------------------------------------------------------
   4.  RESULTS
--------------------------------------------------------------------------------

 ---------------------------------------------------

     eedmeth=4: Setting switch to one everywhere

 ---------------------------------------------------
| Local SIZE OF NONBOND LIST =        583
| TOTAL SIZE OF NONBOND LIST =        583


   NSTEP       ENERGY          RMS            GMAX         NAME    NUMBER
      1       2.7874E+01     1.7058E+01     4.7133E+01     OP3         1

 BOND    =       12.5678  ANGLE   =        6.8889  DIHED      =       22.0367
 VDWAALS =       11.7614  EEL     =        1.7603  HBOND      =        0.0000
 1-4 VDW =       13.3063  1-4 EEL =      -40.4475  RESTRAINT  =        0.0000


  Maximum number of minimization cycles reached.


                    FINAL RESULTS



   NSTEP       ENERGY          RMS            GMAX         NAME    NUMBER
      1       2.7874E+01     1.7058E+01     4.7133E+01     OP3         1

 BOND    =       12.5678  ANGLE   =        6.8889  DIHED      =       22.0367
 VDWAALS =       11.7614  EEL     =        1.7603  HBOND      =        0.0000
 1-4 VDW =       13.3063  1-4 EEL =      -40.4475  RESTRAINT  =        0.0000

--------------------------------------------------------------------------------
   5.  TIMINGS
--------------------------------------------------------------------------------

|    Read coords time           0.00 ( 0.38% of Total)
|                Build the list             0.00 (96.27% of List )
|                Other                      0.00 ( 3.73% of List )
|             List time                  0.00 (76.10% of Nonbo)
|                   Short_ene time             0.00 (97.25% of Direc)
|                   Other                      0.00 ( 2.75% of Direc)
|                Direct Ewald time          0.00 (90.39% of Ewald)
|                Virial junk                0.00 ( 2.14% of Ewald)
|                Start synchronizatio       0.00 ( 0.72% of Ewald)
|                Other                      0.00 ( 6.75% of Ewald)
|             Ewald time                 0.00 (23.47% of Nonbo)
|             Other                      0.00 ( 0.42% of Nonbo)
|          Nonbond force              0.00 (85.63% of Force)
|          Bond/Angle/Dihedral        0.00 (12.80% of Force)
|          Other                      0.00 ( 1.57% of Force)
|       Force time                 0.00 (100.0% of Runmd)
|    Runmd Time                 0.00 ( 0.25% of Total)
|    Other                      0.55 (99.36% of Total)
| Total time                 0.55 (99.87% of ALL  )

| Number of list builds   :          1

| Highest rstack allocated:        175
| Highest istack allocated:         35
|           Job began  at 19:24:03.580  on 08/12/2016
|           Setup done at 19:24:03.715  on 08/12/2016
|           Run   done at 19:24:04.135  on 08/12/2016
|     wallclock() was called      58 times
