            --------------------------------------------------------
                             AMBER SQM VERSION 14
 
                                     By
              Ross C. Walker, Michael F. Crowley, Scott Brozell,
                         Tim Giese, Andreas W. Goetz,
                        Tai-Sung Lee and David A. Case
 
            --------------------------------------------------------
 

--------------------------------------------------------------------------------
  QM CALCULATION INFO
--------------------------------------------------------------------------------

| QMMM: Citation for AMBER QMMM Run:
| QMMM: R.C. Walker, M.F. Crowley and D.A. Case, J. COMP. CHEM. 29:1019, 2008

QMMM: SINGLET STATE CALCULATION
QMMM: RHF CALCULATION, NO. OF DOUBLY OCCUPIED LEVELS = 52

| QMMM: *** Selected Hamiltonian *** 
| QMMM: AM1         

| QMMM: *** Parameter sets in use ***
| QMMM: C : M.J.S.DEWAR et al. JACS, 107, 3902, (1985)
| QMMM: O : M.J.S.DEWAR et al. JACS, 107, 3902, (1985)
| QMMM: H : M.J.S.DEWAR et al. JACS, 107, 3902, (1985)

| QMMM: *** SCF convergence criteria ***
| QMMM: Energy change                :  0.1D-09 kcal/mol
| QMMM: Error matrix |FP-PF|         :  0.1D+00 au
| QMMM: Density matrix change        :  0.5D-06
| QMMM: Maximum number of SCF cycles :     1000

| QMMM: *** Diagonalization Routine Information ***
| QMMM: Pseudo diagonalizations are allowed.
| QMMM: Auto diagonalization routine selection is in use.
| QMMM:
| QMMM: Timing diagonalization routines:
| QMMM:                              norbs =      100
| QMMM:    diag iterations used for timing =       15
| QMMM:
| QMMM:              Internal diag routine = 0.056287 seconds
| QMMM:                 Dspev diag routine = 0.095416 seconds
| QMMM:                Dspevd diag routine = 0.067661 seconds
| QMMM:                Dspevx diag routine = 0.214707 seconds
| QMMM:                 Dsyev diag routine = 0.102115 seconds
| QMMM:                Dsyevd diag routine = 0.079145 seconds
| QMMM:                Dsyevr diag routine = 0.068237 seconds
| QMMM:
| QMMM:                Pseudo diag routine = 0.028787 seconds
| QMMM:
| QMMM: Using internal diagonalization routine (diag_routine=1).

  QMMM: QM Region Cartesian Coordinates (*=link atom) 
  QMMM: QM_NO.   MM_NO.  ATOM         X         Y         Z
  QMMM:     1        1      C        2.3520    0.9940    0.9590
  QMMM:     2        2      C        1.9400   -0.2300    0.1400
  QMMM:     3        3      C        0.5680   -0.0070   -0.4410
  QMMM:     4        4      C        0.3760   -0.0240   -1.9020
  QMMM:     5        5      C        0.0590    1.1550   -2.5810
  QMMM:     6        6      C       -0.1190    1.1340   -3.9470
  QMMM:     7        7      C        0.0140   -0.0560   -4.6490
  QMMM:     8        8      O       -0.1630   -0.0710   -5.9960
  QMMM:     9        9      C        0.3280   -1.2310   -3.9790
  QMMM:    10       10      C        0.5150   -1.2190   -2.6130
  QMMM:    11       11      C       -0.4780    0.2060    0.3710
  QMMM:    12       12      C       -0.3160    0.0800    1.8300
  QMMM:    13       13      C       -0.5680    1.1760    2.6610
  QMMM:    14       14      C       -0.4150    1.0530    4.0250
  QMMM:    15       15      C       -0.0110   -0.1560    4.5740
  QMMM:    16       16      O        0.1370   -0.2730    5.9200
  QMMM:    17       17      C        0.2400   -1.2480    3.7530
  QMMM:    18       18      C        0.0840   -1.1360    2.3880
  QMMM:    19       19      C       -1.8190    0.5750   -0.2080
  QMMM:    20       20      C       -2.6670   -0.6860   -0.3780
  QMMM:    21       21      H        3.3260    0.8360    1.3720
  QMMM:    22       22      H        1.6490    1.1460    1.7520
  QMMM:    23       23      H        2.3680    1.8570    0.3270
  QMMM:    24       24      H        1.9240   -1.0930    0.7720
  QMMM:    25       25      H        2.6430   -0.3820   -0.6530
  QMMM:    26       26      H       -0.0420    2.0400   -2.0600
  QMMM:    27       27      H       -0.3520    2.0050   -4.4490
  QMMM:    28       28      H       -0.3750    0.7210   -6.4500
  QMMM:    29       29      H        0.4220   -2.1140   -4.5040
  QMMM:    30       30      H        0.7570   -2.0910   -2.1170
  QMMM:    31       31      H       -0.8680    2.0750    2.2540
  QMMM:    32       32      H       -0.6010    1.8610    4.6390
  QMMM:    33       33      H       -0.0320    0.4620    6.4760
  QMMM:    34       34      H        0.5440   -2.1440    4.1650
  QMMM:    35       35      H        0.2630   -1.9500    1.7790
  QMMM:    36       36      H       -1.6800    1.0420   -1.1610
  QMMM:    37       37      H       -2.3180    1.2530    0.4530
  QMMM:    38       38      H       -2.1690   -1.3640   -1.0390
  QMMM:    39       39      H       -3.6190   -0.4230   -0.7890
  QMMM:    40       40      H       -2.8060   -1.1530    0.5740

--------------------------------------------------------------------------------
  RESULTS
--------------------------------------------------------------------------------

      iter         sqm energy              rms gradient
      ----    -------------------    -----------------------
xmin    10      -46.4625 kcal/mol        1.2213 kcal/(mol*A)
xmin    20      -47.2639 kcal/mol        0.3087 kcal/(mol*A)
xmin    30      -47.3108 kcal/mol        0.0646 kcal/(mol*A)
xmin    40      -47.3287 kcal/mol        0.1387 kcal/(mol*A)
xmin    50      -47.3478 kcal/mol        0.2197 kcal/(mol*A)
xmin    60      -47.3648 kcal/mol        0.0647 kcal/(mol*A)
xmin    70      -47.3771 kcal/mol        0.0397 kcal/(mol*A)
xmin    80      -47.3943 kcal/mol        0.0544 kcal/(mol*A)
xmin    90      -47.3981 kcal/mol        0.0375 kcal/(mol*A)
xmin   100      -47.3993 kcal/mol        0.0344 kcal/(mol*A)
xmin   110      -47.4001 kcal/mol        0.0195 kcal/(mol*A)
xmin   120      -47.4012 kcal/mol        0.0177 kcal/(mol*A)
xmin   130      -47.4013 kcal/mol        0.0112 kcal/(mol*A)
xmin   140      -47.4014 kcal/mol        0.0102 kcal/(mol*A)
xmin   150      -47.4015 kcal/mol        0.0025 kcal/(mol*A)
xmin   160      -47.4015 kcal/mol        0.0034 kcal/(mol*A)
  ... geometry converged !
 
 Final MO eigenvalues (eV):
 -40.7356  -40.2276  -38.8854  -37.6274  -35.9446  -34.2409  -31.6896  -31.6600
 -30.8821  -30.8007  -28.1545  -25.3514  -23.9857  -23.6570  -23.3177  -22.7933
 -21.9368  -19.3810  -19.0308  -19.0093  -17.3456  -16.9424  -16.7408  -16.3424
 -15.5471  -15.2745  -15.0871  -15.0575  -14.9546  -14.7013  -14.4959  -14.3713
 -14.3516  -14.2873  -14.1856  -13.6515  -13.2651  -13.0330  -12.7959  -12.6351
 -12.3478  -12.3239  -12.0071  -11.9594  -11.6123  -11.4629  -11.3030   -9.8796
  -9.8556   -9.7449   -8.9394   -8.8569    0.3012    0.3662    0.4033    0.4174
   1.0521    2.7360    2.7833    2.9992    3.0079    3.5802    3.7799    3.7886
   3.8042    3.8181    3.8717    4.0086    4.1257    4.2381    4.2674    4.3035
   4.3703    4.3989    4.4593    4.6050    4.6762    4.6861    4.7229    4.7634
   4.9474    4.9709    4.9832    5.0059    5.0564    5.0968    5.1777    5.2194
   5.2376    5.2497    5.2752    5.3184    5.5663    5.6120    5.6851    5.7886
   5.8747    5.9157    6.2922    6.3022

 Heat of formation   =        -47.40147816 kcal/mol  (       -2.05548234 eV)

 Total SCF energy    =     -74270.37605835 kcal/mol  (    -3220.60518010 eV)
 Electronic energy   =    -510939.62624324 kcal/mol  (   -22156.00478051 eV)
 Core-core repulsion =     436669.25018489 kcal/mol  (    18935.39960040 eV)
 
    Atomic Charges for Step       1 :
  Atom    Element       Mulliken Charge
     1      C                 -0.205
     2      C                 -0.127
     3      C                 -0.060
     4      C                 -0.071
     5      C                 -0.083
     6      C                 -0.214
     7      C                  0.077
     8      O                 -0.252
     9      C                 -0.157
    10      C                 -0.087
    11      C                 -0.060
    12      C                 -0.071
    13      C                 -0.082
    14      C                 -0.213
    15      C                  0.077
    16      O                 -0.252
    17      C                 -0.158
    18      C                 -0.089
    19      C                 -0.126
    20      C                 -0.205
    21      H                  0.073
    22      H                  0.074
    23      H                  0.077
    24      H                  0.093
    25      H                  0.086
    26      H                  0.137
    27      H                  0.133
    28      H                  0.217
    29      H                  0.151
    30      H                  0.138
    31      H                  0.136
    32      H                  0.133
    33      H                  0.217
    34      H                  0.151
    35      H                  0.139
    36      H                  0.092
    37      H                  0.084
    38      H                  0.076
    39      H                  0.073
    40      H                  0.078
 Total Mulliken Charge =      -0.000
 
                  X        Y        Z     TOTAL  
  QM DIPOLE    -0.431    2.218    0.151    2.264
 
 Final Structure

  QMMM: QM Region Cartesian Coordinates (*=link atom) 
  QMMM: QM_NO.   MM_NO.  ATOM         X         Y         Z
  QMMM:     1        1      C        2.7203    1.0785    0.0275
  QMMM:     2        2      C        1.9157   -0.1969    0.1057
  QMMM:     3        3      C        0.5161   -0.0066   -0.3835
  QMMM:     4        4      C        0.3943    0.0784   -1.8453
  QMMM:     5        5      C        0.1171    1.2996   -2.4717
  QMMM:     6        6      C        0.0312    1.3823   -3.8590
  QMMM:     7        7      C        0.2236    0.2267   -4.6282
  QMMM:     8        8      O        0.1526    0.2278   -6.0028
  QMMM:     9        9      C        0.5038   -1.0062   -4.0159
  QMMM:    10       10      C        0.5897   -1.0680   -2.6301
  QMMM:    11       11      C       -0.5484    0.0696    0.4420
  QMMM:    12       12      C       -0.4264   -0.0168    1.9037
  QMMM:    13       13      C       -0.6200    1.1256    2.6900
  QMMM:    14       14      C       -0.5319    1.0554    4.0778
  QMMM:    15       15      C       -0.2529   -0.1761    4.6858
  QMMM:    16       16      O       -0.1519   -0.3261    6.0503
  QMMM:    17       17      C       -0.0616   -1.3330    3.9122
  QMMM:    18       18      C       -0.1493   -1.2421    2.5280
  QMMM:    19       19      C       -1.9482    0.2586   -0.0470
  QMMM:    20       20      C       -2.7517   -1.0174    0.0324
  QMMM:    21       21      H        3.7797    0.8794    0.3188
  QMMM:    22       22      H        2.3030    1.8511    0.7171
  QMMM:    23       23      H        2.7063    1.4892   -1.0113
  QMMM:    24       24      H        1.9091   -0.5687    1.1657
  QMMM:    25       25      H        2.4097   -0.9882   -0.5222
  QMMM:    26       26      H       -0.0316    2.2034   -1.8616
  QMMM:    27       27      H       -0.1847    2.3435   -4.3457
  QMMM:    28       28      H       -0.0420    1.1316   -6.2899
  QMMM:    29       29      H        0.6516   -1.8999   -4.6377
  QMMM:    30       30      H        0.8124   -2.0290   -2.1415
  QMMM:    31       31      H       -0.8426    2.0890    2.2067
  QMMM:    32       32      H       -0.6808    1.9556    4.6900
  QMMM:    33       33      H       -0.3052    0.5391    6.4568
  QMMM:    34       34      H        0.1532   -2.2891    4.4092
  QMMM:    35       35      H       -0.0024   -2.1431    1.9129
  QMMM:    36       36      H       -1.9421    0.6295   -1.1073
  QMMM:    37       37      H       -2.4426    1.0501    0.5803
  QMMM:    38       38      H       -2.3349   -1.7894   -0.6581
  QMMM:    39       39      H       -3.8118   -0.8192   -0.2571
  QMMM:    40       40      H       -2.7355   -1.4283    1.0710

           --------- Calculation Completed ----------

