
          -------------------------------------------------------
          Amber 16 SANDER                              2016
          -------------------------------------------------------

| Run on 08/12/2016 at 19:24:18

|   Executable path: sander
| Working directory: /net/roos/home4/zuckerman/spiriti/estrogen-receptor2/ligands5/gw5
|          Hostname: n000.dcb.private.net

  [-O]verwriting output

File Assignments:
|  MDIN: ../amber.in                                                           
| MDOUT: amber.out                                                             
|INPCRD: gw5.inpcrd                                                            
|  PARM: gw5.prm7                                                              
|RESTRT: restrt                                                                
|  REFC: refc                                                                  
| MDVEL: mdvel                                                                 
| MDFRC: mdfrc                                                                 
|  MDEN: mden                                                                  
| MDCRD: mdcrd                                                                 
|MDINFO: mdinfo                                                                
|  MTMD: mtmd                                                                  
|INPDIP: inpdip                                                                
|RSTDIP: rstdip                                                                
|INPTRA: inptraj                                                               


 Here is the input file:

test file                                                                      
&cntrl                                                                         
imin=1, maxcyc=1,                                                              
ntpr=5, cut=99, igb=0, ntb=0                                                   
/                                                                              

--------------------------------------------------------------------------------
   1.  RESOURCE   USE: 
--------------------------------------------------------------------------------

| Flags:                                                                        
|    NONPERIODIC   ntb=0 and igb=0: Setting up nonperiodic simulation
|  *** cutoff > system size, list only builds once
|Largest sphere to fit in unit cell has radius =    32.367
| New format PARM file being parsed.
| Version =    1.000 Date = 07/06/16 Time = 22:51:37
 NATOM  =      48 NTYPES =       5 NBONH =      21 MBONA  =      29
 NTHETH =      43 MTHETA =      38 NPHIH =      86 MPHIA  =      56
 NHPARM =       0 NPARM  =       0 NNB   =     239 NRES   =       1
 NBONA  =      29 NTHETA =      38 NPHIA =      56 NUMBND =      12
 NUMANG =      20 NPTRA  =      10 NATYP =       8 NPHB   =       0
 IFBOX  =       0 NMXRS  =      48 IFCAP =       0 NEXTRA =       0
 NCOPY  =       0


|     Memory Use     Allocated
|     Real                8053
|     Hollerith            147
|     Integer            28294
|     Max Pairs           1128
|     nblistReal           576
|     nblist Int       1105162
|       Total             4499 kbytes

| Note: 1-4 EEL scale factors are being read from the topology file.

| Note: 1-4 VDW scale factors are being read from the topology file.
| Duplicated    0 dihedrals
| Duplicated    0 dihedrals

--------------------------------------------------------------------------------
   2.  CONTROL  DATA  FOR  THE  RUN
--------------------------------------------------------------------------------

default_name                                                                    

General flags:
     imin    =       1, nmropt  =       0

Nature and format of input:
     ntx     =       1, irest   =       0, ntrx    =       1

Nature and format of output:
     ntxo    =       2, ntpr    =       5, ntrx    =       1, ntwr    =       1
     iwrap   =       0, ntwx    =       0, ntwv    =       0, ntwe    =       0
     ioutfm  =       1, ntwprt  =       0, idecomp =       0, rbornstat=      0

Potential function:
     ntf     =       1, ntb     =       0, igb     =       0, nsnb    =      25
     ipol    =       0, gbsa    =       0, iesp    =       0
     dielc   =   1.00000, cut     =  99.00000, intdiel =   1.00000

Frozen or restrained atoms:
     ibelly  =       0, ntr     =       0

Energy minimization:
     maxcyc  =       1, ncyc    =      10, ntmin   =       1
     dx0     =   0.01000, drms    =   0.00010
|  INFO: Old style inpcrd file read


--------------------------------------------------------------------------------
   3.  ATOMIC COORDINATES AND VELOCITIES
--------------------------------------------------------------------------------

default_name                                                                    
 begin time read from input coords =     0.000 ps

 Number of triangulated 3-point waters found:        0

     Sum of charges from parm topology file =  -1.00299900

--------------------------------------------------------------------------------
   4.  RESULTS
--------------------------------------------------------------------------------

 ---------------------------------------------------

     eedmeth=4: Setting switch to one everywhere

 ---------------------------------------------------
| Local SIZE OF NONBOND LIST =        891
| TOTAL SIZE OF NONBOND LIST =        891


   NSTEP       ENERGY          RMS            GMAX         NAME    NUMBER
      1       8.5777E+01     2.9019E+01     1.4721E+02     C17        46

 BOND    =       30.8156  ANGLE   =        9.3120  DIHED      =       20.6683
 VDWAALS =        5.2950  EEL     =      -29.5565  HBOND      =        0.0000
 1-4 VDW =       18.6284  1-4 EEL =       30.6143  RESTRAINT  =        0.0000


  Maximum number of minimization cycles reached.


                    FINAL RESULTS



   NSTEP       ENERGY          RMS            GMAX         NAME    NUMBER
      1       8.5777E+01     2.9019E+01     1.4721E+02     C17        46

 BOND    =       30.8156  ANGLE   =        9.3120  DIHED      =       20.6683
 VDWAALS =        5.2950  EEL     =      -29.5565  HBOND      =        0.0000
 1-4 VDW =       18.6284  1-4 EEL =       30.6143  RESTRAINT  =        0.0000

--------------------------------------------------------------------------------
   5.  TIMINGS
--------------------------------------------------------------------------------

|    Read coords time           0.00 ( 0.40% of Total)
|                Build the list             0.00 (96.89% of List )
|                Other                      0.00 ( 3.11% of List )
|             List time                  0.00 (75.02% of Nonbo)
|                   Short_ene time             0.00 (97.23% of Direc)
|                   Other                      0.00 ( 2.77% of Direc)
|                Direct Ewald time          0.00 (89.42% of Ewald)
|                Force Adjust               0.00 ( 0.63% of Ewald)
|                Virial junk                0.00 ( 1.55% of Ewald)
|                Start synchronizatio       0.00 ( 0.63% of Ewald)
|                Other                      0.00 ( 7.77% of Ewald)
|             Ewald time                 0.00 (24.24% of Nonbo)
|             Other                      0.00 ( 0.74% of Nonbo)
|          Nonbond force              0.00 (83.43% of Force)
|          Bond/Angle/Dihedral        0.00 (14.69% of Force)
|          Other                      0.00 ( 1.88% of Force)
|       Force time                 0.00 (100.0% of Runmd)
|    Runmd Time                 0.00 ( 0.30% of Total)
|    Other                      0.52 (99.29% of Total)
| Total time                 0.53 (99.88% of ALL  )

| Number of list builds   :          1

| Highest rstack allocated:        200
| Highest istack allocated:         40
|           Job began  at 19:24:17.889  on 08/12/2016
|           Setup done at 19:24:18.025  on 08/12/2016
|           Run   done at 19:24:18.415  on 08/12/2016
|     wallclock() was called      58 times
