            --------------------------------------------------------
                             AMBER SQM VERSION 14
 
                                     By
              Ross C. Walker, Michael F. Crowley, Scott Brozell,
                         Tim Giese, Andreas W. Goetz,
                        Tai-Sung Lee and David A. Case
 
            --------------------------------------------------------
 

--------------------------------------------------------------------------------
  QM CALCULATION INFO
--------------------------------------------------------------------------------

| QMMM: Citation for AMBER QMMM Run:
| QMMM: R.C. Walker, M.F. Crowley and D.A. Case, J. COMP. CHEM. 29:1019, 2008

QMMM: SINGLET STATE CALCULATION
QMMM: RHF CALCULATION, NO. OF DOUBLY OCCUPIED LEVELS = 67

| QMMM: *** Selected Hamiltonian *** 
| QMMM: AM1         

| QMMM: *** Parameter sets in use ***
| QMMM: C : M.J.S.DEWAR et al. JACS, 107, 3902, (1985)
| QMMM: O : M.J.S.DEWAR et al. JACS, 107, 3902, (1985)
| QMMM: H : M.J.S.DEWAR et al. JACS, 107, 3902, (1985)

| QMMM: *** SCF convergence criteria ***
| QMMM: Energy change                :  0.1D-09 kcal/mol
| QMMM: Error matrix |FP-PF|         :  0.1D+00 au
| QMMM: Density matrix change        :  0.5D-06
| QMMM: Maximum number of SCF cycles :     1000

| QMMM: *** Diagonalization Routine Information ***
| QMMM: Pseudo diagonalizations are allowed.
| QMMM: Auto diagonalization routine selection is in use.
| QMMM:
| QMMM: Timing diagonalization routines:
| QMMM:                              norbs =      129
| QMMM:    diag iterations used for timing =       10
| QMMM:
| QMMM:              Internal diag routine = 0.074866 seconds
| QMMM:                 Dspev diag routine = 0.125435 seconds
| QMMM:                Dspevd diag routine = 0.081258 seconds
| QMMM:                Dspevx diag routine = 0.262018 seconds
| QMMM:                 Dsyev diag routine = 0.136007 seconds
| QMMM:                Dsyevd diag routine = 0.093861 seconds
| QMMM:                Dsyevr diag routine = 0.084261 seconds
| QMMM:
| QMMM:                Pseudo diag routine = 0.043851 seconds
| QMMM:
| QMMM: Using internal diagonalization routine (diag_routine=1).

  QMMM: QM Region Cartesian Coordinates (*=link atom) 
  QMMM: QM_NO.   MM_NO.  ATOM         X         Y         Z
  QMMM:     1        1      C       -1.1680   -3.0850    0.9040
  QMMM:     2        2      C       -0.3210   -4.1600    0.7360
  QMMM:     3        3      C        0.3020   -4.3710   -0.4820
  QMMM:     4        4      C        0.0820   -3.5050   -1.5390
  QMMM:     5        5      C       -0.7610   -2.4250   -1.3870
  QMMM:     6        6      C       -1.3960   -2.2060   -0.1600
  QMMM:     7        7      C       -2.2980   -1.0570    0.0110
  QMMM:     8        8      C       -3.7660   -1.2830    0.2670
  QMMM:     9        9      C       -3.9980   -1.4710    1.7680
  QMMM:    10       10      C       -1.8090    0.2060   -0.0630
  QMMM:    11       11      C       -2.7330    1.3620   -0.0220
  QMMM:    12       12      C       -2.7210    2.2310    1.0690
  QMMM:    13       13      C       -3.5850    3.3060    1.1010
  QMMM:    14       14      C       -4.4630    3.5220    0.0540
  QMMM:    15       15      C       -4.4810    2.6640   -1.0310
  QMMM:    16       16      C       -3.6170    1.5890   -1.0780
  QMMM:    17       17      C       -0.3530    0.4290   -0.1840
  QMMM:    18       18      C        0.1710    1.0100   -1.3420
  QMMM:    19       19      C        1.5160    1.2160   -1.4550
  QMMM:    20       20      C        0.4980    0.0640    0.8640
  QMMM:    21       21      C        1.8440    0.2690    0.7540
  QMMM:    22       22      C        2.3710    0.8460   -0.4090
  QMMM:    23       23      C        3.8180    1.0670   -0.5300
  QMMM:    24       24      C        4.6420    0.7090    0.4800
  QMMM:    25       25      C        6.0820    0.9290    0.3600
  QMMM:    26       26      O        6.9050    0.5720    1.3680
  QMMM:    27       27      O        6.5380    1.4340   -0.6480
  QMMM:    28       28      H       -1.6320   -2.9290    1.8120
  QMMM:    29       29      H       -0.1510   -4.8090    1.5200
  QMMM:    30       30      H        0.9340   -5.1780   -0.6030
  QMMM:    31       31      H        0.5510   -3.6680   -2.4440
  QMMM:    32       32      H       -0.9230   -1.7800   -2.1760
  QMMM:    33       33      H       -4.0890   -2.1590   -0.2560
  QMMM:    34       34      H       -4.3230   -0.4370   -0.0770
  QMMM:    35       35      H       -3.4410   -2.3170    2.1120
  QMMM:    36       36      H       -5.0400   -1.6320    1.9500
  QMMM:    37       37      H       -3.6750   -0.5950    2.2910
  QMMM:    38       38      H       -2.0670    2.0700    1.8510
  QMMM:    39       39      H       -3.5760    3.9500    1.9070
  QMMM:    40       40      H       -5.1080    4.3270    0.0820
  QMMM:    41       41      H       -5.1420    2.8280   -1.8070
  QMMM:    42       42      H       -3.6240    0.9550   -1.8920
  QMMM:    43       43      H       -0.4590    1.2840   -2.1120
  QMMM:    44       44      H        1.9030    1.6440   -2.3110
  QMMM:    45       45      H        0.1090   -0.3600    1.7210
  QMMM:    46       46      H        2.4720   -0.0010    1.5270
  QMMM:    47       47      H        4.2050    1.4950   -1.3850
  QMMM:    48       48      H        4.2550    0.2810    1.3350

--------------------------------------------------------------------------------
  RESULTS
--------------------------------------------------------------------------------

      iter         sqm energy              rms gradient
      ----    -------------------    -----------------------
xmin    10      -11.9752 kcal/mol        0.5553 kcal/(mol*A)
xmin    20      -12.3931 kcal/mol        0.1499 kcal/(mol*A)
xmin    30      -12.6053 kcal/mol        0.6521 kcal/(mol*A)
xmin    40      -12.8075 kcal/mol        0.0514 kcal/(mol*A)
xmin    50      -12.8110 kcal/mol        0.0106 kcal/(mol*A)
xmin    60      -12.8135 kcal/mol        0.0326 kcal/(mol*A)
xmin    70      -12.8159 kcal/mol        0.0211 kcal/(mol*A)
xmin    80      -12.8175 kcal/mol        0.0193 kcal/(mol*A)
xmin    90      -10.8563 kcal/mol        6.8211 kcal/(mol*A)
xmin   100      -12.7820 kcal/mol        0.0621 kcal/(mol*A)
xmin   110      -12.8013 kcal/mol        0.2068 kcal/(mol*A)
xmin   120      -12.8247 kcal/mol        0.0478 kcal/(mol*A)
xmin   130      -12.8478 kcal/mol        0.0875 kcal/(mol*A)
xmin   140      -12.8870 kcal/mol        0.1976 kcal/(mol*A)
xmin   150      -12.9319 kcal/mol        0.0441 kcal/(mol*A)
xmin   160      -12.9351 kcal/mol        0.0586 kcal/(mol*A)
xmin   170      -12.9449 kcal/mol        0.0532 kcal/(mol*A)
xmin   180      -12.9468 kcal/mol        0.0339 kcal/(mol*A)
xmin   190      -12.9492 kcal/mol        0.0628 kcal/(mol*A)
xmin   200      -12.9501 kcal/mol        0.0128 kcal/(mol*A)
xmin   210      -12.9508 kcal/mol        0.0148 kcal/(mol*A)
xmin   220      -12.9509 kcal/mol        0.0033 kcal/(mol*A)
xmin   230      -12.9509 kcal/mol        0.0114 kcal/(mol*A)
xmin   240      -12.9511 kcal/mol        0.0153 kcal/(mol*A)
xmin   250      -12.9511 kcal/mol        0.0043 kcal/(mol*A)
xmin   260      -12.9511 kcal/mol        0.0075 kcal/(mol*A)
xmin   270      -12.9512 kcal/mol        0.0015 kcal/(mol*A)
xmin   280      -12.9512 kcal/mol        0.0016 kcal/(mol*A)
xmin   290      -12.9484 kcal/mol        0.1798 kcal/(mol*A)
xmin   300      -12.9511 kcal/mol        0.0042 kcal/(mol*A)
xmin   310      -12.9512 kcal/mol        0.0007 kcal/(mol*A)
  ... geometry converged !
 
 Final MO eigenvalues (eV):
 -38.9146  -37.6664  -36.9132  -35.0070  -33.3715  -32.0471  -30.4413  -30.0771
 -29.8881  -29.5345  -29.1288  -28.9504  -27.7379  -26.2595  -23.5873  -22.0494
 -21.6192  -21.3091  -21.1663  -20.6289  -20.3711  -18.2403  -17.6189  -15.9734
 -15.8641  -15.1013  -14.9253  -14.6782  -14.2181  -13.9651  -13.7285  -13.5305
 -13.2365  -13.0181  -12.8915  -12.6140  -12.4866  -12.3481  -12.1042  -11.8379
 -11.7026  -11.6183  -11.4313  -11.2405  -11.0320  -10.8562  -10.6192  -10.5424
 -10.4157  -10.1150  -10.0933   -9.8072   -9.7257   -9.5283   -9.4065   -8.6235
  -8.4834   -8.1147   -7.9998   -7.9571   -7.8707   -7.2242   -7.0713   -5.6037
  -5.1601   -4.8231   -4.7627    1.7503    2.0578    2.0987    2.3199    2.5731
   3.0789    3.1876    4.4542    4.6966    4.7652    5.3036    5.4638    5.5044
   5.5407    5.5604    5.6486    5.7264    5.7598    5.8196    5.8749    5.9378
   6.0041    6.1270    6.1531    6.1784    6.2806    6.3451    6.3857    6.4197
   6.4448    6.5081    6.6235    6.6539    6.6735    6.8058    6.8832    6.9112
   6.9594    7.0401    7.0707    7.1484    7.1914    7.2749    7.3106    7.3773
   7.4725    7.5389    7.6305    7.6686    7.7238    7.8713    7.9756    8.0509
   8.1049    8.1714    8.2447    8.6111    8.8982    9.3853    9.5450   12.3796
  13.3190

 Heat of formation   =        -12.95117764 kcal/mol  (       -0.56160521 eV)

 Total SCF energy    =     -95250.00193892 kcal/mol  (    -4130.35002554 eV)
 Electronic energy   =    -736723.60425147 kcal/mol  (   -31946.73276317 eV)
 Core-core repulsion =     641473.60231256 kcal/mol  (    27816.38273763 eV)
 
    Atomic Charges for Step       1 :
  Atom    Element       Mulliken Charge
     1      C                 -0.128
     2      C                 -0.140
     3      C                 -0.132
     4      C                 -0.128
     5      C                 -0.103
     6      C                 -0.032
     7      C                 -0.069
     8      C                 -0.126
     9      C                 -0.208
    10      C                 -0.009
    11      C                 -0.025
    12      C                 -0.112
    13      C                 -0.133
    14      C                 -0.138
    15      C                 -0.135
    16      C                 -0.124
    17      C                 -0.093
    18      C                 -0.117
    19      C                 -0.149
    20      C                 -0.106
    21      C                 -0.148
    22      C                  0.023
    23      C                 -0.204
    24      C                 -0.130
    25      C                  0.339
    26      O                 -0.568
    27      O                 -0.563
    28      H                  0.127
    29      H                  0.122
    30      H                  0.125
    31      H                  0.134
    32      H                  0.149
    33      H                  0.083
    34      H                  0.087
    35      H                  0.070
    36      H                  0.064
    37      H                  0.084
    38      H                  0.142
    39      H                  0.127
    40      H                  0.123
    41      H                  0.124
    42      H                  0.134
    43      H                  0.119
    44      H                  0.133
    45      H                  0.123
    46      H                  0.140
    47      H                  0.145
    48      H                  0.100
 Total Mulliken Charge =      -1.000
 
                  X        Y        Z     TOTAL  
  QM DIPOLE   -29.095   -6.747    0.689   29.875
 
 Final Structure

  QMMM: QM Region Cartesian Coordinates (*=link atom) 
  QMMM: QM_NO.   MM_NO.  ATOM         X         Y         Z
  QMMM:     1        1      C       -1.6395   -3.4725    0.8312
  QMMM:     2        2      C       -0.8850   -4.6355    0.6945
  QMMM:     3        3      C        0.0538   -4.7465   -0.3308
  QMMM:     4        4      C        0.2374   -3.6865   -1.2179
  QMMM:     5        5      C       -0.5125   -2.5199   -1.0820
  QMMM:     6        6      C       -1.4592   -2.3991   -0.0539
  QMMM:     7        7      C       -2.2766   -1.1894    0.0705
  QMMM:     8        8      C       -3.7424   -1.4272    0.2588
  QMMM:     9        9      C       -4.1931   -1.1750    1.6782
  QMMM:    10       10      C       -1.7702    0.0633   -0.0127
  QMMM:    11       11      C       -2.6433    1.2502    0.0238
  QMMM:    12       12      C       -2.7061    2.0463    1.1752
  QMMM:    13       13      C       -3.5114    3.1838    1.1979
  QMMM:    14       14      C       -4.2570    3.5386    0.0741
  QMMM:    15       15      C       -4.1946    2.7527   -1.0762
  QMMM:    16       16      C       -3.3926    1.6132   -1.1037
  QMMM:    17       17      C       -0.3427    0.3712   -0.1418
  QMMM:    18       18      C        0.1169    1.1368   -1.2237
  QMMM:    19       19      C        1.4639    1.4524   -1.3430
  QMMM:    20       20      C        0.5787   -0.0547    0.8235
  QMMM:    21       21      C        1.9267    0.2685    0.7063
  QMMM:    22       22      C        2.3979    1.0232   -0.3806
  QMMM:    23       23      C        3.7944    1.3744   -0.5427
  QMMM:    24       24      C        4.8098    0.9550    0.2241
  QMMM:    25       25      C        6.2468    1.3722   -0.0189
  QMMM:    26       26      O        7.1100    0.9443    0.8003
  QMMM:    27       27      O        6.5119    2.1123   -1.0083
  QMMM:    28       28      H       -2.3774   -3.3908    1.6429
  QMMM:    29       29      H       -1.0281   -5.4656    1.4008
  QMMM:    30       30      H        0.6522   -5.6626   -0.4345
  QMMM:    31       31      H        0.9850   -3.7631   -2.0213
  QMMM:    32       32      H       -0.3497   -1.6747   -1.7698
  QMMM:    33       33      H       -3.9945   -2.4829   -0.0294
  QMMM:    34       34      H       -4.3130   -0.7486   -0.4334
  QMMM:    35       35      H       -3.6830   -1.8676    2.3898
  QMMM:    36       36      H       -5.2958   -1.3301    1.7624
  QMMM:    37       37      H       -3.9552   -0.1246    1.9791
  QMMM:    38       38      H       -2.1069    1.7744    2.0572
  QMMM:    39       39      H       -3.5515    3.8061    2.1036
  QMMM:    40       40      H       -4.8875    4.4387    0.0928
  QMMM:    41       41      H       -4.7752    3.0339   -1.9665
  QMMM:    42       42      H       -3.3383    0.9975   -2.0136
  QMMM:    43       43      H       -0.6016    1.4892   -1.9788
  QMMM:    44       44      H        1.8130    2.0486   -2.1995
  QMMM:    45       45      H        0.2313   -0.6539    1.6780
  QMMM:    46       46      H        2.6348   -0.0730    1.4766
  QMMM:    47       47      H        4.0251    2.0488   -1.3896
  QMMM:    48       48      H        4.6721    0.2789    1.0818

           --------- Calculation Completed ----------

