            --------------------------------------------------------
                             AMBER SQM VERSION 14
 
                                     By
              Ross C. Walker, Michael F. Crowley, Scott Brozell,
                         Tim Giese, Andreas W. Goetz,
                        Tai-Sung Lee and David A. Case
 
            --------------------------------------------------------
 

--------------------------------------------------------------------------------
  QM CALCULATION INFO
--------------------------------------------------------------------------------

| QMMM: Citation for AMBER QMMM Run:
| QMMM: R.C. Walker, M.F. Crowley and D.A. Case, J. COMP. CHEM. 29:1019, 2008

QMMM: SINGLET STATE CALCULATION
QMMM: RHF CALCULATION, NO. OF DOUBLY OCCUPIED LEVELS = 57

| QMMM: *** Selected Hamiltonian *** 
| QMMM: AM1         

| QMMM: *** Parameter sets in use ***
| QMMM: C : M.J.S.DEWAR et al. JACS, 107, 3902, (1985)
| QMMM: O : M.J.S.DEWAR et al. JACS, 107, 3902, (1985)
| QMMM: H : M.J.S.DEWAR et al. JACS, 107, 3902, (1985)

| QMMM: *** SCF convergence criteria ***
| QMMM: Energy change                :  0.1D-09 kcal/mol
| QMMM: Error matrix |FP-PF|         :  0.1D+00 au
| QMMM: Density matrix change        :  0.5D-06
| QMMM: Maximum number of SCF cycles :     1000

| QMMM: *** Diagonalization Routine Information ***
| QMMM: Pseudo diagonalizations are allowed.
| QMMM: Auto diagonalization routine selection is in use.
| QMMM:
| QMMM: Timing diagonalization routines:
| QMMM:                              norbs =      108
| QMMM:    diag iterations used for timing =       10
| QMMM:
| QMMM:              Internal diag routine = 0.046158 seconds
| QMMM:                 Dspev diag routine = 0.077081 seconds
| QMMM:                Dspevd diag routine = 0.052114 seconds
| QMMM:                Dspevx diag routine = 0.172063 seconds
| QMMM:                 Dsyev diag routine = 0.081368 seconds
| QMMM:                Dsyevd diag routine = 0.060609 seconds
| QMMM:                Dsyevr diag routine = 0.053989 seconds
| QMMM:
| QMMM:                Pseudo diag routine = 0.023809 seconds
| QMMM:
| QMMM: Using internal diagonalization routine (diag_routine=1).

  QMMM: QM Region Cartesian Coordinates (*=link atom) 
  QMMM: QM_NO.   MM_NO.  ATOM         X         Y         Z
  QMMM:     1        1      C        0.5430    0.3650    0.7120
  QMMM:     2        2      C        0.0250    1.7640    0.4130
  QMMM:     3        3      C       -1.4820    1.8630    0.7170
  QMMM:     4        4      C       -2.1860    0.8040   -0.1050
  QMMM:     5        5      C       -1.8390    0.9860   -1.5840
  QMMM:     6        6      C       -3.6980    0.7000    0.0560
  QMMM:     7        7      O       -4.3370    1.4890   -0.9500
  QMMM:     8        8      C       -4.0380   -0.8110   -0.1460
  QMMM:     9        9      O       -4.7250   -1.2960    1.0090
  QMMM:    10       10      C       -2.6770   -1.5430   -0.3030
  QMMM:    11       11      C       -1.6920   -0.5880    0.3790
  QMMM:    12       12      C       -0.2460   -0.7030   -0.0580
  QMMM:    13       13      C        0.3620   -2.0650    0.2750
  QMMM:    14       14      C        1.7380   -2.1470   -0.3870
  QMMM:    15       15      C        2.5540   -0.9130   -0.1060
  QMMM:    16       16      C        3.9160   -0.9690   -0.3700
  QMMM:    17       17      C        4.7240    0.1310   -0.1440
  QMMM:    18       18      O        6.0560    0.0660   -0.4060
  QMMM:    19       19      C        4.1670    1.3020    0.3510
  QMMM:    20       20      C        2.8160    1.3560    0.6170
  QMMM:    21       21      C        2.0040    0.2310    0.3920
  QMMM:    22       22      H        0.4070    0.2100    1.7620
  QMMM:    23       23      H        0.1900    1.9860   -0.6210
  QMMM:    24       24      H        0.5470    2.4640    1.0310
  QMMM:    25       25      H       -1.8450    2.8330    0.4500
  QMMM:    26       26      H       -1.6650    1.7120    1.7600
  QMMM:    27       27      H       -2.1800    1.9450   -1.9150
  QMMM:    28       28      H       -2.3160    0.2200   -2.1590
  QMMM:    29       29      H       -0.7790    0.9210   -1.7120
  QMMM:    30       30      H       -4.0310    1.0530    1.0100
  QMMM:    31       31      H       -4.0510    1.1880   -1.8270
  QMMM:    32       32      H       -4.6630   -0.9710   -0.9990
  QMMM:    33       33      H       -4.1730   -1.1600    1.7950
  QMMM:    34       34      H       -2.4300   -1.6780   -1.3350
  QMMM:    35       35      H       -2.6750   -2.5250    0.1210
  QMMM:    36       36      H       -1.6860   -0.7860    1.4310
  QMMM:    37       37      H       -0.2010   -0.5770   -1.1200
  QMMM:    38       38      H       -0.2680   -2.8450   -0.1000
  QMMM:    39       39      H        0.4540   -2.1800    1.3350
  QMMM:    40       40      H        1.6110   -2.2470   -1.4450
  QMMM:    41       41      H        2.2560   -2.9930    0.0140
  QMMM:    42       42      H        4.3300   -1.8400   -0.7380
  QMMM:    43       43      H        6.4300   -0.7260   -0.7400
  QMMM:    44       44      H        4.7620    2.1280    0.5190
  QMMM:    45       45      H        2.3990    2.2260    0.9830

--------------------------------------------------------------------------------
  RESULTS
--------------------------------------------------------------------------------

      iter         sqm energy              rms gradient
      ----    -------------------    -----------------------
xmin    10     -152.2939 kcal/mol        0.4079 kcal/(mol*A)
xmin    20     -152.5828 kcal/mol        0.0383 kcal/(mol*A)
xmin    30     -152.5847 kcal/mol        0.0061 kcal/(mol*A)
xmin    40     -152.5847 kcal/mol        0.0025 kcal/(mol*A)
xmin    50     -152.5847 kcal/mol        0.0032 kcal/(mol*A)
  ... geometry converged !
 
 Final MO eigenvalues (eV):
 -42.2665  -40.6383  -39.1057  -37.6411  -37.2525  -35.5702  -34.4666  -32.7597
 -30.6887  -30.0380  -29.1025  -27.2651  -27.0560  -24.5633  -23.9128  -23.3830
 -21.9444  -21.3235  -20.4143  -19.6309  -18.7256  -18.6125  -17.3333  -17.2622
 -16.8896  -16.7163  -16.0669  -15.7179  -15.4764  -15.3471  -15.1496  -15.0457
 -14.8559  -14.5374  -14.4261  -14.2091  -13.7965  -13.7608  -13.5508  -13.3399
 -13.1046  -12.9581  -12.9162  -12.7696  -12.6937  -12.2407  -11.9952  -11.8760
 -11.7974  -11.6088  -11.5298  -11.2850  -11.1816  -10.8198  -10.3777   -9.6626
  -8.9041    0.3336    0.4088    2.6628    2.9096    2.9926    3.0917    3.1599
   3.3607    3.4715    3.5341    3.6027    3.7000    3.7506    3.7720    3.8185
   3.8935    3.9286    3.9698    4.0178    4.0519    4.0796    4.1754    4.2125
   4.2441    4.2602    4.3859    4.3921    4.4738    4.5636    4.6033    4.6205
   4.6579    4.6960    4.7353    4.7371    4.7923    4.8085    4.8338    4.9077
   4.9696    5.0462    5.0969    5.1415    5.2209    5.2658    5.4539    5.6705
   5.8233    6.1316    6.2993    6.3343

 Heat of formation   =       -152.58473260 kcal/mol  (       -6.61657051 eV)

 Total SCF energy    =     -82984.34935570 kcal/mol  (    -3598.47141736 eV)
 Electronic energy   =    -621709.01166143 kcal/mol  (   -26959.32577345 eV)
 Core-core repulsion =     538724.66230573 kcal/mol  (    23360.85435609 eV)
 
    Atomic Charges for Step       1 :
  Atom    Element       Mulliken Charge
     1      C                 -0.055
     2      C                 -0.152
     3      C                 -0.140
     4      C                 -0.084
     5      C                 -0.210
     6      C                  0.003
     7      O                 -0.306
     8      C                 -0.005
     9      O                 -0.311
    10      C                 -0.190
    11      C                 -0.103
    12      C                 -0.087
    13      C                 -0.152
    14      C                 -0.123
    15      C                 -0.026
    16      C                 -0.217
    17      C                  0.079
    18      O                 -0.252
    19      C                 -0.158
    20      C                 -0.096
    21      C                 -0.094
    22      H                  0.094
    23      H                  0.088
    24      H                  0.080
    25      H                  0.092
    26      H                  0.080
    27      H                  0.083
    28      H                  0.070
    29      H                  0.088
    30      H                  0.122
    31      H                  0.199
    32      H                  0.120
    33      H                  0.197
    34      H                  0.095
    35      H                  0.098
    36      H                  0.084
    37      H                  0.101
    38      H                  0.084
    39      H                  0.085
    40      H                  0.091
    41      H                  0.091
    42      H                  0.132
    43      H                  0.217
    44      H                  0.150
    45      H                  0.135
 Total Mulliken Charge =      -0.000
 
                  X        Y        Z     TOTAL  
  QM DIPOLE     1.728   -1.610   -0.710    2.466
 
 Final Structure

  QMMM: QM Region Cartesian Coordinates (*=link atom) 
  QMMM: QM_NO.   MM_NO.  ATOM         X         Y         Z
  QMMM:     1        1      C        0.6010    0.3826    0.6591
  QMMM:     2        2      C        0.0353    1.7797    0.4224
  QMMM:     3        3      C       -1.4698    1.8759    0.6198
  QMMM:     4        4      C       -2.1991    0.8190   -0.1906
  QMMM:     5        5      C       -2.0476    1.1018   -1.6754
  QMMM:     6        6      C       -3.7025    0.6469    0.1451
  QMMM:     7        7      O       -4.5625    1.5387   -0.5213
  QMMM:     8        8      C       -4.0078   -0.8460   -0.1848
  QMMM:     9        9      O       -4.8299   -1.4433    0.7946
  QMMM:    10       10      C       -2.6467   -1.5589   -0.3114
  QMMM:    11       11      C       -1.6414   -0.5581    0.2368
  QMMM:    12       12      C       -0.1792   -0.6889   -0.1235
  QMMM:    13       13      C        0.3774   -2.0568    0.2264
  QMMM:    14       14      C        1.8072   -2.1778   -0.2540
  QMMM:    15       15      C        2.6238   -0.9505   -0.0342
  QMMM:    16       16      C        4.0021   -1.0523   -0.2607
  QMMM:    17       17      C        4.8218    0.0681   -0.0971
  QMMM:    18       18      O        6.1823    0.0331   -0.3043
  QMMM:    19       19      C        4.2757    1.3005    0.2943
  QMMM:    20       20      C        2.9076    1.3868    0.5178
  QMMM:    21       21      C        2.0642    0.2780    0.3578
  QMMM:    22       22      H        0.4777    0.1536    1.7604
  QMMM:    23       23      H        0.3037    2.1168   -0.6126
  QMMM:    24       24      H        0.5147    2.4950    1.1430
  QMMM:    25       25      H       -1.8188    2.8964    0.3138
  QMMM:    26       26      H       -1.7147    1.7472    1.7069
  QMMM:    27       27      H       -2.4996    2.0959   -1.9162
  QMMM:    28       28      H       -2.5634    0.3146   -2.2772
  QMMM:    29       29      H       -0.9744    1.1307   -1.9789
  QMMM:    30       30      H       -3.8882    0.8553    1.2356
  QMMM:    31       31      H       -4.5190    1.3455   -1.4665
  QMMM:    32       32      H       -4.6067   -0.9291   -1.1321
  QMMM:    33       33      H       -4.3593   -1.3964    1.6360
  QMMM:    34       34      H       -2.4320   -1.8039   -1.3799
  QMMM:    35       35      H       -2.6413   -2.5126    0.2706
  QMMM:    36       36      H       -1.7107   -0.6141    1.3646
  QMMM:    37       37      H       -0.0394   -0.5211   -1.2265
  QMMM:    38       38      H       -0.2493   -2.8543   -0.2521
  QMMM:    39       39      H        0.3296   -2.2134    1.3358
  QMMM:    40       40      H        1.8095   -2.4026   -1.3567
  QMMM:    41       41      H        2.2977   -3.0481    0.2601
  QMMM:    42       42      H        4.4359   -2.0150   -0.5672
  QMMM:    43       43      H        6.4205   -0.8684   -0.5646
  QMMM:    44       44      H        4.9321    2.1726    0.4193
  QMMM:    45       45      H        2.4913    2.3570    0.8295

           --------- Calculation Completed ----------

