
          -------------------------------------------------------
          Amber 16 SANDER                              2016
          -------------------------------------------------------

| Run on 08/12/2016 at 19:24:35

|   Executable path: sander
| Working directory: /net/roos/home4/zuckerman/spiriti/estrogen-receptor2/ligands5/ode
|          Hostname: n000.dcb.private.net

  [-O]verwriting output

File Assignments:
|  MDIN: ../amber.in                                                           
| MDOUT: amber.out                                                             
|INPCRD: ode.inpcrd                                                            
|  PARM: ode.prm7                                                              
|RESTRT: restrt                                                                
|  REFC: refc                                                                  
| MDVEL: mdvel                                                                 
| MDFRC: mdfrc                                                                 
|  MDEN: mden                                                                  
| MDCRD: mdcrd                                                                 
|MDINFO: mdinfo                                                                
|  MTMD: mtmd                                                                  
|INPDIP: inpdip                                                                
|RSTDIP: rstdip                                                                
|INPTRA: inptraj                                                               


 Here is the input file:

test file                                                                      
&cntrl                                                                         
imin=1, maxcyc=1,                                                              
ntpr=5, cut=99, igb=0, ntb=0                                                   
/                                                                              

--------------------------------------------------------------------------------
   1.  RESOURCE   USE: 
--------------------------------------------------------------------------------

| Flags:                                                                        
|    NONPERIODIC   ntb=0 and igb=0: Setting up nonperiodic simulation
|  *** cutoff > system size, list only builds once
|Largest sphere to fit in unit cell has radius =    33.591
| New format PARM file being parsed.
| Version =    1.000 Date = 07/07/16 Time = 00:48:47
 NATOM  =      55 NTYPES =       9 NBONH =      24 MBONA  =      34
 NTHETH =      52 MTHETA =      49 NPHIH =     103 MPHIA  =      90
 NHPARM =       0 NPARM  =       0 NNB   =     293 NRES   =       1
 NBONA  =      34 NTHETA =      49 NPHIA =      90 NUMBND =      16
 NUMANG =      32 NPTRA  =      27 NATYP =      12 NPHB   =       0
 IFBOX  =       0 NMXRS  =      55 IFCAP =       0 NEXTRA =       0
 NCOPY  =       0


|     Memory Use     Allocated
|     Real                8672
|     Hollerith            168
|     Integer            30948
|     Max Pairs           1485
|     nblistReal           660
|     nblist Int       1109883
|       Total             4535 kbytes

| Note: 1-4 EEL scale factors are being read from the topology file.

| Note: 1-4 VDW scale factors are being read from the topology file.
| Duplicated    0 dihedrals
| Duplicated    0 dihedrals

--------------------------------------------------------------------------------
   2.  CONTROL  DATA  FOR  THE  RUN
--------------------------------------------------------------------------------

default_name                                                                    

General flags:
     imin    =       1, nmropt  =       0

Nature and format of input:
     ntx     =       1, irest   =       0, ntrx    =       1

Nature and format of output:
     ntxo    =       2, ntpr    =       5, ntrx    =       1, ntwr    =       1
     iwrap   =       0, ntwx    =       0, ntwv    =       0, ntwe    =       0
     ioutfm  =       1, ntwprt  =       0, idecomp =       0, rbornstat=      0

Potential function:
     ntf     =       1, ntb     =       0, igb     =       0, nsnb    =      25
     ipol    =       0, gbsa    =       0, iesp    =       0
     dielc   =   1.00000, cut     =  99.00000, intdiel =   1.00000

Frozen or restrained atoms:
     ibelly  =       0, ntr     =       0

Energy minimization:
     maxcyc  =       1, ncyc    =      10, ntmin   =       1
     dx0     =   0.01000, drms    =   0.00010
|  INFO: Old style inpcrd file read


--------------------------------------------------------------------------------
   3.  ATOMIC COORDINATES AND VELOCITIES
--------------------------------------------------------------------------------

default_name                                                                    
 begin time read from input coords =     0.000 ps

 Number of triangulated 3-point waters found:        0

     Sum of charges from parm topology file =  -0.00000200
     Forcing neutrality...

--------------------------------------------------------------------------------
   4.  RESULTS
--------------------------------------------------------------------------------

 ---------------------------------------------------

     eedmeth=4: Setting switch to one everywhere

 ---------------------------------------------------
| Local SIZE OF NONBOND LIST =       1195
| TOTAL SIZE OF NONBOND LIST =       1195


   NSTEP       ENERGY          RMS            GMAX         NAME    NUMBER
      1       6.0210E+01     1.9840E+01     7.3280E+01     OBD        17

 BOND    =       15.4969  ANGLE   =       41.3622  DIHED      =       24.4686
 VDWAALS =       42.2463  EEL     =      -30.6647  HBOND      =        0.0000
 1-4 VDW =       23.2059  1-4 EEL =      -55.9049  RESTRAINT  =        0.0000


  Maximum number of minimization cycles reached.


                    FINAL RESULTS



   NSTEP       ENERGY          RMS            GMAX         NAME    NUMBER
      1       6.0210E+01     1.9840E+01     7.3280E+01     OBD        17

 BOND    =       15.4969  ANGLE   =       41.3622  DIHED      =       24.4686
 VDWAALS =       42.2463  EEL     =      -30.6647  HBOND      =        0.0000
 1-4 VDW =       23.2059  1-4 EEL =      -55.9049  RESTRAINT  =        0.0000

--------------------------------------------------------------------------------
   5.  TIMINGS
--------------------------------------------------------------------------------

|    Read coords time           0.00 ( 0.37% of Total)
|                Build the list             0.00 (96.15% of List )
|                Other                      0.00 ( 3.85% of List )
|             List time                  0.00 (72.96% of Nonbo)
|                   Short_ene time             0.00 (97.88% of Direc)
|                   Other                      0.00 ( 2.12% of Direc)
|                Direct Ewald time          0.00 (89.73% of Ewald)
|                Force Adjust               0.00 ( 0.55% of Ewald)
|                Virial junk                0.00 ( 1.62% of Ewald)
|                Start synchronizatio       0.00 ( 0.27% of Ewald)
|                Other                      0.00 ( 7.84% of Ewald)
|             Ewald time                 0.00 (26.60% of Nonbo)
|             Other                      0.00 ( 0.44% of Nonbo)
|          Nonbond force              0.00 (81.50% of Force)
|          Bond/Angle/Dihedral        0.00 (16.51% of Force)
|          Other                      0.00 ( 1.99% of Force)
|       Force time                 0.00 (100.0% of Runmd)
|    Runmd Time                 0.00 ( 0.33% of Total)
|    Other                      0.51 (99.30% of Total)
| Total time                 0.52 (99.87% of ALL  )

| Number of list builds   :          1

| Highest rstack allocated:        245
| Highest istack allocated:         49
|           Job began  at 19:24:35.527  on 08/12/2016
|           Setup done at 19:24:35.696  on 08/12/2016
|           Run   done at 19:24:36.046  on 08/12/2016
|     wallclock() was called      58 times
