            --------------------------------------------------------
                             AMBER SQM VERSION 14
 
                                     By
              Ross C. Walker, Michael F. Crowley, Scott Brozell,
                         Tim Giese, Andreas W. Goetz,
                        Tai-Sung Lee and David A. Case
 
            --------------------------------------------------------
 

--------------------------------------------------------------------------------
  QM CALCULATION INFO
--------------------------------------------------------------------------------

| QMMM: Citation for AMBER QMMM Run:
| QMMM: R.C. Walker, M.F. Crowley and D.A. Case, J. COMP. CHEM. 29:1019, 2008

QMMM: SINGLET STATE CALCULATION
QMMM: RHF CALCULATION, NO. OF DOUBLY OCCUPIED LEVELS = 81

| QMMM: *** Selected Hamiltonian *** 
| QMMM: AM1         

| QMMM: *** Parameter sets in use ***
| QMMM: C : M.J.S.DEWAR et al. JACS, 107, 3902, (1985)
| QMMM: O : M.J.S.DEWAR et al. JACS, 107, 3902, (1985)
| QMMM: H : M.J.S.DEWAR et al. JACS, 107, 3902, (1985)

| QMMM: *** SCF convergence criteria ***
| QMMM: Energy change                :  0.1D-09 kcal/mol
| QMMM: Error matrix |FP-PF|         :  0.1D+00 au
| QMMM: Density matrix change        :  0.5D-06
| QMMM: Maximum number of SCF cycles :     1000

| QMMM: *** Diagonalization Routine Information ***
| QMMM: Pseudo diagonalizations are allowed.
| QMMM: Auto diagonalization routine selection is in use.
| QMMM:
| QMMM: Timing diagonalization routines:
| QMMM:                              norbs =      148
| QMMM:    diag iterations used for timing =       10
| QMMM:
| QMMM:              Internal diag routine = 0.109932 seconds
| QMMM:                 Dspev diag routine = 0.171961 seconds
| QMMM:                Dspevd diag routine = 0.113512 seconds
| QMMM:                Dspevx diag routine = 0.365277 seconds
| QMMM:                 Dsyev diag routine = 0.185372 seconds
| QMMM:                Dsyevd diag routine = 0.126838 seconds
| QMMM:                Dsyevr diag routine = 0.113931 seconds
| QMMM:
| QMMM:                Pseudo diag routine = 0.059453 seconds
| QMMM:
| QMMM: Using internal diagonalization routine (diag_routine=1).

  QMMM: QM Region Cartesian Coordinates (*=link atom) 
  QMMM: QM_NO.   MM_NO.  ATOM         X         Y         Z
  QMMM:     1        1      C        1.8840    0.7930   -0.9110
  QMMM:     2        2      C        2.9730    1.0260   -1.7220
  QMMM:     3        3      C        4.2140    1.3000   -1.1610
  QMMM:     4        4      O        5.2850    1.5290   -1.9650
  QMMM:     5        5      C        4.3630    1.3400    0.2190
  QMMM:     6        6      C        3.2800    1.1090    1.0390
  QMMM:     7        7      C        2.0290    0.8330    0.4790
  QMMM:     8        8      C        0.8670    0.5850    1.3500
  QMMM:     9        9      C        0.2030    1.5810    2.3060
  QMMM:    10       10      O       -0.2520    0.6760    3.3680
  QMMM:    11       11      C       -1.1530    1.9520    1.6280
  QMMM:    12       12      C       -0.9500    2.3110    0.1790
  QMMM:    13       13      O        0.1650    2.5000   -0.2460
  QMMM:    14       14      O       -2.0080    2.4210   -0.6400
  QMMM:    15       15      C       -1.7370    2.7700   -2.0230
  QMMM:    16       16      C       -3.0550    2.8480   -2.7960
  QMMM:    17       17      C       -1.9540    0.6300    1.7650
  QMMM:    18       18      C       -2.3060    0.0710    0.4100
  QMMM:    19       19      O       -1.4620   -0.0050   -0.4500
  QMMM:    20       20      O       -3.5590   -0.3420    0.1600
  QMMM:    21       21      C       -3.8270   -0.8670   -1.1670
  QMMM:    22       22      C       -5.2700   -1.3700   -1.2340
  QMMM:    23       23      C       -0.9310   -0.2920    2.5000
  QMMM:    24       24      C        0.1640   -0.5690    1.4660
  QMMM:    25       25      C        0.4070   -1.8310    0.7460
  QMMM:    26       26      C       -0.6340   -2.4520    0.0490
  QMMM:    27       27      C       -0.4020   -3.6320   -0.6230
  QMMM:    28       28      C        0.8630   -4.2050   -0.6090
  QMMM:    29       29      O        1.0870   -5.3690   -1.2730
  QMMM:    30       30      C        1.9010   -3.5920    0.0820
  QMMM:    31       31      C        1.6800   -2.4090    0.7530
  QMMM:    32       32      H        0.9630    0.5890   -1.3290
  QMMM:    33       33      H        2.8670    0.9970   -2.7480
  QMMM:    34       34      H        5.1860    1.5020   -2.8960
  QMMM:    35       35      H        5.2870    1.5430    0.6310
  QMMM:    36       36      H        3.3920    1.1400    2.0640
  QMMM:    37       37      H        0.8100    2.4190    2.5790
  QMMM:    38       38      H       -1.6380    2.8000    2.0650
  QMMM:    39       39      H       -1.1090    2.0240   -2.4630
  QMMM:    40       40      H       -1.2440    3.7190   -2.0620
  QMMM:    41       41      H       -3.5480    1.8990   -2.7570
  QMMM:    42       42      H       -2.8560    3.1050   -3.8150
  QMMM:    43       43      H       -3.6830    3.5940   -2.3560
  QMMM:    44       44      H       -2.8870    0.7390    2.2780
  QMMM:    45       45      H       -3.1570   -1.6760   -1.3730
  QMMM:    46       46      H       -3.6850   -0.0930   -1.8920
  QMMM:    47       47      H       -5.4120   -2.1440   -0.5090
  QMMM:    48       48      H       -5.4680   -1.7570   -2.2120
  QMMM:    49       49      H       -5.9400   -0.5610   -1.0280
  QMMM:    50       50      H       -1.3570   -1.1640    2.9520
  QMMM:    51       51      H       -1.5740   -2.0270    0.0380
  QMMM:    52       52      H       -1.1700   -4.0910   -1.1380
  QMMM:    53       53      H        0.3880   -5.7840   -1.7400
  QMMM:    54       54      H        2.8390   -4.0230    0.0930
  QMMM:    55       55      H        2.4530   -1.9500    1.2600

--------------------------------------------------------------------------------
  RESULTS
--------------------------------------------------------------------------------

      iter         sqm energy              rms gradient
      ----    -------------------    -----------------------
xmin    10     -199.4225 kcal/mol        0.9611 kcal/(mol*A)
xmin    20     -201.7588 kcal/mol        0.3662 kcal/(mol*A)
xmin    30     -201.9931 kcal/mol        0.2534 kcal/(mol*A)
xmin    40     -202.2300 kcal/mol        0.2285 kcal/(mol*A)
xmin    50     -202.3065 kcal/mol        0.3068 kcal/(mol*A)
xmin    60     -202.3573 kcal/mol        0.0554 kcal/(mol*A)
xmin    70     -202.3892 kcal/mol        0.0976 kcal/(mol*A)
xmin    80     -202.4278 kcal/mol        0.2521 kcal/(mol*A)
xmin    90     -202.4792 kcal/mol        0.0665 kcal/(mol*A)
xmin   100     -202.5802 kcal/mol        0.1384 kcal/(mol*A)
xmin   110     -202.6324 kcal/mol        0.0754 kcal/(mol*A)
xmin   120     -202.6485 kcal/mol        0.1003 kcal/(mol*A)
xmin   130     -202.6587 kcal/mol        0.0699 kcal/(mol*A)
xmin   140     -202.6688 kcal/mol        0.0858 kcal/(mol*A)
xmin   150     -202.7007 kcal/mol        0.1602 kcal/(mol*A)
xmin   160     -202.7267 kcal/mol        0.3483 kcal/(mol*A)
xmin   170     -202.8376 kcal/mol        0.2373 kcal/(mol*A)
xmin   180     -202.9154 kcal/mol        0.1946 kcal/(mol*A)
xmin   190     -202.9520 kcal/mol        0.0940 kcal/(mol*A)
xmin   200     -202.9725 kcal/mol        0.0423 kcal/(mol*A)
xmin   210     -202.9799 kcal/mol        0.0556 kcal/(mol*A)
xmin   220     -202.9953 kcal/mol        0.0652 kcal/(mol*A)
xmin   230     -202.9588 kcal/mol        0.2868 kcal/(mol*A)
xmin   240     -203.0002 kcal/mol        0.0341 kcal/(mol*A)
xmin   250     -203.0013 kcal/mol        0.0153 kcal/(mol*A)
xmin   260     -203.0026 kcal/mol        0.0064 kcal/(mol*A)
xmin   270     -203.0028 kcal/mol        0.0107 kcal/(mol*A)
xmin   280     -203.0030 kcal/mol        0.0127 kcal/(mol*A)
xmin   290     -203.0033 kcal/mol        0.0067 kcal/(mol*A)
xmin   300     -203.0036 kcal/mol        0.0111 kcal/(mol*A)
xmin   310     -203.0038 kcal/mol        0.0112 kcal/(mol*A)
xmin   320     -203.0039 kcal/mol        0.0161 kcal/(mol*A)
xmin   330     -203.0025 kcal/mol        0.0869 kcal/(mol*A)
xmin   340     -203.0041 kcal/mol        0.0189 kcal/(mol*A)
xmin   350     -203.0042 kcal/mol        0.0030 kcal/(mol*A)
xmin   360     -203.0042 kcal/mol        0.0025 kcal/(mol*A)
xmin   370     -203.0042 kcal/mol        0.0012 kcal/(mol*A)
xmin   380     -203.0042 kcal/mol        0.0017 kcal/(mol*A)
xmin   390     -203.0042 kcal/mol        0.0037 kcal/(mol*A)
xmin   400     -203.0043 kcal/mol        0.0019 kcal/(mol*A)
  ... geometry converged !
 
 Final MO eigenvalues (eV):
 -43.0132  -40.8152  -40.5057  -40.2202  -40.1261  -37.9252  -37.5311  -37.3044
 -36.8742  -34.0665  -33.8855  -32.7698  -32.1485  -31.8939  -31.6164  -31.4473
 -29.7909  -28.9658  -26.1313  -24.9761  -24.2109  -23.8724  -23.6385  -23.4880
 -23.1068  -22.5664  -21.7187  -20.7530  -19.9500  -19.1727  -19.0237  -18.9730
 -18.6090  -18.2375  -17.7966  -17.5767  -17.0565  -16.9473  -16.8701  -16.2686
 -16.1413  -16.0718  -15.8581  -15.2420  -15.1655  -15.0428  -14.9740  -14.9122
 -14.6829  -14.6573  -14.5643  -14.3823  -14.3191  -14.2330  -14.0845  -13.9708
 -13.8083  -13.7184  -13.4711  -13.2082  -13.1360  -13.0007  -12.9132  -12.8668
 -12.7429  -12.5409  -12.4773  -12.3887  -11.9762  -11.8879  -11.8644  -11.5883
 -11.4499  -11.3961  -11.1814  -11.0261  -10.5171   -9.9374   -9.7706   -9.0419
  -8.5339   -0.3611    0.3548    0.3963    0.5450    0.8558    1.1098    1.1834
   1.5881    1.9360    2.5554    2.7618    2.7673    2.8286    2.9219    2.9503
   3.0583    3.1827    3.2850    3.3498    3.5548    3.6035    3.6462    3.7227
   3.7430    3.7970    3.8950    3.9224    3.9322    3.9562    3.9668    3.9945
   4.0015    4.0737    4.2008    4.2603    4.2685    4.3138    4.3614    4.3744
   4.3985    4.4478    4.5178    4.5709    4.6124    4.7125    4.7385    4.7995
   4.8196    4.9006    4.9552    4.9880    5.0453    5.1685    5.1953    5.2772
   5.3000    5.3992    5.5690    5.6571    5.6737    5.7049    5.7445    5.8666
   6.2167    6.3562    6.5057    6.9089

 Heat of formation   =       -203.00425864 kcal/mol  (       -8.80292523 eV)

 Total SCF energy    =    -130173.42715723 kcal/mol  (    -5644.74338308 eV)
 Electronic energy   =   -1094408.71196386 kcal/mol  (   -47457.12293326 eV)
 Core-core repulsion =     964235.28480663 kcal/mol  (    41812.37955018 eV)
 
    Atomic Charges for Step       1 :
  Atom    Element       Mulliken Charge
     1      C                 -0.044
     2      C                 -0.220
     3      C                  0.086
     4      O                 -0.252
     5      C                 -0.167
     6      C                 -0.084
     7      C                 -0.080
     8      C                 -0.053
     9      C                  0.054
    10      O                 -0.264
    11      C                 -0.121
    12      C                  0.329
    13      O                 -0.335
    14      O                 -0.283
    15      C                 -0.011
    16      C                 -0.217
    17      C                 -0.120
    18      C                  0.317
    19      O                 -0.336
    20      O                 -0.287
    21      C                 -0.013
    22      C                 -0.220
    23      C                  0.057
    24      C                 -0.082
    25      C                 -0.060
    26      C                 -0.085
    27      C                 -0.219
    28      C                  0.087
    29      O                 -0.249
    30      C                 -0.160
    31      C                 -0.073
    32      H                  0.164
    33      H                  0.137
    34      H                  0.219
    35      H                  0.151
    36      H                  0.139
    37      H                  0.154
    38      H                  0.140
    39      H                  0.103
    40      H                  0.089
    41      H                  0.087
    42      H                  0.085
    43      H                  0.084
    44      H                  0.143
    45      H                  0.101
    46      H                  0.091
    47      H                  0.084
    48      H                  0.089
    49      H                  0.089
    50      H                  0.156
    51      H                  0.145
    52      H                  0.132
    53      H                  0.218
    54      H                  0.153
    55      H                  0.152
 Total Mulliken Charge =      -0.000
 
                  X        Y        Z     TOTAL  
  QM DIPOLE    -3.428   -0.892   -0.702    3.611
 
 Final Structure

  QMMM: QM Region Cartesian Coordinates (*=link atom) 
  QMMM: QM_NO.   MM_NO.  ATOM         X         Y         Z
  QMMM:     1        1      C        2.3121    0.7206   -1.0292
  QMMM:     2        2      C        3.5723    0.9467   -1.5759
  QMMM:     3        3      C        4.6623    1.1729   -0.7242
  QMMM:     4        4      O        5.9363    1.3987   -1.1916
  QMMM:     5        5      C        4.4964    1.1795    0.6711
  QMMM:     6        6      C        3.2319    0.9558    1.2010
  QMMM:     7        7      C        2.1317    0.7168    0.3607
  QMMM:     8        8      C        0.8303    0.4883    0.9479
  QMMM:     9        9      C        0.0961    1.5821    1.7345
  QMMM:    10       10      O       -0.5345    0.7716    2.7841
  QMMM:    11       11      C       -1.1881    2.0205    0.9570
  QMMM:    12       12      C       -0.9868    2.5504   -0.4270
  QMMM:    13       13      O       -0.0889    2.3471   -1.2429
  QMMM:    14       14      O       -1.9734    3.4412   -0.7605
  QMMM:    15       15      C       -1.9727    3.9098   -2.1219
  QMMM:    16       16      C       -3.1444    4.8529   -2.2444
  QMMM:    17       17      C       -2.0736    0.7455    1.0602
  QMMM:    18       18      C       -2.5751    0.1770   -0.2262
  QMMM:    19       19      O       -2.4331    0.5919   -1.3773
  QMMM:    20       20      O       -3.3540   -0.9323   -0.0314
  QMMM:    21       21      C       -3.9174   -1.5381   -1.2106
  QMMM:    22       22      C       -4.5151   -2.8499   -0.7636
  QMMM:    23       23      C       -1.1597   -0.2114    1.8960
  QMMM:    24       24      C        0.0473   -0.6280    1.0404
  QMMM:    25       25      C        0.2400   -1.9775    0.5748
  QMMM:    26       26      C       -0.8428   -2.8686    0.5044
  QMMM:    27       27      C       -0.6619   -4.1822    0.0855
  QMMM:    28       28      C        0.6219   -4.6212   -0.2678
  QMMM:    29       29      O        0.8801   -5.9049   -0.6877
  QMMM:    30       30      C        1.7191   -3.7460   -0.2071
  QMMM:    31       31      C        1.5184   -2.4370    0.2106
  QMMM:    32       32      H        1.4421    0.5745   -1.6910
  QMMM:    33       33      H        3.7079    0.9555   -2.6664
  QMMM:    34       34      H        5.9047    1.3872   -2.1594
  QMMM:    35       35      H        5.3634    1.3622    1.3208
  QMMM:    36       36      H        3.0909    0.9608    2.2930
  QMMM:    37       37      H        0.7014    2.3874    2.1861
  QMMM:    38       38      H       -1.6821    2.8355    1.5584
  QMMM:    39       39      H       -2.0722    3.0201   -2.7982
  QMMM:    40       40      H       -0.9973    4.4242   -2.3248
  QMMM:    41       41      H       -4.0992    4.3241   -2.0112
  QMMM:    42       42      H       -3.1880    5.2430   -3.2891
  QMMM:    43       43      H       -3.0357    5.7100   -1.5379
  QMMM:    44       44      H       -2.9810    0.9860    1.6818
  QMMM:    45       45      H       -3.1075   -1.6845   -1.9725
  QMMM:    46       46      H       -4.6914   -0.8405   -1.6240
  QMMM:    47       47      H       -3.7206   -3.5217   -0.3566
  QMMM:    48       48      H       -5.0004   -3.3445   -1.6386
  QMMM:    49       49      H       -5.2788   -2.6843    0.0334
  QMMM:    50       50      H       -1.6724   -0.9899    2.4877
  QMMM:    51       51      H       -1.8568   -2.5218    0.7670
  QMMM:    52       52      H       -1.5187   -4.8684    0.0314
  QMMM:    53       53      H        0.0458   -6.3963   -0.6767
  QMMM:    54       54      H        2.7181   -4.1067   -0.4895
  QMMM:    55       55      H        2.3752   -1.7442    0.2587

           --------- Calculation Completed ----------

