
          -------------------------------------------------------
          Amber 16 SANDER                              2016
          -------------------------------------------------------

| Run on 08/12/2016 at 19:23:41

|   Executable path: sander
| Working directory: /net/roos/home4/zuckerman/spiriti/estrogen-receptor2/ligands5/1gu
|          Hostname: n000.dcb.private.net

  [-O]verwriting output

File Assignments:
|  MDIN: ../amber.in                                                           
| MDOUT: amber.out                                                             
|INPCRD: 1gu.inpcrd                                                            
|  PARM: 1gu.prm7                                                              
|RESTRT: restrt                                                                
|  REFC: refc                                                                  
| MDVEL: mdvel                                                                 
| MDFRC: mdfrc                                                                 
|  MDEN: mden                                                                  
| MDCRD: mdcrd                                                                 
|MDINFO: mdinfo                                                                
|  MTMD: mtmd                                                                  
|INPDIP: inpdip                                                                
|RSTDIP: rstdip                                                                
|INPTRA: inptraj                                                               


 Here is the input file:

test file                                                                      
&cntrl                                                                         
imin=1, maxcyc=1,                                                              
ntpr=5, cut=99, igb=0, ntb=0                                                   
/                                                                              

--------------------------------------------------------------------------------
   1.  RESOURCE   USE: 
--------------------------------------------------------------------------------

| Flags:                                                                        
|    NONPERIODIC   ntb=0 and igb=0: Setting up nonperiodic simulation
|  *** cutoff > system size, list only builds once
|Largest sphere to fit in unit cell has radius =    32.602
| New format PARM file being parsed.
| Version =    1.000 Date = 07/06/16 Time = 20:42:51
 NATOM  =      40 NTYPES =       9 NBONH =      15 MBONA  =      27
 NTHETH =      29 MTHETA =      40 NPHIH =      58 MPHIA  =      61
 NHPARM =       0 NPARM  =       0 NNB   =     200 NRES   =       1
 NBONA  =      27 NTHETA =      40 NPHIA =      61 NUMBND =      17
 NUMANG =      27 NPTRA  =      11 NATYP =      12 NPHB   =       0
 IFBOX  =       0 NMXRS  =      40 IFCAP =       0 NEXTRA =       0
 NCOPY  =       0


|     Memory Use     Allocated
|     Real                7497
|     Hollerith            123
|     Integer            27013
|     Max Pairs            780
|     nblistReal           480
|     nblist Int       1058940
|       Total             4307 kbytes

| Note: 1-4 EEL scale factors are being read from the topology file.

| Note: 1-4 VDW scale factors are being read from the topology file.
| Duplicated    0 dihedrals
| Duplicated    0 dihedrals

--------------------------------------------------------------------------------
   2.  CONTROL  DATA  FOR  THE  RUN
--------------------------------------------------------------------------------

default_name                                                                    

General flags:
     imin    =       1, nmropt  =       0

Nature and format of input:
     ntx     =       1, irest   =       0, ntrx    =       1

Nature and format of output:
     ntxo    =       2, ntpr    =       5, ntrx    =       1, ntwr    =       1
     iwrap   =       0, ntwx    =       0, ntwv    =       0, ntwe    =       0
     ioutfm  =       1, ntwprt  =       0, idecomp =       0, rbornstat=      0

Potential function:
     ntf     =       1, ntb     =       0, igb     =       0, nsnb    =      25
     ipol    =       0, gbsa    =       0, iesp    =       0
     dielc   =   1.00000, cut     =  99.00000, intdiel =   1.00000

Frozen or restrained atoms:
     ibelly  =       0, ntr     =       0

Energy minimization:
     maxcyc  =       1, ncyc    =      10, ntmin   =       1
     dx0     =   0.01000, drms    =   0.00010
|  INFO: Old style inpcrd file read


--------------------------------------------------------------------------------
   3.  ATOMIC COORDINATES AND VELOCITIES
--------------------------------------------------------------------------------

default_name                                                                    
 begin time read from input coords =     0.000 ps

 Number of triangulated 3-point waters found:        0

     Sum of charges from parm topology file =  -0.00200000
     Forcing neutrality...

--------------------------------------------------------------------------------
   4.  RESULTS
--------------------------------------------------------------------------------

 ---------------------------------------------------

     eedmeth=4: Setting switch to one everywhere

 ---------------------------------------------------
| Local SIZE OF NONBOND LIST =        581
| TOTAL SIZE OF NONBOND LIST =        581


   NSTEP       ENERGY          RMS            GMAX         NAME    NUMBER
      1       3.1892E+01     2.6413E+01     1.0862E+02     C07        14

 BOND    =       21.8725  ANGLE   =       33.5979  DIHED      =        8.5897
 VDWAALS =       -4.5715  EEL     =       49.6009  HBOND      =        0.0000
 1-4 VDW =       11.3907  1-4 EEL =      -88.5880  RESTRAINT  =        0.0000


  Maximum number of minimization cycles reached.


                    FINAL RESULTS



   NSTEP       ENERGY          RMS            GMAX         NAME    NUMBER
      1       3.1892E+01     2.6413E+01     1.0862E+02     C07        14

 BOND    =       21.8725  ANGLE   =       33.5979  DIHED      =        8.5897
 VDWAALS =       -4.5715  EEL     =       49.6009  HBOND      =        0.0000
 1-4 VDW =       11.3907  1-4 EEL =      -88.5880  RESTRAINT  =        0.0000

--------------------------------------------------------------------------------
   5.  TIMINGS
--------------------------------------------------------------------------------

|    Read coords time           0.00 ( 0.36% of Total)
|                Build the list             0.00 (94.71% of List )
|                Other                      0.00 ( 5.29% of List )
|             List time                  0.00 (70.84% of Nonbo)
|                   Short_ene time             0.00 (97.74% of Direc)
|                   Other                      0.00 ( 2.26% of Direc)
|                Direct Ewald time          0.00 (91.11% of Ewald)
|                Virial junk                0.00 ( 1.48% of Ewald)
|                Start synchronizatio       0.00 ( 0.30% of Ewald)
|                Other                      0.00 ( 7.11% of Ewald)
|             Ewald time                 0.00 (28.82% of Nonbo)
|             IPS excludes               0.00 ( 0.09% of Nonbo)
|             Other                      0.00 ( 0.25% of Nonbo)
|          Nonbond force              0.00 (83.43% of Force)
|          Bond/Angle/Dihedral        0.00 (14.72% of Force)
|          Other                      0.00 ( 1.85% of Force)
|       Force time                 0.00 (100.0% of Runmd)
|    Runmd Time                 0.00 ( 0.25% of Total)
|    Other                      0.57 (99.39% of Total)
| Total time                 0.57 (99.89% of ALL  )

| Number of list builds   :          1

| Highest rstack allocated:        175
| Highest istack allocated:         35
|           Job began  at 19:23:40.856  on 08/12/2016
|           Setup done at 19:23:41.032  on 08/12/2016
|           Run   done at 19:23:41.426  on 08/12/2016
|     wallclock() was called      58 times
