            --------------------------------------------------------
                             AMBER SQM VERSION 14
 
                                     By
              Ross C. Walker, Michael F. Crowley, Scott Brozell,
                         Tim Giese, Andreas W. Goetz,
                        Tai-Sung Lee and David A. Case
 
            --------------------------------------------------------
 

--------------------------------------------------------------------------------
  QM CALCULATION INFO
--------------------------------------------------------------------------------

| QMMM: Citation for AMBER QMMM Run:
| QMMM: R.C. Walker, M.F. Crowley and D.A. Case, J. COMP. CHEM. 29:1019, 2008

QMMM: SINGLET STATE CALCULATION
QMMM: RHF CALCULATION, NO. OF DOUBLY OCCUPIED LEVELS = 65

| QMMM: *** Selected Hamiltonian *** 
| QMMM: AM1         

| QMMM: *** Parameter sets in use ***
| QMMM: C : M.J.S.DEWAR et al. JACS, 107, 3902, (1985)
| QMMM: N : M.J.S.DEWAR et al. JACS, 107, 3902, (1985)
| QMMM: F : M.J.S.DEWAR et al. THEOCHEM, 180, 1, (1988)
| QMMM: O : M.J.S.DEWAR et al. JACS, 107, 3902, (1985)
| QMMM: H : M.J.S.DEWAR et al. JACS, 107, 3902, (1985)

| QMMM: *** SCF convergence criteria ***
| QMMM: Energy change                :  0.1D-09 kcal/mol
| QMMM: Error matrix |FP-PF|         :  0.1D+00 au
| QMMM: Density matrix change        :  0.5D-06
| QMMM: Maximum number of SCF cycles :     1000

| QMMM: *** Diagonalization Routine Information ***
| QMMM: Pseudo diagonalizations are allowed.
| QMMM: Auto diagonalization routine selection is in use.
| QMMM:
| QMMM: Timing diagonalization routines:
| QMMM:                              norbs =      115
| QMMM:    diag iterations used for timing =       10
| QMMM:
| QMMM:              Internal diag routine = 0.054815 seconds
| QMMM:                 Dspev diag routine = 0.093754 seconds
| QMMM:                Dspevd diag routine = 0.061149 seconds
| QMMM:                Dspevx diag routine = 0.200665 seconds
| QMMM:                 Dsyev diag routine = 0.099484 seconds
| QMMM:                Dsyevd diag routine = 0.071652 seconds
| QMMM:                Dsyevr diag routine = 0.063955 seconds
| QMMM:
| QMMM:                Pseudo diag routine = 0.029821 seconds
| QMMM:
| QMMM: Using internal diagonalization routine (diag_routine=1).

  QMMM: QM Region Cartesian Coordinates (*=link atom) 
  QMMM: QM_NO.   MM_NO.  ATOM         X         Y         Z
  QMMM:     1        1      C        1.6800    5.3800    0.4120
  QMMM:     2        2      C        2.0690    4.1670    0.1070
  QMMM:     3        3      C        1.2150    2.9840    0.4850
  QMMM:     4        4      C        0.9140    2.1530   -0.7640
  QMMM:     5        5      N        0.0840    1.0030   -0.3960
  QMMM:     6        6      N       -1.3150    0.9930   -0.3810
  QMMM:     7        7      C       -1.7400   -0.2000   -0.0040
  QMMM:     8        8      C       -3.0110   -0.7820    0.1890
  QMMM:     9        9      C       -4.2600    0.0260   -0.0540
  QMMM:    10       10      F       -4.2680    1.1380    0.7950
  QMMM:    11       11      F       -4.2860    0.4550   -1.3850
  QMMM:    12       12      F       -5.3850   -0.7650    0.2040
  QMMM:    13       13      C       -3.1020   -2.0740    0.5940
  QMMM:    14       14      C       -1.9670   -2.8520    0.8280
  QMMM:    15       15      C       -0.7140   -2.3540    0.6620
  QMMM:    16       16      C       -0.5470   -1.0220    0.2430
  QMMM:    17       17      C        0.5550   -0.2060   -0.0270
  QMMM:    18       18      C        1.9740   -0.5960    0.0740
  QMMM:    19       19      C        2.6640   -0.4230    1.2770
  QMMM:    20       20      C        3.9890   -0.7890    1.3680
  QMMM:    21       21      C        4.6430   -1.3290    0.2670
  QMMM:    22       22      O        5.9510   -1.6820    0.3630
  QMMM:    23       23      C        3.9660   -1.5040   -0.9320
  QMMM:    24       24      C        2.6340   -1.1460   -1.0330
  QMMM:    25       25      O        1.9700   -1.3170   -2.2060
  QMMM:    26       26      H        2.2650    6.1900    0.1530
  QMMM:    27       27      H        0.7890    5.5260    0.9110
  QMMM:    28       28      H        2.9600    4.0210   -0.3920
  QMMM:    29       29      H        0.2970    3.3290    0.9140
  QMMM:    30       30      H        1.7370    2.3800    1.1980
  QMMM:    31       31      H        1.8320    1.8080   -1.1930
  QMMM:    32       32      H        0.3920    2.7560   -1.4770
  QMMM:    33       33      H       -4.0350   -2.4920    0.7330
  QMMM:    34       34      H       -2.0830   -3.8300    1.1350
  QMMM:    35       35      H        0.1100   -2.9490    0.8420
  QMMM:    36       36      H        2.1820   -0.0220    2.0960
  QMMM:    37       37      H        4.4980   -0.6620    2.2570
  QMMM:    38       38      H        6.3940   -2.0460   -0.3780
  QMMM:    39       39      H        4.4570   -1.9010   -1.7480
  QMMM:    40       40      H        2.4120   -1.6850   -2.9460

--------------------------------------------------------------------------------
  RESULTS
--------------------------------------------------------------------------------

      iter         sqm energy              rms gradient
      ----    -------------------    -----------------------
xmin    10     -110.3469 kcal/mol        0.5572 kcal/(mol*A)
xmin    20     -110.5939 kcal/mol        0.7101 kcal/(mol*A)
xmin    30     -111.0902 kcal/mol        0.2063 kcal/(mol*A)
xmin    40     -111.4432 kcal/mol        0.3876 kcal/(mol*A)
xmin    50     -111.5353 kcal/mol        0.3095 kcal/(mol*A)
xmin    60     -111.5676 kcal/mol        0.3721 kcal/(mol*A)
xmin    70     -111.5853 kcal/mol        0.1830 kcal/(mol*A)
xmin    80     -111.6102 kcal/mol        0.1397 kcal/(mol*A)
xmin    90     -111.6368 kcal/mol        0.1658 kcal/(mol*A)
xmin   100     -111.6536 kcal/mol        0.0821 kcal/(mol*A)
xmin   110     -111.6835 kcal/mol        0.1645 kcal/(mol*A)
xmin   120     -111.7017 kcal/mol        0.2142 kcal/(mol*A)
xmin   130     -111.7263 kcal/mol        0.2747 kcal/(mol*A)
xmin   140     -111.7617 kcal/mol        0.1309 kcal/(mol*A)
xmin   150     -111.7974 kcal/mol        0.1253 kcal/(mol*A)
xmin   160     -111.9144 kcal/mol        0.1839 kcal/(mol*A)
xmin   170     -111.9418 kcal/mol        0.0455 kcal/(mol*A)
xmin   180     -111.9637 kcal/mol        0.0855 kcal/(mol*A)
xmin   190     -111.9600 kcal/mol        0.1417 kcal/(mol*A)
xmin   200     -111.9786 kcal/mol        0.1232 kcal/(mol*A)
xmin   210     -111.9817 kcal/mol        0.0215 kcal/(mol*A)
xmin   220     -111.9822 kcal/mol        0.0026 kcal/(mol*A)
xmin   230     -111.9822 kcal/mol        0.0051 kcal/(mol*A)
xmin   240     -111.9635 kcal/mol        0.1621 kcal/(mol*A)
xmin   250     -111.9812 kcal/mol        0.0585 kcal/(mol*A)
xmin   260     -111.9817 kcal/mol        0.0098 kcal/(mol*A)
xmin   270     -111.9819 kcal/mol        0.0222 kcal/(mol*A)
xmin   280     -111.9821 kcal/mol        0.0080 kcal/(mol*A)
xmin   290     -111.9822 kcal/mol        0.0022 kcal/(mol*A)
xmin   300     -111.9822 kcal/mol        0.0073 kcal/(mol*A)
  ... geometry converged !
 
 Final MO eigenvalues (eV):
 -51.4031  -48.0325  -47.9783  -42.2477  -41.0560  -39.4453  -38.3765  -37.3045
 -36.2770  -33.7600  -32.8350  -31.9859  -31.2666  -29.6010  -28.8600  -26.6398
 -25.4293  -24.7989  -23.8442  -23.0434  -22.4704  -20.9602  -20.7602  -19.7673
 -19.6620  -18.9427  -18.8857  -18.8675  -18.2285  -17.4318  -17.1274  -16.8057
 -16.4680  -16.2079  -15.9466  -15.7638  -15.5849  -15.2740  -15.1059  -15.0294
 -14.9160  -14.8062  -14.7097  -14.5374  -14.1447  -13.9388  -13.8616  -13.8550
 -13.7089  -13.6225  -13.4288  -13.0419  -12.9353  -12.6010  -12.5643  -12.4457
 -12.1930  -12.0145  -11.4735  -11.0593  -10.3531  -10.2019   -9.6301   -9.5083
  -8.4620   -0.7871   -0.2211   -0.1276    0.6492    0.9777    1.2096    1.3937
   2.1143    2.1683    2.2578    2.4786    2.5950    3.0136    3.1161    3.1840
   3.3946    3.4944    3.5211    3.5665    3.7388    3.7972    3.8830    3.9286
   3.9741    4.0296    4.0615    4.0775    4.0808    4.1543    4.1977    4.3245
   4.4365    4.4959    4.5772    4.6058    4.7145    4.7486    4.8757    4.9018
   5.1275    5.1931    5.2205    5.3683    5.4031    5.4882    5.5871    5.6812
   5.7579    5.8145    6.6967

 Heat of formation   =       -111.98222333 kcal/mol  (       -4.85591359 eV)

 Total SCF energy    =    -115744.81111462 kcal/mol  (    -5019.07164107 eV)
 Electronic energy   =    -760357.19656068 kcal/mol  (   -32971.56222890 eV)
 Core-core repulsion =     644612.38544606 kcal/mol  (    27952.49058783 eV)
 
    Atomic Charges for Step       1 :
  Atom    Element       Mulliken Charge
     1      C                 -0.207
     2      C                 -0.174
     3      C                 -0.145
     4      C                 -0.007
     5      N                 -0.033
     6      N                 -0.082
     7      C                 -0.054
     8      C                 -0.131
     9      C                  0.476
    10      F                 -0.162
    11      F                 -0.161
    12      F                 -0.178
    13      C                 -0.056
    14      C                 -0.168
    15      C                 -0.042
    16      C                 -0.133
    17      C                 -0.012
    18      C                 -0.093
    19      C                 -0.044
    20      C                 -0.191
    21      C                  0.131
    22      O                 -0.241
    23      C                 -0.304
    24      C                  0.133
    25      O                 -0.250
    26      H                  0.114
    27      H                  0.118
    28      H                  0.118
    29      H                  0.117
    30      H                  0.107
    31      H                  0.106
    32      H                  0.119
    33      H                  0.149
    34      H                  0.138
    35      H                  0.138
    36      H                  0.152
    37      H                  0.160
    38      H                  0.223
    39      H                  0.141
    40      H                  0.226
 Total Mulliken Charge =      -0.000
 
                  X        Y        Z     TOTAL  
  QM DIPOLE     7.287   -1.232   -1.438    7.529
 
 Final Structure

  QMMM: QM Region Cartesian Coordinates (*=link atom) 
  QMMM: QM_NO.   MM_NO.  ATOM         X         Y         Z
  QMMM:     1        1      C        1.3755    5.5985   -0.6654
  QMMM:     2        2      C        1.6488    4.4085   -0.1358
  QMMM:     3        3      C        0.6206    3.3728    0.1340
  QMMM:     4        4      C        1.0759    2.0350   -0.4473
  QMMM:     5        5      N        0.2163    0.9029   -0.1123
  QMMM:     6        6      N       -1.1134    1.0056   -0.0395
  QMMM:     7        7      C       -1.5828   -0.2468    0.2789
  QMMM:     8        8      C       -2.9077   -0.7223    0.4831
  QMMM:     9        9      C       -4.0722    0.2464    0.3530
  QMMM:    10       10      F       -4.0335    1.3056    1.2264
  QMMM:    11       11      F       -4.1946    0.8298   -0.8842
  QMMM:    12       12      F       -5.3100   -0.3141    0.5741
  QMMM:    13       13      C       -3.0956   -2.0466    0.7921
  QMMM:    14       14      C       -2.0003   -2.9466    0.9115
  QMMM:    15       15      C       -0.7050   -2.5307    0.7250
  QMMM:    16       16      C       -0.4654   -1.1803    0.4088
  QMMM:    17       17      C        0.6891   -0.3894    0.1413
  QMMM:    18       18      C        2.0710   -0.8211    0.1418
  QMMM:    19       19      C        2.5504   -1.5605    1.2366
  QMMM:    20       20      C        3.8485   -2.0473    1.2731
  QMMM:    21       21      C        4.7041   -1.7970    0.1845
  QMMM:    22       22      O        5.9749   -2.3062    0.2758
  QMMM:    23       23      C        4.2647   -1.0649   -0.9236
  QMMM:    24       24      C        2.9486   -0.5794   -0.9353
  QMMM:    25       25      O        2.4729    0.1620   -1.9906
  QMMM:    26       26      H        2.1519    6.3572   -0.8296
  QMMM:    27       27      H        0.3627    5.8982   -0.9667
  QMMM:    28       28      H        2.6769    4.1373    0.1574
  QMMM:    29       29      H       -0.3698    3.6659   -0.3065
  QMMM:    30       30      H        0.4768    3.2827    1.2453
  QMMM:    31       31      H        2.1081    1.7829   -0.0700
  QMMM:    32       32      H        1.1202    2.1045   -1.5733
  QMMM:    33       33      H       -4.1149   -2.4356    0.9535
  QMMM:    34       34      H       -2.2185   -3.9962    1.1584
  QMMM:    35       35      H        0.1428   -3.2263    0.8152
  QMMM:    36       36      H        1.8696   -1.7564    2.0817
  QMMM:    37       37      H        4.2195   -2.6233    2.1323
  QMMM:    38       38      H        6.4556   -2.0717   -0.5321
  QMMM:    39       39      H        4.9342   -0.8750   -1.7732
  QMMM:    40       40      H        3.1243    0.1228   -2.7072

           --------- Calculation Completed ----------

