
          -------------------------------------------------------
          Amber 16 SANDER                              2016
          -------------------------------------------------------

| Run on 08/12/2016 at 19:23:52

|   Executable path: sander
| Working directory: /net/roos/home4/zuckerman/spiriti/estrogen-receptor2/ligands5/aej
|          Hostname: n000.dcb.private.net

  [-O]verwriting output

File Assignments:
|  MDIN: ../amber.in                                                           
| MDOUT: amber.out                                                             
|INPCRD: aej.inpcrd                                                            
|  PARM: aej.prm7                                                              
|RESTRT: restrt                                                                
|  REFC: refc                                                                  
| MDVEL: mdvel                                                                 
| MDFRC: mdfrc                                                                 
|  MDEN: mden                                                                  
| MDCRD: mdcrd                                                                 
|MDINFO: mdinfo                                                                
|  MTMD: mtmd                                                                  
|INPDIP: inpdip                                                                
|RSTDIP: rstdip                                                                
|INPTRA: inptraj                                                               


 Here is the input file:

test file                                                                      
&cntrl                                                                         
imin=1, maxcyc=1,                                                              
ntpr=5, cut=99, igb=0, ntb=0                                                   
/                                                                              

--------------------------------------------------------------------------------
   1.  RESOURCE   USE: 
--------------------------------------------------------------------------------

| Flags:                                                                        
|    NONPERIODIC   ntb=0 and igb=0: Setting up nonperiodic simulation
|  *** cutoff > system size, list only builds once
|Largest sphere to fit in unit cell has radius =    32.807
| New format PARM file being parsed.
| Version =    1.000 Date = 07/06/16 Time = 21:03:50
 NATOM  =      67 NTYPES =      10 NBONH =      34 MBONA  =      38
 NTHETH =      79 MTHETA =      54 NPHIH =     150 MPHIA  =      90
 NHPARM =       0 NPARM  =       0 NNB   =     402 NRES   =       1
 NBONA  =      38 NTHETA =      54 NPHIA =      90 NUMBND =      13
 NUMANG =      26 NPTRA  =      11 NATYP =      11 NPHB   =       0
 IFBOX  =       0 NMXRS  =      67 IFCAP =       0 NEXTRA =       0
 NCOPY  =       0


|     Memory Use     Allocated
|     Real                9742
|     Hollerith            204
|     Integer            33854
|     Max Pairs           2211
|     nblistReal           804
|     nblist Int       1106123
|       Total             4544 kbytes

| Note: 1-4 EEL scale factors are being read from the topology file.

| Note: 1-4 VDW scale factors are being read from the topology file.
| Duplicated    0 dihedrals
| Duplicated    0 dihedrals

--------------------------------------------------------------------------------
   2.  CONTROL  DATA  FOR  THE  RUN
--------------------------------------------------------------------------------

default_name                                                                    

General flags:
     imin    =       1, nmropt  =       0

Nature and format of input:
     ntx     =       1, irest   =       0, ntrx    =       1

Nature and format of output:
     ntxo    =       2, ntpr    =       5, ntrx    =       1, ntwr    =       1
     iwrap   =       0, ntwx    =       0, ntwv    =       0, ntwe    =       0
     ioutfm  =       1, ntwprt  =       0, idecomp =       0, rbornstat=      0

Potential function:
     ntf     =       1, ntb     =       0, igb     =       0, nsnb    =      25
     ipol    =       0, gbsa    =       0, iesp    =       0
     dielc   =   1.00000, cut     =  99.00000, intdiel =   1.00000

Frozen or restrained atoms:
     ibelly  =       0, ntr     =       0

Energy minimization:
     maxcyc  =       1, ncyc    =      10, ntmin   =       1
     dx0     =   0.01000, drms    =   0.00010
|  INFO: Old style inpcrd file read


--------------------------------------------------------------------------------
   3.  ATOMIC COORDINATES AND VELOCITIES
--------------------------------------------------------------------------------

default_name                                                                    
 begin time read from input coords =     0.000 ps

 Number of triangulated 3-point waters found:        0

     Sum of charges from parm topology file =   1.00200000

--------------------------------------------------------------------------------
   4.  RESULTS
--------------------------------------------------------------------------------

 ---------------------------------------------------

     eedmeth=4: Setting switch to one everywhere

 ---------------------------------------------------
| Local SIZE OF NONBOND LIST =       1810
| TOTAL SIZE OF NONBOND LIST =       1810


   NSTEP       ENERGY          RMS            GMAX         NAME    NUMBER
      1       1.6056E+02     1.9929E+01     9.6392E+01     C4         14

 BOND    =       20.5836  ANGLE   =       21.7547  DIHED      =       14.6715
 VDWAALS =       12.2254  EEL     =       53.2813  HBOND      =        0.0000
 1-4 VDW =       40.2978  1-4 EEL =       -2.2584  RESTRAINT  =        0.0000


  Maximum number of minimization cycles reached.


                    FINAL RESULTS



   NSTEP       ENERGY          RMS            GMAX         NAME    NUMBER
      1       1.6056E+02     1.9929E+01     9.6392E+01     C4         14

 BOND    =       20.5836  ANGLE   =       21.7547  DIHED      =       14.6715
 VDWAALS =       12.2254  EEL     =       53.2813  HBOND      =        0.0000
 1-4 VDW =       40.2978  1-4 EEL =       -2.2584  RESTRAINT  =        0.0000

--------------------------------------------------------------------------------
   5.  TIMINGS
--------------------------------------------------------------------------------

|    Read coords time           0.00 ( 0.38% of Total)
|                Build the list             0.00 (96.19% of List )
|                Other                      0.00 ( 3.81% of List )
|             List time                  0.00 (68.01% of Nonbo)
|                   Short_ene time             0.00 (98.20% of Direc)
|                   Other                      0.00 ( 1.80% of Direc)
|                Direct Ewald time          0.00 (90.59% of Ewald)
|                Virial junk                0.00 ( 1.22% of Ewald)
|                Start synchronizatio       0.00 ( 0.21% of Ewald)
|                Other                      0.00 ( 7.98% of Ewald)
|             Ewald time                 0.00 (31.67% of Nonbo)
|             IPS excludes               0.00 ( 0.07% of Nonbo)
|             Other                      0.00 ( 0.26% of Nonbo)
|          Nonbond force              0.00 (81.83% of Force)
|          Bond/Angle/Dihedral        0.00 (16.96% of Force)
|          Other                      0.00 ( 1.22% of Force)
|       Force time                 0.00 (100.0% of Runmd)
|    Runmd Time                 0.00 ( 0.34% of Total)
|    Other                      0.56 (99.28% of Total)
| Total time                 0.56 (99.87% of ALL  )

| Number of list builds   :          1

| Highest rstack allocated:        295
| Highest istack allocated:         59
|           Job began  at 19:23:52.284  on 08/12/2016
|           Setup done at 19:23:52.453  on 08/12/2016
|           Run   done at 19:23:52.845  on 08/12/2016
|     wallclock() was called      58 times
