            --------------------------------------------------------
                             AMBER SQM VERSION 14
 
                                     By
              Ross C. Walker, Michael F. Crowley, Scott Brozell,
                         Tim Giese, Andreas W. Goetz,
                        Tai-Sung Lee and David A. Case
 
            --------------------------------------------------------
 

--------------------------------------------------------------------------------
  QM CALCULATION INFO
--------------------------------------------------------------------------------

| QMMM: Citation for AMBER QMMM Run:
| QMMM: R.C. Walker, M.F. Crowley and D.A. Case, J. COMP. CHEM. 29:1019, 2008

QMMM: SINGLET STATE CALCULATION
QMMM: RHF CALCULATION, NO. OF DOUBLY OCCUPIED LEVELS = 85

| QMMM: *** Selected Hamiltonian *** 
| QMMM: AM1         

| QMMM: *** Parameter sets in use ***
| QMMM: O : M.J.S.DEWAR et al. JACS, 107, 3902, (1985)
| QMMM: C : M.J.S.DEWAR et al. JACS, 107, 3902, (1985)
| QMMM: N : M.J.S.DEWAR et al. JACS, 107, 3902, (1985)
| QMMM: H : M.J.S.DEWAR et al. JACS, 107, 3902, (1985)

| QMMM: *** SCF convergence criteria ***
| QMMM: Energy change                :  0.1D-09 kcal/mol
| QMMM: Error matrix |FP-PF|         :  0.1D+00 au
| QMMM: Density matrix change        :  0.5D-06
| QMMM: Maximum number of SCF cycles :     1000

| QMMM: *** Diagonalization Routine Information ***
| QMMM: Pseudo diagonalizations are allowed.
| QMMM: Auto diagonalization routine selection is in use.
| QMMM:
| QMMM: Timing diagonalization routines:
| QMMM:                              norbs =      166
| QMMM:    diag iterations used for timing =        5
| QMMM:
| QMMM:              Internal diag routine = 0.075805 seconds
| QMMM:                 Dspev diag routine = 0.117818 seconds
| QMMM:                Dspevd diag routine = 0.076529 seconds
| QMMM:                Dspevx diag routine = 0.245222 seconds
| QMMM:                 Dsyev diag routine = 0.125279 seconds
| QMMM:                Dsyevd diag routine = 0.085206 seconds
| QMMM:                Dsyevr diag routine = 0.074862 seconds
| QMMM:
| QMMM:                Pseudo diag routine = 0.043430 seconds
| QMMM:
| QMMM: Using dsyevr routine (diag_routine=7).

  QMMM: QM Region Cartesian Coordinates (*=link atom) 
  QMMM: QM_NO.   MM_NO.  ATOM         X         Y         Z
  QMMM:     1        1      O       -4.1930    5.2120    0.3420
  QMMM:     2        2      C       -3.8320    3.9130    0.1710
  QMMM:     3        3      C       -2.8100    3.5840   -0.7080
  QMMM:     4        4      C       -2.4490    2.2630   -0.8780
  QMMM:     5        5      C       -3.1010    1.2610   -0.1750
  QMMM:     6        6      C       -4.1160    1.5880    0.7000
  QMMM:     7        7      C       -4.4790    2.9120    0.8780
  QMMM:     8        8      C       -2.6790   -0.1680   -0.3910
  QMMM:     9        9      N       -3.0970   -1.0080    0.7340
  QMMM:    10       10      C       -2.8710   -2.3320    0.3510
  QMMM:    11       11      C       -2.0220   -3.1380    1.0990
  QMMM:    12       12      C       -1.8010   -4.4470    0.7170
  QMMM:    13       13      C       -2.4250   -4.9560   -0.4070
  QMMM:    14       14      C       -3.2710   -4.1560   -1.1540
  QMMM:    15       15      C       -3.5000   -2.8480   -0.7750
  QMMM:    16       16      C       -4.5520   -0.8480    0.8620
  QMMM:    17       17      C       -4.8430    0.5210    1.4800
  QMMM:    18       18      C       -1.1790   -0.2270   -0.5230
  QMMM:    19       19      C       -0.6000   -0.3130   -1.7760
  QMMM:    20       20      C        0.7750   -0.3680   -1.9000
  QMMM:    21       21      C        1.5750   -0.3360   -0.7650
  QMMM:    22       22      C        0.9900   -0.2500    0.4910
  QMMM:    23       23      C       -0.3850   -0.1900    0.6090
  QMMM:    24       24      N        2.9660   -0.3920   -0.8880
  QMMM:    25       25      C        3.3800    0.8480   -1.5570
  QMMM:    26       26      C        4.9060    0.9090   -1.6200
  QMMM:    27       27      N        5.4590    0.9550   -0.2600
  QMMM:    28       28      C        5.0390   -0.2760    0.4170
  QMMM:    29       29      C        3.5110   -0.3410    0.4740
  QMMM:    30       30      C        5.5960   -0.2980    1.8430
  QMMM:    31       31      C        7.1260   -0.2780    1.7880
  QMMM:    32       32      C        7.5760    0.9420    0.9790
  QMMM:    33       33      C        6.9190    0.8990   -0.4020
  QMMM:    34       34      H       -3.7540    5.8870   -0.1370
  QMMM:    35       35      H       -2.3210    4.3260   -1.2330
  QMMM:    36       36      H       -1.6890    2.0190   -1.5320
  QMMM:    37       37      H       -5.2340    3.1540    1.5390
  QMMM:    38       38      H       -3.1440   -0.5320   -1.2830
  QMMM:    39       39      H       -1.5570   -2.7590    1.9390
  QMMM:    40       40      H       -1.1690   -5.0460    1.2710
  QMMM:    41       41      H       -2.2590   -5.9350   -0.6890
  QMMM:    42       42      H       -3.7310   -4.5370   -1.9950
  QMMM:    43       43      H       -4.1380   -2.2540   -1.3280
  QMMM:    44       44      H       -4.9450   -1.6180    1.4920
  QMMM:    45       45      H       -5.0120   -0.9180   -0.1010
  QMMM:    46       46      H       -5.8960    0.7100    1.4480
  QMMM:    47       47      H       -4.5100    0.5320    2.4970
  QMMM:    48       48      H       -1.1950   -0.3360   -2.6190
  QMMM:    49       49      H        1.2070   -0.4330   -2.8350
  QMMM:    50       50      H        1.5820   -0.2310    1.3360
  QMMM:    51       51      H       -0.8200   -0.1180    1.5420
  QMMM:    52       52      H        3.0120    1.6890   -1.0080
  QMMM:    53       53      H        2.9810    0.8670   -2.5500
  QMMM:    54       54      H        5.2050    1.7860   -2.1550
  QMMM:    55       55      H        5.2740    0.0380   -2.1220
  QMMM:    56       56      H        5.1570    1.7840    0.2520
  QMMM:    57       57      H        5.4130   -1.1170   -0.1280
  QMMM:    58       58      H        3.2120   -1.2180    1.0100
  QMMM:    59       59      H        3.1380    0.5290    0.9720
  QMMM:    60       60      H        5.2680   -1.1860    2.3410
  QMMM:    61       61      H        5.2450    0.5590    2.3790
  QMMM:    62       62      H        7.4800   -1.1720    1.3180
  QMMM:    63       63      H        7.5240   -0.2230    2.7800
  QMMM:    64       64      H        8.6400    0.9260    0.8700
  QMMM:    65       65      H        7.2860    1.8380    1.4880
  QMMM:    66       66      H        7.2520    1.7360   -0.9800
  QMMM:    67       67      H        7.1910   -0.0110   -0.8950

--------------------------------------------------------------------------------
  RESULTS
--------------------------------------------------------------------------------

      iter         sqm energy              rms gradient
      ----    -------------------    -----------------------
xmin    10      197.0598 kcal/mol        0.5133 kcal/(mol*A)
xmin    20      195.4106 kcal/mol        0.1396 kcal/(mol*A)
xmin    30      195.2664 kcal/mol        0.2191 kcal/(mol*A)
xmin    40      195.1322 kcal/mol        0.2651 kcal/(mol*A)
xmin    50      195.0038 kcal/mol        0.2050 kcal/(mol*A)
xmin    60      194.8998 kcal/mol        0.4785 kcal/(mol*A)
xmin    70      194.8418 kcal/mol        0.0616 kcal/(mol*A)
xmin    80      194.7929 kcal/mol        0.1316 kcal/(mol*A)
xmin    90      194.7817 kcal/mol        0.1259 kcal/(mol*A)
xmin   100      194.7652 kcal/mol        0.0509 kcal/(mol*A)
xmin   110      194.7541 kcal/mol        0.0480 kcal/(mol*A)
xmin   120      194.7509 kcal/mol        0.0205 kcal/(mol*A)
xmin   130      194.7460 kcal/mol        0.0281 kcal/(mol*A)
xmin   140      194.7450 kcal/mol        0.0089 kcal/(mol*A)
xmin   150      194.7440 kcal/mol        0.0120 kcal/(mol*A)
xmin   160      194.7436 kcal/mol        0.0160 kcal/(mol*A)
xmin   170      194.7432 kcal/mol        0.0142 kcal/(mol*A)
xmin   180      194.7432 kcal/mol        0.0042 kcal/(mol*A)
xmin   190      194.7431 kcal/mol        0.0060 kcal/(mol*A)
xmin   200      194.7444 kcal/mol        0.0803 kcal/(mol*A)
xmin   210      194.7426 kcal/mol        0.0027 kcal/(mol*A)
xmin   220      194.7426 kcal/mol        0.0024 kcal/(mol*A)
xmin   230      194.7426 kcal/mol        0.0012 kcal/(mol*A)
  ... geometry converged !
 
 Final MO eigenvalues (eV):
 -46.1903  -43.0669  -42.3258  -41.3350  -40.5598  -39.8888  -39.2737  -38.0333
 -36.8754  -35.7527  -34.7720  -34.0540  -33.7100  -32.9309  -32.4690  -31.6150
 -30.8577  -29.8708  -29.3922  -28.4350  -27.2002  -26.4574  -26.1544  -25.5734
 -25.3487  -24.6654  -24.5274  -23.8802  -23.8499  -22.0243  -21.9625  -21.6835
 -21.2509  -20.7549  -20.2179  -20.1131  -19.6050  -19.5633  -19.3346  -19.0637
 -18.9643  -18.6521  -18.5361  -18.3626  -17.9342  -17.8027  -17.6739  -17.5352
 -17.2825  -17.2776  -17.0800  -16.9265  -16.7499  -16.6607  -16.5505  -16.4724
 -16.3146  -16.2908  -16.1506  -16.1242  -15.7928  -15.7196  -15.6507  -15.5690
 -15.4747  -15.3736  -15.2721  -15.0182  -14.7602  -14.5770  -14.3736  -14.2245
 -13.9994  -13.5917  -13.4697  -13.3878  -13.3014  -13.1040  -12.0097  -11.4504
 -11.2785  -11.1829  -11.0720  -10.8979  -10.5311   -3.5605   -2.0746   -1.7249
  -1.5879   -1.4900   -1.3575   -1.2885   -1.1949   -1.1082   -1.0787   -0.9419
  -0.6915   -0.6205   -0.4247   -0.3937   -0.3502   -0.3199   -0.2821   -0.1722
  -0.0390    0.1429    0.3065    0.4178    0.4569    0.5150    0.6220    0.6965
   0.7522    0.8253    0.8729    0.8876    1.0419    1.1219    1.1679    1.3043
   1.3493    1.4463    1.5150    1.6107    1.8481    1.9566    2.0677    2.0837
   2.1320    2.1619    2.2347    2.3462    2.4283    2.4295    2.4966    2.5068
   2.5722    2.6116    2.6304    2.6938    2.8146    2.8890    2.9499    2.9741
   3.0281    3.1030    3.1527    3.1949    3.2571    3.2934    3.3216    3.4166
   3.5630    3.6154    3.6314    3.7238    3.8075    3.8874    4.0205    4.0525
   4.1960    4.2063    4.3799    4.4525    4.7785    4.8704

 Heat of formation   =        194.74261360 kcal/mol  (        8.44467341 eV)

 Total SCF energy    =    -117957.34014228 kcal/mol  (    -5115.01409923 eV)
 Electronic energy   =   -1087965.88055649 kcal/mol  (   -47177.74079860 eV)
 Core-core repulsion =     970008.54041421 kcal/mol  (    42062.72669937 eV)
 
    Atomic Charges for Step       1 :
  Atom    Element       Mulliken Charge
     1      O                 -0.245
     2      C                  0.092
     3      C                 -0.215
     4      C                 -0.081
     5      C                 -0.128
     6      C                 -0.026
     7      C                 -0.154
     8      C                  0.076
     9      N                 -0.237
    10      C                  0.000
    11      C                 -0.108
    12      C                 -0.131
    13      C                 -0.125
    14      C                 -0.121
    15      C                 -0.154
    16      C                 -0.055
    17      C                 -0.129
    18      C                 -0.040
    19      C                 -0.112
    20      C                 -0.123
    21      C                 -0.012
    22      C                 -0.162
    23      C                 -0.077
    24      N                 -0.239
    25      C                 -0.077
    26      C                 -0.130
    27      N                 -0.006
    28      C                 -0.071
    29      C                 -0.075
    30      C                 -0.184
    31      C                 -0.176
    32      C                 -0.185
    33      C                 -0.123
    34      H                  0.222
    35      H                  0.138
    36      H                  0.131
    37      H                  0.158
    38      H                  0.095
    39      H                  0.140
    40      H                  0.135
    41      H                  0.138
    42      H                  0.138
    43      H                  0.136
    44      H                  0.103
    45      H                  0.071
    46      H                  0.107
    47      H                  0.100
    48      H                  0.145
    49      H                  0.137
    50      H                  0.127
    51      H                  0.157
    52      H                  0.085
    53      H                  0.149
    54      H                  0.138
    55      H                  0.151
    56      H                  0.235
    57      H                  0.156
    58      H                  0.151
    59      H                  0.079
    60      H                  0.140
    61      H                  0.108
    62      H                  0.107
    63      H                  0.130
    64      H                  0.140
    65      H                  0.109
    66      H                  0.137
    67      H                  0.142
 Total Mulliken Charge =       1.000
 
                  X        Y        Z     TOTAL  
  QM DIPOLE    24.599    3.997   -1.059   24.944
 
 Final Structure

  QMMM: QM Region Cartesian Coordinates (*=link atom) 
  QMMM: QM_NO.   MM_NO.  ATOM         X         Y         Z
  QMMM:     1        1      O       -4.8896    4.9104   -0.2294
  QMMM:     2        2      C       -4.3431    3.6540   -0.3365
  QMMM:     3        3      C       -3.6759    3.2117   -1.4884
  QMMM:     4        4      C       -3.1388    1.9285   -1.5101
  QMMM:     5        5      C       -3.2573    1.0853   -0.4007
  QMMM:     6        6      C       -3.9421    1.5317    0.7402
  QMMM:     7        7      C       -4.4837    2.8156    0.7809
  QMMM:     8        8      C       -2.6378   -0.2913   -0.4669
  QMMM:     9        9      N       -3.0592   -1.2383    0.5761
  QMMM:    10       10      C       -3.2135   -2.5795    0.0792
  QMMM:    11       11      C       -2.3925   -3.5915    0.6139
  QMMM:    12       12      C       -2.5172   -4.9039    0.1624
  QMMM:    13       13      C       -3.4509   -5.2306   -0.8190
  QMMM:    14       14      C       -4.2699   -4.2359   -1.3525
  QMMM:    15       15      C       -4.1581   -2.9208   -0.9105
  QMMM:    16       16      C       -4.1963   -0.8339    1.3917
  QMMM:    17       17      C       -4.1009    0.6053    1.8903
  QMMM:    18       18      C       -1.1270   -0.1305   -0.4357
  QMMM:    19       19      C       -0.3883   -0.3028   -1.6104
  QMMM:    20       20      C        0.9948   -0.1510   -1.6115
  QMMM:    21       21      C        1.6717    0.1785   -0.4191
  QMMM:    22       22      C        0.9243    0.3534    0.7619
  QMMM:    23       23      C       -0.4582    0.1938    0.7480
  QMMM:    24       24      N        3.0997    0.2710   -0.4507
  QMMM:    25       25      C        3.6093    1.4438   -1.1412
  QMMM:    26       26      C        5.1283    1.3314   -1.3857
  QMMM:    27       27      N        5.8711    1.0668   -0.1155
  QMMM:    28       28      C        5.2988   -0.1485    0.5862
  QMMM:    29       29      C        3.7765    0.0283    0.8088
  QMMM:    30       30      C        6.0111   -0.3911    1.9152
  QMMM:    31       31      C        7.5040   -0.5420    1.7094
  QMMM:    32       32      C        8.0876    0.6336    0.9549
  QMMM:    33       33      C        7.3382    0.8905   -0.3475
  QMMM:    34       34      H       -4.7793    5.3603   -1.0802
  QMMM:    35       35      H       -3.5845    3.8690   -2.3642
  QMMM:    36       36      H       -2.6132    1.5739   -2.4103
  QMMM:    37       37      H       -5.0235    3.1776    1.6677
  QMMM:    38       38      H       -2.9085   -0.7128   -1.4896
  QMMM:    39       39      H       -1.6534   -3.3504    1.3930
  QMMM:    40       40      H       -1.8735   -5.6874    0.5898
  QMMM:    41       41      H       -3.5452   -6.2692   -1.1688
  QMMM:    42       42      H       -5.0129   -4.4905   -2.1235
  QMMM:    43       43      H       -4.8187   -2.1490   -1.3354
  QMMM:    44       44      H       -4.2187   -1.5300    2.2781
  QMMM:    45       45      H       -5.1719   -0.9555    0.8350
  QMMM:    46       46      H       -5.0313    0.8434    2.4700
  QMMM:    47       47      H       -3.2274    0.7211    2.5871
  QMMM:    48       48      H       -0.8999   -0.5694   -2.5493
  QMMM:    49       49      H        1.5531   -0.3033   -2.5479
  QMMM:    50       50      H        1.4168    0.6109    1.7114
  QMMM:    51       51      H       -1.0319    0.3244    1.6803
  QMMM:    52       52      H        3.3977    2.4029   -0.5839
  QMMM:    53       53      H        3.1084    1.5089   -2.1495
  QMMM:    54       54      H        5.5074    2.2955   -1.8259
  QMMM:    55       55      H        5.3449    0.4872   -2.0998
  QMMM:    56       56      H        5.7380    1.8710    0.5107
  QMMM:    57       57      H        5.4776   -1.0282   -0.1029
  QMMM:    58       58      H        3.3825   -0.9340    1.2443
  QMMM:    59       59      H        3.6151    0.8499    1.5671
  QMMM:    60       60      H        5.5904   -1.3321    2.3616
  QMMM:    61       61      H        5.7978    0.4440    2.6336
  QMMM:    62       62      H        7.7129   -1.4920    1.1485
  QMMM:    63       63      H        8.0090   -0.6292    2.7086
  QMMM:    64       64      H        9.1607    0.4272    0.6941
  QMMM:    65       65      H        8.0716    1.5527    1.5987
  QMMM:    66       66      H        7.7263    1.8238   -0.8456
  QMMM:    67       67      H        7.4748    0.0203   -1.0507

           --------- Calculation Completed ----------

