
          -------------------------------------------------------
          Amber 16 SANDER                              2016
          -------------------------------------------------------

| Run on 08/12/2016 at 19:24:32

|   Executable path: sander
| Working directory: /net/roos/home4/zuckerman/spiriti/estrogen-receptor2/ligands5/l4g
|          Hostname: n000.dcb.private.net

  [-O]verwriting output

File Assignments:
|  MDIN: ../amber.in                                                           
| MDOUT: amber.out                                                             
|INPCRD: l4g.inpcrd                                                            
|  PARM: l4g.prm7                                                              
|RESTRT: restrt                                                                
|  REFC: refc                                                                  
| MDVEL: mdvel                                                                 
| MDFRC: mdfrc                                                                 
|  MDEN: mden                                                                  
| MDCRD: mdcrd                                                                 
|MDINFO: mdinfo                                                                
|  MTMD: mtmd                                                                  
|INPDIP: inpdip                                                                
|RSTDIP: rstdip                                                                
|INPTRA: inptraj                                                               


 Here is the input file:

test file                                                                      
&cntrl                                                                         
imin=1, maxcyc=1,                                                              
ntpr=5, cut=99, igb=0, ntb=0                                                   
/                                                                              

--------------------------------------------------------------------------------
   1.  RESOURCE   USE: 
--------------------------------------------------------------------------------

| Flags:                                                                        
|    NONPERIODIC   ntb=0 and igb=0: Setting up nonperiodic simulation
|  *** cutoff > system size, list only builds once
|Largest sphere to fit in unit cell has radius =    32.928
| New format PARM file being parsed.
| Version =    1.000 Date = 07/07/16 Time = 00:18:46
 NATOM  =      69 NTYPES =      13 NBONH =      32 MBONA  =      41
 NTHETH =      71 MTHETA =      58 NPHIH =     133 MPHIA  =      87
 NHPARM =       0 NPARM  =       0 NNB   =     382 NRES   =       1
 NBONA  =      41 NTHETA =      58 NPHIA =      87 NUMBND =      17
 NUMANG =      31 NPTRA  =      13 NATYP =      14 NPHB   =       0
 IFBOX  =       0 NMXRS  =      69 IFCAP =       0 NEXTRA =       0
 NCOPY  =       0


|     Memory Use     Allocated
|     Real                9965
|     Hollerith            210
|     Integer            32990
|     Max Pairs           2346
|     nblistReal           828
|     nblist Int       1152077
|       Total             4723 kbytes

| Note: 1-4 EEL scale factors are being read from the topology file.

| Note: 1-4 VDW scale factors are being read from the topology file.
| Duplicated    0 dihedrals
| Duplicated    0 dihedrals

--------------------------------------------------------------------------------
   2.  CONTROL  DATA  FOR  THE  RUN
--------------------------------------------------------------------------------

default_name                                                                    

General flags:
     imin    =       1, nmropt  =       0

Nature and format of input:
     ntx     =       1, irest   =       0, ntrx    =       1

Nature and format of output:
     ntxo    =       2, ntpr    =       5, ntrx    =       1, ntwr    =       1
     iwrap   =       0, ntwx    =       0, ntwv    =       0, ntwe    =       0
     ioutfm  =       1, ntwprt  =       0, idecomp =       0, rbornstat=      0

Potential function:
     ntf     =       1, ntb     =       0, igb     =       0, nsnb    =      25
     ipol    =       0, gbsa    =       0, iesp    =       0
     dielc   =   1.00000, cut     =  99.00000, intdiel =   1.00000

Frozen or restrained atoms:
     ibelly  =       0, ntr     =       0

Energy minimization:
     maxcyc  =       1, ncyc    =      10, ntmin   =       1
     dx0     =   0.01000, drms    =   0.00010
|  INFO: Old style inpcrd file read


--------------------------------------------------------------------------------
   3.  ATOMIC COORDINATES AND VELOCITIES
--------------------------------------------------------------------------------

default_name                                                                    
 begin time read from input coords =     0.000 ps

 Number of triangulated 3-point waters found:        0

     Sum of charges from parm topology file =   1.00099900

--------------------------------------------------------------------------------
   4.  RESULTS
--------------------------------------------------------------------------------

 ---------------------------------------------------

     eedmeth=4: Setting switch to one everywhere

 ---------------------------------------------------
| Local SIZE OF NONBOND LIST =       1965
| TOTAL SIZE OF NONBOND LIST =       1965


   NSTEP       ENERGY          RMS            GMAX         NAME    NUMBER
      1       1.0010E+02     2.2749E+01     1.0451E+02     C30        47

 BOND    =       24.5039  ANGLE   =       12.6696  DIHED      =       16.8616
 VDWAALS =       28.2134  EEL     =       32.0407  HBOND      =        0.0000
 1-4 VDW =       40.9136  1-4 EEL =      -55.0988  RESTRAINT  =        0.0000


  Maximum number of minimization cycles reached.


                    FINAL RESULTS



   NSTEP       ENERGY          RMS            GMAX         NAME    NUMBER
      1       1.0010E+02     2.2749E+01     1.0451E+02     C30        47

 BOND    =       24.5039  ANGLE   =       12.6696  DIHED      =       16.8616
 VDWAALS =       28.2134  EEL     =       32.0407  HBOND      =        0.0000
 1-4 VDW =       40.9136  1-4 EEL =      -55.0988  RESTRAINT  =        0.0000

--------------------------------------------------------------------------------
   5.  TIMINGS
--------------------------------------------------------------------------------

|    Read coords time           0.00 ( 0.41% of Total)
|                Build the list             0.00 (95.18% of List )
|                Other                      0.00 ( 4.82% of List )
|             List time                  0.00 (67.26% of Nonbo)
|                   Short_ene time             0.00 (98.40% of Direc)
|                   Other                      0.00 ( 1.60% of Direc)
|                Direct Ewald time          0.00 (91.40% of Ewald)
|                Virial junk                0.00 ( 1.10% of Ewald)
|                Start synchronizatio       0.00 ( 0.56% of Ewald)
|                Other                      0.00 ( 6.94% of Ewald)
|             Ewald time                 0.00 (32.21% of Nonbo)
|             Other                      0.00 ( 0.53% of Nonbo)
|          Nonbond force              0.00 (83.20% of Force)
|          Bond/Angle/Dihedral        0.00 (15.68% of Force)
|          Other                      0.00 ( 1.12% of Force)
|       Force time                 0.00 (100.0% of Runmd)
|    Runmd Time                 0.00 ( 0.39% of Total)
|    Other                      0.52 (99.20% of Total)
| Total time                 0.52 (99.88% of ALL  )

| Number of list builds   :          1

| Highest rstack allocated:        305
| Highest istack allocated:         61
|           Job began  at 19:24:32.160  on 08/12/2016
|           Setup done at 19:24:32.296  on 08/12/2016
|           Run   done at 19:24:32.682  on 08/12/2016
|     wallclock() was called      58 times
