            --------------------------------------------------------
                             AMBER SQM VERSION 14
 
                                     By
              Ross C. Walker, Michael F. Crowley, Scott Brozell,
                         Tim Giese, Andreas W. Goetz,
                        Tai-Sung Lee and David A. Case
 
            --------------------------------------------------------
 

--------------------------------------------------------------------------------
  QM CALCULATION INFO
--------------------------------------------------------------------------------

| QMMM: Citation for AMBER QMMM Run:
| QMMM: R.C. Walker, M.F. Crowley and D.A. Case, J. COMP. CHEM. 29:1019, 2008

QMMM: SINGLET STATE CALCULATION
QMMM: RHF CALCULATION, NO. OF DOUBLY OCCUPIED LEVELS = 96

| QMMM: *** Selected Hamiltonian *** 
| QMMM: AM1         

| QMMM: *** Parameter sets in use ***
| QMMM: C : M.J.S.DEWAR et al. JACS, 107, 3902, (1985)
| QMMM: O : M.J.S.DEWAR et al. JACS, 107, 3902, (1985)
| QMMM: S : M.J.S.DEWAR et al. INORG. CHEM., 29, 3881, (1990)
| QMMM: N : M.J.S.DEWAR et al. JACS, 107, 3902, (1985)
| QMMM: H : M.J.S.DEWAR et al. JACS, 107, 3902, (1985)

| QMMM: *** SCF convergence criteria ***
| QMMM: Energy change                :  0.1D-09 kcal/mol
| QMMM: Error matrix |FP-PF|         :  0.1D+00 au
| QMMM: Density matrix change        :  0.5D-06
| QMMM: Maximum number of SCF cycles :     1000

| QMMM: *** Diagonalization Routine Information ***
| QMMM: Pseudo diagonalizations are allowed.
| QMMM: Auto diagonalization routine selection is in use.
| QMMM:
| QMMM: Timing diagonalization routines:
| QMMM:                              norbs =      180
| QMMM:    diag iterations used for timing =        5
| QMMM:
| QMMM:              Internal diag routine = 0.095531 seconds
| QMMM:                 Dspev diag routine = 0.143416 seconds
| QMMM:                Dspevd diag routine = 0.094207 seconds
| QMMM:                Dspevx diag routine = 0.298342 seconds
| QMMM:                 Dsyev diag routine = 0.152562 seconds
| QMMM:                Dsyevd diag routine = 0.104040 seconds
| QMMM:                Dsyevr diag routine = 0.091882 seconds
| QMMM:
| QMMM:                Pseudo diag routine = 0.054081 seconds
| QMMM:
| QMMM: Using dsyevr routine (diag_routine=7).

  QMMM: QM Region Cartesian Coordinates (*=link atom) 
  QMMM: QM_NO.   MM_NO.  ATOM         X         Y         Z
  QMMM:     1        1      C        3.0110   -0.5460    0.4100
  QMMM:     2        2      C        2.4180   -2.6010    1.6970
  QMMM:     3        3      C        0.8360   -4.1910    0.8510
  QMMM:     4        4      C       -0.2400   -3.8330   -1.3080
  QMMM:     5        5      C        3.0210    0.3840    1.4490
  QMMM:     6        6      C        0.1180   -5.3900    0.9910
  QMMM:     7        7      C       -0.2060    0.3610   -2.2400
  QMMM:     8        8      C        3.7330    1.5590    1.3140
  QMMM:     9        9      C       -1.2350    1.2400   -1.9630
  QMMM:    10       10      C       -1.4720    0.2750    0.2240
  QMMM:    11       11      C        4.4350    1.8150    0.1500
  QMMM:    12       12      C       -1.8700    1.1980   -0.7310
  QMMM:    13       13      C        1.3700   -2.1980   -0.4520
  QMMM:    14       14      C        2.2490   -1.8100    0.5500
  QMMM:    15       15      C        0.6540   -3.4040   -0.3130
  QMMM:    16       16      O        1.2060   -1.4270   -1.5560
  QMMM:    17       17      C        0.1930   -0.5620   -1.2840
  QMMM:    18       18      C        3.7210   -0.2820   -0.7600
  QMMM:    19       19      C        1.7320   -3.7630    1.8490
  QMMM:    20       20      C       -0.9240   -4.9980   -1.1480
  QMMM:    21       21      C       -0.4460   -0.6070   -0.0540
  QMMM:    22       22      C        4.4240    0.8980   -0.8860
  QMMM:    23       23      C       -0.7510   -5.7810   -0.0020
  QMMM:    24       24      O       -1.4470   -6.9400    0.1310
  QMMM:    25       25      S        5.3410    3.3170   -0.0160
  QMMM:    26       26      O       -2.8840    2.0630   -0.4590
  QMMM:    27       27      C        6.9790    2.8860    0.6330
  QMMM:    28       28      O        4.6480    4.2000    0.8550
  QMMM:    29       29      O        5.3700    3.5130   -1.4230
  QMMM:    30       30      C       -3.3260    1.7770    0.8690
  QMMM:    31       31      C       -4.4730    2.7200    1.2390
  QMMM:    32       32      N       -5.6090    2.4880    0.3370
  QMMM:    33       33      C       -6.6970    3.3560    0.7980
  QMMM:    34       34      C       -6.0380    1.1010    0.5470
  QMMM:    35       35      C       -7.9250    3.1650   -0.0940
  QMMM:    36       36      C       -7.2290    0.7850   -0.3590
  QMMM:    37       37      C       -8.3960    1.7100    0.0030
  QMMM:    38       38      H        3.0720   -2.2960    2.4340
  QMMM:    39       39      H       -0.3780   -3.2650   -2.1590
  QMMM:    40       40      H        2.4970    0.1940    2.3180
  QMMM:    41       41      H        0.2410   -5.9740    1.8330
  QMMM:    42       42      H        0.2660    0.3910   -3.1570
  QMMM:    43       43      H        3.7420    2.2470    2.0830
  QMMM:    44       44      H       -1.5310    1.9280   -2.6730
  QMMM:    45       45      H       -1.9420    0.2470    1.1420
  QMMM:    46       46      H        3.7210   -0.9680   -1.5310
  QMMM:    47       47      H        1.8680   -4.3340    2.6980
  QMMM:    48       48      H       -1.5790   -5.3080   -1.8820
  QMMM:    49       49      H       -0.1550   -1.2990    0.6540
  QMMM:    50       50      H        4.9430    1.0970   -1.7550
  QMMM:    51       51      H       -1.3350   -7.4680    0.8970
  QMMM:    52       52      H        6.9180    2.7470    1.6920
  QMMM:    53       53      H        7.6680    3.6760    0.4170
  QMMM:    54       54      H        7.3180    1.9810    0.1730
  QMMM:    55       55      H       -2.5150    1.9170    1.5530
  QMMM:    56       56      H       -3.6660    0.7640    0.9210
  QMMM:    57       57      H       -4.1450    3.7340    1.1460
  QMMM:    58       58      H       -4.7760    2.5340    2.2480
  QMMM:    59       59      H       -5.3710    2.6660   -0.6390
  QMMM:    60       60      H       -6.3800    4.3770    0.7530
  QMMM:    61       61      H       -6.9490    3.1010    1.8060
  QMMM:    62       62      H       -6.3240    0.9690    1.5690
  QMMM:    63       63      H       -5.2290    0.4410    0.3110
  QMMM:    64       64      H       -7.6700    3.3920   -1.1080
  QMMM:    65       65      H       -8.7080    3.8190    0.2280
  QMMM:    66       66      H       -7.5240   -0.2340   -0.2200
  QMMM:    67       67      H       -6.9530    0.9370   -1.3820
  QMMM:    68       68      H       -9.2060    1.5490   -0.6770
  QMMM:    69       69      H       -8.7280    1.5020    0.9990

--------------------------------------------------------------------------------
  RESULTS
--------------------------------------------------------------------------------

      iter         sqm energy              rms gradient
      ----    -------------------    -----------------------
xmin    10       68.1573 kcal/mol        1.1214 kcal/(mol*A)
xmin    20       62.3316 kcal/mol        2.1183 kcal/(mol*A)
xmin    30       61.5322 kcal/mol        0.2154 kcal/(mol*A)
xmin    40       60.5427 kcal/mol        0.7618 kcal/(mol*A)
xmin    50       60.1981 kcal/mol        0.4345 kcal/(mol*A)
xmin    60       59.8322 kcal/mol        0.3446 kcal/(mol*A)
xmin    70       59.7029 kcal/mol        0.4474 kcal/(mol*A)
xmin    80       59.4489 kcal/mol        0.1626 kcal/(mol*A)
xmin    90       59.2899 kcal/mol        0.1933 kcal/(mol*A)
xmin   100       59.0940 kcal/mol        0.2596 kcal/(mol*A)
xmin   110       58.9050 kcal/mol        0.1166 kcal/(mol*A)
xmin   120       58.8111 kcal/mol        0.2607 kcal/(mol*A)
xmin   130       58.5322 kcal/mol        0.8423 kcal/(mol*A)
xmin   140       57.8679 kcal/mol        0.7585 kcal/(mol*A)
xmin   150       56.7143 kcal/mol        0.6040 kcal/(mol*A)
xmin   160       55.3442 kcal/mol        2.0300 kcal/(mol*A)
xmin   170       52.1934 kcal/mol        0.5523 kcal/(mol*A)
xmin   180       51.2855 kcal/mol        0.4183 kcal/(mol*A)
xmin   190       49.8198 kcal/mol        0.6229 kcal/(mol*A)
xmin   200       49.3302 kcal/mol        0.1811 kcal/(mol*A)
xmin   210       49.2732 kcal/mol        0.0601 kcal/(mol*A)
xmin   220       49.2217 kcal/mol        0.2974 kcal/(mol*A)
xmin   230       49.1633 kcal/mol        0.0779 kcal/(mol*A)
xmin   240       49.0888 kcal/mol        0.1421 kcal/(mol*A)
xmin   250       48.9981 kcal/mol        0.0715 kcal/(mol*A)
xmin   260       48.9666 kcal/mol        0.3021 kcal/(mol*A)
xmin   270       48.9173 kcal/mol        0.1942 kcal/(mol*A)
xmin   280       48.9081 kcal/mol        0.0242 kcal/(mol*A)
xmin   290       48.9054 kcal/mol        0.0178 kcal/(mol*A)
xmin   300       48.9052 kcal/mol        0.0099 kcal/(mol*A)
xmin   310       48.9046 kcal/mol        0.0040 kcal/(mol*A)
xmin   320       48.9044 kcal/mol        0.0151 kcal/(mol*A)
xmin   330       48.9042 kcal/mol        0.0057 kcal/(mol*A)
xmin   340       48.9041 kcal/mol        0.0043 kcal/(mol*A)
xmin   350       48.9041 kcal/mol        0.0023 kcal/(mol*A)
xmin   360       48.9041 kcal/mol        0.0013 kcal/(mol*A)
xmin   370       48.9041 kcal/mol        0.0092 kcal/(mol*A)
xmin   380       48.9041 kcal/mol        0.0022 kcal/(mol*A)
  ... geometry converged !
 
 Final MO eigenvalues (eV):
 -45.2485  -43.8452  -43.0039  -42.2699  -41.8691  -40.7180  -40.1946  -39.7751
 -39.6848  -38.7909  -38.1890  -35.7618  -35.7006  -34.6087  -34.5106  -34.3755
 -33.9435  -33.3768  -32.5470  -31.9169  -31.0335  -29.6032  -28.1954  -27.6039
 -27.2946  -26.5771  -26.4336  -25.9092  -25.5585  -24.9819  -24.9520  -24.2672
 -22.6025  -22.1803  -21.7220  -21.5886  -21.4487  -21.0607  -20.7708  -20.5911
 -20.3571  -20.0949  -19.7918  -19.7472  -19.6961  -19.3214  -19.2624  -19.1029
 -18.5826  -18.3368  -18.2504  -18.2089  -18.0544  -17.9824  -17.9184  -17.3934
 -17.2853  -17.1449  -17.0754  -16.9924  -16.9763  -16.9448  -16.8960  -16.8153
 -16.6985  -16.5040  -16.4614  -16.3494  -16.2917  -15.9686  -15.9291  -15.8803
 -15.7439  -15.6202  -15.5005  -15.4139  -15.2803  -15.2469  -15.2097  -15.0971
 -14.8899  -14.8580  -14.8117  -14.7159  -14.5341  -14.2628  -14.0928  -13.8029
 -13.6114  -12.9120  -12.5872  -12.4515  -12.3605  -11.6015  -11.1671  -10.5587
  -3.2028   -2.9702   -2.8983   -2.5254   -2.3304   -2.2719   -2.1700   -1.9815
  -1.0490   -0.9125   -0.8311   -0.7636   -0.6035   -0.3399   -0.2107   -0.1780
  -0.1275   -0.0281    0.0400    0.0779    0.1490    0.1865    0.2688    0.2913
   0.3347    0.3693    0.4981    0.5930    0.6874    0.7218    0.7780    0.9190
   0.9703    0.9891    1.0068    1.0473    1.0663    1.1335    1.1385    1.1746
   1.1818    1.2206    1.3065    1.3750    1.4488    1.4990    1.6093    1.6326
   1.6738    1.6808    1.6905    1.7489    1.7688    1.8408    1.8554    1.9279
   2.0067    2.0452    2.0945    2.1832    2.1997    2.2685    2.3297    2.3470
   2.4333    2.4826    2.6409    2.6514    2.6999    2.7761    2.8487    2.9032
   2.9144    2.9601    3.1424    3.2418    3.2621    3.3354    3.4317    3.5313
   3.6614    3.8257    4.1280    4.5100

 Heat of formation   =         48.90405655 kcal/mol  (        2.12063902 eV)

 Total SCF energy    =    -144753.37802167 kcal/mol  (    -6276.97749541 eV)
 Electronic energy   =   -1372856.61180625 kcal/mol  (   -59531.52993393 eV)
 Core-core repulsion =    1228103.23378458 kcal/mol  (    53254.55243851 eV)
 
    Atomic Charges for Step       1 :
  Atom    Element       Mulliken Charge
     1      C                  0.052
     2      C                 -0.100
     3      C                  0.022
     4      C                 -0.078
     5      C                 -0.145
     6      C                 -0.230
     7      C                 -0.123
     8      C                 -0.021
     9      C                 -0.120
    10      C                 -0.127
    11      C                 -0.862
    12      C                  0.000
    13      C                  0.089
    14      C                 -0.105
    15      C                 -0.076
    16      O                 -0.159
    17      C                  0.072
    18      C                 -0.133
    19      C                 -0.119
    20      C                 -0.134
    21      C                 -0.149
    22      C                 -0.013
    23      C                  0.112
    24      O                 -0.238
    25      S                  2.873
    26      O                 -0.237
    27      C                 -0.947
    28      O                 -1.012
    29      O                 -0.935
    30      C                 -0.041
    31      C                 -0.173
    32      N                  0.014
    33      C                 -0.134
    34      C                 -0.130
    35      C                 -0.184
    36      C                 -0.182
    37      C                 -0.176
    38      H                  0.144
    39      H                  0.154
    40      H                  0.153
    41      H                  0.147
    42      H                  0.165
    43      H                  0.135
    44      H                  0.139
    45      H                  0.148
    46      H                  0.167
    47      H                  0.148
    48      H                  0.164
    49      H                  0.163
    50      H                  0.167
    51      H                  0.229
    52      H                  0.161
    53      H                  0.170
    54      H                  0.174
    55      H                  0.127
    56      H                  0.120
    57      H                  0.190
    58      H                  0.137
    59      H                  0.248
    60      H                  0.183
    61      H                  0.130
    62      H                  0.131
    63      H                  0.146
    64      H                  0.109
    65      H                  0.135
    66      H                  0.133
    67      H                  0.108
    68      H                  0.124
    69      H                  0.101
 Total Mulliken Charge =       1.000
 
                  X        Y        Z     TOTAL  
  QM DIPOLE   -10.035    9.246    6.650   15.179
 
 Final Structure

  QMMM: QM Region Cartesian Coordinates (*=link atom) 
  QMMM: QM_NO.   MM_NO.  ATOM         X         Y         Z
  QMMM:     1        1      C        1.9114   -0.7617   -0.3085
  QMMM:     2        2      C        3.3731   -2.6722    0.3068
  QMMM:     3        3      C        2.7250   -4.9741   -0.1213
  QMMM:     4        4      C        0.5704   -5.4929   -1.1769
  QMMM:     5        5      C        1.9281   -0.0079    0.8769
  QMMM:     6        6      C        3.0048   -6.3626   -0.0631
  QMMM:     7        7      C       -1.7045   -1.1999   -1.4161
  QMMM:     8        8      C        1.5599    1.3300    0.8533
  QMMM:     9        9      C       -2.6710   -0.4466   -0.7613
  QMMM:    10       10      C       -2.0103   -1.4411    1.3706
  QMMM:    11       11      C        1.1857    1.9609   -0.3430
  QMMM:    12       12      C       -2.8015   -0.5553    0.6318
  QMMM:    13       13      C        1.2405   -3.1307   -0.7351
  QMMM:    14       14      C        2.1582   -2.2019   -0.2617
  QMMM:    15       15      C        1.4970   -4.5334   -0.6793
  QMMM:    16       16      O        0.0729   -2.7517   -1.4060
  QMMM:    17       17      C       -0.8673   -2.0450   -0.6651
  QMMM:    18       18      C        1.6262   -0.1205   -1.5222
  QMMM:    19       19      C        3.6509   -4.0130    0.3711
  QMMM:    20       20      C        0.8458   -6.8329   -1.1187
  QMMM:    21       21      C       -1.0322   -2.1884    0.7180
  QMMM:    22       22      C        1.2762    1.2253   -1.5345
  QMMM:    23       23      C        2.0816   -7.2683   -0.5529
  QMMM:    24       24      O        2.2702   -8.6258   -0.5349
  QMMM:    25       25      S        0.5419    3.4881   -0.3589
  QMMM:    26       26      O       -3.8351    0.1792    1.2136
  QMMM:    27       27      C        1.7998    4.4127    0.2563
  QMMM:    28       28      O       -0.5634    3.5370    0.5387
  QMMM:    29       29      O        0.2065    3.8944   -1.6590
  QMMM:    30       30      C       -3.4841    0.9412    2.3626
  QMMM:    31       31      C       -3.1640    2.3960    1.9954
  QMMM:    32       32      N       -4.0405    2.9573    0.9254
  QMMM:    33       33      C       -3.6143    4.3507    0.5685
  QMMM:    34       34      C       -5.4876    2.9335    1.3121
  QMMM:    35       35      C       -4.4812    4.9484   -0.5307
  QMMM:    36       36      C       -6.3841    3.5221    0.2298
  QMMM:    37       37      C       -5.9470    4.9189   -0.1550
  QMMM:    38       38      H        4.0945   -1.9309    0.6848
  QMMM:    39       39      H       -0.3724   -5.1309   -1.6184
  QMMM:    40       40      H        2.2124   -0.4902    1.8252
  QMMM:    41       41      H        3.9582   -6.7000    0.3681
  QMMM:    42       42      H       -1.5847   -1.1441   -2.5086
  QMMM:    43       43      H        1.5400    1.9025    1.7962
  QMMM:    44       44      H       -3.3404    0.2152   -1.3284
  QMMM:    45       45      H       -2.1607   -1.5600    2.4537
  QMMM:    46       46      H        1.6556   -0.6969   -2.4615
  QMMM:    47       47      H        4.5993   -4.3686    0.8037
  QMMM:    48       48      H        0.1447   -7.5908   -1.4992
  QMMM:    49       49      H       -0.3931   -2.8853    1.2818
  QMMM:    50       50      H        1.0401    1.7214   -2.4948
  QMMM:    51       51      H        3.1415   -8.8100   -0.1514
  QMMM:    52       52      H        2.0256    4.2067    1.3323
  QMMM:    53       53      H        1.5751    5.5098    0.1919
  QMMM:    54       54      H        2.7657    4.2733   -0.2940
  QMMM:    55       55      H       -2.5996    0.5198    2.9073
  QMMM:    56       56      H       -4.3950    0.8844    3.0205
  QMMM:    57       57      H       -2.0955    2.4801    1.6250
  QMMM:    58       58      H       -3.2729    3.0341    2.9165
  QMMM:    59       59      H       -3.9317    2.3576    0.0941
  QMMM:    60       60      H       -2.5307    4.3117    0.2442
  QMMM:    61       61      H       -3.6874    4.9757    1.5026
  QMMM:    62       62      H       -5.5973    3.5209    2.2666
  QMMM:    63       63      H       -5.7724    1.8585    1.5042
  QMMM:    64       64      H       -4.3173    4.4010   -1.4964
  QMMM:    65       65      H       -4.1441    6.0081   -0.6879
  QMMM:    66       66      H       -7.4323    3.5430    0.6319
  QMMM:    67       67      H       -6.3857    2.8561   -0.6735
  QMMM:    68       68      H       -6.5634    5.2775   -1.0217
  QMMM:    69       69      H       -6.1332    5.6228    0.6992

           --------- Calculation Completed ----------

