            --------------------------------------------------------
                             AMBER SQM VERSION 14
 
                                     By
              Ross C. Walker, Michael F. Crowley, Scott Brozell,
                         Tim Giese, Andreas W. Goetz,
                        Tai-Sung Lee and David A. Case
 
            --------------------------------------------------------
 

--------------------------------------------------------------------------------
  QM CALCULATION INFO
--------------------------------------------------------------------------------

| QMMM: Citation for AMBER QMMM Run:
| QMMM: R.C. Walker, M.F. Crowley and D.A. Case, J. COMP. CHEM. 29:1019, 2008

QMMM: SINGLET STATE CALCULATION
QMMM: RHF CALCULATION, NO. OF DOUBLY OCCUPIED LEVELS = 86

| QMMM: *** Selected Hamiltonian *** 
| QMMM: AM1         

| QMMM: *** Parameter sets in use ***
| QMMM: C : M.J.S.DEWAR et al. JACS, 107, 3902, (1985)
| QMMM: O : M.J.S.DEWAR et al. JACS, 107, 3902, (1985)
| QMMM: N : M.J.S.DEWAR et al. JACS, 107, 3902, (1985)
| QMMM: H : M.J.S.DEWAR et al. JACS, 107, 3902, (1985)

| QMMM: *** SCF convergence criteria ***
| QMMM: Energy change                :  0.1D-09 kcal/mol
| QMMM: Error matrix |FP-PF|         :  0.1D+00 au
| QMMM: Density matrix change        :  0.5D-06
| QMMM: Maximum number of SCF cycles :     1000

| QMMM: *** Diagonalization Routine Information ***
| QMMM: Pseudo diagonalizations are allowed.
| QMMM: Auto diagonalization routine selection is in use.
| QMMM:
| QMMM: Timing diagonalization routines:
| QMMM:                              norbs =      164
| QMMM:    diag iterations used for timing =        5
| QMMM:
| QMMM:              Internal diag routine = 0.073373 seconds
| QMMM:                 Dspev diag routine = 0.112652 seconds
| QMMM:                Dspevd diag routine = 0.074380 seconds
| QMMM:                Dspevx diag routine = 0.237055 seconds
| QMMM:                 Dsyev diag routine = 0.119905 seconds
| QMMM:                Dsyevd diag routine = 0.083245 seconds
| QMMM:                Dsyevr diag routine = 0.073344 seconds
| QMMM:
| QMMM:                Pseudo diag routine = 0.031316 seconds
| QMMM:
| QMMM: Using dsyevr routine (diag_routine=7).

  QMMM: QM Region Cartesian Coordinates (*=link atom) 
  QMMM: QM_NO.   MM_NO.  ATOM         X         Y         Z
  QMMM:     1        1      C        0.1930    1.4620    2.0840
  QMMM:     2        2      C        1.1380    0.4450    1.4300
  QMMM:     3        3      O        0.8790   -0.8400    1.9720
  QMMM:     4        4      C        1.0800   -0.8430    3.3120
  QMMM:     5        5      C        1.4010   -2.0680    3.9000
  QMMM:     6        6      C        1.6100   -2.1620    5.2590
  QMMM:     7        7      C        1.5010   -1.0310    6.0550
  QMMM:     8        8      O        1.7020   -1.1190    7.3980
  QMMM:     9        9      C        1.1880    0.1850    5.4760
  QMMM:    10       10      C        0.9800    0.2800    4.1090
  QMMM:    11       11      C        0.6540    1.6390    3.5350
  QMMM:    12       12      C        1.9010    2.5240    3.5740
  QMMM:    13       13      C       -1.2200    0.9430    2.0530
  QMMM:    14       14      C       -2.0870    1.3580    1.0590
  QMMM:    15       15      C       -3.3820    0.8790    1.0260
  QMMM:    16       16      C       -3.8160   -0.0100    1.9970
  QMMM:    17       17      O       -5.0920   -0.4780    1.9700
  QMMM:    18       18      C       -2.9470   -0.4210    2.9970
  QMMM:    19       19      C       -1.6510    0.0560    3.0230
  QMMM:    20       20      C        0.9020    0.4210   -0.0580
  QMMM:    21       21      C       -0.0250   -0.4500   -0.5960
  QMMM:    22       22      C       -0.2470   -0.4700   -1.9590
  QMMM:    23       23      C        0.4680    0.3790   -2.7900
  QMMM:    24       24      C        1.4030    1.2490   -2.2480
  QMMM:    25       25      C        1.6180    1.2680   -0.8840
  QMMM:    26       26      O        0.2550    0.3580   -4.1320
  QMMM:    27       27      C       -0.7490   -0.6270   -4.3750
  QMMM:    28       28      C       -1.0380   -0.7020   -5.8760
  QMMM:    29       29      N        0.1900   -1.0680   -6.5930
  QMMM:    30       30      C        1.1500    0.0350   -6.3820
  QMMM:    31       31      C        1.8320    0.2340   -7.7580
  QMMM:    32       32      C        0.6500   -0.0130   -8.7320
  QMMM:    33       33      C       -0.1550   -1.1230   -8.0250
  QMMM:    34       34      H        0.2160    2.3950    1.5610
  QMMM:    35       35      H        2.1540    0.7210    1.6210
  QMMM:    36       36      H        1.4830   -2.9120    3.3110
  QMMM:    37       37      H        1.8470   -3.0720    5.6840
  QMMM:    38       38      H        1.9140   -1.9450    7.7870
  QMMM:    39       39      H        1.1090    1.0280    6.0660
  QMMM:    40       40      H       -0.1210    2.1020    4.1090
  QMMM:    41       41      H        2.6810    2.0670    3.0010
  QMMM:    42       42      H        2.2240    2.6410    4.5870
  QMMM:    43       43      H        1.6700    3.4840    3.1610
  QMMM:    44       44      H       -1.7660    2.0260    0.3410
  QMMM:    45       45      H       -4.0260    1.1830    0.2790
  QMMM:    46       46      H       -5.6790   -0.2000    1.2940
  QMMM:    47       47      H       -3.2680   -1.0830    3.7210
  QMMM:    48       48      H       -1.0040   -0.2500    3.7670
  QMMM:    49       49      H       -0.5530   -1.0870    0.0210
  QMMM:    50       50      H       -0.9450   -1.1170   -2.3590
  QMMM:    51       51      H        1.9370    1.8820   -2.8640
  QMMM:    52       52      H        2.3140    1.9150   -0.4810
  QMMM:    53       53      H       -1.6440   -0.3600   -3.8520
  QMMM:    54       54      H       -0.4050   -1.5800   -4.0300
  QMMM:    55       55      H       -1.3820    0.2510   -6.2210
  QMMM:    56       56      H       -1.7910   -1.4400   -6.0580
  QMMM:    57       57      H        0.5800   -1.9560   -6.2780
  QMMM:    58       58      H        1.8720   -0.2310   -5.6380
  QMMM:    59       59      H        0.6710    0.9270   -6.0360
  QMMM:    60       60      H        2.6180   -0.4760   -7.9100
  QMMM:    61       61      H        2.3010    1.1880   -7.8770
  QMMM:    62       62      H        1.0010   -0.3420   -9.6880
  QMMM:    63       63      H        0.0740    0.8670   -8.9280
  QMMM:    64       64      H       -1.2040   -0.9550   -8.1560
  QMMM:    65       65      H        0.0800   -2.0830   -8.4350

--------------------------------------------------------------------------------
  RESULTS
--------------------------------------------------------------------------------

      iter         sqm energy              rms gradient
      ----    -------------------    -----------------------
xmin    10       58.7175 kcal/mol        1.1383 kcal/(mol*A)
xmin    20       55.4971 kcal/mol        0.2800 kcal/(mol*A)
xmin    30       55.2405 kcal/mol        0.8920 kcal/(mol*A)
xmin    40       55.0978 kcal/mol        0.2133 kcal/(mol*A)
xmin    50       55.0280 kcal/mol        0.0911 kcal/(mol*A)
xmin    60       55.0038 kcal/mol        0.0507 kcal/(mol*A)
xmin    70       54.9994 kcal/mol        0.0284 kcal/(mol*A)
xmin    80       54.9957 kcal/mol        0.0179 kcal/(mol*A)
xmin    90       55.0059 kcal/mol        0.2155 kcal/(mol*A)
xmin   100       54.9951 kcal/mol        0.0275 kcal/(mol*A)
xmin   110       54.9952 kcal/mol        0.0915 kcal/(mol*A)
xmin   120       54.9937 kcal/mol        0.0071 kcal/(mol*A)
xmin   130       54.9932 kcal/mol        0.0031 kcal/(mol*A)
xmin   140       54.9931 kcal/mol        0.0052 kcal/(mol*A)
xmin   150       54.9931 kcal/mol        0.0043 kcal/(mol*A)
xmin   160       54.9930 kcal/mol        0.0030 kcal/(mol*A)
xmin   170       54.9930 kcal/mol        0.0029 kcal/(mol*A)
xmin   180       54.9930 kcal/mol        0.0011 kcal/(mol*A)
xmin   190       54.9930 kcal/mol        0.0012 kcal/(mol*A)
  ... geometry converged !
 
 Final MO eigenvalues (eV):
 -45.8664  -43.5822  -43.0350  -41.7071  -41.2604  -40.4675  -39.3104  -38.6610
 -38.2228  -37.4438  -34.9929  -34.6194  -34.3133  -33.8103  -33.2503  -32.9831
 -31.8781  -30.7715  -29.6975  -28.5200  -27.8564  -27.0467  -26.4781  -26.3303
 -25.7019  -25.2109  -24.6572  -24.4469  -23.9583  -23.5572  -22.3112  -22.0037
 -21.6626  -20.5905  -20.3625  -20.3259  -19.9989  -19.9812  -19.8890  -19.4818
 -19.2114  -18.8041  -18.6570  -18.5828  -18.2233  -18.1662  -17.8483  -17.7617
 -17.5536  -17.4549  -17.1215  -17.1055  -16.9244  -16.8116  -16.7305  -16.6839
 -16.6434  -16.4888  -16.3616  -16.3458  -16.0630  -16.0335  -15.9178  -15.8262
 -15.4805  -15.4215  -15.3848  -15.2139  -15.1636  -14.9449  -14.5109  -14.3459
 -14.2495  -14.1742  -14.0696  -13.4420  -13.3850  -13.3238  -13.0954  -12.7740
 -12.2258  -11.6153  -11.4095  -11.1511  -10.5625  -10.0906   -3.6404   -2.2198
  -1.9539   -1.8163   -1.5989   -1.5047   -1.1995   -1.1941   -1.1618   -1.1346
  -0.9413   -0.7608   -0.7088   -0.6375   -0.5314   -0.3972   -0.3206   -0.1966
  -0.0491    0.0690    0.2520    0.2913    0.3465    0.3883    0.4697    0.6720
   0.8296    0.8820    0.8978    1.1319    1.2489    1.2836    1.3971    1.4818
   1.4999    1.6236    1.7597    1.8075    1.9739    1.9991    2.0624    2.1152
   2.2322    2.2456    2.2901    2.3650    2.4658    2.4726    2.5659    2.6260
   2.6828    2.7260    2.7775    2.8867    2.9296    2.9530    2.9918    3.0513
   3.0977    3.2086    3.2453    3.2812    3.4004    3.4571    3.4928    3.5219
   3.6112    3.6267    3.6850    3.8165    3.8667    3.9549    4.0557    4.1859
   4.2804    4.7175    4.7811    5.0232

 Heat of formation   =         54.99298365 kcal/mol  (        2.38467472 eV)

 Total SCF energy    =    -126996.17691021 kcal/mol  (    -5506.96747367 eV)
 Electronic energy   =   -1114688.22938229 kcal/mol  (   -48336.50879764 eV)
 Core-core repulsion =     987692.05247208 kcal/mol  (    42829.54132397 eV)
 
    Atomic Charges for Step       1 :
  Atom    Element       Mulliken Charge
     1      C                 -0.076
     2      C                  0.074
     3      O                 -0.216
     4      C                  0.026
     5      C                 -0.108
     6      C                 -0.186
     7      C                  0.065
     8      O                 -0.246
     9      C                 -0.128
    10      C                 -0.087
    11      C                 -0.063
    12      C                 -0.211
    13      C                 -0.112
    14      C                 -0.089
    15      C                 -0.217
    16      C                  0.081
    17      O                 -0.250
    18      C                 -0.158
    19      C                 -0.084
    20      C                 -0.064
    21      C                 -0.062
    22      C                 -0.175
    23      C                  0.032
    24      C                 -0.138
    25      C                 -0.097
    26      O                 -0.257
    27      C                 -0.042
    28      C                 -0.133
    29      N                 -0.005
    30      C                 -0.118
    31      C                 -0.184
    32      C                 -0.180
    33      C                 -0.126
    34      H                  0.100
    35      H                  0.103
    36      H                  0.150
    37      H                  0.142
    38      H                  0.222
    39      H                  0.158
    40      H                  0.120
    41      H                  0.075
    42      H                  0.093
    43      H                  0.077
    44      H                  0.130
    45      H                  0.135
    46      H                  0.220
    47      H                  0.155
    48      H                  0.153
    49      H                  0.169
    50      H                  0.137
    51      H                  0.143
    52      H                  0.147
    53      H                  0.140
    54      H                  0.099
    55      H                  0.154
    56      H                  0.143
    57      H                  0.242
    58      H                  0.159
    59      H                  0.152
    60      H                  0.128
    61      H                  0.136
    62      H                  0.128
    63      H                  0.136
    64      H                  0.142
    65      H                  0.143
 Total Mulliken Charge =       1.000
 
                  X        Y        Z     TOTAL  
  QM DIPOLE     0.104   -2.137  -29.630   29.707
 
 Final Structure

  QMMM: QM Region Cartesian Coordinates (*=link atom) 
  QMMM: QM_NO.   MM_NO.  ATOM         X         Y         Z
  QMMM:     1        1      C        0.2400    1.3596    2.1788
  QMMM:     2        2      C        1.2318    0.3749    1.5419
  QMMM:     3        3      O        1.2373   -0.9117    2.1824
  QMMM:     4        4      C        1.3804   -0.8509    3.5623
  QMMM:     5        5      C        1.8332   -2.0303    4.1729
  QMMM:     6        6      C        1.9463   -2.0807    5.5568
  QMMM:     7        7      C        1.6119   -0.9499    6.3175
  QMMM:     8        8      O        1.6996   -0.9251    7.6908
  QMMM:     9        9      C        1.1654    0.2301    5.7049
  QMMM:    10       10      C        1.0485    0.2872    4.3138
  QMMM:    11       11      C        0.5733    1.5474    3.6673
  QMMM:    12       12      C        1.5994    2.6543    3.8429
  QMMM:    13       13      C       -1.2028    1.0196    1.9827
  QMMM:    14       14      C       -2.0684    2.0014    1.4829
  QMMM:    15       15      C       -3.4239    1.7376    1.3068
  QMMM:    16       16      C       -3.9236    0.4701    1.6354
  QMMM:    17       17      O       -5.2446    0.1252    1.4698
  QMMM:    18       18      C       -3.0719   -0.5255    2.1419
  QMMM:    19       19      C       -1.7226   -0.2395    2.3126
  QMMM:    20       20      C        0.9636    0.1420    0.0843
  QMMM:    21       21      C        0.3555   -1.0343   -0.3675
  QMMM:    22       22      C        0.1255   -1.2343   -1.7276
  QMMM:    23       23      C        0.5070   -0.2380   -2.6307
  QMMM:    24       24      C        1.1135    0.9495   -2.1989
  QMMM:    25       25      C        1.3459    1.1255   -0.8376
  QMMM:    26       26      O        0.3770   -0.3858   -4.0135
  QMMM:    27       27      C       -0.7750   -1.1177   -4.4258
  QMMM:    28       28      C       -1.0906   -0.6790   -5.8594
  QMMM:    29       29      N        0.0303   -0.9261   -6.8118
  QMMM:    30       30      C        1.1910    0.0225   -6.6268
  QMMM:    31       31      C        1.7698    0.3229   -8.0094
  QMMM:    32       32      C        0.7673   -0.1937   -9.0342
  QMMM:    33       33      C       -0.4006   -0.7970   -8.2498
  QMMM:    34       34      H        0.4285    2.3482    1.6611
  QMMM:    35       35      H        2.2695    0.8115    1.6603
  QMMM:    36       36      H        2.0876   -2.9012    3.5524
  QMMM:    37       37      H        2.2965   -2.9987    6.0501
  QMMM:    38       38      H        2.0144   -1.7920    7.9864
  QMMM:    39       39      H        0.9075    1.0998    6.3272
  QMMM:    40       40      H       -0.3743    1.8663    4.1937
  QMMM:    41       41      H        2.5362    2.4212    3.2823
  QMMM:    42       42      H        1.8553    2.7709    4.9241
  QMMM:    43       43      H        1.1897    3.6230    3.4682
  QMMM:    44       44      H       -1.6806    3.0003    1.2297
  QMMM:    45       45      H       -4.0967    2.5178    0.9245
  QMMM:    46       46      H       -5.7382    0.9286    1.2488
  QMMM:    47       47      H       -3.4834   -1.5103    2.4049
  QMMM:    48       48      H       -1.0499   -1.0146    2.7167
  QMMM:    49       49      H        0.0588   -1.8067    0.3623
  QMMM:    50       50      H       -0.3473   -2.1634   -2.0738
  QMMM:    51       51      H        1.4086    1.7178   -2.9262
  QMMM:    52       52      H        1.8309    2.0495   -0.4850
  QMMM:    53       53      H       -1.6628   -0.8852   -3.7781
  QMMM:    54       54      H       -0.5475   -2.2163   -4.3734
  QMMM:    55       55      H       -1.3306    0.4223   -5.8751
  QMMM:    56       56      H       -1.9882   -1.2593   -6.2195
  QMMM:    57       57      H        0.3763   -1.8796   -6.6549
  QMMM:    58       58      H        1.9390   -0.4577   -5.9363
  QMMM:    59       59      H        0.8164    0.9583   -6.1255
  QMMM:    60       60      H        2.7633   -0.1781   -8.1356
  QMMM:    61       61      H        1.9322    1.4252   -8.1213
  QMMM:    62       62      H        1.2346   -0.9666   -9.6960
  QMMM:    63       63      H        0.3958    0.6333   -9.6913
  QMMM:    64       64      H       -1.3010   -0.1236   -8.2986
  QMMM:    65       65      H       -0.6866   -1.8125   -8.6370

           --------- Calculation Completed ----------

