
          -------------------------------------------------------
          Amber 16 SANDER                              2016
          -------------------------------------------------------

| Run on 08/12/2016 at 19:24:38

|   Executable path: sander
| Working directory: /net/roos/home4/zuckerman/spiriti/estrogen-receptor2/ligands5/pti
|          Hostname: n000.dcb.private.net

  [-O]verwriting output

File Assignments:
|  MDIN: ../amber.in                                                           
| MDOUT: amber.out                                                             
|INPCRD: pti.inpcrd                                                            
|  PARM: pti.prm7                                                              
|RESTRT: restrt                                                                
|  REFC: refc                                                                  
| MDVEL: mdvel                                                                 
| MDFRC: mdfrc                                                                 
|  MDEN: mden                                                                  
| MDCRD: mdcrd                                                                 
|MDINFO: mdinfo                                                                
|  MTMD: mtmd                                                                  
|INPDIP: inpdip                                                                
|RSTDIP: rstdip                                                                
|INPTRA: inptraj                                                               


 Here is the input file:

test file                                                                      
&cntrl                                                                         
imin=1, maxcyc=1,                                                              
ntpr=5, cut=99, igb=0, ntb=0                                                   
/                                                                              

--------------------------------------------------------------------------------
   1.  RESOURCE   USE: 
--------------------------------------------------------------------------------

| Flags:                                                                        
|    NONPERIODIC   ntb=0 and igb=0: Setting up nonperiodic simulation
|  *** cutoff > system size, list only builds once
|Largest sphere to fit in unit cell has radius =    32.543
| New format PARM file being parsed.
| Version =    1.000 Date = 07/07/16 Time = 01:10:39
 NATOM  =      65 NTYPES =      11 NBONH =      33 MBONA  =      36
 NTHETH =      76 MTHETA =      49 NPHIH =     140 MPHIA  =      77
 NHPARM =       0 NPARM  =       0 NNB   =     375 NRES   =       1
 NBONA  =      36 NTHETA =      49 NPHIA =      77 NUMBND =      15
 NUMANG =      30 NPTRA  =      12 NATYP =      12 NPHB   =       0
 IFBOX  =       0 NMXRS  =      65 IFCAP =       0 NEXTRA =       0
 NCOPY  =       0


|     Memory Use     Allocated
|     Real                9538
|     Hollerith            198
|     Integer            32705
|     Max Pairs           2080
|     nblistReal           780
|     nblist Int       1105984
|       Total             4537 kbytes

| Note: 1-4 EEL scale factors are being read from the topology file.

| Note: 1-4 VDW scale factors are being read from the topology file.
| Duplicated    0 dihedrals
| Duplicated    0 dihedrals

--------------------------------------------------------------------------------
   2.  CONTROL  DATA  FOR  THE  RUN
--------------------------------------------------------------------------------

default_name                                                                    

General flags:
     imin    =       1, nmropt  =       0

Nature and format of input:
     ntx     =       1, irest   =       0, ntrx    =       1

Nature and format of output:
     ntxo    =       2, ntpr    =       5, ntrx    =       1, ntwr    =       1
     iwrap   =       0, ntwx    =       0, ntwv    =       0, ntwe    =       0
     ioutfm  =       1, ntwprt  =       0, idecomp =       0, rbornstat=      0

Potential function:
     ntf     =       1, ntb     =       0, igb     =       0, nsnb    =      25
     ipol    =       0, gbsa    =       0, iesp    =       0
     dielc   =   1.00000, cut     =  99.00000, intdiel =   1.00000

Frozen or restrained atoms:
     ibelly  =       0, ntr     =       0

Energy minimization:
     maxcyc  =       1, ncyc    =      10, ntmin   =       1
     dx0     =   0.01000, drms    =   0.00010
|  INFO: Old style inpcrd file read


--------------------------------------------------------------------------------
   3.  ATOMIC COORDINATES AND VELOCITIES
--------------------------------------------------------------------------------

default_name                                                                    
 begin time read from input coords =     0.000 ps

 Number of triangulated 3-point waters found:        0

     Sum of charges from parm topology file =   1.00100000

--------------------------------------------------------------------------------
   4.  RESULTS
--------------------------------------------------------------------------------

 ---------------------------------------------------

     eedmeth=4: Setting switch to one everywhere

 ---------------------------------------------------
| Local SIZE OF NONBOND LIST =       1707
| TOTAL SIZE OF NONBOND LIST =       1707


   NSTEP       ENERGY          RMS            GMAX         NAME    NUMBER
      1       1.3261E+02     2.0401E+01     1.1617E+02     C21        21

 BOND    =       20.4014  ANGLE   =       15.7663  DIHED      =        8.8901
 VDWAALS =       19.8612  EEL     =       40.5112  HBOND      =        0.0000
 1-4 VDW =       38.4664  1-4 EEL =      -11.2882  RESTRAINT  =        0.0000


  Maximum number of minimization cycles reached.


                    FINAL RESULTS



   NSTEP       ENERGY          RMS            GMAX         NAME    NUMBER
      1       1.3261E+02     2.0401E+01     1.1617E+02     C21        21

 BOND    =       20.4014  ANGLE   =       15.7663  DIHED      =        8.8901
 VDWAALS =       19.8612  EEL     =       40.5112  HBOND      =        0.0000
 1-4 VDW =       38.4664  1-4 EEL =      -11.2882  RESTRAINT  =        0.0000

--------------------------------------------------------------------------------
   5.  TIMINGS
--------------------------------------------------------------------------------

|    Read coords time           0.00 ( 0.37% of Total)
|                Build the list             0.00 (96.02% of List )
|                Other                      0.00 ( 3.98% of List )
|             List time                  0.00 (69.72% of Nonbo)
|                   Short_ene time             0.00 (97.86% of Direc)
|                   Other                      0.00 ( 2.14% of Direc)
|                Direct Ewald time          0.00 (90.33% of Ewald)
|                Virial junk                0.00 ( 1.07% of Ewald)
|                Start synchronizatio       0.00 ( 0.65% of Ewald)
|                Other                      0.00 ( 7.94% of Ewald)
|             Ewald time                 0.00 (30.03% of Nonbo)
|             Other                      0.00 ( 0.25% of Nonbo)
|          Nonbond force              0.00 (82.55% of Force)
|          Bond/Angle/Dihedral        0.00 (16.33% of Force)
|          Other                      0.00 ( 1.12% of Force)
|       Force time                 0.00 (100.0% of Runmd)
|    Runmd Time                 0.00 ( 0.34% of Total)
|    Other                      0.55 (99.29% of Total)
| Total time                 0.55 (99.89% of ALL  )

| Number of list builds   :          1

| Highest rstack allocated:        275
| Highest istack allocated:         55
|           Job began  at 19:24:38.762  on 08/12/2016
|           Setup done at 19:24:38.936  on 08/12/2016
|           Run   done at 19:24:39.318  on 08/12/2016
|     wallclock() was called      58 times
