            --------------------------------------------------------
                             AMBER SQM VERSION 14
 
                                     By
              Ross C. Walker, Michael F. Crowley, Scott Brozell,
                         Tim Giese, Andreas W. Goetz,
                        Tai-Sung Lee and David A. Case
 
            --------------------------------------------------------
 

--------------------------------------------------------------------------------
  QM CALCULATION INFO
--------------------------------------------------------------------------------

| QMMM: Citation for AMBER QMMM Run:
| QMMM: R.C. Walker, M.F. Crowley and D.A. Case, J. COMP. CHEM. 29:1019, 2008

QMMM: SINGLET STATE CALCULATION
QMMM: RHF CALCULATION, NO. OF DOUBLY OCCUPIED LEVELS = 83

| QMMM: *** Selected Hamiltonian *** 
| QMMM: AM1         

| QMMM: *** Parameter sets in use ***
| QMMM: C : M.J.S.DEWAR et al. JACS, 107, 3902, (1985)
| QMMM: N : M.J.S.DEWAR et al. JACS, 107, 3902, (1985)
| QMMM: O : M.J.S.DEWAR et al. JACS, 107, 3902, (1985)
| QMMM: H : M.J.S.DEWAR et al. JACS, 107, 3902, (1985)

| QMMM: *** SCF convergence criteria ***
| QMMM: Energy change                :  0.1D-09 kcal/mol
| QMMM: Error matrix |FP-PF|         :  0.1D+00 au
| QMMM: Density matrix change        :  0.5D-06
| QMMM: Maximum number of SCF cycles :     1000

| QMMM: *** Diagonalization Routine Information ***
| QMMM: Pseudo diagonalizations are allowed.
| QMMM: Auto diagonalization routine selection is in use.
| QMMM:
| QMMM: Timing diagonalization routines:
| QMMM:                              norbs =      161
| QMMM:    diag iterations used for timing =        5
| QMMM:
| QMMM:              Internal diag routine = 0.069953 seconds
| QMMM:                 Dspev diag routine = 0.112023 seconds
| QMMM:                Dspevd diag routine = 0.071139 seconds
| QMMM:                Dspevx diag routine = 0.227239 seconds
| QMMM:                 Dsyev diag routine = 0.118427 seconds
| QMMM:                Dsyevd diag routine = 0.080827 seconds
| QMMM:                Dsyevr diag routine = 0.071014 seconds
| QMMM:
| QMMM:                Pseudo diag routine = 0.043154 seconds
| QMMM:
| QMMM: Using internal diagonalization routine (diag_routine=1).

  QMMM: QM Region Cartesian Coordinates (*=link atom) 
  QMMM: QM_NO.   MM_NO.  ATOM         X         Y         Z
  QMMM:     1        1      C       -0.6390    0.0460    7.0130
  QMMM:     2        2      C        0.5240   -0.5400    7.8150
  QMMM:     3        3      C        1.7740    0.3150    7.5880
  QMMM:     4        4      N       -0.3170    0.0220    5.5820
  QMMM:     5        5      C        2.0510    0.4010    6.0840
  QMMM:     6        6      C        0.8080    0.9380    5.3730
  QMMM:     7        7      C       -1.4700    0.6030    4.8810
  QMMM:     8        8      C       -1.2010    0.6100    3.3750
  QMMM:     9        9      O       -0.9930   -0.7290    2.9220
  QMMM:    10       10      C       -0.7600   -0.6600    1.5850
  QMMM:    11       11      C       -0.5210   -1.8190    0.8610
  QMMM:    12       12      C       -0.2830   -1.7460   -0.4970
  QMMM:    13       13      C       -0.2840   -0.5200   -1.1350
  QMMM:    14       14      C       -0.5170    0.6360   -0.4150
  QMMM:    15       15      C       -0.7600    0.5680    0.9420
  QMMM:    16       16      C       -0.0260   -0.4440   -2.6180
  QMMM:    17       17      N       -0.7640    0.6900   -3.1780
  QMMM:    18       18      C       -0.4110    0.7600   -4.6030
  QMMM:    19       19      C        1.0040    1.3250   -4.7310
  QMMM:    20       20      C        1.9390    0.5390   -3.8460
  QMMM:    21       21      C        1.4520   -0.2870   -2.8560
  QMMM:    22       22      C        2.3350   -0.9970   -2.0550
  QMMM:    23       23      C        3.6960   -0.8810   -2.2460
  QMMM:    24       24      C        4.1870   -0.0500   -3.2420
  QMMM:    25       25      C        3.3040    0.6640   -4.0370
  QMMM:    26       26      O        5.5270    0.0670   -3.4350
  QMMM:    27       27      C       -2.1190    0.3560   -3.1160
  QMMM:    28       28      C       -3.0060    1.1700   -2.4230
  QMMM:    29       29      C       -4.3450    0.8380   -2.3640
  QMMM:    30       30      C       -4.8040   -0.3040   -2.9940
  QMMM:    31       31      C       -3.9240   -1.1170   -3.6850
  QMMM:    32       32      C       -2.5840   -0.7870   -3.7520
  QMMM:    33       33      H       -0.8100    1.0560    7.3220
  QMMM:    34       34      H       -1.5180   -0.5380    7.1870
  QMMM:    35       35      H        0.7130   -1.5420    7.4920
  QMMM:    36       36      H        0.2760   -0.5450    8.8560
  QMMM:    37       37      H        2.6100   -0.1340    8.0820
  QMMM:    38       38      H        1.6180    1.2970    7.9840
  QMMM:    39       39      H       -0.1020   -0.9210    5.2580
  QMMM:    40       40      H        2.2860   -0.5730    5.7070
  QMMM:    41       41      H        2.8770    1.0580    5.9080
  QMMM:    42       42      H        0.5600    1.9010    5.7690
  QMMM:    43       43      H        1.0080    1.0200    4.3250
  QMMM:    44       44      H       -1.6250    1.6060    5.2200
  QMMM:    45       45      H       -2.3430    0.0180    5.0850
  QMMM:    46       46      H       -0.3290    1.1950    3.1710
  QMMM:    47       47      H       -2.0410    1.0330    2.8650
  QMMM:    48       48      H       -0.5210   -2.7350    1.3370
  QMMM:    49       49      H       -0.1040   -2.6080   -1.0360
  QMMM:    50       50      H       -0.5090    1.5510   -0.8920
  QMMM:    51       51      H       -0.9420    1.4310    1.4780
  QMMM:    52       52      H       -0.3580   -1.3410   -3.0980
  QMMM:    53       53      H       -1.1010    1.3990   -5.1140
  QMMM:    54       54      H       -0.4540   -0.2170   -5.0370
  QMMM:    55       55      H        1.0070    2.3520   -4.4310
  QMMM:    56       56      H        1.3280    1.2510   -5.7480
  QMMM:    57       57      H        1.9720   -1.6150   -1.3130
  QMMM:    58       58      H        4.3480   -1.4120   -1.6480
  QMMM:    59       59      H        3.6650    1.2900   -4.7730
  QMMM:    60       60      H        6.1220   -0.4170   -2.8960
  QMMM:    61       61      H       -2.6640    2.0230   -1.9520
  QMMM:    62       62      H       -5.0040    1.4430   -1.8490
  QMMM:    63       63      H       -5.8050   -0.5500   -2.9490
  QMMM:    64       64      H       -4.2690   -1.9710   -4.1510
  QMMM:    65       65      H       -1.9290   -1.3900   -4.2740

--------------------------------------------------------------------------------
  RESULTS
--------------------------------------------------------------------------------

      iter         sqm energy              rms gradient
      ----    -------------------    -----------------------
xmin    10      144.2122 kcal/mol        1.5329 kcal/(mol*A)
xmin    20      142.6659 kcal/mol        2.1989 kcal/(mol*A)
xmin    30      141.4272 kcal/mol        0.4334 kcal/(mol*A)
xmin    40      141.3177 kcal/mol        0.3322 kcal/(mol*A)
xmin    50      141.0057 kcal/mol        0.6238 kcal/(mol*A)
xmin    60      140.8361 kcal/mol        0.2151 kcal/(mol*A)
xmin    70      140.7300 kcal/mol        0.0790 kcal/(mol*A)
xmin    80      140.7091 kcal/mol        0.0254 kcal/(mol*A)
xmin    90      140.7049 kcal/mol        0.0735 kcal/(mol*A)
xmin   100      140.6976 kcal/mol        0.0209 kcal/(mol*A)
xmin   110      140.6889 kcal/mol        0.0371 kcal/(mol*A)
xmin   120      140.6794 kcal/mol        0.0872 kcal/(mol*A)
xmin   130      140.6747 kcal/mol        0.0145 kcal/(mol*A)
xmin   140      140.6732 kcal/mol        0.0048 kcal/(mol*A)
xmin   150      140.6721 kcal/mol        0.0077 kcal/(mol*A)
xmin   160      140.6711 kcal/mol        0.0071 kcal/(mol*A)
xmin   170      140.6710 kcal/mol        0.0071 kcal/(mol*A)
xmin   180      140.6709 kcal/mol        0.0039 kcal/(mol*A)
xmin   190      140.6707 kcal/mol        0.0018 kcal/(mol*A)
xmin   200      140.6707 kcal/mol        0.0023 kcal/(mol*A)
xmin   210      140.6707 kcal/mol        0.0017 kcal/(mol*A)
xmin   220      140.6706 kcal/mol        0.0019 kcal/(mol*A)
  ... geometry converged !
 
 Final MO eigenvalues (eV):
 -45.7904  -43.2875  -42.6734  -41.3745  -40.7839  -39.9170  -39.3005  -38.0335
 -36.3253  -35.8478  -34.8648  -34.0838  -33.8567  -32.9747  -32.3778  -31.3803
 -30.6657  -30.0346  -28.7706  -27.8730  -27.1983  -26.1619  -25.8921  -25.4055
 -25.0294  -24.6785  -24.1816  -23.8893  -22.4484  -22.0176  -21.9468  -21.5052
 -21.1585  -20.1463  -20.1340  -19.7544  -19.6644  -19.2525  -19.0891  -19.0249
 -18.9133  -18.7030  -18.3426  -17.9315  -17.8516  -17.7039  -17.6480  -17.4701
 -17.4254  -17.2846  -16.9515  -16.7732  -16.7353  -16.5264  -16.4630  -16.4301
 -16.2113  -16.1567  -15.8557  -15.7540  -15.7201  -15.6870  -15.6296  -15.3414
 -15.2923  -15.0409  -14.9138  -14.7627  -14.5117  -14.3670  -14.0639  -14.0136
 -13.5662  -13.5033  -13.3520  -13.2954  -12.0831  -11.5863  -11.2672  -11.2282
 -11.1127  -10.9173  -10.5136   -3.5646   -2.0783   -1.8148   -1.5670   -1.4010
  -1.3657   -1.2675   -1.1743   -1.1493   -0.9892   -0.9764   -0.7521   -0.6652
  -0.4583   -0.3897   -0.3307   -0.3025   -0.2191   -0.1486    0.0719    0.1865
   0.3780    0.4114    0.4953    0.5218    0.5575    0.6702    0.8425    0.8872
   1.0606    1.1579    1.2132    1.3061    1.3389    1.4242    1.4674    1.5455
   1.8082    1.8653    2.0635    2.0906    2.1407    2.2033    2.2743    2.3368
   2.4323    2.4429    2.4625    2.5408    2.6187    2.6308    2.6484    2.7701
   2.8615    2.9068    2.9279    3.0010    3.0682    3.1159    3.1540    3.2345
   3.2534    3.2974    3.4350    3.5200    3.5818    3.6314    3.7459    3.7635
   3.8749    3.9924    4.0151    4.1583    4.2181    4.3413    4.4330    4.7997
   4.8408

 Heat of formation   =        140.67064691 kcal/mol  (        6.09993699 eV)

 Total SCF energy    =    -117307.87914988 kcal/mol  (    -5086.85135726 eV)
 Electronic energy   =   -1034917.54417479 kcal/mol  (   -44877.39231494 eV)
 Core-core repulsion =     917609.66502491 kcal/mol  (    39790.54095767 eV)
 
    Atomic Charges for Step       1 :
  Atom    Element       Mulliken Charge
     1      C                 -0.124
     2      C                 -0.184
     3      C                 -0.176
     4      N                 -0.003
     5      C                 -0.185
     6      C                 -0.125
     7      C                 -0.137
     8      C                 -0.041
     9      O                 -0.263
    10      C                  0.027
    11      C                 -0.138
    12      C                 -0.102
    13      C                 -0.050
    14      C                 -0.065
    15      C                 -0.175
    16      C                  0.077
    17      N                 -0.238
    18      C                 -0.055
    19      C                 -0.129
    20      C                 -0.026
    21      C                 -0.129
    22      C                 -0.080
    23      C                 -0.214
    24      C                  0.093
    25      C                 -0.154
    26      O                 -0.245
    27      C                  0.001
    28      C                 -0.109
    29      C                 -0.131
    30      C                 -0.125
    31      C                 -0.121
    32      C                 -0.154
    33      H                  0.137
    34      H                  0.140
    35      H                  0.112
    36      H                  0.139
    37      H                  0.130
    38      H                  0.104
    39      H                  0.262
    40      H                  0.113
    41      H                  0.139
    42      H                  0.135
    43      H                  0.143
    44      H                  0.143
    45      H                  0.148
    46      H                  0.101
    47      H                  0.138
    48      H                  0.141
    49      H                  0.147
    50      H                  0.159
    51      H                  0.135
    52      H                  0.094
    53      H                  0.103
    54      H                  0.071
    55      H                  0.101
    56      H                  0.107
    57      H                  0.132
    58      H                  0.139
    59      H                  0.158
    60      H                  0.223
    61      H                  0.139
    62      H                  0.134
    63      H                  0.138
    64      H                  0.139
    65      H                  0.137
 Total Mulliken Charge =       1.000
 
                  X        Y        Z     TOTAL  
  QM DIPOLE    -0.791    1.468   25.059   25.114
 
 Final Structure

  QMMM: QM Region Cartesian Coordinates (*=link atom) 
  QMMM: QM_NO.   MM_NO.  ATOM         X         Y         Z
  QMMM:     1        1      C       -0.8100   -0.2352    6.9687
  QMMM:     2        2      C        0.1416   -0.9967    7.8829
  QMMM:     3        3      C        1.2542   -0.1051    8.3902
  QMMM:     4        4      N       -0.0917    0.4245    5.8294
  QMMM:     5        5      C        1.9719    0.5778    7.2461
  QMMM:     6        6      C        0.9942    1.3212    6.3448
  QMMM:     7        7      C       -1.0501    1.1643    4.9507
  QMMM:     8        8      C       -0.4728    1.4936    3.5683
  QMMM:     9        9      O        0.0543    0.2786    3.0401
  QMMM:    10       10      C       -0.0363    0.1585    1.6513
  QMMM:    11       11      C       -0.3084   -1.1237    1.1596
  QMMM:    12       12      C       -0.3291   -1.3197   -0.2200
  QMMM:    13       13      C       -0.0906   -0.2544   -1.0955
  QMMM:    14       14      C        0.1721    1.0210   -0.5825
  QMMM:    15       15      C        0.2043    1.2368    0.7936
  QMMM:    16       16      C       -0.1148   -0.4984   -2.5957
  QMMM:    17       17      N       -1.0591    0.4315   -3.2331
  QMMM:    18       18      C       -0.5943    1.0860   -4.4488
  QMMM:    19       19      C        0.8121    1.6646   -4.3219
  QMMM:    20       20      C        1.7654    0.6005   -3.9157
  QMMM:    21       21      C        1.3073   -0.4484   -3.1034
  QMMM:    22       22      C        2.1821   -1.4802   -2.7479
  QMMM:    23       23      C        3.5057   -1.4692   -3.1755
  QMMM:    24       24      C        3.9575   -0.4076   -3.9734
  QMMM:    25       25      C        3.0895    0.6293   -4.3510
  QMMM:    26       26      O        5.2513   -0.3160   -4.4273
  QMMM:    27       27      C       -2.3693   -0.1366   -3.4055
  QMMM:    28       28      C       -3.4587    0.4833   -2.7627
  QMMM:    29       29      C       -4.7442   -0.0334   -2.9109
  QMMM:    30       30      C       -4.9680   -1.1647   -3.6931
  QMMM:    31       31      C       -3.8963   -1.7835   -4.3361
  QMMM:    32       32      C       -2.6069   -1.2777   -4.1991
  QMMM:    33       33      H       -1.3428    0.5706    7.5487
  QMMM:    34       34      H       -1.5753   -0.9407    6.5357
  QMMM:    35       35      H        0.5715   -1.8821    7.3435
  QMMM:    36       36      H       -0.4604   -1.3904    8.7459
  QMMM:    37       37      H        1.9874   -0.7206    8.9768
  QMMM:    38       38      H        0.8342    0.6660    9.0896
  QMMM:    39       39      H        0.3530   -0.3120    5.2575
  QMMM:    40       40      H        2.5550   -0.1737    6.6503
  QMMM:    41       41      H        2.7050    1.3299    7.6447
  QMMM:    42       42      H        0.5058    2.1602    6.9167
  QMMM:    43       43      H        1.5361    1.7497    5.4539
  QMMM:    44       44      H       -1.3518    2.1192    5.4645
  QMMM:    45       45      H       -1.9605    0.5109    4.8174
  QMMM:    46       46      H        0.3613    2.2416    3.6367
  QMMM:    47       47      H       -1.2976    1.9068    2.9286
  QMMM:    48       48      H       -0.4915   -1.9570    1.8510
  QMMM:    49       49      H       -0.5425   -2.3247   -0.6176
  QMMM:    50       50      H        0.3559    1.8595   -1.2739
  QMMM:    51       51      H        0.4201    2.2369    1.1937
  QMMM:    52       52      H       -0.4714   -1.5679   -2.7562
  QMMM:    53       53      H       -1.3192    1.9230   -4.6602
  QMMM:    54       54      H       -0.6139    0.3829   -5.3329
  QMMM:    55       55      H        0.8282    2.4910   -3.5611
  QMMM:    56       56      H        1.1049    2.1075   -5.3101
  QMMM:    57       57      H        1.8202   -2.3093   -2.1202
  QMMM:    58       58      H        4.1883   -2.2838   -2.8962
  QMMM:    59       59      H        3.4611    1.4443   -4.9886
  QMMM:    60       60      H        5.7278   -1.1094   -4.1411
  QMMM:    61       61      H       -3.2993    1.3813   -2.1466
  QMMM:    62       62      H       -5.5887    0.4619   -2.4085
  QMMM:    63       63      H       -5.9860   -1.5654   -3.8078
  QMMM:    64       64      H       -4.0694   -2.6730   -4.9607
  QMMM:    65       65      H       -1.7734   -1.7719   -4.7225

           --------- Calculation Completed ----------

