            --------------------------------------------------------
                             AMBER SQM VERSION 14
 
                                     By
              Ross C. Walker, Michael F. Crowley, Scott Brozell,
                         Tim Giese, Andreas W. Goetz,
                        Tai-Sung Lee and David A. Case
 
            --------------------------------------------------------
 

--------------------------------------------------------------------------------
  QM CALCULATION INFO
--------------------------------------------------------------------------------

| QMMM: Citation for AMBER QMMM Run:
| QMMM: R.C. Walker, M.F. Crowley and D.A. Case, J. COMP. CHEM. 29:1019, 2008

QMMM: SINGLET STATE CALCULATION
QMMM: RHF CALCULATION, NO. OF DOUBLY OCCUPIED LEVELS = 65

| QMMM: *** Selected Hamiltonian *** 
| QMMM: AM1         

| QMMM: *** Parameter sets in use ***
| QMMM: C : M.J.S.DEWAR et al. JACS, 107, 3902, (1985)
| QMMM: N : M.J.S.DEWAR et al. JACS, 107, 3902, (1985)
| QMMM: O : M.J.S.DEWAR et al. JACS, 107, 3902, (1985)
| QMMM: F : M.J.S.DEWAR et al. THEOCHEM, 180, 1, (1988)
| QMMM: H : M.J.S.DEWAR et al. JACS, 107, 3902, (1985)

| QMMM: *** SCF convergence criteria ***
| QMMM: Energy change                :  0.1D-09 kcal/mol
| QMMM: Error matrix |FP-PF|         :  0.1D+00 au
| QMMM: Density matrix change        :  0.5D-06
| QMMM: Maximum number of SCF cycles :     1000

| QMMM: *** Diagonalization Routine Information ***
| QMMM: Pseudo diagonalizations are allowed.
| QMMM: Auto diagonalization routine selection is in use.
| QMMM:
| QMMM: Timing diagonalization routines:
| QMMM:                              norbs =      115
| QMMM:    diag iterations used for timing =       10
| QMMM:
| QMMM:              Internal diag routine = 0.054738 seconds
| QMMM:                 Dspev diag routine = 0.093711 seconds
| QMMM:                Dspevd diag routine = 0.061173 seconds
| QMMM:                Dspevx diag routine = 0.200659 seconds
| QMMM:                 Dsyev diag routine = 0.100990 seconds
| QMMM:                Dsyevd diag routine = 0.071585 seconds
| QMMM:                Dsyevr diag routine = 0.063972 seconds
| QMMM:
| QMMM:                Pseudo diag routine = 0.029812 seconds
| QMMM:
| QMMM: Using internal diagonalization routine (diag_routine=1).

  QMMM: QM Region Cartesian Coordinates (*=link atom) 
  QMMM: QM_NO.   MM_NO.  ATOM         X         Y         Z
  QMMM:     1        1      C       -3.5360    4.4980   -0.1900
  QMMM:     2        2      C       -3.6010    3.1960   -0.0610
  QMMM:     3        3      C       -2.3950    2.3470   -0.3720
  QMMM:     4        4      C       -2.0620    1.4720    0.8380
  QMMM:     5        5      N       -0.9110    0.6220    0.5230
  QMMM:     6        6      N        0.4300    1.0130    0.6020
  QMMM:     7        7      C        1.2080    0.0170    0.2550
  QMMM:     8        8      C        2.6880    0.0390    0.2050
  QMMM:     9        9      C        3.4210   -1.0130    0.7500
  QMMM:    10       10      C        4.8000   -0.9910    0.7020
  QMMM:    11       11      C        5.4600    0.0780    0.1110
  QMMM:    12       12      O        6.8180    0.0940    0.0670
  QMMM:    13       13      C        4.7380    1.1290   -0.4350
  QMMM:    14       14      C        3.3550    1.1130   -0.3960
  QMMM:    15       15      O        2.6460    2.1410   -0.9300
  QMMM:    16       16      C        0.3450   -1.1210   -0.0820
  QMMM:    17       17      C        0.5890   -2.4270   -0.5110
  QMMM:    18       18      C       -0.4580   -3.2710   -0.7470
  QMMM:    19       19      C       -1.7660   -2.8430   -0.5630
  QMMM:    20       20      C       -2.0320   -1.5600   -0.1400
  QMMM:    21       21      C       -3.4550   -1.1070    0.0560
  QMMM:    22       22      F       -3.6860    0.0470   -0.7000
  QMMM:    23       23      F       -4.3280   -2.1180   -0.3600
  QMMM:    24       24      F       -3.6740   -0.8300    1.4090
  QMMM:    25       25      C       -0.9780   -0.6840    0.1110
  QMMM:    26       26      H       -4.3620    5.0790    0.0230
  QMMM:    27       27      H       -2.6590    4.9420   -0.5050
  QMMM:    28       28      H       -4.4780    2.7520    0.2530
  QMMM:    29       29      H       -2.6060    1.7240   -1.2160
  QMMM:    30       30      H       -1.5610    2.9800   -0.5950
  QMMM:    31       31      H       -2.9050    0.8570    1.0770
  QMMM:    32       32      H       -1.8270    2.0950    1.6750
  QMMM:    33       33      H        2.9330   -1.8090    1.1900
  QMMM:    34       34      H        5.3420   -1.7710    1.1060
  QMMM:    35       35      H        7.3070   -0.6150    0.4350
  QMMM:    36       36      H        5.2330    1.9230   -0.8700
  QMMM:    37       37      H        3.0930    2.8600   -1.3320
  QMMM:    38       38      H        1.5580   -2.7540   -0.6490
  QMMM:    39       39      H       -0.2760   -4.2360   -1.0650
  QMMM:    40       40      H       -2.5470   -3.4930   -0.7450

--------------------------------------------------------------------------------
  RESULTS
--------------------------------------------------------------------------------

      iter         sqm energy              rms gradient
      ----    -------------------    -----------------------
xmin    10     -114.3752 kcal/mol        0.6887 kcal/(mol*A)
xmin    20     -114.5179 kcal/mol        0.1297 kcal/(mol*A)
xmin    30     -114.6017 kcal/mol        0.0493 kcal/(mol*A)
xmin    40     -114.6092 kcal/mol        0.0395 kcal/(mol*A)
xmin    50     -114.6111 kcal/mol        0.0468 kcal/(mol*A)
xmin    60     -114.6016 kcal/mol        0.2465 kcal/(mol*A)
xmin    70     -114.6145 kcal/mol        0.0336 kcal/(mol*A)
xmin    80     -114.6149 kcal/mol        0.0151 kcal/(mol*A)
xmin    90     -114.6152 kcal/mol        0.0202 kcal/(mol*A)
xmin   100     -114.6155 kcal/mol        0.0072 kcal/(mol*A)
xmin   110     -114.6155 kcal/mol        0.0057 kcal/(mol*A)
xmin   120     -114.6156 kcal/mol        0.0056 kcal/(mol*A)
xmin   130     -114.6156 kcal/mol        0.0055 kcal/(mol*A)
xmin   140     -114.6156 kcal/mol        0.0019 kcal/(mol*A)
xmin   150     -114.6156 kcal/mol        0.0007 kcal/(mol*A)
  ... geometry converged !
 
 Final MO eigenvalues (eV):
 -51.9709  -48.5332  -48.5308  -42.0537  -40.8276  -39.1337  -38.3539  -37.0852
 -36.2637  -34.1887  -32.3112  -31.3954  -30.9691  -30.6044  -28.5363  -26.9554
 -25.0470  -24.2554  -24.0548  -23.4023  -22.6052  -21.2156  -20.6460  -20.0490
 -19.4142  -19.3408  -19.1937  -18.4851  -17.8373  -17.5204  -17.0139  -16.6689
 -16.4720  -16.3716  -15.8642  -15.7070  -15.4845  -15.3777  -15.3607  -15.0579
 -14.9277  -14.6896  -14.6794  -14.6338  -14.4151  -14.3943  -14.2934  -14.0428
 -13.7712  -13.5965  -13.3069  -13.1029  -12.8988  -12.6175  -12.4217  -12.3318
 -12.0559  -11.9075  -11.7083  -11.1671  -10.1995   -9.8437   -9.7150   -9.4473
  -8.7413   -0.6184   -0.0108    0.0419    0.1520    1.0941    1.3166    1.4995
   1.6697    2.2673    2.4762    2.5098    2.9027    2.9225    3.1372    3.2003
   3.4209    3.4925    3.5186    3.5763    3.6399    3.6822    3.7463    3.8500
   3.9258    3.9877    4.0687    4.1216    4.1667    4.2563    4.3040    4.3750
   4.3930    4.4168    4.6057    4.6867    4.8260    4.8384    4.9606    4.9940
   5.0147    5.0977    5.2335    5.3921    5.4686    5.5405    5.7655    5.7995
   5.9225    6.0789    6.6496

 Heat of formation   =       -114.61558591 kcal/mol  (       -4.97010476 eV)

 Total SCF energy    =    -115747.44447721 kcal/mol  (    -5019.18583224 eV)
 Electronic energy   =    -764033.67774420 kcal/mol  (   -33130.98641621 eV)
 Core-core repulsion =     648286.23326699 kcal/mol  (    28111.80058397 eV)
 
    Atomic Charges for Step       1 :
  Atom    Element       Mulliken Charge
     1      C                 -0.213
     2      C                 -0.165
     3      C                 -0.160
     4      C                 -0.006
     5      N                 -0.145
     6      N                 -0.009
     7      C                 -0.035
     8      C                 -0.081
     9      C                 -0.042
    10      C                 -0.253
    11      C                  0.129
    12      O                 -0.247
    13      C                 -0.255
    14      C                  0.146
    15      O                 -0.231
    16      C                 -0.130
    17      C                 -0.032
    18      C                 -0.174
    19      C                 -0.053
    20      C                 -0.178
    21      C                  0.472
    22      F                 -0.169
    23      F                 -0.167
    24      F                 -0.167
    25      C                  0.047
    26      H                  0.114
    27      H                  0.113
    28      H                  0.124
    29      H                  0.103
    30      H                  0.106
    31      H                  0.110
    32      H                  0.122
    33      H                  0.143
    34      H                  0.139
    35      H                  0.223
    36      H                  0.156
    37      H                  0.222
    38      H                  0.147
    39      H                  0.143
    40      H                  0.152
 Total Mulliken Charge =      -0.000
 
                  X        Y        Z     TOTAL  
  QM DIPOLE     3.096   -1.140   -0.744    3.382
 
 Final Structure

  QMMM: QM Region Cartesian Coordinates (*=link atom) 
  QMMM: QM_NO.   MM_NO.  ATOM         X         Y         Z
  QMMM:     1        1      C       -3.2705    4.6405   -0.3324
  QMMM:     2        2      C       -3.3734    3.3365   -0.0877
  QMMM:     3        3      C       -2.2980    2.3558   -0.3752
  QMMM:     4        4      C       -2.0241    1.5104    0.8717
  QMMM:     5        5      N       -0.9445    0.5442    0.7243
  QMMM:     6        6      N        0.3400    0.9739    0.7564
  QMMM:     7        7      C        1.1470   -0.0021    0.2904
  QMMM:     8        8      C        2.5966    0.0645    0.2244
  QMMM:     9        9      C        3.3625   -0.9714    0.7729
  QMMM:    10       10      C        4.7518   -0.9420    0.7357
  QMMM:    11       11      C        5.3983    0.1505    0.1365
  QMMM:    12       12      O        6.7665    0.2523    0.0636
  QMMM:    13       13      C        4.6665    1.2027   -0.4279
  QMMM:    14       14      C        3.2664    1.1514   -0.3801
  QMMM:    15       15      O        2.4979    2.1416   -0.9377
  QMMM:    16       16      C        0.3374   -1.1493   -0.1217
  QMMM:    17       17      C        0.6318   -2.3960   -0.6551
  QMMM:    18       18      C       -0.4178   -3.2663   -0.9229
  QMMM:    19       19      C       -1.7397   -2.8984   -0.6458
  QMMM:    20       20      C       -2.0700   -1.6558   -0.1035
  QMMM:    21       21      C       -3.5345   -1.3715    0.1897
  QMMM:    22       22      F       -4.0728   -0.3207   -0.5151
  QMMM:    23       23      F       -4.3910   -2.4108   -0.0892
  QMMM:    24       24      F       -3.8125   -1.0764    1.5038
  QMMM:    25       25      C       -1.0300   -0.7444    0.1524
  QMMM:    26       26      H       -4.0926    5.3394   -0.1298
  QMMM:    27       27      H       -2.3647    5.0988   -0.7511
  QMMM:    28       28      H       -4.2969    2.9042    0.3338
  QMMM:    29       29      H       -2.6325    1.6884   -1.2167
  QMMM:    30       30      H       -1.3586    2.8745   -0.7035
  QMMM:    31       31      H       -2.9516    0.9420    1.1577
  QMMM:    32       32      H       -1.7548    2.1958    1.7270
  QMMM:    33       33      H        2.8477   -1.8226    1.2471
  QMMM:    34       34      H        5.3376   -1.7606    1.1749
  QMMM:    35       35      H        7.1481   -0.5249    0.4983
  QMMM:    36       36      H        5.1906    2.0474   -0.8946
  QMMM:    37       37      H        3.0924    2.8306   -1.2724
  QMMM:    38       38      H        1.6759   -2.6799   -0.8572
  QMMM:    39       39      H       -0.2162   -4.2580   -1.3538
  QMMM:    40       40      H       -2.5470   -3.6193   -0.8630

           --------- Calculation Completed ----------

