
          -------------------------------------------------------
          Amber 16 SANDER                              2016
          -------------------------------------------------------

| Run on 08/12/2016 at 19:24:04

|   Executable path: sander
| Working directory: /net/roos/home4/zuckerman/spiriti/estrogen-receptor2/ligands5/drq
|          Hostname: n000.dcb.private.net

  [-O]verwriting output

File Assignments:
|  MDIN: ../amber.in                                                           
| MDOUT: amber.out                                                             
|INPCRD: drq.inpcrd                                                            
|  PARM: drq.prm7                                                              
|RESTRT: restrt                                                                
|  REFC: refc                                                                  
| MDVEL: mdvel                                                                 
| MDFRC: mdfrc                                                                 
|  MDEN: mden                                                                  
| MDCRD: mdcrd                                                                 
|MDINFO: mdinfo                                                                
|  MTMD: mtmd                                                                  
|INPDIP: inpdip                                                                
|RSTDIP: rstdip                                                                
|INPTRA: inptraj                                                               


 Here is the input file:

test file                                                                      
&cntrl                                                                         
imin=1, maxcyc=1,                                                              
ntpr=5, cut=99, igb=0, ntb=0                                                   
/                                                                              

--------------------------------------------------------------------------------
   1.  RESOURCE   USE: 
--------------------------------------------------------------------------------

| Flags:                                                                        
|    NONPERIODIC   ntb=0 and igb=0: Setting up nonperiodic simulation
|  *** cutoff > system size, list only builds once
|Largest sphere to fit in unit cell has radius =    32.593
| New format PARM file being parsed.
| Version =    1.000 Date = 07/06/16 Time = 22:22:07
 NATOM  =      54 NTYPES =       7 NBONH =      30 MBONA  =      27
 NTHETH =      69 MTHETA =      41 NPHIH =     129 MPHIA  =     116
 NHPARM =       0 NPARM  =       0 NNB   =     335 NRES   =       1
 NBONA  =      27 NTHETA =      41 NPHIA =     116 NUMBND =      14
 NUMANG =      23 NPTRA  =      15 NATYP =       9 NPHB   =       0
 IFBOX  =       0 NMXRS  =      54 IFCAP =       0 NEXTRA =       0
 NCOPY  =       0


|     Memory Use     Allocated
|     Real                8560
|     Hollerith            165
|     Integer            33322
|     Max Pairs           1431
|     nblistReal           648
|     nblist Int       1013703
|       Total             4168 kbytes

| Note: 1-4 EEL scale factors are being read from the topology file.

| Note: 1-4 VDW scale factors are being read from the topology file.
| Duplicated    0 dihedrals
| Duplicated    0 dihedrals

--------------------------------------------------------------------------------
   2.  CONTROL  DATA  FOR  THE  RUN
--------------------------------------------------------------------------------

default_name                                                                    

General flags:
     imin    =       1, nmropt  =       0

Nature and format of input:
     ntx     =       1, irest   =       0, ntrx    =       1

Nature and format of output:
     ntxo    =       2, ntpr    =       5, ntrx    =       1, ntwr    =       1
     iwrap   =       0, ntwx    =       0, ntwv    =       0, ntwe    =       0
     ioutfm  =       1, ntwprt  =       0, idecomp =       0, rbornstat=      0

Potential function:
     ntf     =       1, ntb     =       0, igb     =       0, nsnb    =      25
     ipol    =       0, gbsa    =       0, iesp    =       0
     dielc   =   1.00000, cut     =  99.00000, intdiel =   1.00000

Frozen or restrained atoms:
     ibelly  =       0, ntr     =       0

Energy minimization:
     maxcyc  =       1, ncyc    =      10, ntmin   =       1
     dx0     =   0.01000, drms    =   0.00010
|  INFO: Old style inpcrd file read


--------------------------------------------------------------------------------
   3.  ATOMIC COORDINATES AND VELOCITIES
--------------------------------------------------------------------------------

default_name                                                                    
 begin time read from input coords =     0.000 ps

 Number of triangulated 3-point waters found:        0

     Sum of charges from parm topology file =   0.00600100
     Forcing neutrality...

--------------------------------------------------------------------------------
   4.  RESULTS
--------------------------------------------------------------------------------

 ---------------------------------------------------

     eedmeth=4: Setting switch to one everywhere

 ---------------------------------------------------
| Local SIZE OF NONBOND LIST =       1097
| TOTAL SIZE OF NONBOND LIST =       1097


   NSTEP       ENERGY          RMS            GMAX         NAME    NUMBER
      1       9.7689E+01     2.1611E+01     8.6085E+01     HAPB       28

 BOND    =       11.8615  ANGLE   =       15.9809  DIHED      =       22.5373
 VDWAALS =       48.0615  EEL     =      -20.6136  HBOND      =        0.0000
 1-4 VDW =       25.2123  1-4 EEL =       -5.3505  RESTRAINT  =        0.0000


  Maximum number of minimization cycles reached.


                    FINAL RESULTS



   NSTEP       ENERGY          RMS            GMAX         NAME    NUMBER
      1       9.7689E+01     2.1611E+01     8.6085E+01     HAPB       28

 BOND    =       11.8615  ANGLE   =       15.9809  DIHED      =       22.5373
 VDWAALS =       48.0615  EEL     =      -20.6136  HBOND      =        0.0000
 1-4 VDW =       25.2123  1-4 EEL =       -5.3505  RESTRAINT  =        0.0000

--------------------------------------------------------------------------------
   5.  TIMINGS
--------------------------------------------------------------------------------

|    Read coords time           0.00 ( 0.40% of Total)
|                Build the list             0.00 (94.29% of List )
|                Other                      0.00 ( 5.71% of List )
|             List time                  0.00 (72.19% of Nonbo)
|                   Short_ene time             0.00 (97.55% of Direc)
|                   Other                      0.00 ( 2.45% of Direc)
|                Direct Ewald time          0.00 (89.07% of Ewald)
|                Force Adjust               0.00 ( 0.28% of Ewald)
|                Virial junk                0.00 ( 1.37% of Ewald)
|                Start synchronizatio       0.00 ( 0.54% of Ewald)
|                Other                      0.00 ( 8.74% of Ewald)
|             Ewald time                 0.00 (27.44% of Nonbo)
|             IPS excludes               0.00 ( 0.14% of Nonbo)
|             Other                      0.00 ( 0.23% of Nonbo)
|          Nonbond force              0.00 (80.21% of Force)
|          Bond/Angle/Dihedral        0.00 (18.46% of Force)
|          Other                      0.00 ( 1.33% of Force)
|       Force time                 0.00 (100.0% of Runmd)
|    Runmd Time                 0.00 ( 0.31% of Total)
|    Other                      0.53 (99.29% of Total)
| Total time                 0.54 (99.88% of ALL  )

| Number of list builds   :          1

| Highest rstack allocated:        220
| Highest istack allocated:         44
|           Job began  at 19:24:04.689  on 08/12/2016
|           Setup done at 19:24:04.828  on 08/12/2016
|           Run   done at 19:24:05.227  on 08/12/2016
|     wallclock() was called      58 times
