            --------------------------------------------------------
                             AMBER SQM VERSION 14
 
                                     By
              Ross C. Walker, Michael F. Crowley, Scott Brozell,
                         Tim Giese, Andreas W. Goetz,
                        Tai-Sung Lee and David A. Case
 
            --------------------------------------------------------
 

--------------------------------------------------------------------------------
  QM CALCULATION INFO
--------------------------------------------------------------------------------

| QMMM: Citation for AMBER QMMM Run:
| QMMM: R.C. Walker, M.F. Crowley and D.A. Case, J. COMP. CHEM. 29:1019, 2008

QMMM: SINGLET STATE CALCULATION
QMMM: RHF CALCULATION, NO. OF DOUBLY OCCUPIED LEVELS = 65

| QMMM: *** Selected Hamiltonian *** 
| QMMM: AM1         

| QMMM: *** Parameter sets in use ***
| QMMM: C : M.J.S.DEWAR et al. JACS, 107, 3902, (1985)
| QMMM: O : M.J.S.DEWAR et al. JACS, 107, 3902, (1985)
| QMMM: H : M.J.S.DEWAR et al. JACS, 107, 3902, (1985)

| QMMM: *** SCF convergence criteria ***
| QMMM: Energy change                :  0.1D-09 kcal/mol
| QMMM: Error matrix |FP-PF|         :  0.1D+00 au
| QMMM: Density matrix change        :  0.5D-06
| QMMM: Maximum number of SCF cycles :     1000

| QMMM: *** Diagonalization Routine Information ***
| QMMM: Pseudo diagonalizations are allowed.
| QMMM: Auto diagonalization routine selection is in use.
| QMMM:
| QMMM: Timing diagonalization routines:
| QMMM:                              norbs =      126
| QMMM:    diag iterations used for timing =       10
| QMMM:
| QMMM:              Internal diag routine = 0.070080 seconds
| QMMM:                 Dspev diag routine = 0.114028 seconds
| QMMM:                Dspevd diag routine = 0.075967 seconds
| QMMM:                Dspevx diag routine = 0.248828 seconds
| QMMM:                 Dsyev diag routine = 0.121270 seconds
| QMMM:                Dsyevd diag routine = 0.087051 seconds
| QMMM:                Dsyevr diag routine = 0.078517 seconds
| QMMM:
| QMMM:                Pseudo diag routine = 0.037535 seconds
| QMMM:
| QMMM: Using internal diagonalization routine (diag_routine=1).

  QMMM: QM Region Cartesian Coordinates (*=link atom) 
  QMMM: QM_NO.   MM_NO.  ATOM         X         Y         Z
  QMMM:     1        1      C       -4.5280    2.7570   -1.9470
  QMMM:     2        2      C       -3.6030    2.3360   -0.8030
  QMMM:     3        3      C       -4.4250    2.0360    0.4240
  QMMM:     4        4      C       -4.2850    0.8740    1.0480
  QMMM:     5        5      C       -3.2190   -0.0620    0.6360
  QMMM:     6        6      C       -1.9500    0.4140    0.3200
  QMMM:     7        7      C       -0.9470   -0.4610   -0.0650
  QMMM:     8        8      C        0.3980    0.1120   -0.4070
  QMMM:     9        9      C        0.7370    1.3180    0.4570
  QMMM:    10       10      C        2.1220    1.8810    0.0860
  QMMM:    11       11      C        3.1300    0.7620    0.2430
  QMMM:    12       12      C        3.0540    0.1980    1.6640
  QMMM:    13       13      C        4.5790    1.0870   -0.1010
  QMMM:    14       14      O        5.2870    1.4940    1.0720
  QMMM:    15       15      C        5.1730   -0.2310   -0.6570
  QMMM:    16       16      C        4.0070   -1.2560   -0.6940
  QMMM:    17       17      C        2.7750   -0.3540   -0.7790
  QMMM:    18       18      C        1.4770   -0.9740   -0.3030
  QMMM:    19       19      C        1.0500   -2.1460   -1.1860
  QMMM:    20       20      C       -0.1520   -2.8240   -0.5300
  QMMM:    21       21      C       -1.2000   -1.8170   -0.1340
  QMMM:    22       22      C       -2.4670   -2.2980    0.1760
  QMMM:    23       23      C       -3.4750   -1.4370    0.5660
  QMMM:    24       24      O       -4.7070   -1.9200    0.8730
  QMMM:    25       25      H       -3.9440    2.9700   -2.8180
  QMMM:    26       26      H       -5.0740    3.6320   -1.6610
  QMMM:    27       27      H       -5.2130    1.9640   -2.1620
  QMMM:    28       28      H       -2.9180    3.1290   -0.5880
  QMMM:    29       29      H       -3.0580    1.4610   -1.0890
  QMMM:    30       30      H       -5.0970    2.7350    0.7790
  QMMM:    31       31      H       -4.9210    0.6240    1.8210
  QMMM:    32       32      H       -1.7550    1.4260    0.3730
  QMMM:    33       33      H        0.3630    0.4600   -1.4180
  QMMM:    34       34      H        0.7420    1.0230    1.4860
  QMMM:    35       35      H        0.0010    2.0770    0.2920
  QMMM:    36       36      H        2.3730    2.6920    0.7380
  QMMM:    37       37      H        2.1210    2.2470   -0.9200
  QMMM:    38       38      H        3.2990    0.9670    2.3670
  QMMM:    39       39      H        3.7480   -0.6100    1.7640
  QMMM:    40       40      H        2.0630   -0.1570    1.8540
  QMMM:    41       41      H        4.6530    1.8880   -0.8070
  QMMM:    42       42      H        5.2420    0.7900    1.7380
  QMMM:    43       43      H        5.9550   -0.5830   -0.0170
  QMMM:    44       44      H        5.5940   -0.0870   -1.6300
  QMMM:    45       45      H        3.9890   -1.8530    0.1940
  QMMM:    46       46      H        4.0800   -1.9550   -1.5000
  QMMM:    47       47      H        2.5990   -0.0750   -1.7970
  QMMM:    48       48      H        1.6080   -1.3380    0.6950
  QMMM:    49       49      H        1.8560   -2.8440   -1.2760
  QMMM:    50       50      H        0.7900   -1.7970   -2.1630
  QMMM:    51       51      H        0.1770   -3.3470    0.3440
  QMMM:    52       52      H       -0.5850   -3.5010   -1.2360
  QMMM:    53       53      H       -2.6570   -3.3100    0.1140
  QMMM:    54       54      H       -5.3880   -1.3330    1.1370

--------------------------------------------------------------------------------
  RESULTS
--------------------------------------------------------------------------------

      iter         sqm energy              rms gradient
      ----    -------------------    -----------------------
xmin    10     -105.3133 kcal/mol        1.6128 kcal/(mol*A)
xmin    20     -105.5886 kcal/mol        0.1461 kcal/(mol*A)
xmin    30     -105.6114 kcal/mol        0.1372 kcal/(mol*A)
xmin    40     -105.6471 kcal/mol        0.0199 kcal/(mol*A)
xmin    50     -105.6494 kcal/mol        0.0234 kcal/(mol*A)
xmin    60     -105.6500 kcal/mol        0.0046 kcal/(mol*A)
xmin    70     -105.6500 kcal/mol        0.0052 kcal/(mol*A)
xmin    80     -105.6501 kcal/mol        0.0005 kcal/(mol*A)
xmin    80     -105.6501 kcal/mol        0.0004 kcal/(mol*A)
  ... geometry converged !
 
 Final MO eigenvalues (eV):
 -42.0051  -40.6109  -38.9032  -37.2267  -36.7870  -35.2334  -34.9792  -32.9732
 -32.1761  -30.3184  -29.8543  -28.8102  -27.1995  -27.0161  -25.2936  -23.9884
 -23.3317  -23.2112  -21.7341  -21.1135  -20.6363  -19.8360  -19.4395  -18.4036
 -17.7329  -16.9444  -16.7404  -16.3799  -16.1562  -15.9469  -15.8858  -15.4434
 -15.0792  -15.0297  -14.8657  -14.6781  -14.5496  -14.4368  -14.2950  -14.0464
 -14.0332  -13.5260  -13.4244  -13.1622  -13.1028  -12.9885  -12.9693  -12.8049
 -12.6134  -12.4172  -12.2421  -12.0916  -12.0062  -11.8115  -11.7345  -11.6522
 -11.5310  -11.3113  -11.2445  -11.0149  -10.7313  -10.4422  -10.3465   -9.2790
  -8.6539    0.0842    0.5579    1.2094    2.7526    3.0804    3.1460    3.2817
   3.3873    3.5789    3.6307    3.7133    3.7719    3.7802    3.8069    3.8873
   3.9461    3.9483    4.0219    4.0672    4.1401    4.1801    4.1990    4.2269
   4.2701    4.3100    4.3389    4.3757    4.4033    4.4189    4.5126    4.5660
   4.5960    4.6129    4.7030    4.7471    4.7531    4.7733    4.8007    4.8153
   4.8808    4.8915    4.9127    4.9252    4.9500    4.9970    5.0170    5.0260
   5.1219    5.1287    5.1790    5.1881    5.2936    5.3426    5.3909    5.4309
   5.6025    5.6934    5.7934    5.9340    6.4279    6.4345

 Heat of formation   =       -105.65005387 kcal/mol  (       -4.58133012 eV)

 Total SCF energy    =     -89305.86676627 kcal/mol  (    -3872.59298236 eV)
 Electronic energy   =    -739146.60297620 kcal/mol  (   -32051.80187226 eV)
 Core-core repulsion =     649840.73620993 kcal/mol  (    28179.20888990 eV)
 
    Atomic Charges for Step       1 :
  Atom    Element       Mulliken Charge
     1      C                 -0.208
     2      C                 -0.141
     3      C                 -0.135
     4      C                 -0.151
     5      C                 -0.122
     6      C                 -0.085
     7      C                 -0.095
     8      C                 -0.054
     9      C                 -0.151
    10      C                 -0.140
    11      C                 -0.083
    12      C                 -0.209
    13      C                  0.033
    14      O                 -0.317
    15      C                 -0.192
    16      C                 -0.151
    17      C                 -0.102
    18      C                 -0.087
    19      C                 -0.152
    20      C                 -0.123
    21      C                 -0.029
    22      C                 -0.165
    23      C                  0.091
    24      O                 -0.254
    25      H                  0.076
    26      H                  0.072
    27      H                  0.077
    28      H                  0.088
    29      H                  0.098
    30      H                  0.122
    31      H                  0.121
    32      H                  0.137
    33      H                  0.094
    34      H                  0.087
    35      H                  0.077
    36      H                  0.090
    37      H                  0.080
    38      H                  0.079
    39      H                  0.071
    40      H                  0.086
    41      H                  0.116
    42      H                  0.198
    43      H                  0.086
    44      H                  0.091
    45      H                  0.084
    46      H                  0.085
    47      H                  0.088
    48      H                  0.101
    49      H                  0.084
    50      H                  0.084
    51      H                  0.092
    52      H                  0.093
    53      H                  0.149
    54      H                  0.222
 Total Mulliken Charge =      -0.000
 
                  X        Y        Z     TOTAL  
  QM DIPOLE    -0.413    0.015   -0.153    0.441
 
 Final Structure

  QMMM: QM Region Cartesian Coordinates (*=link atom) 
  QMMM: QM_NO.   MM_NO.  ATOM         X         Y         Z
  QMMM:     1        1      C       -4.9483    3.2575   -1.7222
  QMMM:     2        2      C       -3.9609    2.5330   -0.8402
  QMMM:     3        3      C       -4.6118    1.9496    0.3557
  QMMM:     4        4      C       -4.2938    0.7846    0.9323
  QMMM:     5        5      C       -3.2422   -0.1302    0.5151
  QMMM:     6        6      C       -1.9502    0.3314    0.2390
  QMMM:     7        7      C       -0.9115   -0.5344   -0.1134
  QMMM:     8        8      C        0.4464   -0.0002   -0.4522
  QMMM:     9        9      C        0.7811    1.2997    0.2731
  QMMM:    10       10      C        2.1976    1.7969    0.0264
  QMMM:    11       11      C        3.2172    0.7070    0.3038
  QMMM:    12       12      C        3.2411    0.3777    1.7863
  QMMM:    13       13      C        4.6625    1.0033   -0.1769
  QMMM:    14       14      O        5.4445    1.7573    0.7201
  QMMM:    15       15      C        5.2661   -0.3875   -0.4736
  QMMM:    16       16      C        4.1027   -1.3778   -0.5573
  QMMM:    17       17      C        2.8585   -0.5004   -0.5933
  QMMM:    18       18      C        1.5161   -1.0810   -0.2120
  QMMM:    19       19      C        1.1681   -2.3087   -1.0335
  QMMM:    20       20      C       -0.1266   -2.9179   -0.5415
  QMMM:    21       21      C       -1.1748   -1.9148   -0.2008
  QMMM:    22       22      C       -2.4592   -2.3976    0.0609
  QMMM:    23       23      C       -3.4867   -1.5141    0.4164
  QMMM:    24       24      O       -4.7138   -2.0903    0.6542
  QMMM:    25       25      H       -4.4244    3.6897   -2.6086
  QMMM:    26       26      H       -5.4440    4.0884   -1.1645
  QMMM:    27       27      H       -5.7389    2.5579   -2.0858
  QMMM:    28       28      H       -3.1668    3.2541   -0.4988
  QMMM:    29       29      H       -3.4420    1.7311   -1.4332
  QMMM:    30       30      H       -5.4277    2.5598    0.7822
  QMMM:    31       31      H       -4.8533    0.4557    1.8284
  QMMM:    32       32      H       -1.7673    1.4152    0.3150
  QMMM:    33       33      H        0.4399    0.2273   -1.5607
  QMMM:    34       34      H        0.6149    1.1622    1.3732
  QMMM:    35       35      H        0.0780    2.1033   -0.0744
  QMMM:    36       36      H        2.3985    2.6820    0.6842
  QMMM:    37       37      H        2.2959    2.1375   -1.0378
  QMMM:    38       38      H        3.5384    1.2854    2.3679
  QMMM:    39       39      H        3.9741   -0.4399    1.9915
  QMMM:    40       40      H        2.2382    0.0514    2.1498
  QMMM:    41       41      H        4.6349    1.6369   -1.1064
  QMMM:    42       42      H        5.5602    1.2368    1.5249
  QMMM:    43       43      H        5.9798   -0.6800    0.3354
  QMMM:    44       44      H        5.8348   -0.3574   -1.4341
  QMMM:    45       45      H        4.0885   -2.0552    0.3321
  QMMM:    46       46      H        4.1750   -2.0163   -1.4709
  QMMM:    47       47      H        2.7641   -0.1162   -1.6528
  QMMM:    48       48      H        1.5167   -1.3703    0.8745
  QMMM:    49       49      H        1.9936   -3.0635   -0.9535
  QMMM:    50       50      H        1.0750   -2.0274   -2.1151
  QMMM:    51       51      H        0.0787   -3.5301    0.3803
  QMMM:    52       52      H       -0.5253   -3.6218   -1.3213
  QMMM:    53       53      H       -2.6781   -3.4733   -0.0080
  QMMM:    54       54      H       -5.3598   -1.3826    0.7931

           --------- Calculation Completed ----------

