
          -------------------------------------------------------
          Amber 16 SANDER                              2016
          -------------------------------------------------------

| Run on 08/12/2016 at 19:24:14

|   Executable path: sander
| Working directory: /net/roos/home4/zuckerman/spiriti/estrogen-receptor2/ligands5/ezt
|          Hostname: n000.dcb.private.net

  [-O]verwriting output

File Assignments:
|  MDIN: ../amber.in                                                           
| MDOUT: amber.out                                                             
|INPCRD: ezt.inpcrd                                                            
|  PARM: ezt.prm7                                                              
|RESTRT: restrt                                                                
|  REFC: refc                                                                  
| MDVEL: mdvel                                                                 
| MDFRC: mdfrc                                                                 
|  MDEN: mden                                                                  
| MDCRD: mdcrd                                                                 
|MDINFO: mdinfo                                                                
|  MTMD: mtmd                                                                  
|INPDIP: inpdip                                                                
|RSTDIP: rstdip                                                                
|INPTRA: inptraj                                                               


 Here is the input file:

test file                                                                      
&cntrl                                                                         
imin=1, maxcyc=1,                                                              
ntpr=5, cut=99, igb=0, ntb=0                                                   
/                                                                              

--------------------------------------------------------------------------------
   1.  RESOURCE   USE: 
--------------------------------------------------------------------------------

| Flags:                                                                        
|    NONPERIODIC   ntb=0 and igb=0: Setting up nonperiodic simulation
|  *** cutoff > system size, list only builds once
|Largest sphere to fit in unit cell has radius =    33.865
| New format PARM file being parsed.
| Version =    1.000 Date = 07/06/16 Time = 22:44:02
 NATOM  =      61 NTYPES =       7 NBONH =      29 MBONA  =      36
 NTHETH =      65 MTHETA =      57 NPHIH =     135 MPHIA  =     137
 NHPARM =       0 NPARM  =       0 NNB   =     373 NRES   =       1
 NBONA  =      36 NTHETA =      57 NPHIA =     137 NUMBND =      14
 NUMANG =      23 NPTRA  =      15 NATYP =       9 NPHB   =       0
 IFBOX  =       0 NMXRS  =      61 IFCAP =       0 NEXTRA =       0
 NCOPY  =       0


|     Memory Use     Allocated
|     Real                9111
|     Hollerith            186
|     Integer            34808
|     Max Pairs           1830
|     nblistReal           732
|     nblist Int       1158462
|       Total             4745 kbytes

| Note: 1-4 EEL scale factors are being read from the topology file.

| Note: 1-4 VDW scale factors are being read from the topology file.
| Duplicated    0 dihedrals
| Duplicated    0 dihedrals

--------------------------------------------------------------------------------
   2.  CONTROL  DATA  FOR  THE  RUN
--------------------------------------------------------------------------------

default_name                                                                    

General flags:
     imin    =       1, nmropt  =       0

Nature and format of input:
     ntx     =       1, irest   =       0, ntrx    =       1

Nature and format of output:
     ntxo    =       2, ntpr    =       5, ntrx    =       1, ntwr    =       1
     iwrap   =       0, ntwx    =       0, ntwv    =       0, ntwe    =       0
     ioutfm  =       1, ntwprt  =       0, idecomp =       0, rbornstat=      0

Potential function:
     ntf     =       1, ntb     =       0, igb     =       0, nsnb    =      25
     ipol    =       0, gbsa    =       0, iesp    =       0
     dielc   =   1.00000, cut     =  99.00000, intdiel =   1.00000

Frozen or restrained atoms:
     ibelly  =       0, ntr     =       0

Energy minimization:
     maxcyc  =       1, ncyc    =      10, ntmin   =       1
     dx0     =   0.01000, drms    =   0.00010
|  INFO: Old style inpcrd file read


--------------------------------------------------------------------------------
   3.  ATOMIC COORDINATES AND VELOCITIES
--------------------------------------------------------------------------------

default_name                                                                    
 begin time read from input coords =     0.000 ps

 Number of triangulated 3-point waters found:        0

     Sum of charges from parm topology file =  -0.00299800
     Forcing neutrality...

--------------------------------------------------------------------------------
   4.  RESULTS
--------------------------------------------------------------------------------

 ---------------------------------------------------

     eedmeth=4: Setting switch to one everywhere

 ---------------------------------------------------
| Local SIZE OF NONBOND LIST =       1458
| TOTAL SIZE OF NONBOND LIST =       1458


   NSTEP       ENERGY          RMS            GMAX         NAME    NUMBER
      1       4.9121E+01     1.5024E+01     4.4110E+01     C27        58

 BOND    =       15.4720  ANGLE   =       18.4446  DIHED      =       25.1492
 VDWAALS =        1.3579  EEL     =       -6.3247  HBOND      =        0.0000
 1-4 VDW =       23.5276  1-4 EEL =      -28.5059  RESTRAINT  =        0.0000


  Maximum number of minimization cycles reached.


                    FINAL RESULTS



   NSTEP       ENERGY          RMS            GMAX         NAME    NUMBER
      1       4.9121E+01     1.5024E+01     4.4110E+01     C27        58

 BOND    =       15.4720  ANGLE   =       18.4446  DIHED      =       25.1492
 VDWAALS =        1.3579  EEL     =       -6.3247  HBOND      =        0.0000
 1-4 VDW =       23.5276  1-4 EEL =      -28.5059  RESTRAINT  =        0.0000

--------------------------------------------------------------------------------
   5.  TIMINGS
--------------------------------------------------------------------------------

|    Read coords time           0.00 ( 0.38% of Total)
|                Build the list             0.00 (96.09% of List )
|                Other                      0.00 ( 3.91% of List )
|             List time                  0.00 (71.46% of Nonbo)
|                   Short_ene time             0.00 (97.78% of Direc)
|                   Other                      0.00 ( 2.22% of Direc)
|                Direct Ewald time          0.00 (88.07% of Ewald)
|                Force Adjust               0.00 ( 0.44% of Ewald)
|                Virial junk                0.00 ( 1.51% of Ewald)
|                Start synchronizatio       0.00 ( 0.66% of Ewald)
|                Other                      0.00 ( 9.32% of Ewald)
|             Ewald time                 0.00 (28.06% of Nonbo)
|             Other                      0.00 ( 0.48% of Nonbo)
|          Nonbond force              0.00 (80.18% of Force)
|          Bond/Angle/Dihedral        0.00 (18.30% of Force)
|          Other                      0.00 ( 1.52% of Force)
|       Force time                 0.00 (100.0% of Runmd)
|    Runmd Time                 0.00 ( 0.36% of Total)
|    Other                      0.56 (99.26% of Total)
| Total time                 0.56 (99.88% of ALL  )

| Number of list builds   :          1

| Highest rstack allocated:        275
| Highest istack allocated:         55
|           Job began  at 19:24:14.018  on 08/12/2016
|           Setup done at 19:24:14.191  on 08/12/2016
|           Run   done at 19:24:14.583  on 08/12/2016
|     wallclock() was called      58 times
