            --------------------------------------------------------
                             AMBER SQM VERSION 14
 
                                     By
              Ross C. Walker, Michael F. Crowley, Scott Brozell,
                         Tim Giese, Andreas W. Goetz,
                        Tai-Sung Lee and David A. Case
 
            --------------------------------------------------------
 

--------------------------------------------------------------------------------
  QM CALCULATION INFO
--------------------------------------------------------------------------------

| QMMM: Citation for AMBER QMMM Run:
| QMMM: R.C. Walker, M.F. Crowley and D.A. Case, J. COMP. CHEM. 29:1019, 2008

QMMM: SINGLET STATE CALCULATION
QMMM: RHF CALCULATION, NO. OF DOUBLY OCCUPIED LEVELS = 85

| QMMM: *** Selected Hamiltonian *** 
| QMMM: AM1         

| QMMM: *** Parameter sets in use ***
| QMMM: C : M.J.S.DEWAR et al. JACS, 107, 3902, (1985)
| QMMM: O : M.J.S.DEWAR et al. JACS, 107, 3902, (1985)
| QMMM: F : M.J.S.DEWAR et al. THEOCHEM, 180, 1, (1988)
| QMMM: H : M.J.S.DEWAR et al. JACS, 107, 3902, (1985)

| QMMM: *** SCF convergence criteria ***
| QMMM: Energy change                :  0.1D-09 kcal/mol
| QMMM: Error matrix |FP-PF|         :  0.1D+00 au
| QMMM: Density matrix change        :  0.5D-06
| QMMM: Maximum number of SCF cycles :     1000

| QMMM: *** Diagonalization Routine Information ***
| QMMM: Pseudo diagonalizations are allowed.
| QMMM: Auto diagonalization routine selection is in use.
| QMMM:
| QMMM: Timing diagonalization routines:
| QMMM:                              norbs =      157
| QMMM:    diag iterations used for timing =        5
| QMMM:
| QMMM:              Internal diag routine = 0.065022 seconds
| QMMM:                 Dspev diag routine = 0.105027 seconds
| QMMM:                Dspevd diag routine = 0.067114 seconds
| QMMM:                Dspevx diag routine = 0.212356 seconds
| QMMM:                 Dsyev diag routine = 0.111634 seconds
| QMMM:                Dsyevd diag routine = 0.076045 seconds
| QMMM:                Dsyevr diag routine = 0.068185 seconds
| QMMM:
| QMMM:                Pseudo diag routine = 0.038975 seconds
| QMMM:
| QMMM: Using internal diagonalization routine (diag_routine=1).

  QMMM: QM Region Cartesian Coordinates (*=link atom) 
  QMMM: QM_NO.   MM_NO.  ATOM         X         Y         Z
  QMMM:     1        1      C       -0.3410   -6.5730    3.7740
  QMMM:     2        2      C        1.0690   -6.0490    4.1800
  QMMM:     3        3      C        0.9390   -4.5640    4.5610
  QMMM:     4        4      C        0.6060   -3.6790    3.3440
  QMMM:     5        5      C        1.5730   -3.8840    2.1480
  QMMM:     6        6      C        1.2550   -3.0520    0.9080
  QMMM:     7        7      C        0.6940   -1.7670    1.0190
  QMMM:     8        8      C        0.4400   -0.9870   -0.1110
  QMMM:     9        9      C        0.7540   -1.4690   -1.3750
  QMMM:    10       10      O        0.5040   -0.7120   -2.4780
  QMMM:    11       11      C        1.3310   -2.7290   -1.5080
  QMMM:    12       12      C        1.6010   -3.5210   -0.3780
  QMMM:    13       13      C        2.2110   -4.8820   -0.6050
  QMMM:    14       14      C        2.7390   -5.5450    0.6640
  QMMM:    15       15      C        1.7170   -5.3950    1.7930
  QMMM:    16       16      C        2.1200   -6.1640    3.0540
  QMMM:    17       17      C        2.3680   -7.6670    2.9490
  QMMM:    18       18      C        2.1870   -8.1980    4.3860
  QMMM:    19       19      C        1.6920   -7.0040    5.2460
  QMMM:    20       20      O        0.7110   -7.4480    6.1780
  QMMM:    21       21      C        2.8270   -6.4150    6.0380
  QMMM:    22       22      C        2.8400   -6.3550    7.3790
  QMMM:    23       23      C        3.9230   -5.7800    8.1940
  QMMM:    24       24      C        3.8710   -4.4260    8.4920
  QMMM:    25       25      C        4.8830   -3.8530    9.2610
  QMMM:    26       26      C        5.9370   -4.6410    9.7250
  QMMM:    27       27      C        5.9790   -6.0010    9.4180
  QMMM:    28       28      C        4.9660   -6.5740    8.6480
  QMMM:    29       29      C        5.0430   -8.0350    8.3400
  QMMM:    30       30      F        6.1410   -8.6460    8.8740
  QMMM:    31       31      F        3.9750   -8.7450    8.8040
  QMMM:    32       32      F        5.0980   -8.2830    7.0000
  QMMM:    33       33      H       -0.7680   -5.9180    3.0430
  QMMM:    34       34      H       -0.9720   -6.6040    4.6370
  QMMM:    35       35      H       -0.2510   -7.5570    3.3620
  QMMM:    36       36      H        1.8650   -4.2340    4.9840
  QMMM:    37       37      H        0.1370   -4.4730    5.2630
  QMMM:    38       38      H        0.6540   -2.6540    3.6470
  QMMM:    39       39      H       -0.3720   -3.9570    3.0100
  QMMM:    40       40      H        2.5150   -3.5110    2.4910
  QMMM:    41       41      H        0.4660   -1.3930    1.9540
  QMMM:    42       42      H        0.0180   -0.0510   -0.0070
  QMMM:    43       43      H        0.1160    0.1360   -2.3860
  QMMM:    44       44      H        1.5630   -3.0860   -2.4480
  QMMM:    45       45      H        3.0240   -4.7760   -1.2920
  QMMM:    46       46      H        1.4320   -5.5110   -0.9820
  QMMM:    47       47      H        3.6580   -5.0780    0.9520
  QMMM:    48       48      H        2.9060   -6.5850    0.4750
  QMMM:    49       49      H        0.7900   -5.8030    1.4470
  QMMM:    50       50      H        3.0530   -5.6770    3.2490
  QMMM:    51       51      H        3.3600   -7.8620    2.5970
  QMMM:    52       52      H        1.7020   -8.1390    2.2570
  QMMM:    53       53      H        3.1190   -8.5630    4.7640
  QMMM:    54       54      H        1.4860   -9.0060    4.4110
  QMMM:    55       55      H       -0.0380   -7.8350    5.6990
  QMMM:    56       56      H        3.6380   -6.0370    5.5240
  QMMM:    57       57      H        2.0250   -6.7430    7.8790
  QMMM:    58       58      H        3.0890   -3.8470    8.1470
  QMMM:    59       59      H        4.8530   -2.8470    9.4870
  QMMM:    60       60      H        6.6860   -4.2180   10.2950
  QMMM:    61       61      H        6.7590   -6.5830    9.7600

--------------------------------------------------------------------------------
  RESULTS
--------------------------------------------------------------------------------

      iter         sqm energy              rms gradient
      ----    -------------------    -----------------------
xmin    10     -210.9575 kcal/mol        0.3160 kcal/(mol*A)
xmin    20     -211.3765 kcal/mol        0.4756 kcal/(mol*A)
xmin    30     -211.4953 kcal/mol        0.1587 kcal/(mol*A)
xmin    40     -211.8613 kcal/mol        0.7447 kcal/(mol*A)
xmin    50     -212.2084 kcal/mol        0.1263 kcal/(mol*A)
xmin    60     -212.3158 kcal/mol        0.1972 kcal/(mol*A)
xmin    70     -212.4431 kcal/mol        0.3282 kcal/(mol*A)
xmin    80     -212.4812 kcal/mol        0.1123 kcal/(mol*A)
xmin    90     -212.4992 kcal/mol        0.1170 kcal/(mol*A)
xmin   100     -212.5059 kcal/mol        0.0908 kcal/(mol*A)
xmin   110     -212.5106 kcal/mol        0.0995 kcal/(mol*A)
xmin   120     -212.5155 kcal/mol        0.0250 kcal/(mol*A)
xmin   130     -212.5162 kcal/mol        0.0083 kcal/(mol*A)
xmin   140     -212.5165 kcal/mol        0.0059 kcal/(mol*A)
xmin   150     -212.5166 kcal/mol        0.0011 kcal/(mol*A)
xmin   160     -212.5166 kcal/mol        0.0010 kcal/(mol*A)
  ... geometry converged !
 
 Final MO eigenvalues (eV):
 -51.7280  -48.3193  -48.2930  -42.2835  -40.6441  -40.0784  -39.0248  -37.3183
 -35.5314  -35.1813  -34.9517  -32.9135  -32.7844  -31.4865  -30.7172  -30.0015
 -29.2040  -27.4237  -27.2790  -26.3962  -24.5287  -24.3097  -23.6798  -23.4277
 -22.9403  -21.8204  -21.1022  -20.7656  -20.5167  -19.3252  -19.2587  -19.1657
 -19.0667  -18.5548  -17.9422  -17.1500  -17.0360  -16.8368  -16.5476  -16.2399
 -15.9496  -15.8482  -15.7150  -15.5573  -15.2640  -15.1812  -15.1262  -15.0276
 -14.8849  -14.8096  -14.6820  -14.5644  -14.4444  -14.3070  -14.2245  -14.1611
 -14.1395  -13.9387  -13.7889  -13.7377  -13.6145  -13.3984  -13.1220  -13.0368
 -12.9089  -12.8481  -12.6753  -12.6089  -12.4718  -12.3621  -12.2118  -11.9895
 -11.9093  -11.7646  -11.7047  -11.5316  -11.3967  -11.1071  -11.0730  -10.8255
 -10.5671  -10.2801   -9.6063   -9.3123   -8.9148   -0.4504   -0.0594    0.3152
   0.4522    1.2354    1.8497    2.4096    2.6697    2.9559    3.0167    3.1111
   3.1743    3.1888    3.3085    3.4638    3.5631    3.5888    3.6211    3.6768
   3.7241    3.7471    3.7538    3.7717    3.8048    3.8760    3.8968    3.9243
   3.9672    4.0322    4.0387    4.0939    4.0989    4.1466    4.1543    4.1975
   4.2740    4.2984    4.3341    4.4139    4.4625    4.4783    4.5129    4.5973
   4.6407    4.6492    4.6811    4.7022    4.7280    4.7773    4.8091    4.8269
   4.8371    4.8696    4.9179    4.9239    4.9940    5.0299    5.0483    5.0727
   5.1274    5.1603    5.1974    5.2763    5.3007    5.4526    5.4694    5.5380
   5.6043    5.6867    5.8275    6.3019    6.3088

 Heat of formation   =       -212.51661048 kcal/mol  (       -9.21541175 eV)

 Total SCF energy    =    -137305.91285069 kcal/mol  (    -5954.03117170 eV)
 Electronic energy   =   -1126907.47460492 kcal/mol  (   -48866.37503165 eV)
 Core-core repulsion =     989601.56175424 kcal/mol  (    42912.34385995 eV)
 
    Atomic Charges for Step       1 :
  Atom    Element       Mulliken Charge
     1      C                 -0.211
     2      C                 -0.068
     3      C                 -0.140
     4      C                 -0.152
     5      C                 -0.055
     6      C                 -0.094
     7      C                 -0.091
     8      C                 -0.215
     9      C                  0.079
    10      O                 -0.252
    11      C                 -0.162
    12      C                 -0.030
    13      C                 -0.124
    14      C                 -0.152
    15      C                 -0.088
    16      C                 -0.103
    17      C                 -0.153
    18      C                 -0.186
    19      C                  0.115
    20      O                 -0.317
    21      C                 -0.126
    22      C                 -0.130
    23      C                  0.016
    24      C                 -0.135
    25      C                 -0.100
    26      C                 -0.138
    27      C                 -0.085
    28      C                 -0.153
    29      C                  0.467
    30      F                 -0.172
    31      F                 -0.165
    32      F                 -0.162
    33      H                  0.087
    34      H                  0.085
    35      H                  0.070
    36      H                  0.080
    37      H                  0.094
    38      H                  0.078
    39      H                  0.088
    40      H                  0.093
    41      H                  0.134
    42      H                  0.133
    43      H                  0.217
    44      H                  0.149
    45      H                  0.093
    46      H                  0.093
    47      H                  0.084
    48      H                  0.084
    49      H                  0.101
    50      H                  0.086
    51      H                  0.087
    52      H                  0.085
    53      H                  0.099
    54      H                  0.089
    55      H                  0.206
    56      H                  0.126
    57      H                  0.165
    58      H                  0.141
    59      H                  0.138
    60      H                  0.141
    61      H                  0.153
 Total Mulliken Charge =      -0.000
 
                  X        Y        Z     TOTAL  
  QM DIPOLE     0.845    2.566   -1.955    3.335
 
 Final Structure

  QMMM: QM Region Cartesian Coordinates (*=link atom) 
  QMMM: QM_NO.   MM_NO.  ATOM         X         Y         Z
  QMMM:     1        1      C       -0.0733   -6.6560    3.6185
  QMMM:     2        2      C        1.2993   -6.1282    4.0093
  QMMM:     3        3      C        1.1693   -4.7007    4.5121
  QMMM:     4        4      C        0.7441   -3.7581    3.3963
  QMMM:     5        5      C        1.6096   -3.8524    2.1436
  QMMM:     6        6      C        1.1161   -2.9964    1.0182
  QMMM:     7        7      C        0.4247   -1.8068    1.2762
  QMMM:     8        8      C        0.0048   -0.9723    0.2453
  QMMM:     9        9      C        0.2862   -1.3317   -1.0788
  QMMM:    10       10      O       -0.0901   -0.5630   -2.1574
  QMMM:    11       11      C        0.9785   -2.5159   -1.3629
  QMMM:    12       12      C        1.3921   -3.3470   -0.3175
  QMMM:    13       13      C        2.0978   -4.6056   -0.6915
  QMMM:    14       14      C        2.7157   -5.3348    0.4814
  QMMM:    15       15      C        1.7739   -5.3079    1.6714
  QMMM:    16       16      C        2.3007   -6.1211    2.8327
  QMMM:    17       17      C        2.6468   -7.5881    2.6216
  QMMM:    18       18      C        2.6244   -8.1976    4.0231
  QMMM:    19       19      C        1.9680   -7.1594    4.9801
  QMMM:    20       20      O        1.0321   -7.7743    5.8531
  QMMM:    21       21      C        3.0201   -6.5150    5.8312
  QMMM:    22       22      C        3.0665   -6.5992    7.1667
  QMMM:    23       23      C        4.0975   -5.9684    7.9793
  QMMM:    24       24      C        4.6797   -4.7590    7.5647
  QMMM:    25       25      C        5.6589   -4.1355    8.3322
  QMMM:    26       26      C        6.0759   -4.7087    9.5333
  QMMM:    27       27      C        5.5057   -5.9045    9.9633
  QMMM:    28       28      C        4.5210   -6.5324    9.1957
  QMMM:    29       29      C        3.9194   -7.8365    9.7131
  QMMM:    30       30      F        4.5083   -8.3258   10.8561
  QMMM:    31       31      F        2.5879   -7.7581   10.0465
  QMMM:    32       32      F        3.9889   -8.8943    8.8397
  QMMM:    33       33      H       -0.5543   -6.0093    2.8473
  QMMM:    34       34      H       -0.7398   -6.6725    4.5163
  QMMM:    35       35      H        0.0083   -7.6911    3.2066
  QMMM:    36       36      H        2.1508   -4.3569    4.9336
  QMMM:    37       37      H        0.4139   -4.6578    5.3394
  QMMM:    38       38      H        0.8018   -2.7125    3.8020
  QMMM:    39       39      H       -0.3258   -3.9508    3.1226
  QMMM:    40       40      H        2.6382   -3.4685    2.4178
  QMMM:    41       41      H        0.2008   -1.5091    2.3119
  QMMM:    42       42      H       -0.5385   -0.0435    0.4670
  QMMM:    43       43      H       -0.5543    0.2159   -1.8182
  QMMM:    44       44      H        1.1901   -2.7814   -2.4086
  QMMM:    45       45      H        2.8973   -4.3731   -1.4462
  QMMM:    46       46      H        1.3540   -5.2816   -1.1979
  QMMM:    47       47      H        3.6924   -4.8590    0.7596
  QMMM:    48       48      H        2.9306   -6.3970    0.1928
  QMMM:    49       49      H        0.7765   -5.7086    1.3416
  QMMM:    50       50      H        3.2441   -5.6097    3.1889
  QMMM:    51       51      H        3.6506   -7.7032    2.1447
  QMMM:    52       52      H        1.8958   -8.0836    1.9572
  QMMM:    53       53      H        3.6593   -8.4366    4.3696
  QMMM:    54       54      H        2.0363   -9.1483    4.0335
  QMMM:    55       55      H        0.4685   -8.3474    5.3191
  QMMM:    56       56      H        3.7874   -5.9739    5.2529
  QMMM:    57       57      H        2.3024   -7.1774    7.7210
  QMMM:    58       58      H        4.3447   -4.2971    6.6229
  QMMM:    59       59      H        6.1028   -3.1879    7.9910
  QMMM:    60       60      H        6.8499   -4.2197   10.1427
  QMMM:    61       61      H        5.8321   -6.3587   10.9133

           --------- Calculation Completed ----------

