
          -------------------------------------------------------
          Amber 16 SANDER                              2016
          -------------------------------------------------------

| Run on 08/12/2016 at 19:24:13

|   Executable path: sander
| Working directory: /net/roos/home4/zuckerman/spiriti/estrogen-receptor2/ligands5/etc
|          Hostname: n000.dcb.private.net

  [-O]verwriting output

File Assignments:
|  MDIN: ../amber.in                                                           
| MDOUT: amber.out                                                             
|INPCRD: etc.inpcrd                                                            
|  PARM: etc.prm7                                                              
|RESTRT: restrt                                                                
|  REFC: refc                                                                  
| MDVEL: mdvel                                                                 
| MDFRC: mdfrc                                                                 
|  MDEN: mden                                                                  
| MDCRD: mdcrd                                                                 
|MDINFO: mdinfo                                                                
|  MTMD: mtmd                                                                  
|INPDIP: inpdip                                                                
|RSTDIP: rstdip                                                                
|INPTRA: inptraj                                                               


 Here is the input file:

test file                                                                      
&cntrl                                                                         
imin=1, maxcyc=1,                                                              
ntpr=5, cut=99, igb=0, ntb=0                                                   
/                                                                              

--------------------------------------------------------------------------------
   1.  RESOURCE   USE: 
--------------------------------------------------------------------------------

| Flags:                                                                        
|    NONPERIODIC   ntb=0 and igb=0: Setting up nonperiodic simulation
|  *** cutoff > system size, list only builds once
|Largest sphere to fit in unit cell has radius =    32.207
| New format PARM file being parsed.
| Version =    1.000 Date = 07/06/16 Time = 22:39:13
 NATOM  =      48 NTYPES =       6 NBONH =      24 MBONA  =      27
 NTHETH =      52 MTHETA =      40 NPHIH =      94 MPHIA  =      70
 NHPARM =       0 NPARM  =       0 NNB   =     276 NRES   =       1
 NBONA  =      27 NTHETA =      40 NPHIA =      70 NUMBND =      12
 NUMANG =      22 NPTRA  =      15 NATYP =       8 NPHB   =       0
 IFBOX  =       0 NMXRS  =      48 IFCAP =       0 NEXTRA =       0
 NCOPY  =       0


|     Memory Use     Allocated
|     Real                8070
|     Hollerith            147
|     Integer            29478
|     Max Pairs           1128
|     nblistReal           576
|     nblist Int       1057317
|       Total             4317 kbytes

| Note: 1-4 EEL scale factors are being read from the topology file.

| Note: 1-4 VDW scale factors are being read from the topology file.
| Duplicated    0 dihedrals
| Duplicated    0 dihedrals

--------------------------------------------------------------------------------
   2.  CONTROL  DATA  FOR  THE  RUN
--------------------------------------------------------------------------------

default_name                                                                    

General flags:
     imin    =       1, nmropt  =       0

Nature and format of input:
     ntx     =       1, irest   =       0, ntrx    =       1

Nature and format of output:
     ntxo    =       2, ntpr    =       5, ntrx    =       1, ntwr    =       1
     iwrap   =       0, ntwx    =       0, ntwv    =       0, ntwe    =       0
     ioutfm  =       1, ntwprt  =       0, idecomp =       0, rbornstat=      0

Potential function:
     ntf     =       1, ntb     =       0, igb     =       0, nsnb    =      25
     ipol    =       0, gbsa    =       0, iesp    =       0
     dielc   =   1.00000, cut     =  99.00000, intdiel =   1.00000

Frozen or restrained atoms:
     ibelly  =       0, ntr     =       0

Energy minimization:
     maxcyc  =       1, ncyc    =      10, ntmin   =       1
     dx0     =   0.01000, drms    =   0.00010
|  INFO: Old style inpcrd file read


--------------------------------------------------------------------------------
   3.  ATOMIC COORDINATES AND VELOCITIES
--------------------------------------------------------------------------------

default_name                                                                    
 begin time read from input coords =     0.000 ps

 Number of triangulated 3-point waters found:        0

     Sum of charges from parm topology file =  -0.00300200
     Forcing neutrality...

--------------------------------------------------------------------------------
   4.  RESULTS
--------------------------------------------------------------------------------

 ---------------------------------------------------

     eedmeth=4: Setting switch to one everywhere

 ---------------------------------------------------
| Local SIZE OF NONBOND LIST =        855
| TOTAL SIZE OF NONBOND LIST =        855


   NSTEP       ENERGY          RMS            GMAX         NAME    NUMBER
      1       1.8210E+01     1.5244E+01     4.5991E+01     O25        20

 BOND    =       12.0967  ANGLE   =        7.9943  DIHED      =        8.7811
 VDWAALS =       10.1592  EEL     =       15.6794  HBOND      =        0.0000
 1-4 VDW =       21.1048  1-4 EEL =      -57.6058  RESTRAINT  =        0.0000


  Maximum number of minimization cycles reached.


                    FINAL RESULTS



   NSTEP       ENERGY          RMS            GMAX         NAME    NUMBER
      1       1.8210E+01     1.5244E+01     4.5991E+01     O25        20

 BOND    =       12.0967  ANGLE   =        7.9943  DIHED      =        8.7811
 VDWAALS =       10.1592  EEL     =       15.6794  HBOND      =        0.0000
 1-4 VDW =       21.1048  1-4 EEL =      -57.6058  RESTRAINT  =        0.0000

--------------------------------------------------------------------------------
   5.  TIMINGS
--------------------------------------------------------------------------------

|    Read coords time           0.00 ( 0.37% of Total)
|                Build the list             0.00 (95.75% of List )
|                Other                      0.00 ( 4.25% of List )
|             List time                  0.00 (72.63% of Nonbo)
|                   Short_ene time             0.00 (98.30% of Direc)
|                   Other                      0.00 ( 1.70% of Direc)
|                Direct Ewald time          0.00 (88.85% of Ewald)
|                Force Adjust               0.00 ( 0.31% of Ewald)
|                Virial junk                0.00 ( 1.20% of Ewald)
|                Start synchronizatio       0.00 ( 0.31% of Ewald)
|                Other                      0.00 ( 9.34% of Ewald)
|             Ewald time                 0.00 (26.97% of Nonbo)
|             IPS excludes               0.00 ( 0.08% of Nonbo)
|             Other                      0.00 ( 0.32% of Nonbo)
|          Nonbond force              0.00 (79.68% of Force)
|          Bond/Angle/Dihedral        0.00 (18.83% of Force)
|          Other                      0.00 ( 1.49% of Force)
|       Force time                 0.00 (100.0% of Runmd)
|    Runmd Time                 0.00 ( 0.27% of Total)
|    Other                      0.57 (99.36% of Total)
| Total time                 0.58 (99.89% of ALL  )

| Number of list builds   :          1

| Highest rstack allocated:        200
| Highest istack allocated:         40
|           Job began  at 19:24:12.817  on 08/12/2016
|           Setup done at 19:24:13.023  on 08/12/2016
|           Run   done at 19:24:13.397  on 08/12/2016
|     wallclock() was called      58 times
