            --------------------------------------------------------
                             AMBER SQM VERSION 14
 
                                     By
              Ross C. Walker, Michael F. Crowley, Scott Brozell,
                         Tim Giese, Andreas W. Goetz,
                        Tai-Sung Lee and David A. Case
 
            --------------------------------------------------------
 

--------------------------------------------------------------------------------
  QM CALCULATION INFO
--------------------------------------------------------------------------------

| QMMM: Citation for AMBER QMMM Run:
| QMMM: R.C. Walker, M.F. Crowley and D.A. Case, J. COMP. CHEM. 29:1019, 2008

QMMM: SINGLET STATE CALCULATION
QMMM: RHF CALCULATION, NO. OF DOUBLY OCCUPIED LEVELS = 62

| QMMM: *** Selected Hamiltonian *** 
| QMMM: AM1         

| QMMM: *** Parameter sets in use ***
| QMMM: C : M.J.S.DEWAR et al. JACS, 107, 3902, (1985)
| QMMM: O : M.J.S.DEWAR et al. JACS, 107, 3902, (1985)
| QMMM: H : M.J.S.DEWAR et al. JACS, 107, 3902, (1985)

| QMMM: *** SCF convergence criteria ***
| QMMM: Energy change                :  0.1D-09 kcal/mol
| QMMM: Error matrix |FP-PF|         :  0.1D+00 au
| QMMM: Density matrix change        :  0.5D-06
| QMMM: Maximum number of SCF cycles :     1000

| QMMM: *** Diagonalization Routine Information ***
| QMMM: Pseudo diagonalizations are allowed.
| QMMM: Auto diagonalization routine selection is in use.
| QMMM:
| QMMM: Timing diagonalization routines:
| QMMM:                              norbs =      120
| QMMM:    diag iterations used for timing =       10
| QMMM:
| QMMM:              Internal diag routine = 0.061406 seconds
| QMMM:                 Dspev diag routine = 0.100259 seconds
| QMMM:                Dspevd diag routine = 0.067670 seconds
| QMMM:                Dspevx diag routine = 0.221075 seconds
| QMMM:                 Dsyev diag routine = 0.106633 seconds
| QMMM:                Dsyevd diag routine = 0.077627 seconds
| QMMM:                Dsyevr diag routine = 0.070720 seconds
| QMMM:
| QMMM:                Pseudo diag routine = 0.032681 seconds
| QMMM:
| QMMM: Using internal diagonalization routine (diag_routine=1).

  QMMM: QM Region Cartesian Coordinates (*=link atom) 
  QMMM: QM_NO.   MM_NO.  ATOM         X         Y         Z
  QMMM:     1        1      C        1.2860    3.6530   -1.4100
  QMMM:     2        2      C        0.7040    2.2400   -1.3450
  QMMM:     3        3      C        0.3430    1.9030    0.1040
  QMMM:     4        4      C        1.6170    1.8710    0.9450
  QMMM:     5        5      C       -0.3530    0.5690    0.1440
  QMMM:     6        6      C        0.3520   -0.5720    0.1570
  QMMM:     7        7      C        1.8240   -0.5150    0.1890
  QMMM:     8        8      C        2.5910   -1.6340   -0.1370
  QMMM:     9        9      C        3.9670   -1.5560   -0.0980
  QMMM:    10       10      C        4.5880   -0.3680    0.2660
  QMMM:    11       11      O        5.9440   -0.2950    0.2960
  QMMM:    12       12      C        3.8270    0.7460    0.6010
  QMMM:    13       13      C        2.4520    0.6750    0.5690
  QMMM:    14       14      C       -1.8250    0.5150    0.1960
  QMMM:    15       15      C       -2.4540   -0.6750    0.5750
  QMMM:    16       16      C       -1.6210   -1.8700    0.9560
  QMMM:    17       17      C       -0.3450   -1.9060    0.1160
  QMMM:    18       18      C       -0.7040   -2.2430   -1.3320
  QMMM:    19       19      C       -1.2750   -3.6600   -1.4000
  QMMM:    20       20      C       -3.8290   -0.7410    0.6140
  QMMM:    21       21      C       -4.5880    0.3790    0.2990
  QMMM:    22       22      O       -5.9450    0.3080    0.3340
  QMMM:    23       23      C       -3.9660    1.5700   -0.0530
  QMMM:    24       24      C       -2.5900    1.6430   -0.1010
  QMMM:    25       25      H        1.5380    3.8890   -2.4230
  QMMM:    26       26      H        2.1650    3.7050   -0.8020
  QMMM:    27       27      H        0.5620    4.3540   -1.0510
  QMMM:    28       28      H        1.4280    1.5390   -1.7040
  QMMM:    29       29      H       -0.1750    2.1880   -1.9530
  QMMM:    30       30      H       -0.3150    2.6460    0.5030
  QMMM:    31       31      H        1.3560    1.8100    1.9810
  QMMM:    32       32      H        2.1800    2.7630    0.7650
  QMMM:    33       33      H        2.1300   -2.5170   -0.4060
  QMMM:    34       34      H        4.5370   -2.3820   -0.3400
  QMMM:    35       35      H        6.4590   -1.0450    0.0710
  QMMM:    36       36      H        4.2920    1.6260    0.8740
  QMMM:    37       37      H       -2.1840   -2.7640    0.7840
  QMMM:    38       38      H       -1.3590   -1.8000    1.9910
  QMMM:    39       39      H        0.3110   -2.6510    0.5160
  QMMM:    40       40      H        0.1740   -2.1830   -1.9400
  QMMM:    41       41      H       -1.4340   -1.5470   -1.6890
  QMMM:    42       42      H       -0.5450   -4.3560   -1.0430
  QMMM:    43       43      H       -1.5260   -3.8950   -2.4130
  QMMM:    44       44      H       -2.1530   -3.7200   -0.7920
  QMMM:    45       45      H       -4.2960   -1.6230    0.8770
  QMMM:    46       46      H       -6.3660   -0.4950    0.5710
  QMMM:    47       47      H       -4.5340    2.4010   -0.2790
  QMMM:    48       48      H       -2.1270    2.5300   -0.3560

--------------------------------------------------------------------------------
  RESULTS
--------------------------------------------------------------------------------

      iter         sqm energy              rms gradient
      ----    -------------------    -----------------------
xmin    10      -61.9582 kcal/mol        0.9903 kcal/(mol*A)
xmin    20      -62.3189 kcal/mol        0.3664 kcal/(mol*A)
xmin    30      -62.4842 kcal/mol        0.2118 kcal/(mol*A)
xmin    40      -62.4883 kcal/mol        0.0708 kcal/(mol*A)
xmin    50      -62.4933 kcal/mol        0.0201 kcal/(mol*A)
xmin    60      -62.4935 kcal/mol        0.0029 kcal/(mol*A)
  ... geometry converged !
 
 Final MO eigenvalues (eV):
 -41.6804  -40.3547  -39.3324  -38.0690  -37.2111  -36.1601  -33.3826  -32.9525
 -32.6012  -31.2881  -29.9257  -28.7604  -28.5059  -25.5097  -25.1536  -24.1045
 -23.0422  -22.9232  -22.2817  -22.1494  -20.2928  -19.1999  -18.5256  -18.2434
 -17.4786  -17.2199  -16.3376  -16.1906  -16.1385  -15.9766  -15.3457  -15.0894
 -14.9784  -14.9109  -14.8692  -14.7256  -14.5022  -14.3800  -14.1630  -13.9001
 -13.7223  -13.5846  -13.4606  -13.2707  -13.1546  -12.9042  -12.5347  -12.5092
 -12.3863  -12.2571  -12.1365  -11.9521  -11.7788  -11.5913  -11.4035  -11.1933
 -10.9990  -10.3465   -9.6649   -9.6151   -9.2156   -8.0253   -0.3820    0.3818
   0.3941    0.6141    1.5959    2.7795    2.9535    2.9810    3.0026    3.4143
   3.5240    3.6222    3.7388    3.7460    3.8378    3.8482    3.9009    3.9396
   3.9704    4.0145    4.1399    4.1490    4.2096    4.2554    4.3185    4.3569
   4.4140    4.4613    4.5051    4.5134    4.5261    4.6151    4.6880    4.7666
   4.7924    4.8122    4.8974    4.9118    4.9532    4.9902    5.0154    5.0406
   5.0623    5.1566    5.1720    5.2274    5.2446    5.2676    5.3461    5.3543
   5.5160    5.5774    5.8125    5.8264    5.9405    6.0409    6.3119    6.3259


 Heat of formation   =        -62.49346394 kcal/mol  (       -2.70991995 eV)

 Total SCF energy    =     -87373.22015805 kcal/mol  (    -3788.78713664 eV)
 Electronic energy   =    -693156.12574658 kcal/mol  (   -30057.50512756 eV)
 Core-core repulsion =     605782.90558853 kcal/mol  (    26268.71799092 eV)
 
    Atomic Charges for Step       1 :
  Atom    Element       Mulliken Charge
     1      C                 -0.212
     2      C                 -0.160
     3      C                 -0.064
     4      C                 -0.123
     5      C                 -0.051
     6      C                 -0.054
     7      C                 -0.066
     8      C                 -0.081
     9      C                 -0.219
    10      C                  0.083
    11      O                 -0.251
    12      C                 -0.159
    13      C                 -0.024
    14      C                 -0.066
    15      C                 -0.019
    16      C                 -0.123
    17      C                 -0.063
    18      C                 -0.161
    19      C                 -0.211
    20      C                 -0.216
    21      C                  0.083
    22      O                 -0.251
    23      C                 -0.162
    24      C                 -0.086
    25      H                  0.076
    26      H                  0.072
    27      H                  0.069
    28      H                  0.092
    29      H                  0.088
    30      H                  0.099
    31      H                  0.099
    32      H                  0.096
    33      H                  0.138
    34      H                  0.133
    35      H                  0.218
    36      H                  0.150
    37      H                  0.092
    38      H                  0.098
    39      H                  0.098
    40      H                  0.089
    41      H                  0.092
    42      H                  0.068
    43      H                  0.075
    44      H                  0.071
    45      H                  0.133
    46      H                  0.217
    47      H                  0.150
    48      H                  0.140
 Total Mulliken Charge =      -0.000
 
                  X        Y        Z     TOTAL  
  QM DIPOLE     0.024   -2.133   -0.021    2.134
 
 Final Structure

  QMMM: QM Region Cartesian Coordinates (*=link atom) 
  QMMM: QM_NO.   MM_NO.  ATOM         X         Y         Z
  QMMM:     1        1      C        0.7516    3.9042   -1.3179
  QMMM:     2        2      C        0.6009    2.4057   -1.2662
  QMMM:     3        3      C        0.4067    1.8967    0.1611
  QMMM:     4        4      C        1.7393    1.7718    0.8915
  QMMM:     5        5      C       -0.3309    0.5914    0.1588
  QMMM:     6        6      C        0.3374   -0.5922    0.1611
  QMMM:     7        7      C        1.7958   -0.6232    0.1595
  QMMM:     8        8      C        2.5205   -1.7716   -0.1838
  QMMM:     9        9      C        3.9118   -1.7723   -0.1681
  QMMM:    10       10      C        4.5941   -0.6041    0.1967
  QMMM:    11       11      O        5.9676   -0.5271    0.2399
  QMMM:    12       12      C        3.8911    0.5619    0.5369
  QMMM:    13       13      C        2.4981    0.5499    0.5125
  QMMM:    14       14      C       -1.7893    0.6219    0.1674
  QMMM:    15       15      C       -2.4879   -0.5466    0.5335
  QMMM:    16       16      C       -1.7287   -1.7671    0.9150
  QMMM:    17       17      C       -0.4004   -1.8974    0.1775
  QMMM:    18       18      C       -0.6036   -2.4166   -1.2448
  QMMM:    19       19      C       -0.7551   -3.9153   -1.2853
  QMMM:    20       20      C       -3.8829   -0.5533    0.5685
  QMMM:    21       21      C       -4.5871    0.6079    0.2263
  QMMM:    22       22      O       -5.9617    0.6726    0.2374
  QMMM:    23       23      C       -3.9064    1.7758   -0.1537
  QMMM:    24       24      C       -2.5175    1.7699   -0.1791
  QMMM:    25       25      H        0.9196    4.2370   -2.3708
  QMMM:    26       26      H        1.6191    4.2413   -0.7006
  QMMM:    27       27      H       -0.1688    4.4071   -0.9324
  QMMM:    28       28      H        1.5056    1.9149   -1.7118
  QMMM:    29       29      H       -0.2817    2.1018   -1.8901
  QMMM:    30       30      H       -0.2081    2.6538    0.7296
  QMMM:    31       31      H        1.5465    1.7325    1.9994
  QMMM:    32       32      H        2.3551    2.6888    0.6904
  QMMM:    33       33      H        1.9900   -2.6906   -0.4806
  QMMM:    34       34      H        4.4696   -2.6790   -0.4402
  QMMM:    35       35      H        6.3219   -1.3900   -0.0192
  QMMM:    36       36      H        4.4469    1.4684    0.8151
  QMMM:    37       37      H       -2.3460   -2.6848    0.7228
  QMMM:    38       38      H       -1.5290   -1.7218    2.0215
  QMMM:    39       39      H        0.2178   -2.6505    0.7477
  QMMM:    40       40      H        0.2752   -2.1173   -1.8762
  QMMM:    41       41      H       -1.5107   -1.9283   -1.6885
  QMMM:    42       42      H        0.1675   -4.4159   -0.9022
  QMMM:    43       43      H       -0.9300   -4.2555   -2.3347
  QMMM:    44       44      H       -1.6185   -4.2481   -0.6600
  QMMM:    45       45      H       -4.4245   -1.4643    0.8600
  QMMM:    46       46      H       -6.2984   -0.1916    0.5152
  QMMM:    47       47      H       -4.4783    2.6737   -0.4255
  QMMM:    48       48      H       -1.9866    2.6855   -0.4867

           --------- Calculation Completed ----------

