
          -------------------------------------------------------
          Amber 16 SANDER                              2016
          -------------------------------------------------------

| Run on 08/12/2016 at 19:24:15

|   Executable path: sander
| Working directory: /net/roos/home4/zuckerman/spiriti/estrogen-receptor2/ligands5/fsv
|          Hostname: n000.dcb.private.net

  [-O]verwriting output

File Assignments:
|  MDIN: ../amber.in                                                           
| MDOUT: amber.out                                                             
|INPCRD: fsv.inpcrd                                                            
|  PARM: fsv.prm7                                                              
|RESTRT: restrt                                                                
|  REFC: refc                                                                  
| MDVEL: mdvel                                                                 
| MDFRC: mdfrc                                                                 
|  MDEN: mden                                                                  
| MDCRD: mdcrd                                                                 
|MDINFO: mdinfo                                                                
|  MTMD: mtmd                                                                  
|INPDIP: inpdip                                                                
|RSTDIP: rstdip                                                                
|INPTRA: inptraj                                                               


 Here is the input file:

test file                                                                      
&cntrl                                                                         
imin=1, maxcyc=1,                                                              
ntpr=5, cut=99, igb=0, ntb=0                                                   
/                                                                              

--------------------------------------------------------------------------------
   1.  RESOURCE   USE: 
--------------------------------------------------------------------------------

| Flags:                                                                        
|    NONPERIODIC   ntb=0 and igb=0: Setting up nonperiodic simulation
|  *** cutoff > system size, list only builds once
|Largest sphere to fit in unit cell has radius =    30.012
| New format PARM file being parsed.
| Version =    1.000 Date = 07/06/16 Time = 22:45:27
 NATOM  =      29 NTYPES =       5 NBONH =      11 MBONA  =      19
 NTHETH =      19 MTHETA =      26 NPHIH =      44 MPHIA  =      36
 NHPARM =       0 NPARM  =       0 NNB   =     136 NRES   =       1
 NBONA  =      19 NTHETA =      26 NPHIA =      36 NUMBND =      10
 NUMANG =      13 NPTRA  =       5 NATYP =       7 NPHB   =       0
 IFBOX  =       0 NMXRS  =      29 IFCAP =       0 NEXTRA =       0
 NCOPY  =       0


|     Memory Use     Allocated
|     Real                6562
|     Hollerith             90
|     Integer            24719
|     Max Pairs            406
|     nblistReal           348
|     nblist Int        960521
|       Total             3904 kbytes

| Note: 1-4 EEL scale factors are being read from the topology file.

| Note: 1-4 VDW scale factors are being read from the topology file.
| Duplicated    0 dihedrals
| Duplicated    0 dihedrals

--------------------------------------------------------------------------------
   2.  CONTROL  DATA  FOR  THE  RUN
--------------------------------------------------------------------------------

default_name                                                                    

General flags:
     imin    =       1, nmropt  =       0

Nature and format of input:
     ntx     =       1, irest   =       0, ntrx    =       1

Nature and format of output:
     ntxo    =       2, ntpr    =       5, ntrx    =       1, ntwr    =       1
     iwrap   =       0, ntwx    =       0, ntwv    =       0, ntwe    =       0
     ioutfm  =       1, ntwprt  =       0, idecomp =       0, rbornstat=      0

Potential function:
     ntf     =       1, ntb     =       0, igb     =       0, nsnb    =      25
     ipol    =       0, gbsa    =       0, iesp    =       0
     dielc   =   1.00000, cut     =  99.00000, intdiel =   1.00000

Frozen or restrained atoms:
     ibelly  =       0, ntr     =       0

Energy minimization:
     maxcyc  =       1, ncyc    =      10, ntmin   =       1
     dx0     =   0.01000, drms    =   0.00010
|  INFO: Old style inpcrd file read


--------------------------------------------------------------------------------
   3.  ATOMIC COORDINATES AND VELOCITIES
--------------------------------------------------------------------------------

default_name                                                                    
 begin time read from input coords =     0.000 ps

 Number of triangulated 3-point waters found:        0

     Sum of charges from parm topology file =   0.00200000
     Forcing neutrality...

--------------------------------------------------------------------------------
   4.  RESULTS
--------------------------------------------------------------------------------

 ---------------------------------------------------

     eedmeth=4: Setting switch to one everywhere

 ---------------------------------------------------
| Local SIZE OF NONBOND LIST =        271
| TOTAL SIZE OF NONBOND LIST =        271


   NSTEP       ENERGY          RMS            GMAX         NAME    NUMBER
      1      -1.6829E+01     2.1607E+01     7.1593E+01     C05        14

 BOND    =       10.4286  ANGLE   =        8.9008  DIHED      =        0.0044
 VDWAALS =        9.1863  EEL     =       52.5615  HBOND      =        0.0000
 1-4 VDW =       11.4515  1-4 EEL =     -109.3618  RESTRAINT  =        0.0000


  Maximum number of minimization cycles reached.


                    FINAL RESULTS



   NSTEP       ENERGY          RMS            GMAX         NAME    NUMBER
      1      -1.6829E+01     2.1607E+01     7.1593E+01     C05        14

 BOND    =       10.4286  ANGLE   =        8.9008  DIHED      =        0.0044
 VDWAALS =        9.1863  EEL     =       52.5615  HBOND      =        0.0000
 1-4 VDW =       11.4515  1-4 EEL =     -109.3618  RESTRAINT  =        0.0000

--------------------------------------------------------------------------------
   5.  TIMINGS
--------------------------------------------------------------------------------

|    Read coords time           0.00 ( 0.43% of Total)
|                Build the list             0.00 (95.42% of List )
|                Other                      0.00 ( 4.58% of List )
|             List time                  0.00 (72.53% of Nonbo)
|                   Short_ene time             0.00 (97.56% of Direc)
|                   Other                      0.00 ( 2.44% of Direc)
|                Direct Ewald time          0.00 (76.79% of Ewald)
|                Force Adjust               0.00 ( 0.38% of Ewald)
|                Virial junk                0.00 ( 2.25% of Ewald)
|                Start synchronizatio       0.00 ( 1.12% of Ewald)
|                Other                      0.00 (19.46% of Ewald)
|             Ewald time                 0.00 (26.97% of Nonbo)
|             IPS excludes               0.00 ( 0.10% of Nonbo)
|             Other                      0.00 ( 0.40% of Nonbo)
|          Nonbond force              0.00 (82.98% of Force)
|          Bond/Angle/Dihedral        0.00 (15.09% of Force)
|          Other                      0.00 ( 1.93% of Force)
|       Force time                 0.00 (100.0% of Runmd)
|    Runmd Time                 0.00 ( 0.22% of Total)
|    Other                      0.53 (99.34% of Total)
| Total time                 0.53 (99.88% of ALL  )

| Number of list builds   :          1

| Highest rstack allocated:        115
| Highest istack allocated:         23
|           Job began  at 19:24:15.232  on 08/12/2016
|           Setup done at 19:24:15.423  on 08/12/2016
|           Run   done at 19:24:15.766  on 08/12/2016
|     wallclock() was called      58 times
