
          -------------------------------------------------------
          Amber 16 SANDER                              2016
          -------------------------------------------------------

| Run on 08/12/2016 at 19:24:24

|   Executable path: sander
| Working directory: /net/roos/home4/zuckerman/spiriti/estrogen-receptor2/ligands5/j2z
|          Hostname: n000.dcb.private.net

  [-O]verwriting output

File Assignments:
|  MDIN: ../amber.in                                                           
| MDOUT: amber.out                                                             
|INPCRD: j2z.inpcrd                                                            
|  PARM: j2z.prm7                                                              
|RESTRT: restrt                                                                
|  REFC: refc                                                                  
| MDVEL: mdvel                                                                 
| MDFRC: mdfrc                                                                 
|  MDEN: mden                                                                  
| MDCRD: mdcrd                                                                 
|MDINFO: mdinfo                                                                
|  MTMD: mtmd                                                                  
|INPDIP: inpdip                                                                
|RSTDIP: rstdip                                                                
|INPTRA: inptraj                                                               


 Here is the input file:

test file                                                                      
&cntrl                                                                         
imin=1, maxcyc=1,                                                              
ntpr=5, cut=99, igb=0, ntb=0                                                   
/                                                                              

--------------------------------------------------------------------------------
   1.  RESOURCE   USE: 
--------------------------------------------------------------------------------

| Flags:                                                                        
|    NONPERIODIC   ntb=0 and igb=0: Setting up nonperiodic simulation
|  *** cutoff > system size, list only builds once
|Largest sphere to fit in unit cell has radius =    31.998
| New format PARM file being parsed.
| Version =    1.000 Date = 07/06/16 Time = 23:51:55
 NATOM  =      43 NTYPES =       8 NBONH =      22 MBONA  =      24
 NTHETH =      51 MTHETA =      38 NPHIH =     104 MPHIA  =      96
 NHPARM =       0 NPARM  =       0 NNB   =     274 NRES   =       1
 NBONA  =      24 NTHETA =      38 NPHIA =      96 NUMBND =      11
 NUMANG =      19 NPTRA  =      17 NATYP =       9 NPHB   =       0
 IFBOX  =       0 NMXRS  =      43 IFCAP =       0 NEXTRA =       0
 NCOPY  =       0


|     Memory Use     Allocated
|     Real                7710
|     Hollerith            132
|     Integer            30888
|     Max Pairs            903
|     nblistReal           516
|     nblist Int        967285
|       Total             3967 kbytes

| Note: 1-4 EEL scale factors are being read from the topology file.

| Note: 1-4 VDW scale factors are being read from the topology file.
| Duplicated    0 dihedrals
| Duplicated    0 dihedrals

--------------------------------------------------------------------------------
   2.  CONTROL  DATA  FOR  THE  RUN
--------------------------------------------------------------------------------

default_name                                                                    

General flags:
     imin    =       1, nmropt  =       0

Nature and format of input:
     ntx     =       1, irest   =       0, ntrx    =       1

Nature and format of output:
     ntxo    =       2, ntpr    =       5, ntrx    =       1, ntwr    =       1
     iwrap   =       0, ntwx    =       0, ntwv    =       0, ntwe    =       0
     ioutfm  =       1, ntwprt  =       0, idecomp =       0, rbornstat=      0

Potential function:
     ntf     =       1, ntb     =       0, igb     =       0, nsnb    =      25
     ipol    =       0, gbsa    =       0, iesp    =       0
     dielc   =   1.00000, cut     =  99.00000, intdiel =   1.00000

Frozen or restrained atoms:
     ibelly  =       0, ntr     =       0

Energy minimization:
     maxcyc  =       1, ncyc    =      10, ntmin   =       1
     dx0     =   0.01000, drms    =   0.00010
|  INFO: Old style inpcrd file read


--------------------------------------------------------------------------------
   3.  ATOMIC COORDINATES AND VELOCITIES
--------------------------------------------------------------------------------

default_name                                                                    
 begin time read from input coords =     0.000 ps

 Number of triangulated 3-point waters found:        0

     Sum of charges from parm topology file =   0.00199900
     Forcing neutrality...

--------------------------------------------------------------------------------
   4.  RESULTS
--------------------------------------------------------------------------------

 ---------------------------------------------------

     eedmeth=4: Setting switch to one everywhere

 ---------------------------------------------------
| Local SIZE OF NONBOND LIST =        630
| TOTAL SIZE OF NONBOND LIST =        630


   NSTEP       ENERGY          RMS            GMAX         NAME    NUMBER
      1       1.0112E+02     2.0811E+01     9.1408E+01     H12        26

 BOND    =        9.2569  ANGLE   =       16.9995  DIHED      =       13.5064
 VDWAALS =       29.3888  EEL     =      -29.9014  HBOND      =        0.0000
 1-4 VDW =       19.8545  1-4 EEL =       42.0168  RESTRAINT  =        0.0000


  Maximum number of minimization cycles reached.


                    FINAL RESULTS



   NSTEP       ENERGY          RMS            GMAX         NAME    NUMBER
      1       1.0112E+02     2.0811E+01     9.1408E+01     H12        26

 BOND    =        9.2569  ANGLE   =       16.9995  DIHED      =       13.5064
 VDWAALS =       29.3888  EEL     =      -29.9014  HBOND      =        0.0000
 1-4 VDW =       19.8545  1-4 EEL =       42.0168  RESTRAINT  =        0.0000

--------------------------------------------------------------------------------
   5.  TIMINGS
--------------------------------------------------------------------------------

|    Read coords time           0.00 ( 0.35% of Total)
|                Build the list             0.00 (96.49% of List )
|                Other                      0.00 ( 3.51% of List )
|             List time                  0.00 (72.97% of Nonbo)
|                   Short_ene time             0.00 (96.91% of Direc)
|                   Other                      0.00 ( 3.09% of Direc)
|                Direct Ewald time          0.00 (86.69% of Ewald)
|                Virial junk                0.00 ( 1.99% of Ewald)
|                Start synchronizatio       0.00 ( 0.99% of Ewald)
|                Other                      0.00 (10.33% of Ewald)
|             Ewald time                 0.00 (26.50% of Nonbo)
|             IPS excludes               0.00 ( 0.09% of Nonbo)
|             Other                      0.00 ( 0.45% of Nonbo)
|          Nonbond force              0.00 (78.56% of Force)
|          Bond/Angle/Dihedral        0.00 (19.85% of Force)
|          Other                      0.00 ( 1.59% of Force)
|       Force time                 0.00 (100.0% of Runmd)
|    Runmd Time                 0.00 ( 0.26% of Total)
|    Other                      0.56 (99.39% of Total)
| Total time                 0.56 (99.88% of ALL  )

| Number of list builds   :          1

| Highest rstack allocated:        180
| Highest istack allocated:         36
|           Job began  at 19:24:24.010  on 08/12/2016
|           Setup done at 19:24:24.174  on 08/12/2016
|           Run   done at 19:24:24.570  on 08/12/2016
|     wallclock() was called      58 times
