            --------------------------------------------------------
                             AMBER SQM VERSION 14
 
                                     By
              Ross C. Walker, Michael F. Crowley, Scott Brozell,
                         Tim Giese, Andreas W. Goetz,
                        Tai-Sung Lee and David A. Case
 
            --------------------------------------------------------
 

--------------------------------------------------------------------------------
  QM CALCULATION INFO
--------------------------------------------------------------------------------

| QMMM: Citation for AMBER QMMM Run:
| QMMM: R.C. Walker, M.F. Crowley and D.A. Case, J. COMP. CHEM. 29:1019, 2008

QMMM: SINGLET STATE CALCULATION
QMMM: RHF CALCULATION, NO. OF DOUBLY OCCUPIED LEVELS = 56

| QMMM: *** Selected Hamiltonian *** 
| QMMM: AM1         

| QMMM: *** Parameter sets in use ***
| QMMM: O : M.J.S.DEWAR et al. JACS, 107, 3902, (1985)
| QMMM: C : M.J.S.DEWAR et al. JACS, 107, 3902, (1985)
| QMMM: H : M.J.S.DEWAR et al. JACS, 107, 3902, (1985)

| QMMM: *** SCF convergence criteria ***
| QMMM: Energy change                :  0.1D-09 kcal/mol
| QMMM: Error matrix |FP-PF|         :  0.1D+00 au
| QMMM: Density matrix change        :  0.5D-06
| QMMM: Maximum number of SCF cycles :     1000

| QMMM: *** Diagonalization Routine Information ***
| QMMM: Pseudo diagonalizations are allowed.
| QMMM: Auto diagonalization routine selection is in use.
| QMMM:
| QMMM: Timing diagonalization routines:
| QMMM:                              norbs =      106
| QMMM:    diag iterations used for timing =       10
| QMMM:
| QMMM:              Internal diag routine = 0.044042 seconds
| QMMM:                 Dspev diag routine = 0.073445 seconds
| QMMM:                Dspevd diag routine = 0.049389 seconds
| QMMM:                Dspevx diag routine = 0.164162 seconds
| QMMM:                 Dsyev diag routine = 0.077964 seconds
| QMMM:                Dsyevd diag routine = 0.057557 seconds
| QMMM:                Dsyevr diag routine = 0.051619 seconds
| QMMM:
| QMMM:                Pseudo diag routine = 0.022527 seconds
| QMMM:
| QMMM: Using internal diagonalization routine (diag_routine=1).

  QMMM: QM Region Cartesian Coordinates (*=link atom) 
  QMMM: QM_NO.   MM_NO.  ATOM         X         Y         Z
  QMMM:     1        1      O       -4.4920   -1.5710    0.0340
  QMMM:     2        2      C       -3.7120   -0.6590    0.1710
  QMMM:     3        3      C       -4.0430    0.8270    0.2560
  QMMM:     4        4      O       -4.7680    1.2350   -0.9050
  QMMM:     5        5      C       -2.6860    1.5800    0.3280
  QMMM:     6        6      C       -1.7170    0.5810   -0.3150
  QMMM:     7        7      C       -2.2220   -0.7580    0.3000
  QMMM:     8        8      C       -1.8440   -0.8110    1.7810
  QMMM:     9        9      C       -0.2630    0.7140    0.0930
  QMMM:    10       10      C        0.4990   -0.4260   -0.5950
  QMMM:    11       11      C       -0.0270   -1.7870   -0.1630
  QMMM:    12       12      C       -1.5380   -1.8980   -0.4230
  QMMM:    13       13      C        0.3400    2.0360   -0.3820
  QMMM:    14       14      C        1.7370    2.1690    0.2240
  QMMM:    15       15      C        2.5410    0.9110    0.0230
  QMMM:    16       16      C        1.9730   -0.2900   -0.3470
  QMMM:    17       17      C        3.9130    0.9860    0.2250
  QMMM:    18       18      C        4.7100   -0.1340    0.0650
  QMMM:    19       19      O        6.0520   -0.0500    0.2640
  QMMM:    20       20      C        4.1340   -1.3420   -0.2990
  QMMM:    21       21      C        2.7730   -1.4140   -0.5020
  QMMM:    22       22      H       -4.6500    1.0390    1.1120
  QMMM:    23       23      H       -4.2390    1.0530   -1.6970
  QMMM:    24       24      H       -2.4120    1.7870    1.3410
  QMMM:    25       25      H       -2.7010    2.5330   -0.1580
  QMMM:    26       26      H       -1.7200    0.6990   -1.3780
  QMMM:    27       27      H       -2.3240   -0.0080    2.3000
  QMMM:    28       28      H       -0.7830   -0.7180    1.8820
  QMMM:    29       29      H       -2.1610   -1.7440    2.1970
  QMMM:    30       30      H       -0.1920    0.6790    1.1600
  QMMM:    31       31      H        0.3350   -0.3550   -1.6500
  QMMM:    32       32      H        0.1590   -1.9190    0.8820
  QMMM:    33       33      H        0.4740   -2.5430   -0.7300
  QMMM:    34       34      H       -1.7320   -1.8300   -1.4730
  QMMM:    35       35      H       -1.9080   -2.8380   -0.0690
  QMMM:    36       36      H       -0.2740    2.8510   -0.0590
  QMMM:    37       37      H        0.3970    2.0530   -1.4500
  QMMM:    38       38      H        1.6460    2.3610    1.2730
  QMMM:    39       39      H        2.2430    2.9750   -0.2650
  QMMM:    40       40      H        4.3420    1.8850    0.4970
  QMMM:    41       41      H        6.4390    0.7670    0.5100
  QMMM:    42       42      H        4.7210   -2.1820   -0.4170
  QMMM:    43       43      H        2.3440   -2.3130   -0.7720

--------------------------------------------------------------------------------
  RESULTS
--------------------------------------------------------------------------------

      iter         sqm energy              rms gradient
      ----    -------------------    -----------------------
xmin    10     -129.0424 kcal/mol        0.7663 kcal/(mol*A)
xmin    20     -129.3719 kcal/mol        0.1002 kcal/(mol*A)
xmin    30     -129.3792 kcal/mol        0.0350 kcal/(mol*A)
xmin    40     -129.3798 kcal/mol        0.0072 kcal/(mol*A)
xmin    50     -129.3799 kcal/mol        0.0185 kcal/(mol*A)
xmin    60     -129.3801 kcal/mol        0.0032 kcal/(mol*A)
  ... geometry converged !
 
 Final MO eigenvalues (eV):
 -42.3737  -40.7554  -39.3329  -37.9646  -37.7508  -35.7038  -34.7516  -32.8935
 -30.8110  -30.2236  -29.1526  -27.3502  -26.3715  -24.6611  -23.9599  -23.5502
 -21.6836  -21.2375  -20.2702  -19.6146  -18.8186  -18.2497  -17.3831  -17.1628
 -16.8974  -16.7696  -16.0206  -15.6261  -15.4845  -15.3361  -15.0688  -14.9492
 -14.8619  -14.5657  -14.3261  -14.2296  -13.9823  -13.8380  -13.5217  -13.4975
 -13.1399  -13.0494  -12.9861  -12.8373  -12.7765  -12.1449  -12.0235  -11.9468
 -11.8115  -11.6393  -11.5168  -11.3007  -10.9767  -10.0879   -9.7173   -8.9613
   0.2797    0.3514    0.6712    2.4976    2.6088    2.9395    3.0033    3.0557
   3.1277    3.3582    3.4518    3.5269    3.6084    3.6210    3.6765    3.7799
   3.7935    3.8387    3.8913    3.9693    4.0500    4.0796    4.1027    4.1353
   4.2377    4.2890    4.3497    4.3689    4.4656    4.4893    4.5117    4.5584
   4.6039    4.6196    4.6452    4.6791    4.6980    4.7718    4.8568    4.9054
   4.9563    5.0478    5.0891    5.1952    5.3877    5.6046    5.7678    5.9337
   6.2517    6.3458

 Heat of formation   =       -129.38013025 kcal/mol  (       -5.61034345 eV)

 Total SCF energy    =     -82331.31474726 kcal/mol  (    -3570.15371178 eV)
 Electronic energy   =    -603713.66100423 kcal/mol  (   -26178.98881246 eV)
 Core-core repulsion =     521382.34625697 kcal/mol  (    22608.83510069 eV)
 
    Atomic Charges for Step       1 :
  Atom    Element       Mulliken Charge
     1      O                 -0.252
     2      C                  0.199
     3      C                 -0.020
     4      O                 -0.296
     5      C                 -0.187
     6      C                 -0.102
     7      C                 -0.103
     8      C                 -0.202
     9      C                 -0.087
    10      C                 -0.055
    11      C                 -0.152
    12      C                 -0.136
    13      C                 -0.152
    14      C                 -0.123
    15      C                 -0.026
    16      C                 -0.095
    17      C                 -0.217
    18      C                  0.080
    19      O                 -0.251
    20      C                 -0.158
    21      C                 -0.095
    22      H                  0.140
    23      H                  0.202
    24      H                  0.098
    25      H                  0.104
    26      H                  0.089
    27      H                  0.077
    28      H                  0.091
    29      H                  0.088
    30      H                  0.103
    31      H                  0.095
    32      H                  0.088
    33      H                  0.083
    34      H                  0.087
    35      H                  0.097
    36      H                  0.084
    37      H                  0.086
    38      H                  0.092
    39      H                  0.092
    40      H                  0.132
    41      H                  0.217
    42      H                  0.151
    43      H                  0.136
 Total Mulliken Charge =      -0.000
 
                  X        Y        Z     TOTAL  
  QM DIPOLE     2.555    2.162    0.684    3.416
 
 Final Structure

  QMMM: QM Region Cartesian Coordinates (*=link atom) 
  QMMM: QM_NO.   MM_NO.  ATOM         X         Y         Z
  QMMM:     1        1      O       -4.5221   -1.4804   -0.2008
  QMMM:     2        2      C       -3.7146   -0.6068    0.0913
  QMMM:     3        3      C       -4.0348    0.8855    0.2590
  QMMM:     4        4      O       -4.9156    1.3762   -0.7255
  QMMM:     5        5      C       -2.6726    1.6107    0.2506
  QMMM:     6        6      C       -1.6744    0.5586   -0.2144
  QMMM:     7        7      C       -2.2219   -0.7774    0.3421
  QMMM:     8        8      C       -2.0547   -0.9384    1.8472
  QMMM:     9        9      C       -0.2078    0.7066    0.1201
  QMMM:    10       10      C        0.5541   -0.4238   -0.5955
  QMMM:    11       11      C       -0.0128   -1.7982   -0.2509
  QMMM:    12       12      C       -1.5235   -1.9038   -0.3954
  QMMM:    13       13      C        0.3530    2.0426   -0.3298
  QMMM:    14       14      C        1.7891    2.1851    0.1252
  QMMM:    15       15      C        2.5950    0.9402   -0.0240
  QMMM:    16       16      C        2.0223   -0.3078   -0.3246
  QMMM:    17       17      C        3.9771    1.0474    0.1744
  QMMM:    18       18      C        4.7878   -0.0869    0.0732
  QMMM:    19       19      O        6.1513   -0.0477    0.2572
  QMMM:    20       20      C        4.2285   -1.3389   -0.2276
  QMMM:    21       21      C        2.8568   -1.4305   -0.4240
  QMMM:    22       22      H       -4.5813    1.0475    1.2293
  QMMM:    23       23      H       -4.5476    1.1436   -1.5871
  QMMM:    24       24      H       -2.4236    1.9802    1.2749
  QMMM:    25       25      H       -2.6972    2.4882   -0.4402
  QMMM:    26       26      H       -1.7553    0.5127   -1.3417
  QMMM:    27       27      H       -2.4552   -0.0445    2.3837
  QMMM:    28       28      H       -0.9805   -1.0635    2.1209
  QMMM:    29       29      H       -2.6123   -1.8446    2.1887
  QMMM:    30       30      H       -0.0584    0.6120    1.2308
  QMMM:    31       31      H        0.4148   -0.2733   -1.7084
  QMMM:    32       32      H        0.2871   -2.0687    0.7950
  QMMM:    33       33      H        0.4417   -2.5621   -0.9373
  QMMM:    34       34      H       -1.8048   -1.8677   -1.4805
  QMMM:    35       35      H       -1.8674   -2.8917    0.0080
  QMMM:    36       36      H       -0.2629    2.8759    0.0991
  QMMM:    37       37      H        0.2935    2.1222   -1.4469
  QMMM:    38       38      H        1.8062    2.4813    1.2107
  QMMM:    39       39      H        2.2785    3.0166   -0.4506
  QMMM:    40       40      H        4.4212    2.0254    0.4095
  QMMM:    41       41      H        6.3992    0.8674    0.4532
  QMMM:    42       42      H        4.8780   -2.2217   -0.3048
  QMMM:    43       43      H        2.4300   -2.4163   -0.6651

           --------- Calculation Completed ----------

