
          -------------------------------------------------------
          Amber 16 SANDER                              2016
          -------------------------------------------------------

| Run on 08/12/2016 at 19:24:34

|   Executable path: sander
| Working directory: /net/roos/home4/zuckerman/spiriti/estrogen-receptor2/ligands5/llc
|          Hostname: n000.dcb.private.net

  [-O]verwriting output

File Assignments:
|  MDIN: ../amber.in                                                           
| MDOUT: amber.out                                                             
|INPCRD: llc.inpcrd                                                            
|  PARM: llc.prm7                                                              
|RESTRT: restrt                                                                
|  REFC: refc                                                                  
| MDVEL: mdvel                                                                 
| MDFRC: mdfrc                                                                 
|  MDEN: mden                                                                  
| MDCRD: mdcrd                                                                 
|MDINFO: mdinfo                                                                
|  MTMD: mtmd                                                                  
|INPDIP: inpdip                                                                
|RSTDIP: rstdip                                                                
|INPTRA: inptraj                                                               


 Here is the input file:

test file                                                                      
&cntrl                                                                         
imin=1, maxcyc=1,                                                              
ntpr=5, cut=99, igb=0, ntb=0                                                   
/                                                                              

--------------------------------------------------------------------------------
   1.  RESOURCE   USE: 
--------------------------------------------------------------------------------

| Flags:                                                                        
|    NONPERIODIC   ntb=0 and igb=0: Setting up nonperiodic simulation
|  *** cutoff > system size, list only builds once
|Largest sphere to fit in unit cell has radius =    32.927
| New format PARM file being parsed.
| Version =    1.000 Date = 07/07/16 Time = 00:39:43
 NATOM  =      59 NTYPES =      13 NBONH =      26 MBONA  =      37
 NTHETH =      57 MTHETA =      52 NPHIH =     109 MPHIA  =      82
 NHPARM =       0 NPARM  =       0 NNB   =     322 NRES   =       1
 NBONA  =      37 NTHETA =      52 NPHIA =      82 NUMBND =      20
 NUMANG =      33 NPTRA  =      17 NATYP =      16 NPHB   =       0
 IFBOX  =       0 NMXRS  =      59 IFCAP =       0 NEXTRA =       0
 NCOPY  =       0


|     Memory Use     Allocated
|     Real                9185
|     Hollerith            180
|     Integer            31221
|     Max Pairs           1711
|     nblistReal           708
|     nblist Int       1151677
|       Total             4705 kbytes

| Note: 1-4 EEL scale factors are being read from the topology file.

| Note: 1-4 VDW scale factors are being read from the topology file.
| Duplicated    0 dihedrals
| Duplicated    0 dihedrals

--------------------------------------------------------------------------------
   2.  CONTROL  DATA  FOR  THE  RUN
--------------------------------------------------------------------------------

default_name                                                                    

General flags:
     imin    =       1, nmropt  =       0

Nature and format of input:
     ntx     =       1, irest   =       0, ntrx    =       1

Nature and format of output:
     ntxo    =       2, ntpr    =       5, ntrx    =       1, ntwr    =       1
     iwrap   =       0, ntwx    =       0, ntwv    =       0, ntwe    =       0
     ioutfm  =       1, ntwprt  =       0, idecomp =       0, rbornstat=      0

Potential function:
     ntf     =       1, ntb     =       0, igb     =       0, nsnb    =      25
     ipol    =       0, gbsa    =       0, iesp    =       0
     dielc   =   1.00000, cut     =  99.00000, intdiel =   1.00000

Frozen or restrained atoms:
     ibelly  =       0, ntr     =       0

Energy minimization:
     maxcyc  =       1, ncyc    =      10, ntmin   =       1
     dx0     =   0.01000, drms    =   0.00010
|  INFO: Old style inpcrd file read


--------------------------------------------------------------------------------
   3.  ATOMIC COORDINATES AND VELOCITIES
--------------------------------------------------------------------------------

default_name                                                                    
 begin time read from input coords =     0.000 ps

 Number of triangulated 3-point waters found:        0

     Sum of charges from parm topology file =   1.00100000

--------------------------------------------------------------------------------
   4.  RESULTS
--------------------------------------------------------------------------------

 ---------------------------------------------------

     eedmeth=4: Setting switch to one everywhere

 ---------------------------------------------------
| Local SIZE OF NONBOND LIST =       1390
| TOTAL SIZE OF NONBOND LIST =       1390


   NSTEP       ENERGY          RMS            GMAX         NAME    NUMBER
      1       1.2517E+02     1.6755E+01     4.6586E+01     O7         54

 BOND    =       17.7896  ANGLE   =       22.5165  DIHED      =       35.3032
 VDWAALS =       -1.2880  EEL     =       43.1888  HBOND      =        0.0000
 1-4 VDW =       17.3333  1-4 EEL =       -9.6784  RESTRAINT  =        0.0000


  Maximum number of minimization cycles reached.


                    FINAL RESULTS



   NSTEP       ENERGY          RMS            GMAX         NAME    NUMBER
      1       1.2517E+02     1.6755E+01     4.6586E+01     O7         54

 BOND    =       17.7896  ANGLE   =       22.5165  DIHED      =       35.3032
 VDWAALS =       -1.2880  EEL     =       43.1888  HBOND      =        0.0000
 1-4 VDW =       17.3333  1-4 EEL =       -9.6784  RESTRAINT  =        0.0000

--------------------------------------------------------------------------------
   5.  TIMINGS
--------------------------------------------------------------------------------

|    Read coords time           0.00 ( 0.42% of Total)
|                Build the list             0.00 (96.16% of List )
|                Other                      0.00 ( 3.84% of List )
|             List time                  0.00 (70.49% of Nonbo)
|                   Short_ene time             0.00 (97.98% of Direc)
|                   Other                      0.00 ( 2.02% of Direc)
|                Direct Ewald time          0.00 (91.02% of Ewald)
|                Force Adjust               0.00 ( 0.23% of Ewald)
|                Virial junk                0.00 ( 1.15% of Ewald)
|                Start synchronizatio       0.00 ( 0.70% of Ewald)
|                Other                      0.00 ( 6.89% of Ewald)
|             Ewald time                 0.00 (28.65% of Nonbo)
|             Other                      0.00 ( 0.86% of Nonbo)
|          Nonbond force              0.00 (82.38% of Force)
|          Bond/Angle/Dihedral        0.00 (16.47% of Force)
|          Other                      0.00 ( 1.14% of Force)
|       Force time                 0.00 (100.0% of Runmd)
|    Runmd Time                 0.00 ( 0.36% of Total)
|    Other                      0.51 (99.22% of Total)
| Total time                 0.51 (99.87% of ALL  )

| Number of list builds   :          1

| Highest rstack allocated:        255
| Highest istack allocated:         51
|           Job began  at 19:24:34.453  on 08/12/2016
|           Setup done at 19:24:34.585  on 08/12/2016
|           Run   done at 19:24:34.967  on 08/12/2016
|     wallclock() was called      58 times
