            --------------------------------------------------------
                             AMBER SQM VERSION 14
 
                                     By
              Ross C. Walker, Michael F. Crowley, Scott Brozell,
                         Tim Giese, Andreas W. Goetz,
                        Tai-Sung Lee and David A. Case
 
            --------------------------------------------------------
 

--------------------------------------------------------------------------------
  QM CALCULATION INFO
--------------------------------------------------------------------------------

| QMMM: Citation for AMBER QMMM Run:
| QMMM: R.C. Walker, M.F. Crowley and D.A. Case, J. COMP. CHEM. 29:1019, 2008

QMMM: SINGLET STATE CALCULATION
QMMM: RHF CALCULATION, NO. OF DOUBLY OCCUPIED LEVELS = 84

| QMMM: *** Selected Hamiltonian *** 
| QMMM: AM1         

| QMMM: *** Parameter sets in use ***
| QMMM: C : M.J.S.DEWAR et al. JACS, 107, 3902, (1985)
| QMMM: O : M.J.S.DEWAR et al. JACS, 107, 3902, (1985)
| QMMM: N : M.J.S.DEWAR et al. JACS, 107, 3902, (1985)
| QMMM: S : M.J.S.DEWAR et al. INORG. CHEM., 29, 3881, (1990)
| QMMM: H : M.J.S.DEWAR et al. JACS, 107, 3902, (1985)

| QMMM: *** SCF convergence criteria ***
| QMMM: Energy change                :  0.1D-09 kcal/mol
| QMMM: Error matrix |FP-PF|         :  0.1D+00 au
| QMMM: Density matrix change        :  0.5D-06
| QMMM: Maximum number of SCF cycles :     1000

| QMMM: *** Diagonalization Routine Information ***
| QMMM: Pseudo diagonalizations are allowed.
| QMMM: Auto diagonalization routine selection is in use.
| QMMM:
| QMMM: Timing diagonalization routines:
| QMMM:                              norbs =      158
| QMMM:    diag iterations used for timing =        5
| QMMM:
| QMMM:              Internal diag routine = 0.066136 seconds
| QMMM:                 Dspev diag routine = 0.101972 seconds
| QMMM:                Dspevd diag routine = 0.067495 seconds
| QMMM:                Dspevx diag routine = 0.215607 seconds
| QMMM:                 Dsyev diag routine = 0.108078 seconds
| QMMM:                Dsyevd diag routine = 0.075057 seconds
| QMMM:                Dsyevr diag routine = 0.067786 seconds
| QMMM:
| QMMM:                Pseudo diag routine = 0.036765 seconds
| QMMM:
| QMMM: Using internal diagonalization routine (diag_routine=1).

  QMMM: QM Region Cartesian Coordinates (*=link atom) 
  QMMM: QM_NO.   MM_NO.  ATOM         X         Y         Z
  QMMM:     1        1      C        1.7010   -2.9100    1.4310
  QMMM:     2        2      C        1.1360   -4.1640    1.3470
  QMMM:     3        3      C        1.1140   -4.8380    0.1320
  QMMM:     4        4      C        1.6610   -4.2520   -1.0030
  QMMM:     5        5      C        3.2800    2.5240   -0.8520
  QMMM:     6        6      C        4.8780    3.4260    0.6880
  QMMM:     7        7      C        0.2350    0.3320   -1.4280
  QMMM:     8        8      C       -0.6830    0.1220   -2.4600
  QMMM:     9        9      C       -2.0000    0.4890   -2.2930
  QMMM:    10       10      C       -5.6120    2.1470    0.3740
  QMMM:    11       11      C       -7.7570    1.0850   -0.0190
  QMMM:    12       12      O        2.0350   -0.4820   -2.6780
  QMMM:    13       13      C        1.6480   -0.0610   -1.6020
  QMMM:    14       14      C       -0.1860    0.9190   -0.2320
  QMMM:    15       15      C       -1.5050    1.2840   -0.0730
  QMMM:    16       16      C       -2.4160    1.0690   -1.1000
  QMMM:    17       17      O       -3.7140    1.4310   -0.9400
  QMMM:    18       18      C       -4.1010    1.9050    0.3510
  QMMM:    19       19      N       -6.3150    0.8690    0.2020
  QMMM:    20       20      C       -6.1450    0.0070    1.3910
  QMMM:    21       21      C       -7.4770   -0.7760    1.5050
  QMMM:    22       22      C       -8.5100    0.2970    1.0730
  QMMM:    23       23      C        2.5830    0.0560   -0.4840
  QMMM:    24       24      C        3.3170    1.2850   -0.1790
  QMMM:    25       25      C        4.0500    3.5730   -0.4210
  QMMM:    26       26      O        5.6350    4.4710    1.1150
  QMMM:    27       27      C        4.9190    2.2240    1.3650
  QMMM:    28       28      C        4.1430    1.1430    0.9330
  QMMM:    29       29      S        4.0150   -0.4830    1.5920
  QMMM:    30       30      C        2.8530   -0.9730    0.3760
  QMMM:    31       31      C        2.2470   -2.3140    0.2910
  QMMM:    32       32      C        2.2280   -2.9990   -0.9280
  QMMM:    33       33      O        0.5560   -6.0740    0.0540
  QMMM:    34       34      H        1.7210   -2.4120    2.3340
  QMMM:    35       35      H        0.7290   -4.6030    2.1870
  QMMM:    36       36      H        1.6420   -4.7560   -1.9030
  QMMM:    37       37      H        2.6690    2.6420   -1.6750
  QMMM:    38       38      H       -0.3750   -0.3080   -3.3460
  QMMM:    39       39      H       -2.6790    0.3330   -3.0540
  QMMM:    40       40      H       -5.8790    2.8110   -0.4220
  QMMM:    41       41      H       -5.8890    2.5830    1.3110
  QMMM:    42       42      H       -8.0370    0.7270   -0.9880
  QMMM:    43       43      H       -7.9970    2.1270    0.0310
  QMMM:    44       44      H        0.4900    1.0790    0.5310
  QMMM:    45       45      H       -1.8170    1.7180    0.8100
  QMMM:    46       46      H       -3.8450    1.1750    1.0900
  QMMM:    47       47      H       -3.5900    2.8210    0.5630
  QMMM:    48       48      H       -5.9090    0.4110   -0.6140
  QMMM:    49       49      H       -5.9800    0.6000    2.2660
  QMMM:    50       50      H       -5.3000   -0.6440    1.3010
  QMMM:    51       51      H       -7.6520   -1.1040    2.5080
  QMMM:    52       52      H       -7.5070   -1.6700    0.9170
  QMMM:    53       53      H       -9.3940   -0.1580    0.6780
  QMMM:    54       54      H       -8.8420    0.9120    1.8830
  QMMM:    55       55      H        4.0160    4.4750   -0.9210
  QMMM:    56       56      H        6.1920    4.3720    1.8620
  QMMM:    57       57      H        5.5250    2.1220    2.1940
  QMMM:    58       58      H        2.6380   -2.5660   -1.7700
  QMMM:    59       59      H        0.1870   -6.4700    0.8190

--------------------------------------------------------------------------------
  RESULTS
--------------------------------------------------------------------------------

      iter         sqm energy              rms gradient
      ----    -------------------    -----------------------
xmin    10       87.2984 kcal/mol        0.7799 kcal/(mol*A)
xmin    20       86.8349 kcal/mol        0.3423 kcal/(mol*A)
xmin    30       86.7673 kcal/mol        0.7840 kcal/(mol*A)
xmin    40       86.5436 kcal/mol        0.1136 kcal/(mol*A)
xmin    50       86.5188 kcal/mol        0.2320 kcal/(mol*A)
xmin    60       86.4690 kcal/mol        0.0619 kcal/(mol*A)
xmin    70       86.4564 kcal/mol        0.0661 kcal/(mol*A)
xmin    80       86.4241 kcal/mol        0.1721 kcal/(mol*A)
xmin    90       86.3843 kcal/mol        0.1741 kcal/(mol*A)
xmin   100       86.3600 kcal/mol        0.1519 kcal/(mol*A)
xmin   110       86.3250 kcal/mol        0.0635 kcal/(mol*A)
xmin   120       86.3162 kcal/mol        0.1159 kcal/(mol*A)
xmin   130       86.2976 kcal/mol        0.0722 kcal/(mol*A)
xmin   140       86.2806 kcal/mol        0.0743 kcal/(mol*A)
xmin   150       86.2713 kcal/mol        0.0626 kcal/(mol*A)
xmin   160       86.2678 kcal/mol        0.0192 kcal/(mol*A)
xmin   170       86.2672 kcal/mol        0.0118 kcal/(mol*A)
xmin   180       86.2665 kcal/mol        0.0091 kcal/(mol*A)
xmin   190       86.2662 kcal/mol        0.0033 kcal/(mol*A)
xmin   200       86.2660 kcal/mol        0.0075 kcal/(mol*A)
xmin   210       86.2659 kcal/mol        0.0019 kcal/(mol*A)
xmin   220       86.2659 kcal/mol        0.0018 kcal/(mol*A)
xmin   230       86.2659 kcal/mol        0.0020 kcal/(mol*A)
xmin   240       86.2659 kcal/mol        0.0030 kcal/(mol*A)
xmin   250       86.2659 kcal/mol        0.0026 kcal/(mol*A)
xmin   260       86.2658 kcal/mol        0.0009 kcal/(mol*A)
xmin   270       86.2658 kcal/mol        0.0011 kcal/(mol*A)
  ... geometry converged !
 
 Final MO eigenvalues (eV):
 -46.0062  -43.5795  -42.7133  -41.8414  -41.6728  -40.4608  -39.7655  -39.2418
 -38.6755  -36.6942  -35.1063  -34.7468  -34.1391  -33.7785  -33.4347  -33.2301
 -32.8090  -29.9152  -28.9561  -28.3729  -27.7472  -26.5784  -26.4338  -25.9704
 -25.6368  -25.3267  -24.4775  -23.8331  -23.7184  -22.4525  -21.9876  -21.8795
 -21.0392  -20.7398  -20.5803  -20.2555  -20.1631  -19.9423  -19.5351  -19.4260
 -19.0109  -18.9256  -18.8600  -18.3878  -18.2548  -18.0266  -17.9928  -17.7750
 -17.5059  -17.2521  -17.1825  -17.0301  -16.9347  -16.8754  -16.8626  -16.7466
 -16.7163  -16.6211  -16.5117  -16.3053  -16.1490  -15.9890  -15.8721  -15.8103
 -15.6864  -15.5669  -15.4360  -14.9983  -14.9005  -14.4983  -14.4335  -14.2904
 -14.1041  -13.4823  -13.2035  -13.0417  -12.6104  -12.4161  -12.3240  -11.9906
 -11.4249  -10.9318  -10.3492  -10.0072   -3.7560   -2.6951   -2.1775   -2.1367
  -1.9707   -1.7035   -1.6022   -1.4417   -1.3650   -1.3558   -1.1295   -1.0158
  -0.9388   -0.8504   -0.8306   -0.7638   -0.7037   -0.5543   -0.4847   -0.4530
  -0.3999   -0.3280   -0.3011   -0.1008    0.0956    0.1763    0.1976    0.2363
   0.4199    0.7376    0.7440    0.7469    0.9917    1.0395    1.0901    1.1644
   1.2884    1.4208    1.5095    1.5426    1.8540    1.8577    1.9463    2.0350
   2.2173    2.2267    2.3049    2.3757    2.3810    2.5316    2.5745    2.6771
   2.6926    2.7810    2.8593    2.9103    2.9585    3.0376    3.0767    3.1136
   3.2443    3.3848    3.4144    3.4725    3.5797    3.6803    3.7498    3.8080
   3.9994    4.0588    4.2589    4.6120    4.7126    4.8056

 Heat of formation   =         86.26583967 kcal/mol  (        3.74076752 eV)

 Total SCF energy    =    -126606.32711325 kcal/mol  (    -5490.06231791 eV)
 Electronic energy   =   -1043304.78199921 kcal/mol  (   -45241.09023890 eV)
 Core-core repulsion =     916698.45488596 kcal/mol  (    39751.02792099 eV)
 
    Atomic Charges for Step       1 :
  Atom    Element       Mulliken Charge
     1      C                 -0.077
     2      C                 -0.218
     3      C                  0.097
     4      C                 -0.158
     5      C                 -0.070
     6      C                  0.097
     7      C                 -0.152
     8      C                 -0.045
     9      C                 -0.157
    10      C                 -0.132
    11      C                 -0.124
    12      O                 -0.269
    13      C                  0.339
    14      C                 -0.040
    15      C                 -0.201
    16      C                  0.068
    17      O                 -0.261
    18      C                 -0.041
    19      N                 -0.008
    20      C                 -0.126
    21      C                 -0.181
    22      C                 -0.181
    23      C                 -0.160
    24      C                 -0.082
    25      C                 -0.146
    26      O                 -0.244
    27      C                 -0.187
    28      C                 -0.278
    29      S                  0.537
    30      C                 -0.235
    31      C                 -0.087
    32      C                 -0.068
    33      O                 -0.243
    34      H                  0.136
    35      H                  0.140
    36      H                  0.160
    37      H                  0.140
    38      H                  0.173
    39      H                  0.151
    40      H                  0.152
    41      H                  0.147
    42      H                  0.148
    43      H                  0.142
    44      H                  0.164
    45      H                  0.138
    46      H                  0.102
    47      H                  0.138
    48      H                  0.263
    49      H                  0.139
    50      H                  0.150
    51      H                  0.136
    52      H                  0.131
    53      H                  0.131
    54      H                  0.137
    55      H                  0.157
    56      H                  0.225
    57      H                  0.147
    58      H                  0.164
    59      H                  0.223
 Total Mulliken Charge =       1.000
 
                  X        Y        Z     TOTAL  
  QM DIPOLE   -29.514    6.341    6.501   30.879
 
 Final Structure

  QMMM: QM Region Cartesian Coordinates (*=link atom) 
  QMMM: QM_NO.   MM_NO.  ATOM         X         Y         Z
  QMMM:     1        1      C        2.7668   -3.2453    1.3820
  QMMM:     2        2      C        2.5509   -4.6189    1.3865
  QMMM:     3        3      C        2.4553   -5.3034    0.1657
  QMMM:     4        4      C        2.5767   -4.6159   -1.0548
  QMMM:     5        5      C        2.7595    2.4038   -0.8839
  QMMM:     6        6      C        4.3782    3.4780    0.5592
  QMMM:     7        7      C        0.1131    0.0169   -1.2358
  QMMM:     8        8      C       -0.8788   -0.0174   -2.2285
  QMMM:     9        9      C       -2.1972    0.3052   -1.9253
  QMMM:    10       10      C       -5.5496    2.3133    0.5131
  QMMM:    11       11      C       -7.8772    1.8709   -0.2539
  QMMM:    12       12      O        1.7666   -0.7761   -2.7333
  QMMM:    13       13      C        1.5067   -0.3389   -1.6065
  QMMM:    14       14      C       -0.2284    0.3671    0.0740
  QMMM:    15       15      C       -1.5466    0.6860    0.4010
  QMMM:    16       16      C       -2.5175    0.6527   -0.6040
  QMMM:    17       17      O       -3.8686    0.9012   -0.3709
  QMMM:    18       18      C       -4.1572    1.7203    0.7604
  QMMM:    19       19      N       -6.5834    1.2743    0.2365
  QMMM:    20       20      C       -6.9246    0.4332    1.4392
  QMMM:    21       21      C       -8.4243    0.1320    1.3892
  QMMM:    22       22      C       -9.0238    1.0338    0.3176
  QMMM:    23       23      C        2.5425   -0.1376   -0.5801
  QMMM:    24       24      C        3.0807    1.1705   -0.2915
  QMMM:    25       25      C        3.3984    3.5525   -0.4645
  QMMM:    26       26      O        4.9504    4.6742    0.9183
  QMMM:    27       27      C        4.7228    2.2671    1.1552
  QMMM:    28       28      C        4.0732    1.1061    0.7242
  QMMM:    29       29      S        4.3007   -0.4783    1.2413
  QMMM:    30       30      C        3.1335   -1.1189    0.1852
  QMMM:    31       31      C        2.8854   -2.5429    0.1727
  QMMM:    32       32      C        2.7919   -3.2443   -1.0418
  QMMM:    33       33      O        2.2343   -6.6562    0.0875
  QMMM:    34       34      H        2.8471   -2.7053    2.3386
  QMMM:    35       35      H        2.4624   -5.1640    2.3368
  QMMM:    36       36      H        2.5065   -5.1722   -2.0007
  QMMM:    37       37      H        2.0080    2.4428   -1.6867
  QMMM:    38       38      H       -0.5992   -0.3037   -3.2580
  QMMM:    39       39      H       -2.9782    0.2821   -2.6976
  QMMM:    40       40      H       -5.5069    2.9902   -0.3894
  QMMM:    41       41      H       -5.8607    2.9139    1.4134
  QMMM:    42       42      H       -7.8739    1.8673   -1.3782
  QMMM:    43       43      H       -7.9449    2.9357    0.1041
  QMMM:    44       44      H        0.5487    0.3918    0.8569
  QMMM:    45       45      H       -1.8035    0.9512    1.4354
  QMMM:    46       46      H       -4.1393    1.0856    1.6860
  QMMM:    47       47      H       -3.4214    2.5627    0.8580
  QMMM:    48       48      H       -6.2046    0.6527   -0.4934
  QMMM:    49       49      H       -6.6635    1.0068    2.3712
  QMMM:    50       50      H       -6.3058   -0.5056    1.4102
  QMMM:    51       51      H       -8.8856    0.3298    2.3902
  QMMM:    52       52      H       -8.5980   -0.9472    1.1455
  QMMM:    53       53      H       -9.5055    0.4270   -0.4911
  QMMM:    54       54      H       -9.8089    1.7073    0.7465
  QMMM:    55       55      H        3.1751    4.5320   -0.9117
  QMMM:    56       56      H        5.6455    4.4953    1.5694
  QMMM:    57       57      H        5.4931    2.2204    1.9377
  QMMM:    58       58      H        2.8956   -2.6969   -1.9948
  QMMM:    59       59      H        2.2377   -7.0158    0.9872

           --------- Calculation Completed ----------

