
          -------------------------------------------------------
          Amber 16 SANDER                              2016
          -------------------------------------------------------

| Run on 08/12/2016 at 19:23:46

|   Executable path: sander
| Working directory: /net/roos/home4/zuckerman/spiriti/estrogen-receptor2/ligands5/369
|          Hostname: n000.dcb.private.net

  [-O]verwriting output

File Assignments:
|  MDIN: ../amber.in                                                           
| MDOUT: amber.out                                                             
|INPCRD: 369.inpcrd                                                            
|  PARM: 369.prm7                                                              
|RESTRT: restrt                                                                
|  REFC: refc                                                                  
| MDVEL: mdvel                                                                 
| MDFRC: mdfrc                                                                 
|  MDEN: mden                                                                  
| MDCRD: mdcrd                                                                 
|MDINFO: mdinfo                                                                
|  MTMD: mtmd                                                                  
|INPDIP: inpdip                                                                
|RSTDIP: rstdip                                                                
|INPTRA: inptraj                                                               


 Here is the input file:

test file                                                                      
&cntrl                                                                         
imin=1, maxcyc=1,                                                              
ntpr=5, cut=99, igb=0, ntb=0                                                   
/                                                                              

--------------------------------------------------------------------------------
   1.  RESOURCE   USE: 
--------------------------------------------------------------------------------

| Flags:                                                                        
|    NONPERIODIC   ntb=0 and igb=0: Setting up nonperiodic simulation
|  *** cutoff > system size, list only builds once
|Largest sphere to fit in unit cell has radius =    32.395
| New format PARM file being parsed.
| Version =    1.000 Date = 07/06/16 Time = 20:51:32
 NATOM  =      45 NTYPES =       7 NBONH =      18 MBONA  =      30
 NTHETH =      33 MTHETA =      43 NPHIH =      67 MPHIA  =      67
 NHPARM =       0 NPARM  =       0 NNB   =     226 NRES   =       1
 NBONA  =      30 NTHETA =      43 NPHIA =      67 NUMBND =       9
 NUMANG =      15 NPTRA  =       5 NATYP =       8 NPHB   =       0
 IFBOX  =       0 NMXRS  =      45 IFCAP =       0 NEXTRA =       0
 NCOPY  =       0


|     Memory Use     Allocated
|     Real                7850
|     Hollerith            138
|     Integer            27855
|     Max Pairs            990
|     nblistReal           540
|     nblist Int       1059122
|       Total             4315 kbytes

| Note: 1-4 EEL scale factors are being read from the topology file.

| Note: 1-4 VDW scale factors are being read from the topology file.
| Duplicated    0 dihedrals
| Duplicated    0 dihedrals

--------------------------------------------------------------------------------
   2.  CONTROL  DATA  FOR  THE  RUN
--------------------------------------------------------------------------------

default_name                                                                    

General flags:
     imin    =       1, nmropt  =       0

Nature and format of input:
     ntx     =       1, irest   =       0, ntrx    =       1

Nature and format of output:
     ntxo    =       2, ntpr    =       5, ntrx    =       1, ntwr    =       1
     iwrap   =       0, ntwx    =       0, ntwv    =       0, ntwe    =       0
     ioutfm  =       1, ntwprt  =       0, idecomp =       0, rbornstat=      0

Potential function:
     ntf     =       1, ntb     =       0, igb     =       0, nsnb    =      25
     ipol    =       0, gbsa    =       0, iesp    =       0
     dielc   =   1.00000, cut     =  99.00000, intdiel =   1.00000

Frozen or restrained atoms:
     ibelly  =       0, ntr     =       0

Energy minimization:
     maxcyc  =       1, ncyc    =      10, ntmin   =       1
     dx0     =   0.01000, drms    =   0.00010
|  INFO: Old style inpcrd file read


--------------------------------------------------------------------------------
   3.  ATOMIC COORDINATES AND VELOCITIES
--------------------------------------------------------------------------------

default_name                                                                    
 begin time read from input coords =     0.000 ps

 Number of triangulated 3-point waters found:        0

     Sum of charges from parm topology file =   0.00200100
     Forcing neutrality...

--------------------------------------------------------------------------------
   4.  RESULTS
--------------------------------------------------------------------------------

 ---------------------------------------------------

     eedmeth=4: Setting switch to one everywhere

 ---------------------------------------------------
| Local SIZE OF NONBOND LIST =        766
| TOTAL SIZE OF NONBOND LIST =        766


   NSTEP       ENERGY          RMS            GMAX         NAME    NUMBER
      1      -2.9607E+00     1.7828E+01     4.4272E+01     O3          6

 BOND    =       17.7017  ANGLE   =        6.6140  DIHED      =       10.2180
 VDWAALS =        2.1270  EEL     =       34.0906  HBOND      =        0.0000
 1-4 VDW =       21.7712  1-4 EEL =      -95.4833  RESTRAINT  =        0.0000


  Maximum number of minimization cycles reached.


                    FINAL RESULTS



   NSTEP       ENERGY          RMS            GMAX         NAME    NUMBER
      1      -2.9607E+00     1.7828E+01     4.4272E+01     O3          6

 BOND    =       17.7017  ANGLE   =        6.6140  DIHED      =       10.2180
 VDWAALS =        2.1270  EEL     =       34.0906  HBOND      =        0.0000
 1-4 VDW =       21.7712  1-4 EEL =      -95.4833  RESTRAINT  =        0.0000

--------------------------------------------------------------------------------
   5.  TIMINGS
--------------------------------------------------------------------------------

|    Read coords time           0.00 ( 0.32% of Total)
|                Build the list             0.00 (96.15% of List )
|                Other                      0.00 ( 3.85% of List )
|             List time                  0.00 (73.41% of Nonbo)
|                   Short_ene time             0.00 (98.34% of Direc)
|                   Other                      0.00 ( 1.66% of Direc)
|                Direct Ewald time          0.00 (90.39% of Ewald)
|                Force Adjust               0.00 ( 0.30% of Ewald)
|                Virial junk                0.00 ( 1.50% of Ewald)
|                Start synchronizatio       0.00 ( 0.59% of Ewald)
|                Other                      0.00 ( 7.21% of Ewald)
|             Ewald time                 0.00 (26.12% of Nonbo)
|             IPS excludes               0.00 ( 0.08% of Nonbo)
|             Other                      0.00 ( 0.39% of Nonbo)
|          Nonbond force              0.00 (84.95% of Force)
|          Bond/Angle/Dihedral        0.00 (13.66% of Force)
|          Other                      0.00 ( 1.39% of Force)
|       Force time                 0.00 (100.0% of Runmd)
|    Runmd Time                 0.00 ( 0.23% of Total)
|    Other                      0.65 (99.45% of Total)
| Total time                 0.65 (99.90% of ALL  )

| Number of list builds   :          1

| Highest rstack allocated:        185
| Highest istack allocated:         37
|           Job began  at 19:23:45.784  on 08/12/2016
|           Setup done at 19:23:46.022  on 08/12/2016
|           Run   done at 19:23:46.437  on 08/12/2016
|     wallclock() was called      58 times
