            --------------------------------------------------------
                             AMBER SQM VERSION 14
 
                                     By
              Ross C. Walker, Michael F. Crowley, Scott Brozell,
                         Tim Giese, Andreas W. Goetz,
                        Tai-Sung Lee and David A. Case
 
            --------------------------------------------------------
 

--------------------------------------------------------------------------------
  QM CALCULATION INFO
--------------------------------------------------------------------------------

| QMMM: Citation for AMBER QMMM Run:
| QMMM: R.C. Walker, M.F. Crowley and D.A. Case, J. COMP. CHEM. 29:1019, 2008

QMMM: SINGLET STATE CALCULATION
QMMM: RHF CALCULATION, NO. OF DOUBLY OCCUPIED LEVELS = 67

| QMMM: *** Selected Hamiltonian *** 
| QMMM: AM1         

| QMMM: *** Parameter sets in use ***
| QMMM: C : M.J.S.DEWAR et al. JACS, 107, 3902, (1985)
| QMMM: O : M.J.S.DEWAR et al. JACS, 107, 3902, (1985)
| QMMM: H : M.J.S.DEWAR et al. JACS, 107, 3902, (1985)

| QMMM: *** SCF convergence criteria ***
| QMMM: Energy change                :  0.1D-09 kcal/mol
| QMMM: Error matrix |FP-PF|         :  0.1D+00 au
| QMMM: Density matrix change        :  0.5D-06
| QMMM: Maximum number of SCF cycles :     1000

| QMMM: *** Diagonalization Routine Information ***
| QMMM: Pseudo diagonalizations are allowed.
| QMMM: Auto diagonalization routine selection is in use.
| QMMM:
| QMMM: Timing diagonalization routines:
| QMMM:                              norbs =      126
| QMMM:    diag iterations used for timing =       10
| QMMM:
| QMMM:              Internal diag routine = 0.070092 seconds
| QMMM:                 Dspev diag routine = 0.113824 seconds
| QMMM:                Dspevd diag routine = 0.075878 seconds
| QMMM:                Dspevx diag routine = 0.248686 seconds
| QMMM:                 Dsyev diag routine = 0.120171 seconds
| QMMM:                Dsyevd diag routine = 0.086996 seconds
| QMMM:                Dsyevr diag routine = 0.078546 seconds
| QMMM:
| QMMM:                Pseudo diag routine = 0.036936 seconds
| QMMM:
| QMMM: Using internal diagonalization routine (diag_routine=1).

  QMMM: QM Region Cartesian Coordinates (*=link atom) 
  QMMM: QM_NO.   MM_NO.  ATOM         X         Y         Z
  QMMM:     1        1      C       -0.5650   -0.3850   -0.5100
  QMMM:     2        2      C        0.9760    2.7520   -1.3940
  QMMM:     3        3      C        1.2980    3.9490   -0.7860
  QMMM:     4        4      C        0.3830    3.1440    1.2850
  QMMM:     5        5      C        2.3710   -0.1760    0.6130
  QMMM:     6        6      C        4.4410   -1.1770   -0.0550
  QMMM:     7        7      C        3.7560   -2.2700   -0.5680
  QMMM:     8        8      C        2.3740   -2.3190   -0.4920
  QMMM:     9        9      C        0.4200   -3.3000    1.7150
  QMMM:    10       10      C       -0.4260   -2.3000    0.9690
  QMMM:    11       11      C       -1.7800   -2.3650    1.0650
  QMMM:    12       12      C       -2.5810   -1.4410    0.3700
  QMMM:    13       13      C       -3.9820   -1.4910    0.4550
  QMMM:    14       14      C       -4.7340   -0.5810   -0.2320
  QMMM:    15       15      O       -6.0900   -0.6310   -0.1480
  QMMM:    16       16      C       -4.1280    0.4020   -1.0210
  QMMM:    17       17      C       -2.7730    0.4900   -1.1070
  QMMM:    18       18      C       -1.9690   -0.4370   -0.4220
  QMMM:    19       19      O        0.0400    0.5690   -1.2620
  QMMM:    20       20      C        0.3570    1.7480   -0.6640
  QMMM:    21       21      C        1.0020    4.1480    0.5550
  QMMM:    22       22      O        1.3190    5.3270    1.1530
  QMMM:    23       23      C        0.0610    1.9470    0.6770
  QMMM:    24       24      C        0.1960   -1.3160    0.1860
  QMMM:    25       25      C        1.6750   -1.2700    0.1010
  QMMM:    26       26      C        3.7490   -0.1350    0.5330
  QMMM:    27       27      O        4.4410   -3.2920   -1.1450
  QMMM:    28       28      H        1.1960    2.6040   -2.3910
  QMMM:    29       29      H        1.7590    4.6960   -1.3290
  QMMM:    30       30      H        0.1630    3.2920    2.2820
  QMMM:    31       31      H        1.8560    0.6030    1.0520
  QMMM:    32       32      H        5.4710   -1.1420   -0.1130
  QMMM:    33       33      H        1.8630   -3.1310   -0.8740
  QMMM:    34       34      H       -0.2140   -3.9710    2.2560
  QMMM:    35       35      H        1.0610   -2.7850    2.4000
  QMMM:    36       36      H        1.0140   -3.8540    1.0190
  QMMM:    37       37      H       -2.2210   -3.0930    1.6480
  QMMM:    38       38      H       -4.4410   -2.2120    1.0340
  QMMM:    39       39      H       -6.5030   -1.2870    0.3790
  QMMM:    40       40      H       -4.7160    1.0690   -1.5450
  QMMM:    41       41      H       -2.3370    1.2350   -1.6730
  QMMM:    42       42      H        1.7370    6.0050    0.6600
  QMMM:    43       43      H       -0.4000    1.2000    1.2200
  QMMM:    44       44      H        4.2630    0.6750    0.9130
  QMMM:    45       45      H        5.3760   -3.2590   -1.1970

--------------------------------------------------------------------------------
  RESULTS
--------------------------------------------------------------------------------

      iter         sqm energy              rms gradient
      ----    -------------------    -----------------------
xmin    10      -64.6166 kcal/mol        0.6355 kcal/(mol*A)
xmin    20      -65.3328 kcal/mol        0.2353 kcal/(mol*A)
xmin    30      -65.4478 kcal/mol        0.1915 kcal/(mol*A)
xmin    40      -65.4825 kcal/mol        0.0943 kcal/(mol*A)
xmin    50      -65.4909 kcal/mol        0.1217 kcal/(mol*A)
xmin    60      -65.5127 kcal/mol        0.0348 kcal/(mol*A)
xmin    70      -65.5138 kcal/mol        0.0276 kcal/(mol*A)
xmin    80      -65.5204 kcal/mol        0.0200 kcal/(mol*A)
xmin    90      -65.5218 kcal/mol        0.0109 kcal/(mol*A)
xmin   100      -65.5242 kcal/mol        0.0595 kcal/(mol*A)
xmin   110      -65.5254 kcal/mol        0.0117 kcal/(mol*A)
xmin   120      -65.5258 kcal/mol        0.0155 kcal/(mol*A)
xmin   130      -65.5266 kcal/mol        0.0219 kcal/(mol*A)
xmin   140      -65.5273 kcal/mol        0.0076 kcal/(mol*A)
xmin   150      -65.5274 kcal/mol        0.0116 kcal/(mol*A)
xmin   160      -65.5277 kcal/mol        0.0391 kcal/(mol*A)
xmin   170      -65.5281 kcal/mol        0.0274 kcal/(mol*A)
xmin   180      -65.5283 kcal/mol        0.0040 kcal/(mol*A)
xmin   190      -65.5285 kcal/mol        0.0230 kcal/(mol*A)
xmin   200      -65.5285 kcal/mol        0.0043 kcal/(mol*A)
xmin   210      -65.5286 kcal/mol        0.0169 kcal/(mol*A)
xmin   220      -65.5287 kcal/mol        0.0145 kcal/(mol*A)
xmin   230      -65.5288 kcal/mol        0.0079 kcal/(mol*A)
xmin   240      -65.5288 kcal/mol        0.0015 kcal/(mol*A)
xmin   250      -65.5288 kcal/mol        0.0018 kcal/(mol*A)
xmin   260      -65.5288 kcal/mol        0.0010 kcal/(mol*A)
xmin   270      -65.5288 kcal/mol        0.0007 kcal/(mol*A)
  ... geometry converged !
 
 Final MO eigenvalues (eV):
 -41.6108  -40.3836  -40.2767  -39.4769  -38.6044  -37.6780  -36.6366  -36.3080
 -33.1460  -32.2951  -31.7305  -31.6346  -30.4980  -29.6091  -28.6002  -27.6433
 -24.9783  -24.1524  -23.3483  -23.2516  -23.0812  -22.4573  -22.1002  -19.6301
 -19.1013  -19.0303  -18.6867  -18.0770  -17.4164  -17.3734  -17.0716  -16.7760
 -16.3247  -16.0755  -15.6500  -15.4066  -15.2482  -15.1937  -15.0063  -14.9540
 -14.7853  -14.5628  -14.4440  -14.3156  -14.2540  -14.2295  -14.0293  -13.9595
 -13.5864  -13.3623  -13.2092  -13.0043  -12.8302  -12.4902  -12.3997  -12.0846
 -11.9991  -11.8642  -11.6081  -11.2504  -10.5892   -9.9934   -9.7290   -9.1460
  -9.0978   -8.7295   -8.6684   -0.5579   -0.0972    0.2744    0.3174    0.4447
   0.5335    0.8752    1.7356    2.2869    2.7167    2.7547    2.8488    2.9148
   3.0254    3.0416    3.4707    3.5625    3.7057    3.7300    3.7345    3.8156
   3.8569    3.9117    3.9778    3.9922    4.0527    4.1356    4.1976    4.2542
   4.2846    4.4397    4.4443    4.4911    4.5666    4.5937    4.7160    4.7580
   4.8646    4.9036    4.9249    4.9643    5.0604    5.1161    5.1664    5.2014
   5.2260    5.3078    5.3872    5.4286    5.4716    5.5782    5.6043    5.6347
   5.7531    5.8444    6.1896    6.2387    6.3253    6.5021

 Heat of formation   =        -65.52883424 kcal/mol  (       -2.84154348 eV)

 Total SCF energy    =    -103142.04859695 kcal/mol  (    -4472.57484918 eV)
 Electronic energy   =    -779753.04071904 kcal/mol  (   -33812.62914527 eV)
 Core-core repulsion =     676610.99212209 kcal/mol  (    29340.05429609 eV)
 
    Atomic Charges for Step       1 :
  Atom    Element       Mulliken Charge
     1      C                  0.081
     2      C                 -0.115
     3      C                 -0.185
     4      C                 -0.127
     5      C                 -0.148
     6      C                 -0.210
     7      C                  0.075
     8      C                 -0.138
     9      C                 -0.185
    10      C                 -0.034
    11      C                 -0.138
    12      C                  0.016
    13      C                 -0.226
    14      C                  0.095
    15      O                 -0.249
    16      C                 -0.144
    17      C                 -0.074
    18      C                 -0.082
    19      O                 -0.159
    20      C                  0.040
    21      C                  0.049
    22      O                 -0.252
    23      C                 -0.152
    24      C                 -0.053
    25      C                  0.001
    26      C                 -0.092
    27      O                 -0.252
    28      H                  0.153
    29      H                  0.137
    30      H                  0.153
    31      H                  0.138
    32      H                  0.133
    33      H                  0.156
    34      H                  0.082
    35      H                  0.093
    36      H                  0.097
    37      H                  0.137
    38      H                  0.137
    39      H                  0.220
    40      H                  0.155
    41      H                  0.151
    42      H                  0.217
    43      H                  0.150
    44      H                  0.134
    45      H                  0.217
 Total Mulliken Charge =      -0.000
 
                  X        Y        Z     TOTAL  
  QM DIPOLE     0.977   -0.284    1.138    1.527
 
 Final Structure

  QMMM: QM Region Cartesian Coordinates (*=link atom) 
  QMMM: QM_NO.   MM_NO.  ATOM         X         Y         Z
  QMMM:     1        1      C       -0.4669   -0.4067   -0.3388
  QMMM:     2        2      C        0.7763    2.7686   -1.5449
  QMMM:     3        3      C        1.0061    4.0685   -1.1085
  QMMM:     4        4      C        0.3615    3.4285    1.1591
  QMMM:     5        5      C        2.4897   -0.5726    1.1034
  QMMM:     6        6      C        4.5551   -1.4197    0.1699
  QMMM:     7        7      C        3.8101   -2.2397   -0.6883
  QMMM:     8        8      C        2.4063   -2.2365   -0.6589
  QMMM:     9        9      C        0.3909   -3.4774    1.6843
  QMMM:    10       10      C       -0.3993   -2.4227    1.0052
  QMMM:    11       11      C       -1.7750   -2.4350    1.0604
  QMMM:    12       12      C       -2.5500   -1.4387    0.4106
  QMMM:    13       13      C       -3.9685   -1.4620    0.4587
  QMMM:    14       14      C       -4.6906   -0.4849   -0.1985
  QMMM:    15       15      O       -6.0647   -0.4354   -0.2019
  QMMM:    16       16      C       -4.0402    0.5522   -0.9290
  QMMM:    17       17      C       -2.6714    0.5800   -0.9746
  QMMM:    18       18      C       -1.8947   -0.4064   -0.3054
  QMMM:    19       19      O        0.1769    0.5262   -1.1553
  QMMM:    20       20      C        0.3409    1.8034   -0.6224
  QMMM:    21       21      C        0.7972    4.3954    0.2394
  QMMM:    22       22      O        1.0033    5.6642    0.7365
  QMMM:    23       23      C        0.1364    2.1266    0.7243
  QMMM:    24       24      C        0.2814   -1.3869    0.2947
  QMMM:    25       25      C        1.7486   -1.3965    0.2439
  QMMM:    26       26      C        3.8818   -0.5879    1.0620
  QMMM:    27       27      O        4.3983   -3.0924   -1.5963
  QMMM:    28       28      H        0.9372    2.4860   -2.5951
  QMMM:    29       29      H        1.3495    4.8345   -1.8182
  QMMM:    30       30      H        0.2042    3.7094    2.2100
  QMMM:    31       31      H        1.9657    0.0957    1.8026
  QMMM:    32       32      H        5.6530   -1.4311    0.1357
  QMMM:    33       33      H        1.8452   -2.8845   -1.3469
  QMMM:    34       34      H       -0.2711   -4.2620    2.1249
  QMMM:    35       35      H        1.0055   -3.0281    2.5047
  QMMM:    36       36      H        1.0881   -3.9642    0.9559
  QMMM:    37       37      H       -2.3012   -3.2299    1.6115
  QMMM:    38       38      H       -4.4721   -2.2624    1.0182
  QMMM:    39       39      H       -6.3937   -1.1850    0.3156
  QMMM:    40       40      H       -4.6569    1.3050   -1.4403
  QMMM:    41       41      H       -2.1420    1.3682   -1.5350
  QMMM:    42       42      H        1.2974    6.2247    0.0043
  QMMM:    43       43      H       -0.2036    1.3568    1.4332
  QMMM:    44       44      H        4.4561    0.0640    1.7372
  QMMM:    45       45      H        5.3572   -2.9741   -1.5360

           --------- Calculation Completed ----------

