
          -------------------------------------------------------
          Amber 16 SANDER                              2016
          -------------------------------------------------------

| Run on 08/12/2016 at 19:24:19

|   Executable path: sander
| Working directory: /net/roos/home4/zuckerman/spiriti/estrogen-receptor2/ligands5/hz3
|          Hostname: n000.dcb.private.net

  [-O]verwriting output

File Assignments:
|  MDIN: ../amber.in                                                           
| MDOUT: amber.out                                                             
|INPCRD: hz3.inpcrd                                                            
|  PARM: hz3.prm7                                                              
|RESTRT: restrt                                                                
|  REFC: refc                                                                  
| MDVEL: mdvel                                                                 
| MDFRC: mdfrc                                                                 
|  MDEN: mden                                                                  
| MDCRD: mdcrd                                                                 
|MDINFO: mdinfo                                                                
|  MTMD: mtmd                                                                  
|INPDIP: inpdip                                                                
|RSTDIP: rstdip                                                                
|INPTRA: inptraj                                                               


 Here is the input file:

test file                                                                      
&cntrl                                                                         
imin=1, maxcyc=1,                                                              
ntpr=5, cut=99, igb=0, ntb=0                                                   
/                                                                              

--------------------------------------------------------------------------------
   1.  RESOURCE   USE: 
--------------------------------------------------------------------------------

| Flags:                                                                        
|    NONPERIODIC   ntb=0 and igb=0: Setting up nonperiodic simulation
|  *** cutoff > system size, list only builds once
|Largest sphere to fit in unit cell has radius =    32.521
| New format PARM file being parsed.
| Version =    1.000 Date = 07/06/16 Time = 22:54:57
 NATOM  =      47 NTYPES =       8 NBONH =      18 MBONA  =      32
 NTHETH =      36 MTHETA =      47 NPHIH =      64 MPHIA  =      80
 NHPARM =       0 NPARM  =       0 NNB   =     234 NRES   =       1
 NBONA  =      32 NTHETA =      47 NPHIA =      80 NUMBND =      15
 NUMANG =      31 NPTRA  =      12 NATYP =      11 NPHB   =       0
 IFBOX  =       0 NMXRS  =      47 IFCAP =       0 NEXTRA =       0
 NCOPY  =       0


|     Memory Use     Allocated
|     Real                8030
|     Hollerith            144
|     Integer            28384
|     Max Pairs           1081
|     nblistReal           564
|     nblist Int       1059187
|       Total             4320 kbytes

| Note: 1-4 EEL scale factors are being read from the topology file.

| Note: 1-4 VDW scale factors are being read from the topology file.
| Duplicated    0 dihedrals
| Duplicated    0 dihedrals

--------------------------------------------------------------------------------
   2.  CONTROL  DATA  FOR  THE  RUN
--------------------------------------------------------------------------------

default_name                                                                    

General flags:
     imin    =       1, nmropt  =       0

Nature and format of input:
     ntx     =       1, irest   =       0, ntrx    =       1

Nature and format of output:
     ntxo    =       2, ntpr    =       5, ntrx    =       1, ntwr    =       1
     iwrap   =       0, ntwx    =       0, ntwv    =       0, ntwe    =       0
     ioutfm  =       1, ntwprt  =       0, idecomp =       0, rbornstat=      0

Potential function:
     ntf     =       1, ntb     =       0, igb     =       0, nsnb    =      25
     ipol    =       0, gbsa    =       0, iesp    =       0
     dielc   =   1.00000, cut     =  99.00000, intdiel =   1.00000

Frozen or restrained atoms:
     ibelly  =       0, ntr     =       0

Energy minimization:
     maxcyc  =       1, ncyc    =      10, ntmin   =       1
     dx0     =   0.01000, drms    =   0.00010
|  INFO: Old style inpcrd file read


--------------------------------------------------------------------------------
   3.  ATOMIC COORDINATES AND VELOCITIES
--------------------------------------------------------------------------------

default_name                                                                    
 begin time read from input coords =     0.000 ps

 Number of triangulated 3-point waters found:        0

     Sum of charges from parm topology file =   0.00100199
     Forcing neutrality...

--------------------------------------------------------------------------------
   4.  RESULTS
--------------------------------------------------------------------------------

 ---------------------------------------------------

     eedmeth=4: Setting switch to one everywhere

 ---------------------------------------------------
| Local SIZE OF NONBOND LIST =        850
| TOTAL SIZE OF NONBOND LIST =        850


   NSTEP       ENERGY          RMS            GMAX         NAME    NUMBER
      1       6.4532E+01     2.2489E+01     1.2918E+02     OAE        22

 BOND    =       14.1035  ANGLE   =       57.2454  DIHED      =       21.5344
 VDWAALS =       14.0365  EEL     =      -31.1431  HBOND      =        0.0000
 1-4 VDW =       15.8343  1-4 EEL =      -27.0790  RESTRAINT  =        0.0000


  Maximum number of minimization cycles reached.


                    FINAL RESULTS



   NSTEP       ENERGY          RMS            GMAX         NAME    NUMBER
      1       6.4532E+01     2.2489E+01     1.2918E+02     OAE        22

 BOND    =       14.1035  ANGLE   =       57.2454  DIHED      =       21.5344
 VDWAALS =       14.0365  EEL     =      -31.1431  HBOND      =        0.0000
 1-4 VDW =       15.8343  1-4 EEL =      -27.0790  RESTRAINT  =        0.0000

--------------------------------------------------------------------------------
   5.  TIMINGS
--------------------------------------------------------------------------------

|    Read coords time           0.00 ( 0.38% of Total)
|                Build the list             0.00 (96.63% of List )
|                Other                      0.00 ( 3.37% of List )
|             List time                  0.00 (73.46% of Nonbo)
|                   Short_ene time             0.00 (98.18% of Direc)
|                   Other                      0.00 ( 1.82% of Direc)
|                Direct Ewald time          0.00 (79.89% of Ewald)
|                Force Adjust               0.00 ( 0.55% of Ewald)
|                Virial junk                0.00 ( 1.44% of Ewald)
|                Start synchronizatio       0.00 ( 0.57% of Ewald)
|                Other                      0.00 (17.56% of Ewald)
|             Ewald time                 0.00 (26.08% of Nonbo)
|             Other                      0.00 ( 0.46% of Nonbo)
|          Nonbond force              0.00 (84.11% of Force)
|          Bond/Angle/Dihedral        0.00 (14.63% of Force)
|          Other                      0.00 ( 1.26% of Force)
|       Force time                 0.00 (100.0% of Runmd)
|    Runmd Time                 0.00 ( 0.28% of Total)
|    Other                      0.56 (99.34% of Total)
| Total time                 0.57 (99.89% of ALL  )

| Number of list builds   :          1

| Highest rstack allocated:        190
| Highest istack allocated:         38
|           Job began  at 19:24:19.109  on 08/12/2016
|           Setup done at 19:24:19.274  on 08/12/2016
|           Run   done at 19:24:19.676  on 08/12/2016
|     wallclock() was called      58 times
