            --------------------------------------------------------
                             AMBER SQM VERSION 14
 
                                     By
              Ross C. Walker, Michael F. Crowley, Scott Brozell,
                         Tim Giese, Andreas W. Goetz,
                        Tai-Sung Lee and David A. Case
 
            --------------------------------------------------------
 

--------------------------------------------------------------------------------
  QM CALCULATION INFO
--------------------------------------------------------------------------------

| QMMM: Citation for AMBER QMMM Run:
| QMMM: R.C. Walker, M.F. Crowley and D.A. Case, J. COMP. CHEM. 29:1019, 2008

QMMM: SINGLET STATE CALCULATION
QMMM: RHF CALCULATION, NO. OF DOUBLY OCCUPIED LEVELS = 74

| QMMM: *** Selected Hamiltonian *** 
| QMMM: AM1         

| QMMM: *** Parameter sets in use ***
| QMMM: C : M.J.S.DEWAR et al. JACS, 107, 3902, (1985)
| QMMM: O : M.J.S.DEWAR et al. JACS, 107, 3902, (1985)
| QMMM: H : M.J.S.DEWAR et al. JACS, 107, 3902, (1985)

| QMMM: *** SCF convergence criteria ***
| QMMM: Energy change                :  0.1D-09 kcal/mol
| QMMM: Error matrix |FP-PF|         :  0.1D+00 au
| QMMM: Density matrix change        :  0.5D-06
| QMMM: Maximum number of SCF cycles :     1000

| QMMM: *** Diagonalization Routine Information ***
| QMMM: Pseudo diagonalizations are allowed.
| QMMM: Auto diagonalization routine selection is in use.
| QMMM:
| QMMM: Timing diagonalization routines:
| QMMM:                              norbs =      134
| QMMM:    diag iterations used for timing =       10
| QMMM:
| QMMM:              Internal diag routine = 0.083157 seconds
| QMMM:                 Dspev diag routine = 0.134908 seconds
| QMMM:                Dspevd diag routine = 0.088485 seconds
| QMMM:                Dspevx diag routine = 0.288453 seconds
| QMMM:                 Dsyev diag routine = 0.143534 seconds
| QMMM:                Dsyevd diag routine = 0.099999 seconds
| QMMM:                Dsyevr diag routine = 0.089244 seconds
| QMMM:
| QMMM:                Pseudo diag routine = 0.043710 seconds
| QMMM:
| QMMM: Using internal diagonalization routine (diag_routine=1).

  QMMM: QM Region Cartesian Coordinates (*=link atom) 
  QMMM: QM_NO.   MM_NO.  ATOM         X         Y         Z
  QMMM:     1        1      C       -0.8990   -2.4680    0.6130
  QMMM:     2        2      C       -1.8360   -3.3700    1.0690
  QMMM:     3        3      C       -3.0840   -3.4430    0.4640
  QMMM:     4        4      O       -4.0050   -4.3340    0.9160
  QMMM:     5        5      C       -3.3950   -2.6070   -0.6010
  QMMM:     6        6      C       -2.4640   -1.7010   -1.0630
  QMMM:     7        7      C       -1.2080   -1.6210   -0.4550
  QMMM:     8        8      C       -0.2100   -0.6550   -0.9450
  QMMM:     9        9      C        1.1400   -0.9620   -1.6050
  QMMM:    10       10      O        1.2300    0.1460   -2.5660
  QMMM:    11       11      C        2.1900   -0.5490   -0.5680
  QMMM:    12       12      C        3.0820   -1.4320    0.2080
  QMMM:    13       13      O        3.0230   -2.7670    0.0380
  QMMM:    14       14      C        3.9300   -3.5750    0.8340
  QMMM:    15       15      O        3.8700   -0.9560    1.0000
  QMMM:    16       16      C        2.1220    0.8070   -0.5180
  QMMM:    17       17      C        2.9250    1.7170    0.3230
  QMMM:    18       18      O        2.7310    3.0480    0.2500
  QMMM:    19       19      C        3.5560    3.8820    1.1060
  QMMM:    20       20      O        3.7590    1.2650    1.0810
  QMMM:    21       21      C        1.0200    1.1880   -1.5520
  QMMM:    22       22      C       -0.2880    0.7010   -0.9170
  QMMM:    23       23      C       -1.3890    1.5250   -0.3880
  QMMM:    24       24      C       -2.1400    2.3290   -1.2500
  QMMM:    25       25      C       -3.1690    3.0980   -0.7510
  QMMM:    26       26      C       -3.4610    3.0740    0.6070
  QMMM:    27       27      O       -4.4760    3.8340    1.0940
  QMMM:    28       28      C       -2.7170    2.2770    1.4670
  QMMM:    29       29      C       -1.6900    1.5000    0.9770
  QMMM:    30       30      H        0.0300   -2.4180    1.0600
  QMMM:    31       31      H       -1.6100   -3.9920    1.8610
  QMMM:    32       32      H       -3.7970   -4.8990    1.6340
  QMMM:    33       33      H       -4.3240   -2.6640   -1.0470
  QMMM:    34       34      H       -2.6940   -1.0830   -1.8570
  QMMM:    35       35      H        1.2490   -1.9600   -1.9750
  QMMM:    36       36      H        3.7810   -4.6090    0.6040
  QMMM:    37       37      H        3.7370   -3.4090    1.8730
  QMMM:    38       38      H        4.9400   -3.3020    0.6110
  QMMM:    39       39      H        3.3040    4.9100    0.9520
  QMMM:    40       40      H        4.5880    3.7280    0.8670
  QMMM:    41       41      H        3.3850    3.6220    2.1300
  QMMM:    42       42      H        1.0220    2.2120   -1.8640
  QMMM:    43       43      H       -1.9240    2.3470   -2.2590
  QMMM:    44       44      H       -3.7230    3.6920   -1.3870
  QMMM:    45       45      H       -4.9780    4.3720    0.5140
  QMMM:    46       46      H       -2.9340    2.2670    2.4760
  QMMM:    47       47      H       -1.1440    0.9010    1.6160

--------------------------------------------------------------------------------
  RESULTS
--------------------------------------------------------------------------------

      iter         sqm energy              rms gradient
      ----    -------------------    -----------------------
xmin    10     -150.8195 kcal/mol        0.8444 kcal/(mol*A)
xmin    20     -152.4434 kcal/mol        1.3621 kcal/(mol*A)
xmin    30     -153.6984 kcal/mol        0.5737 kcal/(mol*A)
xmin    40     -154.0153 kcal/mol        0.3778 kcal/(mol*A)
xmin    50     -154.2294 kcal/mol        0.1793 kcal/(mol*A)
xmin    60     -154.2610 kcal/mol        0.1221 kcal/(mol*A)
xmin    70     -154.2750 kcal/mol        0.0425 kcal/(mol*A)
xmin    80     -154.2812 kcal/mol        0.0597 kcal/(mol*A)
xmin    90     -154.2815 kcal/mol        0.0379 kcal/(mol*A)
xmin   100     -154.2830 kcal/mol        0.0103 kcal/(mol*A)
xmin   110     -154.2833 kcal/mol        0.0087 kcal/(mol*A)
xmin   120     -154.2833 kcal/mol        0.0028 kcal/(mol*A)
xmin   130     -154.2834 kcal/mol        0.0025 kcal/(mol*A)
xmin   140     -154.2834 kcal/mol        0.0010 kcal/(mol*A)
xmin   150     -154.2834 kcal/mol        0.0006 kcal/(mol*A)
  ... geometry converged !
 
 Final MO eigenvalues (eV):
 -43.1708  -40.9428  -40.8442  -40.4266  -40.3766  -38.1219  -37.7374  -37.2937
 -37.0766  -34.1896  -33.8564  -32.3949  -32.0111  -31.5844  -30.3048  -29.2752
 -28.2598  -28.1132  -25.3130  -24.9604  -24.1118  -24.0424  -23.5927  -22.9567
 -22.1769  -20.3853  -20.0480  -19.3426  -19.3248  -19.1428  -18.5137  -18.3292
 -17.8371  -17.4183  -17.3067  -17.0828  -17.0055  -16.5110  -16.1429  -15.8902
 -15.8083  -15.4115  -15.2755  -15.1596  -15.0990  -14.8855  -14.7989  -14.6687
 -14.6400  -14.4626  -14.3661  -14.1491  -14.0269  -13.9653  -13.7308  -13.3209
 -13.2626  -13.1436  -13.0732  -12.8191  -12.5931  -12.2004  -12.0992  -11.8120
 -11.7599  -11.6553  -11.5930  -11.5266  -10.9824  -10.6658  -10.1312  -10.0364
  -9.4227   -8.5342   -1.0388   -0.6534    0.1732    0.2269    0.2690    0.9458
   1.1085    1.5153    1.6077    1.8315    2.4416    2.5709    2.6453    2.7614
   2.7874    2.8151    2.9036    3.0561    3.1689    3.4190    3.5526    3.5763
   3.6036    3.6446    3.6628    3.8002    3.8458    3.9505    3.9691    4.0052
   4.0329    4.0457    4.0945    4.1415    4.1909    4.2461    4.2582    4.2916
   4.3193    4.4232    4.5401    4.5866    4.5938    4.8046    4.8282    4.9022
   4.9958    5.0508    5.1559    5.1733    5.2420    5.3437    5.3763    5.5050
   5.5658    5.6131    6.0766    6.1130    6.4606    6.5418

 Heat of formation   =       -154.28343474 kcal/mol  (       -6.69023177 eV)

 Total SCF energy    =    -122321.17026417 kcal/mol  (    -5304.24397312 eV)
 Electronic energy   =    -930024.91072180 kcal/mol  (   -40328.90641003 eV)
 Core-core repulsion =     807703.74045763 kcal/mol  (    35024.66243691 eV)
 
    Atomic Charges for Step       1 :
  Atom    Element       Mulliken Charge
     1      C                 -0.074
     2      C                 -0.218
     3      C                  0.091
     4      O                 -0.248
     5      C                 -0.162
     6      C                 -0.075
     7      C                 -0.072
     8      C                 -0.062
     9      C                  0.084
    10      O                 -0.254
    11      C                 -0.100
    12      C                  0.355
    13      O                 -0.283
    14      C                 -0.063
    15      O                 -0.316
    16      C                 -0.065
    17      C                  0.354
    18      O                 -0.270
    19      C                 -0.064
    20      O                 -0.311
    21      C                  0.081
    22      C                 -0.085
    23      C                 -0.070
    24      C                 -0.074
    25      C                 -0.217
    26      C                  0.090
    27      O                 -0.247
    28      C                 -0.159
    29      C                 -0.076
    30      H                  0.153
    31      H                  0.136
    32      H                  0.220
    33      H                  0.154
    34      H                  0.148
    35      H                  0.168
    36      H                  0.101
    37      H                  0.092
    38      H                  0.089
    39      H                  0.105
    40      H                  0.092
    41      H                  0.086
    42      H                  0.168
    43      H                  0.137
    44      H                  0.137
    45      H                  0.220
    46      H                  0.156
    47      H                  0.149
 Total Mulliken Charge =      -0.000
 
                  X        Y        Z     TOTAL  
  QM DIPOLE    -0.942   -0.312   -1.049    1.444
 
 Final Structure

  QMMM: QM Region Cartesian Coordinates (*=link atom) 
  QMMM: QM_NO.   MM_NO.  ATOM         X         Y         Z
  QMMM:     1        1      C       -0.6303   -2.9972    0.0671
  QMMM:     2        2      C       -1.4757   -4.0363    0.4402
  QMMM:     3        3      C       -2.8644   -3.8481    0.3854
  QMMM:     4        4      O       -3.7619   -4.8288    0.7340
  QMMM:     5        5      C       -3.4063   -2.6222   -0.0372
  QMMM:     6        6      C       -2.5477   -1.5932   -0.3997
  QMMM:     7        7      C       -1.1528   -1.7637   -0.3545
  QMMM:     8        8      C       -0.2678   -0.7041   -0.7586
  QMMM:     9        9      C        1.1261   -0.9934   -1.3679
  QMMM:    10       10      O        1.2027    0.1087   -2.3404
  QMMM:    11       11      C        2.1469   -0.4708   -0.3280
  QMMM:    12       12      C        3.0683   -1.3256    0.4032
  QMMM:    13       13      O        2.6863   -2.6450    0.4221
  QMMM:    14       14      C        3.5539   -3.5439    1.1170
  QMMM:    15       15      O        4.1260   -1.0252    0.9590
  QMMM:    16       16      C        2.0058    0.8813   -0.3266
  QMMM:    17       17      C        2.6483    1.9175    0.4724
  QMMM:    18       18      O        3.0249    3.0057   -0.2723
  QMMM:    19       19      C        3.6790    4.0605    0.4372
  QMMM:    20       20      O        2.8521    1.9401    1.6861
  QMMM:    21       21      C        0.9184    1.1905   -1.3849
  QMMM:    22       22      C       -0.3939    0.6579   -0.7650
  QMMM:    23       23      C       -1.4313    1.5478   -0.3121
  QMMM:    24       24      C       -1.7492    2.6962   -1.0534
  QMMM:    25       25      C       -2.7358    3.5739   -0.6161
  QMMM:    26       26      C       -3.4112    3.3069    0.5833
  QMMM:    27       27      O       -4.3942    4.1280    1.0818
  QMMM:    28       28      C       -3.1052    2.1629    1.3407
  QMMM:    29       29      C       -2.1228    1.2939    0.8854
  QMMM:    30       30      H        0.4630   -3.1404    0.1130
  QMMM:    31       31      H       -1.0594   -4.9968    0.7746
  QMMM:    32       32      H       -3.2602   -5.6123    1.0032
  QMMM:    33       33      H       -4.4973   -2.4949   -0.0753
  QMMM:    34       34      H       -2.9621   -0.6263   -0.7295
  QMMM:    35       35      H        1.3147   -1.9663   -1.8479
  QMMM:    36       36      H        3.0431   -4.5325    1.0119
  QMMM:    37       37      H        3.6417   -3.2375    2.1870
  QMMM:    38       38      H        4.5610   -3.5479    0.6349
  QMMM:    39       39      H        3.9136    4.8053   -0.3627
  QMMM:    40       40      H        4.6065    3.6744    0.9244
  QMMM:    41       41      H        2.9893    4.4849    1.2058
  QMMM:    42       42      H        0.9402    2.1751   -1.8781
  QMMM:    43       43      H       -1.2204    2.9023   -1.9969
  QMMM:    44       44      H       -2.9832    4.4682   -1.2049
  QMMM:    45       45      H       -4.5012    4.8725    0.4716
  QMMM:    46       46      H       -3.6445    1.9728    2.2795
  QMMM:    47       47      H       -1.8778    0.3914    1.4686

           --------- Calculation Completed ----------

