
          -------------------------------------------------------
          Amber 16 SANDER                              2016
          -------------------------------------------------------

| Run on 08/12/2016 at 19:23:50

|   Executable path: sander
| Working directory: /net/roos/home4/zuckerman/spiriti/estrogen-receptor2/ligands5/4oh
|          Hostname: n000.dcb.private.net

  [-O]verwriting output

File Assignments:
|  MDIN: ../amber.in                                                           
| MDOUT: amber.out                                                             
|INPCRD: 4oh.inpcrd                                                            
|  PARM: 4oh.prm7                                                              
|RESTRT: restrt                                                                
|  REFC: refc                                                                  
| MDVEL: mdvel                                                                 
| MDFRC: mdfrc                                                                 
|  MDEN: mden                                                                  
| MDCRD: mdcrd                                                                 
|MDINFO: mdinfo                                                                
|  MTMD: mtmd                                                                  
|INPDIP: inpdip                                                                
|RSTDIP: rstdip                                                                
|INPTRA: inptraj                                                               


 Here is the input file:

test file                                                                      
&cntrl                                                                         
imin=1, maxcyc=1,                                                              
ntpr=5, cut=99, igb=0, ntb=0                                                   
/                                                                              

--------------------------------------------------------------------------------
   1.  RESOURCE   USE: 
--------------------------------------------------------------------------------

| Flags:                                                                        
|    NONPERIODIC   ntb=0 and igb=0: Setting up nonperiodic simulation
|  *** cutoff > system size, list only builds once
|Largest sphere to fit in unit cell has radius =    31.972
| New format PARM file being parsed.
| Version =    1.000 Date = 07/06/16 Time = 20:54:35
 NATOM  =      46 NTYPES =       7 NBONH =      24 MBONA  =      25
 NTHETH =      54 MTHETA =      40 NPHIH =     118 MPHIA  =     117
 NHPARM =       0 NPARM  =       0 NNB   =     294 NRES   =       1
 NBONA  =      25 NTHETA =      40 NPHIA =     117 NUMBND =       9
 NUMANG =      14 NPTRA  =      15 NATYP =       7 NPHB   =       0
 IFBOX  =       0 NMXRS  =      46 IFCAP =       0 NEXTRA =       0
 NCOPY  =       0


|     Memory Use     Allocated
|     Real                7928
|     Hollerith            141
|     Integer            32490
|     Max Pairs           1035
|     nblistReal           552
|     nblist Int        967412
|       Total             3976 kbytes

| Note: 1-4 EEL scale factors are being read from the topology file.

| Note: 1-4 VDW scale factors are being read from the topology file.
| Duplicated    0 dihedrals
| Duplicated    0 dihedrals

--------------------------------------------------------------------------------
   2.  CONTROL  DATA  FOR  THE  RUN
--------------------------------------------------------------------------------

default_name                                                                    

General flags:
     imin    =       1, nmropt  =       0

Nature and format of input:
     ntx     =       1, irest   =       0, ntrx    =       1

Nature and format of output:
     ntxo    =       2, ntpr    =       5, ntrx    =       1, ntwr    =       1
     iwrap   =       0, ntwx    =       0, ntwv    =       0, ntwe    =       0
     ioutfm  =       1, ntwprt  =       0, idecomp =       0, rbornstat=      0

Potential function:
     ntf     =       1, ntb     =       0, igb     =       0, nsnb    =      25
     ipol    =       0, gbsa    =       0, iesp    =       0
     dielc   =   1.00000, cut     =  99.00000, intdiel =   1.00000

Frozen or restrained atoms:
     ibelly  =       0, ntr     =       0

Energy minimization:
     maxcyc  =       1, ncyc    =      10, ntmin   =       1
     dx0     =   0.01000, drms    =   0.00010
|  INFO: Old style inpcrd file read


--------------------------------------------------------------------------------
   3.  ATOMIC COORDINATES AND VELOCITIES
--------------------------------------------------------------------------------

default_name                                                                    
 begin time read from input coords =     0.000 ps

 Number of triangulated 3-point waters found:        0

     Sum of charges from parm topology file =   0.00499901
     Forcing neutrality...

--------------------------------------------------------------------------------
   4.  RESULTS
--------------------------------------------------------------------------------

 ---------------------------------------------------

     eedmeth=4: Setting switch to one everywhere

 ---------------------------------------------------
| Local SIZE OF NONBOND LIST =        742
| TOTAL SIZE OF NONBOND LIST =        742


   NSTEP       ENERGY          RMS            GMAX         NAME    NUMBER
      1       9.0816E+01     1.8307E+01     8.1890E+01     HAL        25

 BOND    =        9.3054  ANGLE   =       14.9278  DIHED      =       24.3444
 VDWAALS =       26.5889  EEL     =      -49.2629  HBOND      =        0.0000
 1-4 VDW =       23.7114  1-4 EEL =       41.2012  RESTRAINT  =        0.0000


  Maximum number of minimization cycles reached.


                    FINAL RESULTS



   NSTEP       ENERGY          RMS            GMAX         NAME    NUMBER
      1       9.0816E+01     1.8307E+01     8.1890E+01     HAL        25

 BOND    =        9.3054  ANGLE   =       14.9278  DIHED      =       24.3444
 VDWAALS =       26.5889  EEL     =      -49.2629  HBOND      =        0.0000
 1-4 VDW =       23.7114  1-4 EEL =       41.2012  RESTRAINT  =        0.0000

--------------------------------------------------------------------------------
   5.  TIMINGS
--------------------------------------------------------------------------------

|    Read coords time           0.00 ( 0.34% of Total)
|                Build the list             0.00 (95.26% of List )
|                Other                      0.00 ( 4.74% of List )
|             List time                  0.00 (72.07% of Nonbo)
|                   Short_ene time             0.00 (97.82% of Direc)
|                   Other                      0.00 ( 2.18% of Direc)
|                Direct Ewald time          0.00 (87.62% of Ewald)
|                Force Adjust               0.00 ( 0.30% of Ewald)
|                Virial junk                0.00 ( 1.59% of Ewald)
|                Start synchronizatio       0.00 ( 0.62% of Ewald)
|                Other                      0.00 ( 9.86% of Ewald)
|             Ewald time                 0.00 (27.58% of Nonbo)
|             IPS excludes               0.00 ( 0.09% of Nonbo)
|             Other                      0.00 ( 0.27% of Nonbo)
|          Nonbond force              0.00 (78.38% of Force)
|          Bond/Angle/Dihedral        0.00 (20.11% of Force)
|          Other                      0.00 ( 1.51% of Force)
|       Force time                 0.00 (100.0% of Runmd)
|    Runmd Time                 0.00 ( 0.26% of Total)
|    Other                      0.55 (99.39% of Total)
| Total time                 0.55 (99.88% of ALL  )

| Number of list builds   :          1

| Highest rstack allocated:        200
| Highest istack allocated:         40
|           Job began  at 19:23:49.902  on 08/12/2016
|           Setup done at 19:23:50.074  on 08/12/2016
|           Run   done at 19:23:50.454  on 08/12/2016
|     wallclock() was called      58 times
