            --------------------------------------------------------
                             AMBER SQM VERSION 14
 
                                     By
              Ross C. Walker, Michael F. Crowley, Scott Brozell,
                         Tim Giese, Andreas W. Goetz,
                        Tai-Sung Lee and David A. Case
 
            --------------------------------------------------------
 

--------------------------------------------------------------------------------
  QM CALCULATION INFO
--------------------------------------------------------------------------------

| QMMM: Citation for AMBER QMMM Run:
| QMMM: R.C. Walker, M.F. Crowley and D.A. Case, J. COMP. CHEM. 29:1019, 2008

QMMM: SINGLET STATE CALCULATION
QMMM: RHF CALCULATION, NO. OF DOUBLY OCCUPIED LEVELS = 60

| QMMM: *** Selected Hamiltonian *** 
| QMMM: AM1         

| QMMM: *** Parameter sets in use ***
| QMMM: C : M.J.S.DEWAR et al. JACS, 107, 3902, (1985)
| QMMM: O : M.J.S.DEWAR et al. JACS, 107, 3902, (1985)
| QMMM: H : M.J.S.DEWAR et al. JACS, 107, 3902, (1985)

| QMMM: *** SCF convergence criteria ***
| QMMM: Energy change                :  0.1D-09 kcal/mol
| QMMM: Error matrix |FP-PF|         :  0.1D+00 au
| QMMM: Density matrix change        :  0.5D-06
| QMMM: Maximum number of SCF cycles :     1000

| QMMM: *** Diagonalization Routine Information ***
| QMMM: Pseudo diagonalizations are allowed.
| QMMM: Auto diagonalization routine selection is in use.
| QMMM:
| QMMM: Timing diagonalization routines:
| QMMM:                              norbs =      112
| QMMM:    diag iterations used for timing =       10
| QMMM:
| QMMM:              Internal diag routine = 0.050813 seconds
| QMMM:                 Dspev diag routine = 0.084457 seconds
| QMMM:                Dspevd diag routine = 0.056593 seconds
| QMMM:                Dspevx diag routine = 0.187045 seconds
| QMMM:                 Dsyev diag routine = 0.090375 seconds
| QMMM:                Dsyevd diag routine = 0.065597 seconds
| QMMM:                Dsyevr diag routine = 0.059364 seconds
| QMMM:
| QMMM:                Pseudo diag routine = 0.025679 seconds
| QMMM:
| QMMM: Using internal diagonalization routine (diag_routine=1).

  QMMM: QM Region Cartesian Coordinates (*=link atom) 
  QMMM: QM_NO.   MM_NO.  ATOM         X         Y         Z
  QMMM:     1        1      C       -0.1250   -0.5330   -0.1210
  QMMM:     2        2      C       -1.5630   -0.3750    0.3310
  QMMM:     3        3      C        0.7080    0.4750    0.6800
  QMMM:     4        4      C        0.4140   -1.9320    0.1780
  QMMM:     5        5      C       -2.0050    1.0510   -0.1010
  QMMM:     6        6      C       -2.5920   -1.2660   -0.3740
  QMMM:     7        7      C        2.1680    0.2950    0.3800
  QMMM:     8        8      C        0.2480    1.9030    0.4290
  QMMM:     9        9      C        1.7900   -2.0620   -0.4730
  QMMM:    10       10      C       -3.5200    1.0120    0.0590
  QMMM:    11       11      C       -1.2530    2.0530    0.7480
  QMMM:    12       12      C       -1.6630    1.2680   -1.5770
  QMMM:    13       13      C       -3.9200   -0.4860   -0.1770
  QMMM:    14       14      O       -2.6580   -2.5510    0.2490
  QMMM:    15       15      C        2.6640   -0.8800   -0.1450
  QMMM:    16       16      C        3.0290    1.3500    0.6480
  QMMM:    17       17      O       -4.1430    1.8600   -0.9080
  QMMM:    18       18      O       -4.6150   -0.9820    0.9690
  QMMM:    19       19      C        4.0260   -0.9990   -0.3910
  QMMM:    20       20      C        4.3800    1.2350    0.4010
  QMMM:    21       21      C        4.8850    0.0520   -0.1200
  QMMM:    22       22      O        6.2160   -0.0740   -0.3630
  QMMM:    23       23      H       -0.0700   -0.3730   -1.1780
  QMMM:    24       24      H       -1.5560   -0.6090    1.3750
  QMMM:    25       25      H        0.5590    0.2850    1.7220
  QMMM:    26       26      H       -0.2490   -2.6690   -0.2250
  QMMM:    27       27      H        0.4890   -2.0810    1.2350
  QMMM:    28       28      H       -2.3610   -1.4520   -1.4020
  QMMM:    29       29      H        0.4160    2.1510   -0.5980
  QMMM:    30       30      H        0.8030    2.5610    1.0640
  QMMM:    31       31      H        1.6690   -2.1220   -1.5340
  QMMM:    32       32      H        2.2610   -2.9450   -0.0950
  QMMM:    33       33      H       -3.8330    1.3590    1.0210
  QMMM:    34       34      H       -1.4270    1.8550    1.7850
  QMMM:    35       35      H       -1.5840    3.0480    0.5360
  QMMM:    36       36      H       -0.6000    1.2960   -1.6960
  QMMM:    37       37      H       -2.0840    2.1940   -1.9080
  QMMM:    38       38      H       -2.0660    0.4650   -2.1580
  QMMM:    39       39      H       -4.5620   -0.5950   -1.0260
  QMMM:    40       40      H       -2.8670   -2.4440    1.1900
  QMMM:    41       41      H        2.6540    2.2300    1.0360
  QMMM:    42       42      H       -3.8840    1.5780   -1.7990
  QMMM:    43       43      H       -4.0510   -0.8930    1.7530
  QMMM:    44       44      H        4.4010   -1.8790   -0.7790
  QMMM:    45       45      H        5.0130    2.0250    0.6020
  QMMM:    46       46      H        6.5540   -0.8740   -0.7150

--------------------------------------------------------------------------------
  RESULTS
--------------------------------------------------------------------------------

      iter         sqm energy              rms gradient
      ----    -------------------    -----------------------
xmin    10     -195.8116 kcal/mol        1.2046 kcal/(mol*A)
xmin    20     -196.5176 kcal/mol        0.6684 kcal/(mol*A)
xmin    30     -196.5672 kcal/mol        0.0468 kcal/(mol*A)
xmin    40     -196.5756 kcal/mol        0.0193 kcal/(mol*A)
xmin    50     -196.5760 kcal/mol        0.0060 kcal/(mol*A)
xmin    60     -196.5760 kcal/mol        0.0021 kcal/(mol*A)
xmin    70     -196.5760 kcal/mol        0.0010 kcal/(mol*A)
  ... geometry converged !
 
 Final MO eigenvalues (eV):
 -42.5274  -40.7396  -39.2204  -38.4594  -37.5413  -36.7480  -35.4994  -34.1358
 -32.3886  -30.6049  -29.9374  -29.1423  -27.2197  -26.8724  -24.4962  -23.9275
 -23.3869  -22.1452  -21.5594  -20.4530  -19.8037  -19.1730  -18.7073  -18.1460
 -17.4529  -17.3536  -17.0071  -16.8789  -16.2751  -15.5986  -15.4219  -15.3081
 -15.2075  -15.0208  -14.9119  -14.7272  -14.4744  -14.2474  -14.1177  -13.9787
 -13.7213  -13.5553  -13.2956  -13.1849  -12.9842  -12.8945  -12.8179  -12.5707
 -12.3033  -12.1883  -11.9346  -11.6743  -11.6555  -11.4104  -11.3260  -11.2291
 -10.7064  -10.4252   -9.6282   -8.8792    0.3659    0.4318    2.6690    2.7221
   2.8774    2.9555    3.0193    3.0671    3.2376    3.4316    3.4956    3.6074
   3.6298    3.6455    3.6951    3.7399    3.8076    3.8158    3.8636    3.9743
   3.9950    4.0638    4.1351    4.1832    4.2357    4.2532    4.2923    4.3415
   4.4216    4.5412    4.5637    4.5806    4.6622    4.6763    4.7302    4.7475
   4.7595    4.8470    4.8724    4.9577    5.0187    5.0306    5.1489    5.2204
   5.2961    5.4833    5.6995    5.7614    5.8501    6.0585    6.2712    6.3246


 Heat of formation   =       -196.57604221 kcal/mol  (       -8.52417684 eV)

 Total SCF energy    =     -90377.47069603 kcal/mol  (    -3919.06121573 eV)
 Electronic energy   =    -683141.56955927 kcal/mol  (   -29623.24138412 eV)
 Core-core repulsion =     592764.09886323 kcal/mol  (    25704.18016839 eV)
 
    Atomic Charges for Step       1 :
  Atom    Element       Mulliken Charge
     1      C                 -0.081
     2      C                 -0.131
     3      C                 -0.056
     4      C                 -0.157
     5      C                 -0.082
     6      C                  0.005
     7      C                 -0.096
     8      C                 -0.152
     9      C                 -0.124
    10      C                  0.005
    11      C                 -0.140
    12      C                 -0.212
    13      C                 -0.041
    14      O                 -0.310
    15      C                 -0.024
    16      C                 -0.096
    17      O                 -0.305
    18      O                 -0.308
    19      C                 -0.217
    20      C                 -0.160
    21      C                  0.080
    22      O                 -0.252
    23      H                  0.100
    24      H                  0.085
    25      H                  0.094
    26      H                  0.108
    27      H                  0.083
    28      H                  0.124
    29      H                  0.089
    30      H                  0.082
    31      H                  0.091
    32      H                  0.092
    33      H                  0.121
    34      H                  0.079
    35      H                  0.093
    36      H                  0.093
    37      H                  0.085
    38      H                  0.069
    39      H                  0.132
    40      H                  0.206
    41      H                  0.134
    42      H                  0.202
    43      H                  0.197
    44      H                  0.133
    45      H                  0.150
    46      H                  0.217
 Total Mulliken Charge =      -0.000
 
                  X        Y        Z     TOTAL  
  QM DIPOLE     0.816   -0.026   -0.258    0.856
 
 Final Structure

  QMMM: QM Region Cartesian Coordinates (*=link atom) 
  QMMM: QM_NO.   MM_NO.  ATOM         X         Y         Z
  QMMM:     1        1      C       -0.0580   -0.5405   -0.1498
  QMMM:     2        2      C       -1.5177   -0.3601    0.1997
  QMMM:     3        3      C        0.7611    0.4788    0.6625
  QMMM:     4        4      C        0.4417   -1.9368    0.1743
  QMMM:     5        5      C       -2.0120    1.0515   -0.1902
  QMMM:     6        6      C       -2.5736   -1.2897   -0.4118
  QMMM:     7        7      C        2.2198    0.3228    0.3606
  QMMM:     8        8      C        0.2550    1.9037    0.4630
  QMMM:     9        9      C        1.8644   -2.1049   -0.3114
  QMMM:    10       10      C       -3.5250    0.9536    0.1316
  QMMM:    11       11      C       -1.2456    2.0525    0.6577
  QMMM:    12       12      C       -1.8309    1.3731   -1.6642
  QMMM:    13       13      C       -3.9071   -0.5252   -0.1646
  QMMM:    14       14      O       -2.5635   -2.5907    0.1239
  QMMM:    15       15      C        2.7302   -0.9174   -0.0622
  QMMM:    16       16      C        3.1066    1.3923    0.5490
  QMMM:    17       17      O       -4.3414    1.8680   -0.5584
  QMMM:    18       18      O       -4.6361   -1.1129    0.8929
  QMMM:    19       19      C        4.1034   -1.0681   -0.2908
  QMMM:    20       20      C        4.4705    1.2571    0.3237
  QMMM:    21       21      C        4.9672    0.0142   -0.0989
  QMMM:    22       22      O        6.3255   -0.0701   -0.3069
  QMMM:    23       23      H        0.0978   -0.3548   -1.2478
  QMMM:    24       24      H       -1.6080   -0.4665    1.3212
  QMMM:    25       25      H        0.6251    0.2255    1.7569
  QMMM:    26       26      H       -0.2238   -2.6991   -0.3115
  QMMM:    27       27      H        0.3895   -2.1098    1.2810
  QMMM:    28       28      H       -2.3948   -1.4387   -1.5114
  QMMM:    29       29      H        0.5417    2.2595   -0.5608
  QMMM:    30       30      H        0.7585    2.5788    1.2056
  QMMM:    31       31      H        1.8574   -2.3030   -1.4191
  QMMM:    32       32      H        2.3189   -3.0069    0.1809
  QMMM:    33       33      H       -3.7069    1.2001    1.2160
  QMMM:    34       34      H       -1.5001    1.8975    1.7393
  QMMM:    35       35      H       -1.5539    3.0950    0.3842
  QMMM:    36       36      H       -0.7551    1.3477   -1.9584
  QMMM:    37       37      H       -2.2204    2.4003   -1.8739
  QMMM:    38       38      H       -2.3864    0.6404   -2.2984
  QMMM:    39       39      H       -4.5885   -0.6051   -1.0531
  QMMM:    40       40      H       -3.0089   -2.5719    0.9812
  QMMM:    41       41      H        2.7296    2.3703    0.8854
  QMMM:    42       42      H       -4.2774    1.6756   -1.5027
  QMMM:    43       43      H       -4.2200   -0.8464    1.7230
  QMMM:    44       44      H        4.4986   -2.0394   -0.6213
  QMMM:    45       45      H        5.1611    2.0986    0.4712
  QMMM:    46       46      H        6.5275   -0.9738   -0.5893

           --------- Calculation Completed ----------

