
          -------------------------------------------------------
          Amber 16 SANDER                              2016
          -------------------------------------------------------

| Run on 08/12/2016 at 19:23:32

|   Executable path: sander
| Working directory: /net/roos/home4/zuckerman/spiriti/estrogen-receptor2/ligands5/17m
|          Hostname: n000.dcb.private.net

  [-O]verwriting output

File Assignments:
|  MDIN: ../amber.in                                                           
| MDOUT: amber.out                                                             
|INPCRD: 17m.inpcrd                                                            
|  PARM: 17m.prm7                                                              
|RESTRT: restrt                                                                
|  REFC: refc                                                                  
| MDVEL: mdvel                                                                 
| MDFRC: mdfrc                                                                 
|  MDEN: mden                                                                  
| MDCRD: mdcrd                                                                 
|MDINFO: mdinfo                                                                
|  MTMD: mtmd                                                                  
|INPDIP: inpdip                                                                
|RSTDIP: rstdip                                                                
|INPTRA: inptraj                                                               


 Here is the input file:

test file                                                                      
&cntrl                                                                         
imin=1, maxcyc=1,                                                              
ntpr=5, cut=99, igb=0, ntb=0                                                   
/                                                                              

--------------------------------------------------------------------------------
   1.  RESOURCE   USE: 
--------------------------------------------------------------------------------

| Flags:                                                                        
|    NONPERIODIC   ntb=0 and igb=0: Setting up nonperiodic simulation
|  *** cutoff > system size, list only builds once
|Largest sphere to fit in unit cell has radius =    32.039
| New format PARM file being parsed.
| Version =    1.000 Date = 07/06/16 Time = 20:29:00
 NATOM  =      43 NTYPES =       6 NBONH =      22 MBONA  =      24
 NTHETH =      47 MTHETA =      39 NPHIH =      98 MPHIA  =      94
 NHPARM =       0 NPARM  =       0 NNB   =     261 NRES   =       1
 NBONA  =      24 NTHETA =      39 NPHIA =      94 NUMBND =       8
 NUMANG =      12 NPTRA  =      12 NATYP =       6 NPHB   =       0
 IFBOX  =       0 NMXRS  =      43 IFCAP =       0 NEXTRA =       0
 NCOPY  =       0


|     Memory Use     Allocated
|     Real                7680
|     Hollerith            132
|     Integer            30442
|     Max Pairs            903
|     nblistReal           516
|     nblist Int        967231
|       Total             3965 kbytes

| Note: 1-4 EEL scale factors are being read from the topology file.

| Note: 1-4 VDW scale factors are being read from the topology file.
| Duplicated    0 dihedrals
| Duplicated    0 dihedrals

--------------------------------------------------------------------------------
   2.  CONTROL  DATA  FOR  THE  RUN
--------------------------------------------------------------------------------

default_name                                                                    

General flags:
     imin    =       1, nmropt  =       0

Nature and format of input:
     ntx     =       1, irest   =       0, ntrx    =       1

Nature and format of output:
     ntxo    =       2, ntpr    =       5, ntrx    =       1, ntwr    =       1
     iwrap   =       0, ntwx    =       0, ntwv    =       0, ntwe    =       0
     ioutfm  =       1, ntwprt  =       0, idecomp =       0, rbornstat=      0

Potential function:
     ntf     =       1, ntb     =       0, igb     =       0, nsnb    =      25
     ipol    =       0, gbsa    =       0, iesp    =       0
     dielc   =   1.00000, cut     =  99.00000, intdiel =   1.00000

Frozen or restrained atoms:
     ibelly  =       0, ntr     =       0

Energy minimization:
     maxcyc  =       1, ncyc    =      10, ntmin   =       1
     dx0     =   0.01000, drms    =   0.00010
|  INFO: Old style inpcrd file read


--------------------------------------------------------------------------------
   3.  ATOMIC COORDINATES AND VELOCITIES
--------------------------------------------------------------------------------

default_name                                                                    
 begin time read from input coords =     0.000 ps

 Number of triangulated 3-point waters found:        0

     Sum of charges from parm topology file =   0.00000100
     Forcing neutrality...

--------------------------------------------------------------------------------
   4.  RESULTS
--------------------------------------------------------------------------------

 ---------------------------------------------------

     eedmeth=4: Setting switch to one everywhere

 ---------------------------------------------------
| Local SIZE OF NONBOND LIST =        643
| TOTAL SIZE OF NONBOND LIST =        643


   NSTEP       ENERGY          RMS            GMAX         NAME    NUMBER
      1       5.4662E+01     1.9558E+01     7.4794E+01     CAF        12

 BOND    =       12.6940  ANGLE   =       14.7817  DIHED      =       16.4861
 VDWAALS =       24.8557  EEL     =       -0.4961  HBOND      =        0.0000
 1-4 VDW =       24.2438  1-4 EEL =      -37.9035  RESTRAINT  =        0.0000


  Maximum number of minimization cycles reached.


                    FINAL RESULTS



   NSTEP       ENERGY          RMS            GMAX         NAME    NUMBER
      1       5.4662E+01     1.9558E+01     7.4794E+01     CAF        12

 BOND    =       12.6940  ANGLE   =       14.7817  DIHED      =       16.4861
 VDWAALS =       24.8557  EEL     =       -0.4961  HBOND      =        0.0000
 1-4 VDW =       24.2438  1-4 EEL =      -37.9035  RESTRAINT  =        0.0000

--------------------------------------------------------------------------------
   5.  TIMINGS
--------------------------------------------------------------------------------

|    Read coords time           0.00 ( 0.36% of Total)
|                Build the list             0.00 (95.48% of List )
|                Other                      0.00 ( 4.52% of List )
|             List time                  0.00 (73.96% of Nonbo)
|                   Short_ene time             0.00 (97.70% of Direc)
|                   Other                      0.00 ( 2.30% of Direc)
|                Direct Ewald time          0.00 (87.34% of Ewald)
|                Force Adjust               0.00 ( 0.68% of Ewald)
|                Virial junk                0.00 ( 1.67% of Ewald)
|                Start synchronizatio       0.00 ( 0.99% of Ewald)
|                Other                      0.00 ( 9.32% of Ewald)
|             Ewald time                 0.00 (25.71% of Nonbo)
|             IPS excludes               0.00 ( 0.08% of Nonbo)
|             Other                      0.00 ( 0.26% of Nonbo)
|          Nonbond force              0.00 (75.92% of Force)
|          Bond/Angle/Dihedral        0.00 (22.64% of Force)
|          Other                      0.00 ( 1.43% of Force)
|       Force time                 0.00 (100.0% of Runmd)
|    Runmd Time                 0.00 ( 0.28% of Total)
|    Other                      0.54 (99.36% of Total)
| Total time                 0.55 (99.88% of ALL  )

| Number of list builds   :          1

| Highest rstack allocated:        180
| Highest istack allocated:         36
|           Job began  at 19:23:32.567  on 08/12/2016
|           Setup done at 19:23:32.713  on 08/12/2016
|           Run   done at 19:23:33.114  on 08/12/2016
|     wallclock() was called      58 times
