            --------------------------------------------------------
                             AMBER SQM VERSION 14
 
                                     By
              Ross C. Walker, Michael F. Crowley, Scott Brozell,
                         Tim Giese, Andreas W. Goetz,
                        Tai-Sung Lee and David A. Case
 
            --------------------------------------------------------
 

--------------------------------------------------------------------------------
  QM CALCULATION INFO
--------------------------------------------------------------------------------

| QMMM: Citation for AMBER QMMM Run:
| QMMM: R.C. Walker, M.F. Crowley and D.A. Case, J. COMP. CHEM. 29:1019, 2008

QMMM: SINGLET STATE CALCULATION
QMMM: RHF CALCULATION, NO. OF DOUBLY OCCUPIED LEVELS = 55

| QMMM: *** Selected Hamiltonian *** 
| QMMM: AM1         

| QMMM: *** Parameter sets in use ***
| QMMM: C : M.J.S.DEWAR et al. JACS, 107, 3902, (1985)
| QMMM: O : M.J.S.DEWAR et al. JACS, 107, 3902, (1985)
| QMMM: H : M.J.S.DEWAR et al. JACS, 107, 3902, (1985)

| QMMM: *** SCF convergence criteria ***
| QMMM: Energy change                :  0.1D-09 kcal/mol
| QMMM: Error matrix |FP-PF|         :  0.1D+00 au
| QMMM: Density matrix change        :  0.5D-06
| QMMM: Maximum number of SCF cycles :     1000

| QMMM: *** Diagonalization Routine Information ***
| QMMM: Pseudo diagonalizations are allowed.
| QMMM: Auto diagonalization routine selection is in use.
| QMMM:
| QMMM: Timing diagonalization routines:
| QMMM:                              norbs =      106
| QMMM:    diag iterations used for timing =       10
| QMMM:
| QMMM:              Internal diag routine = 0.044059 seconds
| QMMM:                 Dspev diag routine = 0.073527 seconds
| QMMM:                Dspevd diag routine = 0.049462 seconds
| QMMM:                Dspevx diag routine = 0.164008 seconds
| QMMM:                 Dsyev diag routine = 0.077990 seconds
| QMMM:                Dsyevd diag routine = 0.057649 seconds
| QMMM:                Dsyevr diag routine = 0.051596 seconds
| QMMM:
| QMMM:                Pseudo diag routine = 0.022777 seconds
| QMMM:
| QMMM: Using internal diagonalization routine (diag_routine=1).

  QMMM: QM Region Cartesian Coordinates (*=link atom) 
  QMMM: QM_NO.   MM_NO.  ATOM         X         Y         Z
  QMMM:     1        1      C        1.7530    0.5290    1.5500
  QMMM:     2        2      C        2.2510    0.4690    0.1050
  QMMM:     3        3      C        1.7000    1.6370   -0.6780
  QMMM:     4        4      C        0.1930    1.7070   -0.4010
  QMMM:     5        5      C       -0.4610    0.3530   -0.3310
  QMMM:     6        6      C       -1.8660    0.3190   -0.1780
  QMMM:     7        7      C       -2.6080    1.5130   -0.1510
  QMMM:     8        8      C       -3.9580    1.4640    0.0070
  QMMM:     9        9      C       -4.6220    0.2410    0.1410
  QMMM:    10       10      O       -5.9720    0.2250    0.2980
  QMMM:    11       11      C       -3.9320   -0.9370    0.1170
  QMMM:    12       12      C       -2.5370   -0.9200   -0.0460
  QMMM:    13       13      C       -1.7930   -2.1120   -0.0780
  QMMM:    14       14      C       -0.4470   -2.0500   -0.2450
  QMMM:    15       15      C        0.2180   -0.8300   -0.3790
  QMMM:    16       16      C        1.6960   -0.8120   -0.5780
  QMMM:    17       17      C        2.5090   -1.9080    0.1120
  QMMM:    18       18      C        3.9380   -1.2980    0.1580
  QMMM:    19       19      C        3.7570    0.2410    0.0870
  QMMM:    20       20      C        4.4090    0.9080    1.3000
  QMMM:    21       21      O        4.3220    0.7510   -1.1220
  QMMM:    22       22      H        0.6950    0.6890    1.5560
  QMMM:    23       23      H        2.2390    1.3340    2.0620
  QMMM:    24       24      H        1.9770   -0.3940    2.0430
  QMMM:    25       25      H        1.8730    1.4900   -1.7240
  QMMM:    26       26      H        2.1800    2.5470   -0.3850
  QMMM:    27       27      H       -0.2710    2.2690   -1.1850
  QMMM:    28       28      H        0.0670    2.1710    0.5550
  QMMM:    29       29      H       -2.1300    2.4220   -0.2510
  QMMM:    30       30      H       -4.5000    2.3420    0.0280
  QMMM:    31       31      H       -6.4510    1.0300    0.3150
  QMMM:    32       32      H       -4.4320   -1.8340    0.2180
  QMMM:    33       33      H       -2.2650   -3.0240    0.0240
  QMMM:    34       34      H        0.0980   -2.9260   -0.2740
  QMMM:    35       35      H        1.8020   -0.9110   -1.6380
  QMMM:    36       36      H        2.4950   -2.8140   -0.4560
  QMMM:    37       37      H        2.1300   -2.1730    1.0770
  QMMM:    38       38      H        4.5150   -1.6420   -0.6750
  QMMM:    39       39      H        4.4560   -1.5880    1.0480
  QMMM:    40       40      H        3.9770    0.5170    2.1970
  QMMM:    41       41      H        4.2460    1.9650    1.2570
  QMMM:    42       42      H        5.4600    0.7090    1.2940
  QMMM:    43       43      H        3.9010    0.3210   -1.8820

--------------------------------------------------------------------------------
  RESULTS
--------------------------------------------------------------------------------

      iter         sqm energy              rms gradient
      ----    -------------------    -----------------------
xmin    10      -71.5297 kcal/mol        0.3760 kcal/(mol*A)
xmin    20      -72.0844 kcal/mol        0.2797 kcal/(mol*A)
xmin    30      -72.1046 kcal/mol        0.0283 kcal/(mol*A)
xmin    40      -72.1049 kcal/mol        0.0065 kcal/(mol*A)
xmin    50      -72.1050 kcal/mol        0.0009 kcal/(mol*A)
  ... geometry converged !
 
 Final MO eigenvalues (eV):
 -42.1405  -40.6074  -38.9730  -37.0638  -35.5676  -35.0089  -32.9640  -31.7836
 -30.8296  -29.3389  -29.2797  -27.0826  -25.4446  -24.3461  -23.7408  -23.3797
 -21.3674  -21.0054  -19.7996  -18.8214  -18.1320  -17.4088  -17.3489  -16.5539
 -16.4294  -15.9314  -15.8340  -15.1789  -15.0985  -14.9661  -14.8098  -14.6957
 -14.4177  -14.0100  -13.7788  -13.6218  -13.4478  -13.3317  -13.1726  -12.9858
 -12.7979  -12.7792  -12.5880  -12.3660  -12.0237  -11.8978  -11.6729  -11.6320
 -11.5461  -11.2437  -11.0313  -10.5469  -10.1923   -9.1986   -8.4169   -0.3889
   0.0959    1.0884    1.9388    2.9771    3.0681    3.1118    3.2782    3.3850
   3.5438    3.5847    3.6611    3.7023    3.8280    3.9412    3.9494    3.9687
   4.0996    4.1248    4.1661    4.2284    4.2730    4.3406    4.3830    4.4686
   4.5001    4.5081    4.6097    4.6861    4.7596    4.7814    4.8178    4.8247
   4.8631    4.9075    4.9507    4.9795    5.0389    5.0874    5.1453    5.1576
   5.2176    5.2557    5.2816    5.3398    5.5896    5.7239    5.8226    6.0145
   6.2736    6.3871

 Heat of formation   =        -72.10498554 kcal/mol  (       -3.12670680 eV)

 Total SCF energy    =     -77881.93259726 kcal/mol  (    -3377.21402356 eV)
 Electronic energy   =    -583490.35036257 kcal/mol  (   -25302.04025682 eV)
 Core-core repulsion =     505608.41776531 kcal/mol  (    21924.82623326 eV)
 
    Atomic Charges for Step       1 :
  Atom    Element       Mulliken Charge
     1      C                 -0.200
     2      C                 -0.075
     3      C                 -0.138
     4      C                 -0.123
     5      C                 -0.044
     6      C                 -0.060
     7      C                 -0.084
     8      C                 -0.194
     9      C                  0.073
    10      O                 -0.251
    11      C                 -0.158
    12      C                 -0.004
    13      C                 -0.128
    14      C                 -0.109
    15      C                 -0.063
    16      C                 -0.074
    17      C                 -0.154
    18      C                 -0.192
    19      C                  0.088
    20      C                 -0.197
    21      O                 -0.323
    22      H                  0.088
    23      H                  0.076
    24      H                  0.076
    25      H                  0.087
    26      H                  0.089
    27      H                  0.091
    28      H                  0.090
    29      H                  0.135
    30      H                  0.133
    31      H                  0.217
    32      H                  0.151
    33      H                  0.135
    34      H                  0.134
    35      H                  0.090
    36      H                  0.084
    37      H                  0.091
    38      H                  0.095
    39      H                  0.093
    40      H                  0.081
    41      H                  0.086
    42      H                  0.090
    43      H                  0.198
 Total Mulliken Charge =      -0.000
 
                  X        Y        Z     TOTAL  
  QM DIPOLE    -0.243    0.632    0.437    0.805
 
 Final Structure

  QMMM: QM Region Cartesian Coordinates (*=link atom) 
  QMMM: QM_NO.   MM_NO.  ATOM         X         Y         Z
  QMMM:     1        1      C        1.9330    0.4940    1.7386
  QMMM:     2        2      C        2.2583    0.4532    0.2545
  QMMM:     3        3      C        1.6827    1.6742   -0.4372
  QMMM:     4        4      C        0.1611    1.6878   -0.3768
  QMMM:     5        5      C       -0.5244    0.3631   -0.2804
  QMMM:     6        6      C       -1.9514    0.3405   -0.1854
  QMMM:     7        7      C       -2.7320    1.5302   -0.2178
  QMMM:     8        8      C       -4.1000    1.4889   -0.1268
  QMMM:     9        9      C       -4.7579    0.2354    0.0033
  QMMM:    10       10      O       -6.1291    0.1428    0.0987
  QMMM:    11       11      C       -4.0379   -0.9436    0.0387
  QMMM:    12       12      C       -2.6231   -0.9042   -0.0558
  QMMM:    13       13      C       -1.8654   -2.1073   -0.0217
  QMMM:    14       14      C       -0.4993   -2.0691   -0.1208
  QMMM:    15       15      C        0.1792   -0.8327   -0.2536
  QMMM:    16       16      C        1.6485   -0.7886   -0.4397
  QMMM:    17       17      C        2.5253   -1.9452    0.0225
  QMMM:    18       18      C        3.9220   -1.3385    0.1721
  QMMM:    19       19      C        3.7836    0.2038    0.0673
  QMMM:    20       20      C        4.6620    0.9318    1.0696
  QMMM:    21       21      O        4.2342    0.6519   -1.2078
  QMMM:    22       22      H        0.8274    0.4739    1.8967
  QMMM:    23       23      H        2.3378    1.4300    2.1944
  QMMM:    24       24      H        2.3804   -0.3854    2.2620
  QMMM:    25       25      H        2.0202    1.6881   -1.5073
  QMMM:    26       26      H        2.0810    2.6055    0.0437
  QMMM:    27       27      H       -0.2213    2.2230   -1.2891
  QMMM:    28       28      H       -0.1503    2.2942    0.5197
  QMMM:    29       29      H       -2.2257    2.5027   -0.3195
  QMMM:    30       30      H       -4.6974    2.4116   -0.1533
  QMMM:    31       31      H       -6.4905    1.0398    0.0583
  QMMM:    32       32      H       -4.5539   -1.9088    0.1391
  QMMM:    33       33      H       -2.3987   -3.0639    0.0835
  QMMM:    34       34      H        0.0934   -2.9967   -0.0992
  QMMM:    35       35      H        1.8126   -0.6744   -1.5552
  QMMM:    36       36      H        2.5212   -2.7797   -0.7201
  QMMM:    37       37      H        2.1629   -2.3535    0.9985
  QMMM:    38       38      H        4.6073   -1.7069   -0.6306
  QMMM:    39       39      H        4.3655   -1.6174    1.1584
  QMMM:    40       40      H        4.5140    0.5147    2.0930
  QMMM:    41       41      H        4.4105    2.0192    1.0736
  QMMM:    42       42      H        5.7340    0.8151    0.7789
  QMMM:    43       43      H        3.7123    0.1904   -1.8746

           --------- Calculation Completed ----------

