            --------------------------------------------------------
                             AMBER SQM VERSION 14
 
                                     By
              Ross C. Walker, Michael F. Crowley, Scott Brozell,
                         Tim Giese, Andreas W. Goetz,
                        Tai-Sung Lee and David A. Case
 
            --------------------------------------------------------
 

--------------------------------------------------------------------------------
  QM CALCULATION INFO
--------------------------------------------------------------------------------

| QMMM: Citation for AMBER QMMM Run:
| QMMM: R.C. Walker, M.F. Crowley and D.A. Case, J. COMP. CHEM. 29:1019, 2008

QMMM: SINGLET STATE CALCULATION
QMMM: RHF CALCULATION, NO. OF DOUBLY OCCUPIED LEVELS = 92

| QMMM: *** Selected Hamiltonian *** 
| QMMM: AM1         

| QMMM: *** Parameter sets in use ***
| QMMM: C : M.J.S.DEWAR et al. JACS, 107, 3902, (1985)
| QMMM: O : M.J.S.DEWAR et al. JACS, 107, 3902, (1985)
| QMMM: F : M.J.S.DEWAR et al. THEOCHEM, 180, 1, (1988)
| QMMM: N : M.J.S.DEWAR et al. JACS, 107, 3902, (1985)
| QMMM: H : M.J.S.DEWAR et al. JACS, 107, 3902, (1985)

| QMMM: *** SCF convergence criteria ***
| QMMM: Energy change                :  0.1D-09 kcal/mol
| QMMM: Error matrix |FP-PF|         :  0.1D+00 au
| QMMM: Density matrix change        :  0.5D-06
| QMMM: Maximum number of SCF cycles :     1000

| QMMM: *** Diagonalization Routine Information ***
| QMMM: Pseudo diagonalizations are allowed.
| QMMM: Auto diagonalization routine selection is in use.
| QMMM:
| QMMM: Timing diagonalization routines:
| QMMM:                              norbs =      173
| QMMM:    diag iterations used for timing =        5
| QMMM:
| QMMM:              Internal diag routine = 0.085299 seconds
| QMMM:                 Dspev diag routine = 0.134730 seconds
| QMMM:                Dspevd diag routine = 0.085763 seconds
| QMMM:                Dspevx diag routine = 0.271484 seconds
| QMMM:                 Dsyev diag routine = 0.143790 seconds
| QMMM:                Dsyevd diag routine = 0.096154 seconds
| QMMM:                Dsyevr diag routine = 0.084420 seconds
| QMMM:
| QMMM:                Pseudo diag routine = 0.052437 seconds
| QMMM:
| QMMM: Using dsyevr routine (diag_routine=7).

  QMMM: QM Region Cartesian Coordinates (*=link atom) 
  QMMM: QM_NO.   MM_NO.  ATOM         X         Y         Z
  QMMM:     1        1      C        0.1250   -1.4440    2.2630
  QMMM:     2        2      C       -0.9600   -0.6910    1.4840
  QMMM:     3        3      O       -0.9370    0.6760    1.8640
  QMMM:     4        4      C       -1.1700    0.8060    3.1930
  QMMM:     5        5      C       -1.7100    2.0190    3.6230
  QMMM:     6        6      C       -1.9670    2.2410    4.9590
  QMMM:     7        7      C       -1.6890    1.2520    5.8910
  QMMM:     8        8      O       -1.9370    1.4670    7.2110
  QMMM:     9        9      C       -1.1580    0.0430    5.4680
  QMMM:    10       10      F       -0.8890   -0.9230    6.3720
  QMMM:    11       11      C       -0.9020   -0.1790    4.1230
  QMMM:    12       12      C       -0.3350   -1.5200    3.7230
  QMMM:    13       13      C       -1.4140   -2.5960    3.8650
  QMMM:    14       14      C        1.4320   -0.6980    2.1750
  QMMM:    15       15      C        1.6800    0.3590    3.0300
  QMMM:    16       16      C        2.8790    1.0420    2.9560
  QMMM:    17       17      C        3.8290    0.6710    2.0150
  QMMM:    18       18      O        5.0070    1.3450    1.9360
  QMMM:    19       19      C        3.5750   -0.3860    1.1550
  QMMM:    20       20      C        2.3770   -1.0680    1.2370
  QMMM:    21       21      C       -0.6930   -0.8070    0.0050
  QMMM:    22       22      C        0.0870    0.1390   -0.6310
  QMMM:    23       23      C        0.3380    0.0310   -1.9850
  QMMM:    24       24      C       -0.2020   -1.0220   -2.7080
  QMMM:    25       25      C       -0.9890   -1.9680   -2.0670
  QMMM:    26       26      C       -1.2330   -1.8580   -0.7120
  QMMM:    27       27      O        0.0380   -1.1270   -4.0410
  QMMM:    28       28      C        0.8680   -0.0200   -4.4000
  QMMM:    29       29      C        1.1780   -0.0790   -5.8970
  QMMM:    30       30      N       -0.0750   -0.0180   -6.6590
  QMMM:    31       31      C       -0.6540    1.3060   -6.4140
  QMMM:    32       32      C       -1.9670    1.4480   -7.1860
  QMMM:    33       33      C       -1.6870    1.3160   -8.6860
  QMMM:    34       34      C       -0.9700   -0.0130   -8.9420
  QMMM:    35       35      C        0.2910   -0.0790   -8.0780
  QMMM:    36       36      H        0.2720   -2.4240    1.8590
  QMMM:    37       37      H       -1.9190   -1.1120    1.7030
  QMMM:    38       38      H       -1.9190    2.7580    2.9330
  QMMM:    39       39      H       -2.3660    3.1420    5.2650
  QMMM:    40       40      H       -2.2960    2.2850    7.4930
  QMMM:    41       41      H        0.4930   -1.7690    4.3540
  QMMM:    42       42      H       -2.2450   -2.3530    3.2360
  QMMM:    43       43      H       -1.7390   -2.6430    4.8830
  QMMM:    44       44      H       -1.0120   -3.5440    3.5750
  QMMM:    45       45      H        0.9690    0.6380    3.7240
  QMMM:    46       46      H        3.0680    1.8270    3.5990
  QMMM:    47       47      H        5.1780    2.0590    2.5180
  QMMM:    48       48      H        4.2800   -0.6630    0.4540
  QMMM:    49       49      H        2.1870   -1.8550    0.5970
  QMMM:    50       50      H        0.4820    0.9270   -0.0940
  QMMM:    51       51      H        0.9270    0.7340   -2.4580
  QMMM:    52       52      H       -1.3920   -2.7530   -2.6020
  QMMM:    53       53      H       -1.8190   -2.5610   -0.2350
  QMMM:    54       54      H        1.7820   -0.0640   -3.8450
  QMMM:    55       55      H        0.3590    0.8940   -4.1770
  QMMM:    56       56      H        1.6870   -0.9930   -6.1200
  QMMM:    57       57      H        1.7990    0.7500   -6.1650
  QMMM:    58       58      H       -0.7200   -0.7650   -6.4030
  QMMM:    59       59      H        0.0330    2.0600   -6.7390
  QMMM:    60       60      H       -0.8450    1.4200   -5.3670
  QMMM:    61       61      H       -2.3980    2.4070   -6.9860
  QMMM:    62       62      H       -2.6490    0.6820   -6.8790
  QMMM:    63       63      H       -1.0670    2.1260   -9.0080
  QMMM:    64       64      H       -2.6080    1.3420   -9.2300
  QMMM:    65       65      H       -0.7000   -0.0810   -9.9750
  QMMM:    66       66      H       -1.6200   -0.8260   -8.6920
  QMMM:    67       67      H        0.8070   -0.9960   -8.2730
  QMMM:    68       68      H        0.9250    0.7490   -8.3150

--------------------------------------------------------------------------------
  RESULTS
--------------------------------------------------------------------------------

      iter         sqm energy              rms gradient
      ----    -------------------    -----------------------
xmin    10        4.9359 kcal/mol        1.5818 kcal/(mol*A)
xmin    20        2.6562 kcal/mol        0.3645 kcal/(mol*A)
xmin    30        2.1745 kcal/mol        0.2051 kcal/(mol*A)
xmin    40        1.9459 kcal/mol        0.3071 kcal/(mol*A)
xmin    50        1.8693 kcal/mol        0.0788 kcal/(mol*A)
xmin    60        1.7336 kcal/mol        0.1771 kcal/(mol*A)
xmin    70        1.6253 kcal/mol        0.1214 kcal/(mol*A)
xmin    80        1.6053 kcal/mol        0.0312 kcal/(mol*A)
xmin    90        1.5916 kcal/mol        0.0293 kcal/(mol*A)
xmin   100        1.5869 kcal/mol        0.0156 kcal/(mol*A)
xmin   110        1.5823 kcal/mol        0.0370 kcal/(mol*A)
xmin   120        1.5802 kcal/mol        0.0181 kcal/(mol*A)
xmin   130        1.5780 kcal/mol        0.0234 kcal/(mol*A)
xmin   140        1.5770 kcal/mol        0.0132 kcal/(mol*A)
xmin   150        1.5760 kcal/mol        0.0108 kcal/(mol*A)
xmin   160        1.5757 kcal/mol        0.0075 kcal/(mol*A)
xmin   170        1.5752 kcal/mol        0.0055 kcal/(mol*A)
xmin   180        1.5750 kcal/mol        0.0105 kcal/(mol*A)
xmin   190        1.5749 kcal/mol        0.0054 kcal/(mol*A)
xmin   200        1.5749 kcal/mol        0.0029 kcal/(mol*A)
xmin   210        1.5743 kcal/mol        0.0147 kcal/(mol*A)
xmin   220        1.5741 kcal/mol        0.0099 kcal/(mol*A)
xmin   230        1.5741 kcal/mol        0.0036 kcal/(mol*A)
xmin   240        1.5740 kcal/mol        0.0020 kcal/(mol*A)
xmin   250        1.5740 kcal/mol        0.0019 kcal/(mol*A)
xmin   260        1.5740 kcal/mol        0.0021 kcal/(mol*A)
  ... geometry converged !
 
 Final MO eigenvalues (eV):
 -50.9423  -45.8388  -43.6388  -43.0687  -41.7406  -41.2788  -40.6060  -39.4428
 -39.3734  -38.3011  -37.5526  -36.3603  -35.2075  -34.4123  -33.9691  -33.2656
 -32.9444  -31.8206  -30.9852  -30.1097  -29.6876  -28.8085  -27.9329  -27.0680
 -26.5562  -25.8855  -25.4302  -25.3013  -24.8123  -24.5491  -24.0762  -22.5160
 -22.1911  -22.0052  -21.6263  -21.2232  -20.6636  -20.6095  -20.2742  -20.1932
 -19.8086  -19.7484  -19.3427  -19.0923  -18.9539  -18.7896  -18.6211  -18.3929
 -18.1178  -18.0027  -17.9507  -17.8287  -17.7001  -17.6380  -17.5089  -17.3663
 -17.2812  -16.8998  -16.7853  -16.7103  -16.6390  -16.5181  -16.4933  -16.2405
 -16.1520  -16.0122  -15.9801  -15.8825  -15.7935  -15.7470  -15.5082  -15.4101
 -15.3694  -15.1851  -15.0177  -14.8169  -14.6479  -14.5162  -14.4313  -14.2074
 -14.0747  -13.5863  -13.5027  -13.2870  -13.2516  -12.9327  -12.2618  -11.6682
 -11.4734  -11.1410  -10.6129  -10.2361   -3.6144   -2.2752   -1.9936   -1.6235
  -1.4983   -1.4523   -1.4185   -1.2739   -1.2528   -1.1722   -1.0720   -0.8031
  -0.7067   -0.5115   -0.4351   -0.3681   -0.3452   -0.2659   -0.1972   -0.0024
   0.1430    0.2280    0.3743    0.4153    0.4285    0.4972    0.5104    0.6348
   0.8540    0.9189    1.0471    1.1261    1.1820    1.2472    1.2573    1.3101
   1.3679    1.4137    1.4424    1.7122    1.7515    1.8042    1.8805    1.9396
   1.9769    2.0541    2.1384    2.1797    2.2515    2.2873    2.3431    2.3601
   2.4459    2.5679    2.6534    2.6734    2.7269    2.7953    2.8963    2.9118
   2.9596    3.0299    3.0544    3.1244    3.2305    3.2767    3.3130    3.4527
   3.4852    3.5317    3.5455    3.5740    3.6153    3.6185    3.7761    3.9657
   4.0346    4.1975    4.5061    4.7297    4.7759

 Heat of formation   =          1.57399600 kcal/mol  (        0.06825359 eV)

 Total SCF energy    =    -141462.52706091 kcal/mol  (    -6134.27548939 eV)
 Electronic energy   =   -1240866.28073154 kcal/mol  (   -53807.99968482 eV)
 Core-core repulsion =    1099403.75367064 kcal/mol  (    47673.72419542 eV)
 
    Atomic Charges for Step       1 :
  Atom    Element       Mulliken Charge
     1      C                 -0.075
     2      C                  0.072
     3      O                 -0.211
     4      C                  0.054
     5      C                 -0.124
     6      C                 -0.164
     7      C                  0.030
     8      O                 -0.231
     9      C                  0.098
    10      F                 -0.082
    11      C                 -0.131
    12      C                 -0.060
    13      C                 -0.213
    14      C                 -0.114
    15      C                 -0.073
    16      C                 -0.212
    17      C                  0.083
    18      O                 -0.252
    19      C                 -0.164
    20      C                 -0.093
    21      C                 -0.064
    22      C                 -0.063
    23      C                 -0.172
    24      C                  0.035
    25      C                 -0.137
    26      C                 -0.098
    27      O                 -0.262
    28      C                 -0.042
    29      C                 -0.137
    30      N                 -0.004
    31      C                 -0.125
    32      C                 -0.185
    33      C                 -0.176
    34      C                 -0.185
    35      C                 -0.123
    36      H                  0.104
    37      H                  0.105
    38      H                  0.155
    39      H                  0.148
    40      H                  0.225
    41      H                  0.127
    42      H                  0.073
    43      H                  0.101
    44      H                  0.080
    45      H                  0.149
    46      H                  0.140
    47      H                  0.223
    48      H                  0.150
    49      H                  0.130
    50      H                  0.168
    51      H                  0.138
    52      H                  0.144
    53      H                  0.148
    54      H                  0.140
    55      H                  0.102
    56      H                  0.149
    57      H                  0.144
    58      H                  0.262
    59      H                  0.135
    60      H                  0.143
    61      H                  0.139
    62      H                  0.113
    63      H                  0.105
    64      H                  0.131
    65      H                  0.140
    66      H                  0.112
    67      H                  0.140
    68      H                  0.138
 Total Mulliken Charge =       1.000
 
                  X        Y        Z     TOTAL  
  QM DIPOLE    -0.651    3.719  -29.434   29.675
 
 Final Structure

  QMMM: QM Region Cartesian Coordinates (*=link atom) 
  QMMM: QM_NO.   MM_NO.  ATOM         X         Y         Z
  QMMM:     1        1      C       -0.0499   -1.3626    2.2886
  QMMM:     2        2      C       -1.1736   -0.5131    1.6747
  QMMM:     3        3      O       -1.3169    0.7674    2.3125
  QMMM:     4        4      C       -1.4030    0.7082    3.6952
  QMMM:     5        5      C       -1.9678    1.8387    4.3045
  QMMM:     6        6      C       -2.0286    1.9068    5.6903
  QMMM:     7        7      C       -1.5303    0.8529    6.4646
  QMMM:     8        8      O       -1.5488    0.8522    7.8389
  QMMM:     9        9      C       -0.9657   -0.2913    5.8476
  QMMM:    10       10      F       -0.4781   -1.2909    6.6153
  QMMM:    11       11      C       -0.9085   -0.3731    4.4394
  QMMM:    12       12      C       -0.3268   -1.5821    3.7827
  QMMM:    13       13      C       -1.2351   -2.7857    3.9768
  QMMM:    14       14      C        1.3270   -0.8341    2.0458
  QMMM:    15       15      C        1.7607    0.3764    2.5979
  QMMM:    16       16      C        3.0520    0.8439    2.3711
  QMMM:    17       17      C        3.9266    0.0869    1.5794
  QMMM:    18       18      O        5.2091    0.4906    1.2903
  QMMM:    19       19      C        3.5128   -1.1349    1.0234
  QMMM:    20       20      C        2.2195   -1.5831    1.2641
  QMMM:    21       21      C       -0.9721   -0.2604    0.2099
  QMMM:    22       22      C       -0.5473    0.9837   -0.2688
  QMMM:    23       23      C       -0.3601    1.1881   -1.6348
  QMMM:    24       24      C       -0.5987    0.1289   -2.5154
  QMMM:    25       25      C       -1.0317   -1.1227   -2.0578
  QMMM:    26       26      C       -1.2246   -1.3038   -0.6910
  QMMM:    27       27      O       -0.4931    0.2725   -3.9000
  QMMM:    28       28      C        0.5893    1.0940   -4.3339
  QMMM:    29       29      C        1.0785    0.5177   -5.6682
  QMMM:    30       30      N       -0.0205    0.3130   -6.6622
  QMMM:    31       31      C       -0.4915    1.6123   -7.2445
  QMMM:    32       32      C       -1.6069    1.4131   -8.2630
  QMMM:    33       33      C       -1.1861    0.4577   -9.3587
  QMMM:    34       34      C       -0.6880   -0.8498   -8.7821
  QMMM:    35       35      C        0.4117   -0.6220   -7.7525
  QMMM:    36       36      H       -0.1226   -2.3709    1.7802
  QMMM:    37       37      H       -2.1475   -1.0703    1.8227
  QMMM:    38       38      H       -2.3500    2.6589    3.6802
  QMMM:    39       39      H       -2.4689    2.7874    6.1814
  QMMM:    40       40      H       -1.9687    1.6754    8.1313
  QMMM:    41       41      H        0.6574   -1.8059    4.2916
  QMMM:    42       42      H       -2.2094   -2.6400    3.4523
  QMMM:    43       43      H       -1.4362   -2.9381    5.0655
  QMMM:    44       44      H       -0.7449   -3.7050    3.5750
  QMMM:    45       45      H        1.0681    0.9672    3.2198
  QMMM:    46       46      H        3.3847    1.7922    2.8163
  QMMM:    47       47      H        5.4059    1.2711    1.8293
  QMMM:    48       48      H        4.2174   -1.7221    0.4185
  QMMM:    49       49      H        1.9001   -2.5467    0.8375
  QMMM:    50       50      H       -0.3622    1.8066    0.4419
  QMMM:    51       51      H       -0.0326    2.1686   -2.0072
  QMMM:    52       52      H       -1.2261   -1.9372   -2.7685
  QMMM:    53       53      H       -1.5732   -2.2796   -0.3171
  QMMM:    54       54      H        1.4452    1.0799   -3.6072
  QMMM:    55       55      H        0.2108    2.1443   -4.4504
  QMMM:    56       56      H        1.5537   -0.4879   -5.4765
  QMMM:    57       57      H        1.8463    1.2108   -6.1122
  QMMM:    58       58      H       -0.8174   -0.1168   -6.1650
  QMMM:    59       59      H        0.3922    2.1107   -7.7348
  QMMM:    60       60      H       -0.8529    2.2581   -6.3941
  QMMM:    61       61      H       -1.8502    2.4187   -8.7007
  QMMM:    62       62      H       -2.5342    1.0366   -7.7550
  QMMM:    63       63      H       -0.3817    0.9279   -9.9847
  QMMM:    64       64      H       -2.0593    0.2582  -10.0358
  QMMM:    65       65      H       -0.2598   -1.4924   -9.5982
  QMMM:    66       66      H       -1.5390   -1.4180   -8.3209
  QMMM:    67       67      H        0.7023   -1.6015   -7.2761
  QMMM:    68       68      H        1.3190   -0.1730   -8.2474

           --------- Calculation Completed ----------

