
          -------------------------------------------------------
          Amber 16 SANDER                              2016
          -------------------------------------------------------

| Run on 08/12/2016 at 19:24:28

|   Executable path: sander
| Working directory: /net/roos/home4/zuckerman/spiriti/estrogen-receptor2/ligands5/kn1
|          Hostname: n000.dcb.private.net

  [-O]verwriting output

File Assignments:
|  MDIN: ../amber.in                                                           
| MDOUT: amber.out                                                             
|INPCRD: kn1.inpcrd                                                            
|  PARM: kn1.prm7                                                              
|RESTRT: restrt                                                                
|  REFC: refc                                                                  
| MDVEL: mdvel                                                                 
| MDFRC: mdfrc                                                                 
|  MDEN: mden                                                                  
| MDCRD: mdcrd                                                                 
|MDINFO: mdinfo                                                                
|  MTMD: mtmd                                                                  
|INPDIP: inpdip                                                                
|RSTDIP: rstdip                                                                
|INPTRA: inptraj                                                               


 Here is the input file:

test file                                                                      
&cntrl                                                                         
imin=1, maxcyc=1,                                                              
ntpr=5, cut=99, igb=0, ntb=0                                                   
/                                                                              

--------------------------------------------------------------------------------
   1.  RESOURCE   USE: 
--------------------------------------------------------------------------------

| Flags:                                                                        
|    NONPERIODIC   ntb=0 and igb=0: Setting up nonperiodic simulation
|  *** cutoff > system size, list only builds once
|Largest sphere to fit in unit cell has radius =    31.468
| New format PARM file being parsed.
| Version =    1.000 Date = 07/06/16 Time = 23:58:27
 NATOM  =      37 NTYPES =       8 NBONH =      13 MBONA  =      26
 NTHETH =      24 MTHETA =      39 NPHIH =      46 MPHIA  =      60
 NHPARM =       0 NPARM  =       0 NNB   =     182 NRES   =       1
 NBONA  =      26 NTHETA =      39 NPHIA =      60 NUMBND =      15
 NUMANG =      23 NPTRA  =       9 NATYP =      11 NPHB   =       0
 IFBOX  =       0 NMXRS  =      37 IFCAP =       0 NEXTRA =       0
 NCOPY  =       0


|     Memory Use     Allocated
|     Real                7237
|     Hollerith            114
|     Integer            26289
|     Max Pairs            666
|     nblistReal           444
|     nblist Int        964655
|       Total             3933 kbytes

| Note: 1-4 EEL scale factors are being read from the topology file.

| Note: 1-4 VDW scale factors are being read from the topology file.
| Duplicated    0 dihedrals
| Duplicated    0 dihedrals

--------------------------------------------------------------------------------
   2.  CONTROL  DATA  FOR  THE  RUN
--------------------------------------------------------------------------------

default_name                                                                    

General flags:
     imin    =       1, nmropt  =       0

Nature and format of input:
     ntx     =       1, irest   =       0, ntrx    =       1

Nature and format of output:
     ntxo    =       2, ntpr    =       5, ntrx    =       1, ntwr    =       1
     iwrap   =       0, ntwx    =       0, ntwv    =       0, ntwe    =       0
     ioutfm  =       1, ntwprt  =       0, idecomp =       0, rbornstat=      0

Potential function:
     ntf     =       1, ntb     =       0, igb     =       0, nsnb    =      25
     ipol    =       0, gbsa    =       0, iesp    =       0
     dielc   =   1.00000, cut     =  99.00000, intdiel =   1.00000

Frozen or restrained atoms:
     ibelly  =       0, ntr     =       0

Energy minimization:
     maxcyc  =       1, ncyc    =      10, ntmin   =       1
     dx0     =   0.01000, drms    =   0.00010
|  INFO: Old style inpcrd file read


--------------------------------------------------------------------------------
   3.  ATOMIC COORDINATES AND VELOCITIES
--------------------------------------------------------------------------------

default_name                                                                    
 begin time read from input coords =     0.000 ps

 Number of triangulated 3-point waters found:        0

     Sum of charges from parm topology file =  -0.00099900
     Forcing neutrality...

--------------------------------------------------------------------------------
   4.  RESULTS
--------------------------------------------------------------------------------

 ---------------------------------------------------

     eedmeth=4: Setting switch to one everywhere

 ---------------------------------------------------
| Local SIZE OF NONBOND LIST =        485
| TOTAL SIZE OF NONBOND LIST =        485


   NSTEP       ENERGY          RMS            GMAX         NAME    NUMBER
      1       4.0236E+01     2.5103E+01     7.6341E+01     HANA       10

 BOND    =       16.5422  ANGLE   =       32.4781  DIHED      =        2.9855
 VDWAALS =       24.2744  EEL     =       66.0662  HBOND      =        0.0000
 1-4 VDW =       11.4402  1-4 EEL =     -113.5501  RESTRAINT  =        0.0000


  Maximum number of minimization cycles reached.


                    FINAL RESULTS



   NSTEP       ENERGY          RMS            GMAX         NAME    NUMBER
      1       4.0236E+01     2.5103E+01     7.6341E+01     HANA       10

 BOND    =       16.5422  ANGLE   =       32.4781  DIHED      =        2.9855
 VDWAALS =       24.2744  EEL     =       66.0662  HBOND      =        0.0000
 1-4 VDW =       11.4402  1-4 EEL =     -113.5501  RESTRAINT  =        0.0000

--------------------------------------------------------------------------------
   5.  TIMINGS
--------------------------------------------------------------------------------

|    Read coords time           0.00 ( 0.35% of Total)
|                Build the list             0.00 (95.77% of List )
|                Other                      0.00 ( 4.23% of List )
|             List time                  0.00 (71.04% of Nonbo)
|                   Short_ene time             0.00 (97.17% of Direc)
|                   Other                      0.00 ( 2.83% of Direc)
|                Direct Ewald time          0.00 (90.45% of Ewald)
|                Force Adjust               0.00 ( 0.30% of Ewald)
|                Virial junk                0.00 ( 1.59% of Ewald)
|                Start synchronizatio       0.00 ( 0.63% of Ewald)
|                Other                      0.00 ( 7.02% of Ewald)
|             Ewald time                 0.00 (28.60% of Nonbo)
|             Other                      0.00 ( 0.36% of Nonbo)
|          Nonbond force              0.00 (83.88% of Force)
|          Bond/Angle/Dihedral        0.00 (14.59% of Force)
|          Other                      0.00 ( 1.53% of Force)
|       Force time                 0.00 (100.0% of Runmd)
|    Runmd Time                 0.00 ( 0.22% of Total)
|    Other                      0.60 (99.43% of Total)
| Total time                 0.60 (99.89% of ALL  )

| Number of list builds   :          1

| Highest rstack allocated:        145
| Highest istack allocated:         29
|           Job began  at 19:24:28.373  on 08/12/2016
|           Setup done at 19:24:28.499  on 08/12/2016
|           Run   done at 19:24:28.975  on 08/12/2016
|     wallclock() was called      58 times
