            --------------------------------------------------------
                             AMBER SQM VERSION 14
 
                                     By
              Ross C. Walker, Michael F. Crowley, Scott Brozell,
                         Tim Giese, Andreas W. Goetz,
                        Tai-Sung Lee and David A. Case
 
            --------------------------------------------------------
 

--------------------------------------------------------------------------------
  QM CALCULATION INFO
--------------------------------------------------------------------------------

| QMMM: Citation for AMBER QMMM Run:
| QMMM: R.C. Walker, M.F. Crowley and D.A. Case, J. COMP. CHEM. 29:1019, 2008

QMMM: SINGLET STATE CALCULATION
QMMM: RHF CALCULATION, NO. OF DOUBLY OCCUPIED LEVELS = 62

| QMMM: *** Selected Hamiltonian *** 
| QMMM: AM1         

| QMMM: *** Parameter sets in use ***
| QMMM: C : M.J.S.DEWAR et al. JACS, 107, 3902, (1985)
| QMMM: N : M.J.S.DEWAR et al. JACS, 107, 3902, (1985)
| QMMM: F : M.J.S.DEWAR et al. THEOCHEM, 180, 1, (1988)
| QMMM: O : M.J.S.DEWAR et al. JACS, 107, 3902, (1985)
| QMMM: H : M.J.S.DEWAR et al. JACS, 107, 3902, (1985)

| QMMM: *** SCF convergence criteria ***
| QMMM: Energy change                :  0.1D-09 kcal/mol
| QMMM: Error matrix |FP-PF|         :  0.1D+00 au
| QMMM: Density matrix change        :  0.5D-06
| QMMM: Maximum number of SCF cycles :     1000

| QMMM: *** Diagonalization Routine Information ***
| QMMM: Pseudo diagonalizations are allowed.
| QMMM: Auto diagonalization routine selection is in use.
| QMMM:
| QMMM: Timing diagonalization routines:
| QMMM:                              norbs =      109
| QMMM:    diag iterations used for timing =       10
| QMMM:
| QMMM:              Internal diag routine = 0.047374 seconds
| QMMM:                 Dspev diag routine = 0.081266 seconds
| QMMM:                Dspevd diag routine = 0.053631 seconds
| QMMM:                Dspevx diag routine = 0.175352 seconds
| QMMM:                 Dsyev diag routine = 0.088112 seconds
| QMMM:                Dsyevd diag routine = 0.063086 seconds
| QMMM:                Dsyevr diag routine = 0.056897 seconds
| QMMM:
| QMMM:                Pseudo diag routine = 0.025407 seconds
| QMMM:
| QMMM: Using internal diagonalization routine (diag_routine=1).

  QMMM: QM Region Cartesian Coordinates (*=link atom) 
  QMMM: QM_NO.   MM_NO.  ATOM         X         Y         Z
  QMMM:     1        1      C        2.2860    4.0280   -0.2620
  QMMM:     2        2      C        2.3420    2.7240   -0.3700
  QMMM:     3        3      C        2.0770    1.8570    0.8350
  QMMM:     4        4      N        1.0170    0.8960    0.5210
  QMMM:     5        5      N       -0.3560    1.1530    0.5910
  QMMM:     6        6      C        1.2140   -0.3960    0.1050
  QMMM:     7        7      C        2.3500   -1.1660   -0.1380
  QMMM:     8        8      C        3.7210   -0.5730    0.0600
  QMMM:     9        9      F        3.8320    0.6040   -0.6880
  QMMM:    10       10      F        3.9130   -0.2840    1.4160
  QMMM:    11       11      F        4.6900   -1.4880   -0.3640
  QMMM:    12       12      C        2.2170   -2.4600   -0.5550
  QMMM:    13       13      C        0.9600   -3.0220   -0.7420
  QMMM:    14       14      C       -0.1690   -2.2900   -0.5110
  QMMM:    15       15      C       -0.0590   -0.9650   -0.0830
  QMMM:    16       16      C       -1.0310    0.0840    0.2460
  QMMM:    17       17      C       -2.5060   -0.0420    0.1930
  QMMM:    18       18      C       -3.1340   -1.1500    0.7590
  QMMM:    19       19      C       -4.5070   -1.2650    0.7090
  QMMM:    20       20      C       -5.2680   -0.2790    0.0940
  QMMM:    21       21      O       -6.6210   -0.3980    0.0470
  QMMM:    22       22      C       -4.6510    0.8270   -0.4720
  QMMM:    23       23      C       -3.2730    0.9540   -0.4210
  QMMM:    24       24      O       -2.6680    2.0390   -0.9690
  QMMM:    25       25      H        2.4670    4.6220   -1.0860
  QMMM:    26       26      H        2.0610    4.4610    0.6470
  QMMM:    27       27      H        2.5670    2.2900   -1.2790
  QMMM:    28       28      H        1.7700    2.4710    1.6560
  QMMM:    29       29      H        2.9700    1.3300    1.0990
  QMMM:    30       30      H        3.0600   -3.0270   -0.7330
  QMMM:    31       31      H        0.8790   -4.0010   -1.0580
  QMMM:    32       32      H       -1.0990   -2.7140   -0.6520
  QMMM:    33       33      H       -2.5710   -1.8850    1.2160
  QMMM:    34       34      H       -4.9700   -2.0860    1.1300
  QMMM:    35       35      H       -7.0390   -1.1440    0.4290
  QMMM:    36       36      H       -5.2190    1.5560   -0.9310
  QMMM:    37       37      H       -1.7350    2.1230   -0.9340

--------------------------------------------------------------------------------
  RESULTS
--------------------------------------------------------------------------------

      iter         sqm energy              rms gradient
      ----    -------------------    -----------------------
xmin    10     -108.3430 kcal/mol        0.5148 kcal/(mol*A)
xmin    20     -108.4747 kcal/mol        0.3528 kcal/(mol*A)
xmin    30     -108.5239 kcal/mol        0.2413 kcal/(mol*A)
xmin    40     -108.5651 kcal/mol        0.4184 kcal/(mol*A)
xmin    50     -108.6065 kcal/mol        0.2392 kcal/(mol*A)
xmin    60     -108.6194 kcal/mol        0.0721 kcal/(mol*A)
xmin    70     -108.6234 kcal/mol        0.0633 kcal/(mol*A)
xmin    80     -108.6254 kcal/mol        0.0651 kcal/(mol*A)
xmin    90     -108.6265 kcal/mol        0.0162 kcal/(mol*A)
xmin   100     -108.6269 kcal/mol        0.0062 kcal/(mol*A)
xmin   110     -108.6270 kcal/mol        0.0087 kcal/(mol*A)
xmin   120     -108.6270 kcal/mol        0.0032 kcal/(mol*A)
  ... geometry converged !
 
 Final MO eigenvalues (eV):
 -52.1176  -48.6848  -48.6832  -42.2998  -40.7424  -39.0913  -38.5223  -36.9468
 -35.8665  -33.8447  -32.1799  -31.1779  -31.0402  -30.1325  -27.4362  -26.5962
 -24.4938  -24.0106  -23.6286  -23.2200  -21.5970  -21.1125  -19.8564  -19.5639
 -19.5013  -19.3087  -18.8141  -18.1839  -17.3492  -16.8628  -16.6607  -16.4838
 -16.2437  -16.0432  -15.7968  -15.6847  -15.5370  -15.4205  -15.1975  -14.8421
 -14.6997  -14.6122  -14.5762  -14.5293  -14.4663  -14.2175  -14.1092  -13.5906
 -13.4047  -13.2695  -13.0633  -12.6378  -12.5048  -12.4530  -12.1774  -11.9458
 -11.3350  -10.7583   -9.9877   -9.6963   -9.5178   -8.8757   -0.8280   -0.1851
  -0.0332    0.2490    0.6166    1.0524    1.4489    1.5156    2.0966    2.4854
   2.5138    2.7487    2.9493    3.0260    3.2302    3.2518    3.3642    3.4172
   3.4737    3.4813    3.5612    3.6919    3.7216    3.7849    3.8960    3.9441
   4.0443    4.1129    4.1401    4.2231    4.3526    4.5940    4.6108    4.7228
   4.7722    4.9129    4.9595    5.0292    5.1561    5.1742    5.2643    5.3641
   5.4046    5.5501    6.0642    6.2304    6.3675

 Heat of formation   =       -108.62699134 kcal/mol  (       -4.71041981 eV)

 Total SCF energy    =    -112154.60285110 kcal/mol  (    -4863.38852830 eV)
 Electronic energy   =    -716746.65708508 kcal/mol  (   -31080.46732948 eV)
 Core-core repulsion =     604592.05423398 kcal/mol  (    26217.07880118 eV)
 
    Atomic Charges for Step       1 :
  Atom    Element       Mulliken Charge
     1      C                 -0.180
     2      C                 -0.206
     3      C                  0.015
     4      N                 -0.136
     5      N                 -0.042
     6      C                  0.046
     7      C                 -0.177
     8      C                  0.472
     9      F                 -0.169
    10      F                 -0.165
    11      F                 -0.165
    12      C                 -0.050
    13      C                 -0.171
    14      C                 -0.030
    15      C                 -0.132
    16      C                 -0.046
    17      C                 -0.139
    18      C                 -0.039
    19      C                 -0.253
    20      C                  0.123
    21      O                 -0.245
    22      C                 -0.198
    23      C                  0.153
    24      O                 -0.244
    25      H                  0.120
    26      H                  0.119
    27      H                  0.138
    28      H                  0.122
    29      H                  0.120
    30      H                  0.154
    31      H                  0.146
    32      H                  0.151
    33      H                  0.140
    34      H                  0.138
    35      H                  0.222
    36      H                  0.171
    37      H                  0.236
 Total Mulliken Charge =      -0.000
 
                  X        Y        Z     TOTAL  
  QM DIPOLE    -0.491   -2.325   -0.445    2.418
 
 Final Structure

  QMMM: QM Region Cartesian Coordinates (*=link atom) 
  QMMM: QM_NO.   MM_NO.  ATOM         X         Y         Z
  QMMM:     1        1      C        1.8760    3.9908   -0.5002
  QMMM:     2        2      C        2.2671    2.7265   -0.3686
  QMMM:     3        3      C        2.0355    1.9274    0.8756
  QMMM:     4        4      N        1.0542    0.8561    0.7320
  QMMM:     5        5      N       -0.2643    1.1598    0.7445
  QMMM:     6        6      C        1.2688   -0.4164    0.1550
  QMMM:     7        7      C        2.3948   -1.2248   -0.0822
  QMMM:     8        8      C        3.8191   -0.8074    0.2492
  QMMM:     9        9      F        4.2787    0.2842   -0.4496
  QMMM:    10       10      F        4.0304   -0.4796    1.5678
  QMMM:    11       11      F        4.7728   -1.7667    0.0026
  QMMM:    12       12      C        2.1934   -2.4879   -0.6390
  QMMM:    13       13      C        0.9169   -2.9753   -0.9465
  QMMM:    14       14      C       -0.2148   -2.2102   -0.6942
  QMMM:    15       15      C       -0.0486   -0.9448   -0.1474
  QMMM:    16       16      C       -0.9710    0.1165    0.2575
  QMMM:    17       17      C       -2.4202    0.0281    0.1991
  QMMM:    18       18      C       -3.0447   -1.1085    0.7358
  QMMM:    19       19      C       -4.4243   -1.2502    0.7171
  QMMM:    20       20      C       -5.2104   -0.2322    0.1482
  QMMM:    21       21      O       -6.5816   -0.3036    0.0952
  QMMM:    22       22      C       -4.6258    0.9123   -0.4010
  QMMM:    23       23      C       -3.2257    1.0367   -0.3695
  QMMM:    24       24      O       -2.7439    2.1864   -0.9382
  QMMM:    25       25      H        2.0887    4.5750   -1.4061
  QMMM:    26       26      H        1.3239    4.5310    0.2814
  QMMM:    27       27      H        2.8171    2.1988   -1.1659
  QMMM:    28       28      H        1.6819    2.5995    1.7122
  QMMM:    29       29      H        3.0047    1.4514    1.1989
  QMMM:    30       30      H        3.0687   -3.1292   -0.8428
  QMMM:    31       31      H        0.8180   -3.9782   -1.3877
  QMMM:    32       32      H       -1.2242   -2.5892   -0.9171
  QMMM:    33       33      H       -2.4206   -1.8977    1.1852
  QMMM:    34       34      H       -4.8996   -2.1428    1.1457
  QMMM:    35       35      H       -6.8547   -1.1298    0.5208
  QMMM:    36       36      H       -5.2428    1.7044   -0.8467
  QMMM:    37       37      H       -1.7764    2.1735   -0.9160

           --------- Calculation Completed ----------

