
          -------------------------------------------------------
          Amber 16 SANDER                              2016
          -------------------------------------------------------

| Run on 08/12/2016 at 19:23:33

|   Executable path: sander
| Working directory: /net/roos/home4/zuckerman/spiriti/estrogen-receptor2/ligands5/1gj
|          Hostname: n000.dcb.private.net

  [-O]verwriting output

File Assignments:
|  MDIN: ../amber.in                                                           
| MDOUT: amber.out                                                             
|INPCRD: 1gj.inpcrd                                                            
|  PARM: 1gj.prm7                                                              
|RESTRT: restrt                                                                
|  REFC: refc                                                                  
| MDVEL: mdvel                                                                 
| MDFRC: mdfrc                                                                 
|  MDEN: mden                                                                  
| MDCRD: mdcrd                                                                 
|MDINFO: mdinfo                                                                
|  MTMD: mtmd                                                                  
|INPDIP: inpdip                                                                
|RSTDIP: rstdip                                                                
|INPTRA: inptraj                                                               


 Here is the input file:

test file                                                                      
&cntrl                                                                         
imin=1, maxcyc=1,                                                              
ntpr=5, cut=99, igb=0, ntb=0                                                   
/                                                                              

--------------------------------------------------------------------------------
   1.  RESOURCE   USE: 
--------------------------------------------------------------------------------

| Flags:                                                                        
|    NONPERIODIC   ntb=0 and igb=0: Setting up nonperiodic simulation
|  *** cutoff > system size, list only builds once
|Largest sphere to fit in unit cell has radius =    32.135
| New format PARM file being parsed.
| Version =    1.000 Date = 07/06/16 Time = 20:32:02
 NATOM  =      43 NTYPES =       8 NBONH =      15 MBONA  =      31
 NTHETH =      29 MTHETA =      46 NPHIH =      60 MPHIA  =      70
 NHPARM =       0 NPARM  =       0 NNB   =     218 NRES   =       1
 NBONA  =      31 NTHETA =      46 NPHIA =      70 NUMBND =      12
 NUMANG =      19 NPTRA  =       7 NATYP =      10 NPHB   =       0
 IFBOX  =       0 NMXRS  =      43 IFCAP =       0 NEXTRA =       0
 NCOPY  =       0


|     Memory Use     Allocated
|     Real                7710
|     Hollerith            132
|     Integer            27626
|     Max Pairs            903
|     nblistReal           516
|     nblist Int       1059059
|       Total             4313 kbytes

| Note: 1-4 EEL scale factors are being read from the topology file.

| Note: 1-4 VDW scale factors are being read from the topology file.
| Duplicated    0 dihedrals
| Duplicated    0 dihedrals

--------------------------------------------------------------------------------
   2.  CONTROL  DATA  FOR  THE  RUN
--------------------------------------------------------------------------------

default_name                                                                    

General flags:
     imin    =       1, nmropt  =       0

Nature and format of input:
     ntx     =       1, irest   =       0, ntrx    =       1

Nature and format of output:
     ntxo    =       2, ntpr    =       5, ntrx    =       1, ntwr    =       1
     iwrap   =       0, ntwx    =       0, ntwv    =       0, ntwe    =       0
     ioutfm  =       1, ntwprt  =       0, idecomp =       0, rbornstat=      0

Potential function:
     ntf     =       1, ntb     =       0, igb     =       0, nsnb    =      25
     ipol    =       0, gbsa    =       0, iesp    =       0
     dielc   =   1.00000, cut     =  99.00000, intdiel =   1.00000

Frozen or restrained atoms:
     ibelly  =       0, ntr     =       0

Energy minimization:
     maxcyc  =       1, ncyc    =      10, ntmin   =       1
     dx0     =   0.01000, drms    =   0.00010
|  INFO: Old style inpcrd file read


--------------------------------------------------------------------------------
   3.  ATOMIC COORDINATES AND VELOCITIES
--------------------------------------------------------------------------------

default_name                                                                    
 begin time read from input coords =     0.000 ps

 Number of triangulated 3-point waters found:        0

     Sum of charges from parm topology file =  -0.00299900
     Forcing neutrality...

--------------------------------------------------------------------------------
   4.  RESULTS
--------------------------------------------------------------------------------

 ---------------------------------------------------

     eedmeth=4: Setting switch to one everywhere

 ---------------------------------------------------
| Local SIZE OF NONBOND LIST =        686
| TOTAL SIZE OF NONBOND LIST =        686


   NSTEP       ENERGY          RMS            GMAX         NAME    NUMBER
      1       3.0215E+01     2.5971E+01     1.0860E+02     C16        27

 BOND    =       23.6844  ANGLE   =       32.7465  DIHED      =        5.6116
 VDWAALS =       -2.8281  EEL     =       50.5842  HBOND      =        0.0000
 1-4 VDW =       15.1089  1-4 EEL =      -94.6930  RESTRAINT  =        0.0000


  Maximum number of minimization cycles reached.


                    FINAL RESULTS



   NSTEP       ENERGY          RMS            GMAX         NAME    NUMBER
      1       3.0215E+01     2.5971E+01     1.0860E+02     C16        27

 BOND    =       23.6844  ANGLE   =       32.7465  DIHED      =        5.6116
 VDWAALS =       -2.8281  EEL     =       50.5842  HBOND      =        0.0000
 1-4 VDW =       15.1089  1-4 EEL =      -94.6930  RESTRAINT  =        0.0000

--------------------------------------------------------------------------------
   5.  TIMINGS
--------------------------------------------------------------------------------

|    Read coords time           0.00 ( 0.33% of Total)
|                Build the list             0.00 (96.15% of List )
|                Other                      0.00 ( 3.85% of List )
|             List time                  0.00 (74.14% of Nonbo)
|                   Short_ene time             0.00 (97.10% of Direc)
|                   Other                      0.00 ( 2.90% of Direc)
|                Direct Ewald time          0.00 (88.80% of Ewald)
|                Force Adjust               0.00 ( 0.32% of Ewald)
|                Virial junk                0.00 ( 1.60% of Ewald)
|                Start synchronizatio       0.00 ( 0.65% of Ewald)
|                Other                      0.00 ( 8.62% of Ewald)
|             Ewald time                 0.00 (25.45% of Nonbo)
|             IPS excludes               0.00 ( 0.08% of Nonbo)
|             Other                      0.00 ( 0.33% of Nonbo)
|          Nonbond force              0.00 (83.23% of Force)
|          Bond/Angle/Dihedral        0.00 (15.07% of Force)
|          Other                      0.00 ( 1.70% of Force)
|       Force time                 0.00 (100.0% of Runmd)
|    Runmd Time                 0.00 ( 0.25% of Total)
|    Other                      0.58 (99.41% of Total)
| Total time                 0.58 (99.88% of ALL  )

| Number of list builds   :          1

| Highest rstack allocated:        175
| Highest istack allocated:         35
|           Job began  at 19:23:33.803  on 08/12/2016
|           Setup done at 19:23:33.942  on 08/12/2016
|           Run   done at 19:23:34.388  on 08/12/2016
|     wallclock() was called      58 times
