            --------------------------------------------------------
                             AMBER SQM VERSION 14
 
                                     By
              Ross C. Walker, Michael F. Crowley, Scott Brozell,
                         Tim Giese, Andreas W. Goetz,
                        Tai-Sung Lee and David A. Case
 
            --------------------------------------------------------
 

--------------------------------------------------------------------------------
  QM CALCULATION INFO
--------------------------------------------------------------------------------

| QMMM: Citation for AMBER QMMM Run:
| QMMM: R.C. Walker, M.F. Crowley and D.A. Case, J. COMP. CHEM. 29:1019, 2008

QMMM: SINGLET STATE CALCULATION
QMMM: RHF CALCULATION, NO. OF DOUBLY OCCUPIED LEVELS = 71

| QMMM: *** Selected Hamiltonian *** 
| QMMM: AM1         

| QMMM: *** Parameter sets in use ***
| QMMM: O : M.J.S.DEWAR et al. JACS, 107, 3902, (1985)
| QMMM: C : M.J.S.DEWAR et al. JACS, 107, 3902, (1985)
| QMMM: F : M.J.S.DEWAR et al. THEOCHEM, 180, 1, (1988)
| QMMM: N : M.J.S.DEWAR et al. JACS, 107, 3902, (1985)
| QMMM: H : M.J.S.DEWAR et al. JACS, 107, 3902, (1985)

| QMMM: *** SCF convergence criteria ***
| QMMM: Energy change                :  0.1D-09 kcal/mol
| QMMM: Error matrix |FP-PF|         :  0.1D+00 au
| QMMM: Density matrix change        :  0.5D-06
| QMMM: Maximum number of SCF cycles :     1000

| QMMM: *** Diagonalization Routine Information ***
| QMMM: Pseudo diagonalizations are allowed.
| QMMM: Auto diagonalization routine selection is in use.
| QMMM:
| QMMM: Timing diagonalization routines:
| QMMM:                              norbs =      127
| QMMM:    diag iterations used for timing =       10
| QMMM:
| QMMM:              Internal diag routine = 0.071694 seconds
| QMMM:                 Dspev diag routine = 0.120710 seconds
| QMMM:                Dspevd diag routine = 0.078244 seconds
| QMMM:                Dspevx diag routine = 0.252647 seconds
| QMMM:                 Dsyev diag routine = 0.127847 seconds
| QMMM:                Dsyevd diag routine = 0.091304 seconds
| QMMM:                Dsyevr diag routine = 0.082372 seconds
| QMMM:
| QMMM:                Pseudo diag routine = 0.040085 seconds
| QMMM:
| QMMM: Using internal diagonalization routine (diag_routine=1).

  QMMM: QM Region Cartesian Coordinates (*=link atom) 
  QMMM: QM_NO.   MM_NO.  ATOM         X         Y         Z
  QMMM:     1        1      O        5.5890   -2.6210    0.0980
  QMMM:     2        2      C        4.3140   -2.1580    0.1660
  QMMM:     3        3      C        3.4990   -2.5280    1.2290
  QMMM:     4        4      C        2.2040   -2.0630    1.3040
  QMMM:     5        5      C        1.7080   -1.2150    0.3100
  QMMM:     6        6      C        0.3230   -0.7150    0.3880
  QMMM:     7        7      C       -0.8090   -1.3320   -0.1490
  QMMM:     8        8      C       -1.0430   -2.5120   -0.8760
  QMMM:     9        9      C       -2.3090   -2.8260   -1.2570
  QMMM:    10       10      C       -3.3930   -2.0030   -0.9450
  QMMM:    11       11      C       -3.2370   -0.8500   -0.2460
  QMMM:    12       12      C       -4.4320    0.0110    0.0720
  QMMM:    13       13      F       -5.5860   -0.5800   -0.4530
  QMMM:    14       14      F       -4.5610    0.1350    1.4600
  QMMM:    15       15      F       -4.2580    1.2780   -0.4950
  QMMM:    16       16      C       -1.9480   -0.4630    0.1810
  QMMM:    17       17      N       -1.4670    0.5650    0.8570
  QMMM:    18       18      N       -0.0820    0.4200    0.9950
  QMMM:    19       19      C        0.7970    1.3620    1.6920
  QMMM:    20       20      C        1.2910    2.4020    0.7200
  QMMM:    21       21      C        0.5740    3.5690    0.5320
  QMMM:    22       22      C        1.0260    4.5230   -0.3600
  QMMM:    23       23      C        2.1970    4.3100   -1.0650
  QMMM:    24       24      C        2.9140    3.1430   -0.8770
  QMMM:    25       25      C        2.4640    2.1920    0.0190
  QMMM:    26       26      C        2.5330   -0.8420   -0.7610
  QMMM:    27       27      O        2.0580   -0.0190   -1.7310
  QMMM:    28       28      C        3.8330   -1.3120   -0.8230
  QMMM:    29       29      H        6.1400   -2.3730   -0.6180
  QMMM:    30       30      H        3.8650   -3.1530    1.9640
  QMMM:    31       31      H        1.6010   -2.3410    2.0940
  QMMM:    32       32      H       -0.2580   -3.1360   -1.1190
  QMMM:    33       33      H       -2.4730   -3.6940   -1.7900
  QMMM:    34       34      H       -4.3380   -2.2790   -1.2540
  QMMM:    35       35      H        0.2540    1.8400    2.4800
  QMMM:    36       36      H        1.6320    0.8330    2.1030
  QMMM:    37       37      H       -0.2990    3.7280    1.0580
  QMMM:    38       38      H        0.4900    5.3940   -0.5000
  QMMM:    39       39      H        2.5350    5.0220   -1.7310
  QMMM:    40       40      H        3.7850    2.9820   -1.4060
  QMMM:    41       41      H        3.0040    1.3250    0.1650
  QMMM:    42       42      H        1.1770    0.2980   -1.6870
  QMMM:    43       43      H        4.4450   -1.0330   -1.6050

--------------------------------------------------------------------------------
  RESULTS
--------------------------------------------------------------------------------

      iter         sqm energy              rms gradient
      ----    -------------------    -----------------------
xmin    10      -96.6460 kcal/mol        0.7261 kcal/(mol*A)
xmin    20      -97.1870 kcal/mol        0.3944 kcal/(mol*A)
xmin    30      -97.3660 kcal/mol        0.1832 kcal/(mol*A)
xmin    40      -97.5233 kcal/mol        0.3802 kcal/(mol*A)
xmin    50      -97.5644 kcal/mol        0.1649 kcal/(mol*A)
xmin    60      -97.5883 kcal/mol        0.2336 kcal/(mol*A)
xmin    70      -97.6230 kcal/mol        0.0427 kcal/(mol*A)
xmin    80      -97.6291 kcal/mol        0.0949 kcal/(mol*A)
xmin    90      -97.6325 kcal/mol        0.0194 kcal/(mol*A)
xmin   100      -97.6337 kcal/mol        0.0140 kcal/(mol*A)
xmin   110      -97.6348 kcal/mol        0.0162 kcal/(mol*A)
xmin   120      -97.6352 kcal/mol        0.0087 kcal/(mol*A)
xmin   130      -97.6353 kcal/mol        0.0142 kcal/(mol*A)
xmin   140      -97.6353 kcal/mol        0.0036 kcal/(mol*A)
xmin   150      -97.6354 kcal/mol        0.0043 kcal/(mol*A)
xmin   160      -97.6354 kcal/mol        0.0016 kcal/(mol*A)
  ... geometry converged !
 
 Final MO eigenvalues (eV):
 -51.5778  -48.2128  -48.1568  -42.5120  -40.9535  -39.8076  -39.3028  -38.4027
 -37.0447  -34.4270  -33.8767  -32.1314  -31.6953  -31.2885  -31.1817  -29.1045
 -27.7013  -26.4904  -24.6903  -24.0318  -23.6893  -23.5587  -23.1134  -22.1310
 -21.1764  -20.2780  -19.1292  -19.0977  -19.0449  -18.4778  -18.0737  -17.9037
 -17.8335  -17.4687  -16.7501  -16.6760  -16.1137  -15.9512  -15.8921  -15.7314
 -15.4149  -15.3049  -15.0540  -14.9828  -14.8987  -14.8696  -14.5377  -14.4334
 -14.3337  -14.3052  -14.0360  -14.0277  -13.9670  -13.7652  -13.5181  -13.4196
 -13.1056  -12.9661  -12.7815  -12.6477  -12.4915  -12.2230  -12.0793  -11.7339
 -11.2557  -10.0101   -9.9299   -9.8937   -9.8046   -9.5400   -8.7715   -0.9312
  -0.2824   -0.0200    0.0181    0.3149    0.3854    0.9041    1.2274    1.9353
   2.2133    2.3464    2.3580    2.6357    2.7615    2.7959    3.0611    3.2642
   3.2939    3.3771    3.4120    3.5784    3.5963    3.6734    3.7145    3.7884
   3.8226    3.8660    3.8772    3.8952    3.9506    3.9961    4.0627    4.1846
   4.2003    4.2609    4.3243    4.4068    4.5116    4.5852    4.7127    4.7662
   4.8754    4.8999    4.9689    5.0108    5.1591    5.1908    5.2759    5.3045
   5.4352    5.4552    5.5171    5.7924    5.8233    5.9224    6.4139

 Heat of formation   =        -97.63542623 kcal/mol  (       -4.23378978 eV)

 Total SCF energy    =    -124601.53339383 kcal/mol  (    -5403.12793868 eV)
 Electronic energy   =    -877998.63259288 kcal/mol  (   -38072.87769797 eV)
 Core-core repulsion =     753397.09919905 kcal/mol  (    32669.74975929 eV)
 
    Atomic Charges for Step       1 :
  Atom    Element       Mulliken Charge
     1      O                 -0.243
     2      C                  0.128
     3      C                 -0.196
     4      C                 -0.047
     5      C                 -0.159
     6      C                 -0.033
     7      C                 -0.141
     8      C                 -0.048
     9      C                 -0.161
    10      C                 -0.054
    11      C                 -0.130
    12      C                  0.476
    13      F                 -0.175
    14      F                 -0.160
    15      F                 -0.161
    16      C                 -0.055
    17      N                 -0.076
    18      N                 -0.042
    19      C                  0.024
    20      C                 -0.120
    21      C                 -0.094
    22      C                 -0.133
    23      C                 -0.113
    24      C                 -0.135
    25      C                 -0.109
    26      C                  0.153
    27      O                 -0.246
    28      C                 -0.257
    29      H                  0.225
    30      H                  0.158
    31      H                  0.144
    32      H                  0.144
    33      H                  0.142
    34      H                  0.152
    35      H                  0.126
    36      H                  0.118
    37      H                  0.155
    38      H                  0.139
    39      H                  0.135
    40      H                  0.135
    41      H                  0.134
    42      H                  0.239
    43      H                  0.158
 Total Mulliken Charge =      -0.000
 
                  X        Y        Z     TOTAL  
  QM DIPOLE     4.620   -1.061   -0.787    4.805
 
 Final Structure

  QMMM: QM Region Cartesian Coordinates (*=link atom) 
  QMMM: QM_NO.   MM_NO.  ATOM         X         Y         Z
  QMMM:     1        1      O        5.6381   -3.0054    0.2688
  QMMM:     2        2      C        4.3756   -2.4712    0.2049
  QMMM:     3        3      C        3.7092   -2.2939    1.4335
  QMMM:     4        4      C        2.4325   -1.7546    1.4348
  QMMM:     5        5      C        1.7964   -1.3811    0.2399
  QMMM:     6        6      C        0.4504   -0.8436    0.2636
  QMMM:     7        7      C       -0.7369   -1.4054   -0.2826
  QMMM:     8        8      C       -1.0563   -2.5765   -0.9988
  QMMM:     9        9      C       -2.3623   -2.7948   -1.3579
  QMMM:    10       10      C       -3.3931   -1.8711   -1.0225
  QMMM:    11       11      C       -3.1278   -0.7207   -0.3239
  QMMM:    12       12      C       -4.2213    0.2715    0.0405
  QMMM:    13       13      F       -5.4793   -0.0800   -0.3928
  QMMM:    14       14      F       -4.3826    0.4712    1.3895
  QMMM:    15       15      F       -4.0390    1.5330   -0.4712
  QMMM:    16       16      C       -1.7873   -0.4513    0.0709
  QMMM:    17       17      N       -1.2491    0.5996    0.7737
  QMMM:    18       18      N        0.0589    0.3514    0.8820
  QMMM:    19       19      C        0.9770    1.2877    1.5328
  QMMM:    20       20      C        1.2589    2.5204    0.7290
  QMMM:    21       21      C        0.2678    3.4928    0.5596
  QMMM:    22       22      C        0.5492    4.6549   -0.1579
  QMMM:    23       23      C        1.8172    4.8507   -0.7053
  QMMM:    24       24      C        2.8061    3.8812   -0.5373
  QMMM:    25       25      C        2.5283    2.7155    0.1753
  QMMM:    26       26      C        2.4768   -1.5752   -0.9796
  QMMM:    27       27      O        1.9481   -1.2584   -2.2033
  QMMM:    28       28      C        3.7725   -2.1187   -1.0048
  QMMM:    29       29      H        5.9796   -3.0858   -0.6348
  QMMM:    30       30      H        4.2076   -2.5895    2.3669
  QMMM:    31       31      H        1.8984   -1.6254    2.3900
  QMMM:    32       32      H       -0.2592   -3.2903   -1.2564
  QMMM:    33       33      H       -2.6427   -3.6998   -1.9176
  QMMM:    34       34      H       -4.4251   -2.0995   -1.3381
  QMMM:    35       35      H        0.5229    1.5889    2.5226
  QMMM:    36       36      H        1.9336    0.7227    1.7295
  QMMM:    37       37      H       -0.7355    3.3378    0.9874
  QMMM:    38       38      H       -0.2333    5.4164   -0.2927
  QMMM:    39       39      H        2.0372    5.7684   -1.2706
  QMMM:    40       40      H        3.8060    4.0331   -0.9696
  QMMM:    41       41      H        3.3106    1.9518    0.3012
  QMMM:    42       42      H        1.0478   -0.9159   -2.0723
  QMMM:    43       43      H        4.2831   -2.2569   -1.9674

           --------- Calculation Completed ----------

