
          -------------------------------------------------------
          Amber 16 SANDER                              2016
          -------------------------------------------------------

| Run on 08/12/2016 at 19:24:21

|   Executable path: sander
| Working directory: /net/roos/home4/zuckerman/spiriti/estrogen-receptor2/ligands5/iog
|          Hostname: n000.dcb.private.net

  [-O]verwriting output

File Assignments:
|  MDIN: ../amber.in                                                           
| MDOUT: amber.out                                                             
|INPCRD: iog.inpcrd                                                            
|  PARM: iog.prm7                                                              
|RESTRT: restrt                                                                
|  REFC: refc                                                                  
| MDVEL: mdvel                                                                 
| MDFRC: mdfrc                                                                 
|  MDEN: mden                                                                  
| MDCRD: mdcrd                                                                 
|MDINFO: mdinfo                                                                
|  MTMD: mtmd                                                                  
|INPDIP: inpdip                                                                
|RSTDIP: rstdip                                                                
|INPTRA: inptraj                                                               


 Here is the input file:

test file                                                                      
&cntrl                                                                         
imin=1, maxcyc=1,                                                              
ntpr=5, cut=99, igb=0, ntb=0                                                   
/                                                                              

--------------------------------------------------------------------------------
   1.  RESOURCE   USE: 
--------------------------------------------------------------------------------

| Flags:                                                                        
|    NONPERIODIC   ntb=0 and igb=0: Setting up nonperiodic simulation
|  *** cutoff > system size, list only builds once
|Largest sphere to fit in unit cell has radius =    34.567
| New format PARM file being parsed.
| Version =    1.000 Date = 07/06/16 Time = 23:31:31
 NATOM  =      79 NTYPES =      12 NBONH =      40 MBONA  =      43
 NTHETH =      91 MTHETA =      58 NPHIH =     171 MPHIA  =      96
 NHPARM =       0 NPARM  =       0 NNB   =     443 NRES   =       1
 NBONA  =      43 NTHETA =      58 NPHIA =      96 NUMBND =      25
 NUMANG =      45 NPTRA  =      26 NATYP =      17 NPHB   =       0
 IFBOX  =       0 NMXRS  =      79 IFCAP =       0 NEXTRA =       0
 NCOPY  =       0


|     Memory Use     Allocated
|     Real               10849
|     Hollerith            240
|     Integer            35478
|     Max Pairs           3081
|     nblistReal           948
|     nblist Int       1362639
|       Total             5566 kbytes

| Note: 1-4 EEL scale factors are being read from the topology file.

| Note: 1-4 VDW scale factors are being read from the topology file.
| Duplicated    0 dihedrals
| Duplicated    0 dihedrals

--------------------------------------------------------------------------------
   2.  CONTROL  DATA  FOR  THE  RUN
--------------------------------------------------------------------------------

default_name                                                                    

General flags:
     imin    =       1, nmropt  =       0

Nature and format of input:
     ntx     =       1, irest   =       0, ntrx    =       1

Nature and format of output:
     ntxo    =       2, ntpr    =       5, ntrx    =       1, ntwr    =       1
     iwrap   =       0, ntwx    =       0, ntwv    =       0, ntwe    =       0
     ioutfm  =       1, ntwprt  =       0, idecomp =       0, rbornstat=      0

Potential function:
     ntf     =       1, ntb     =       0, igb     =       0, nsnb    =      25
     ipol    =       0, gbsa    =       0, iesp    =       0
     dielc   =   1.00000, cut     =  99.00000, intdiel =   1.00000

Frozen or restrained atoms:
     ibelly  =       0, ntr     =       0

Energy minimization:
     maxcyc  =       1, ncyc    =      10, ntmin   =       1
     dx0     =   0.01000, drms    =   0.00010
|  INFO: Old style inpcrd file read


--------------------------------------------------------------------------------
   3.  ATOMIC COORDINATES AND VELOCITIES
--------------------------------------------------------------------------------

default_name                                                                    
 begin time read from input coords =     0.000 ps

 Number of triangulated 3-point waters found:        0

     Sum of charges from parm topology file =   1.00299900

--------------------------------------------------------------------------------
   4.  RESULTS
--------------------------------------------------------------------------------

 ---------------------------------------------------

     eedmeth=4: Setting switch to one everywhere

 ---------------------------------------------------
| Local SIZE OF NONBOND LIST =       2640
| TOTAL SIZE OF NONBOND LIST =       2640


   NSTEP       ENERGY          RMS            GMAX         NAME    NUMBER
      1       8.1902E+01     1.5794E+01     5.1883E+01     C24        33

 BOND    =       21.5871  ANGLE   =       28.2230  DIHED      =       14.9174
 VDWAALS =       -7.5909  EEL     =       63.6082  HBOND      =        0.0000
 1-4 VDW =       21.3397  1-4 EEL =      -60.1829  RESTRAINT  =        0.0000


  Maximum number of minimization cycles reached.


                    FINAL RESULTS



   NSTEP       ENERGY          RMS            GMAX         NAME    NUMBER
      1       8.1902E+01     1.5794E+01     5.1883E+01     C24        33

 BOND    =       21.5871  ANGLE   =       28.2230  DIHED      =       14.9174
 VDWAALS =       -7.5909  EEL     =       63.6082  HBOND      =        0.0000
 1-4 VDW =       21.3397  1-4 EEL =      -60.1829  RESTRAINT  =        0.0000

--------------------------------------------------------------------------------
   5.  TIMINGS
--------------------------------------------------------------------------------

|    Read coords time           0.00 ( 0.39% of Total)
|                Build the list             0.00 (96.25% of List )
|                Other                      0.00 ( 3.75% of List )
|             List time                  0.00 (68.97% of Nonbo)
|                   Short_ene time             0.00 (98.65% of Direc)
|                   Other                      0.00 ( 1.35% of Direc)
|                Direct Ewald time          0.00 (92.39% of Ewald)
|                Force Adjust               0.00 ( 0.15% of Ewald)
|                Virial junk                0.00 ( 0.63% of Ewald)
|                Start synchronizatio       0.00 ( 0.47% of Ewald)
|                Other                      0.00 ( 6.36% of Ewald)
|             Ewald time                 0.00 (30.79% of Nonbo)
|             Other                      0.00 ( 0.24% of Nonbo)
|          Nonbond force              0.00 (84.50% of Force)
|          Bond/Angle/Dihedral        0.00 (14.57% of Force)
|          Other                      0.00 ( 0.93% of Force)
|       Force time                 0.00 (100.0% of Runmd)
|    Runmd Time                 0.00 ( 0.40% of Total)
|    Other                      0.61 (99.21% of Total)
| Total time                 0.61 (99.89% of ALL  )

| Number of list builds   :          1

| Highest rstack allocated:        355
| Highest istack allocated:         71
|           Job began  at 19:24:21.514  on 08/12/2016
|           Setup done at 19:24:21.684  on 08/12/2016
|           Run   done at 19:24:22.128  on 08/12/2016
|     wallclock() was called      58 times
