log started: Wed Jul  6 23:31:31 2016

Log file: ./leap.log
>> #
>> # ----- leaprc for loading the general Amber Force field.
>> #       This file is mostly for use with Antechamber
>> #
>> #	load atom type hybridizations
>> #
>> addAtomTypes {
>> 	{ "h1"  "H" "sp3" }
>> 	{ "h2"  "H" "sp3" }
>> 	{ "h3"  "H" "sp3" }
>> 	{ "h4"  "H" "sp3" }
>> 	{ "h5"  "H" "sp3" }
>> 	{ "ha"  "H" "sp3" }
>> 	{ "hc"  "H" "sp3" }
>> 	{ "hn"  "H" "sp3" }
>> 	{ "ho"  "H" "sp3" }
>> 	{ "hp"  "H" "sp3" }
>> 	{ "hs"  "H" "sp3" }
>> 	{ "hw"  "H" "sp3" }
>> 	{ "hx"  "H" "sp3" }
>> 	{ "o"  "O" "sp2" }
>> 	{ "o2"  "O" "sp2" }
>> 	{ "oh"  "O" "sp3" }
>> 	{ "os"  "O" "sp3" }
>> 	{ "ow"  "O" "sp3" }
>> 	{ "c"  "C" "sp2" }
>> 	{ "c1"  "C" "sp2" }
>> 	{ "c2"  "C" "sp2" }
>> 	{ "c3"  "C" "sp3" }
>> 	{ "ca"  "C" "sp2" }
>> 	{ "cc"  "C" "sp2" }
>> 	{ "cd"  "C" "sp2" }
>> 	{ "ce"  "C" "sp2" }
>> 	{ "cf"  "C" "sp2" }
>> 	{ "cg"  "C" "sp2" }
>> 	{ "ch"  "C" "sp2" }
>> 	{ "cp"  "C" "sp2" }
>> 	{ "cq"  "C" "sp2" }
>> 	{ "cu"  "C" "sp2" }
>> 	{ "cv"  "C" "sp2" }
>> 	{ "cx"  "C" "sp2" }
>> 	{ "cy"  "C" "sp2" }
>> 	{ "cz"  "C" "sp2" }
>> 	{ "n"   "N" "sp2" }
>> 	{ "n1"  "N" "sp2" }
>> 	{ "n2"  "N" "sp2" }
>> 	{ "n3"  "N" "sp3" }
>> 	{ "n4"  "N" "sp3" }
>> 	{ "na"  "N" "sp2" }
>> 	{ "nb"  "N" "sp2" }
>> 	{ "nc"  "N" "sp2" }
>> 	{ "nd"  "N" "sp2" }
>> 	{ "ne"  "N" "sp2" }
>> 	{ "nf"  "N" "sp2" }
>> 	{ "nh"  "N" "sp2" }
>> 	{ "no"  "N" "sp2" }
>> 	{ "s"   "S" "sp2" }
>> 	{ "s2"   "S" "sp2" }
>> 	{ "s3"   "S" "sp3" }
>> 	{ "s4"   "S" "sp3" }
>> 	{ "s6"   "S" "sp3" }
>> 	{ "sh"   "S" "sp3" }
>> 	{ "ss"   "S" "sp3" }
>> 	{ "sx"   "S" "sp3" }
>> 	{ "sy"   "S" "sp3" }
>> 	{ "p2"   "P" "sp2" }
>> 	{ "p3"   "P" "sp3" }
>> 	{ "p4"   "P" "sp3" }
>> 	{ "p5"   "P" "sp3" }
>> 	{ "pb"   "P" "sp3" }
>> 	{ "pc"   "P" "sp3" }
>> 	{ "pd"   "P" "sp3" }
>> 	{ "pe"   "P" "sp3" }
>> 	{ "pf"   "P" "sp3" }
>> 	{ "px"   "P" "sp3" }
>> 	{ "py"   "P" "sp3" }
>> 	{ "f"   "F" "sp3" }
>> 	{ "cl"  "Cl" "sp3" }
>> 	{ "br"  "Br" "sp3" }
>> 	{ "i"   "I"  "sp3" }
>> }
>> #
>> #	Load the general force field parameter set.
>> #
>> gaff = loadamberparams gaff.dat
Loading parameters: /opt/amber16/dat/leap/parm/gaff.dat
Reading title:
AMBER General Force Field for organic molecules (Version 1.8, Mar 2015)
> 
> loadamberparams gaff.dat
Loading parameters: /opt/amber16/dat/leap/parm/gaff.dat
Reading title:
AMBER General Force Field for organic molecules (Version 1.8, Mar 2015)
> loadamberparams iog.frcmod
Loading parameters: ./iog.frcmod
Reading force field modification type file (frcmod)
Reading title:
Remark line goes here
> loadamberprep iog.prepi
Loading Prep file: ./iog.prepi
Loaded UNIT: IOG
> lig = loadpdb iog.pdb
Loading PDB file: ./iog.pdb
Enter zPdbReadScan from call depth  0.
Exit  zPdbReadScan from call depth  0.
Matching PDB residue names to LEaP variables.
(Residue 0: IOG, Terminal/last, was not found in name map.)
  total atoms in file: 79
> saveamberparm lig iog.prm7 iog.inpcrd
Checking Unit.
WARNING: The unperturbed charge of the unit: 1.002999 is not zero.

 -- ignoring the warning.

Building topology.
Building atom parameters.
Building bond parameters.
Building angle parameters.
Building proper torsion parameters.
Building improper torsion parameters.
old PREP-specified impropers:
 <IOG 1>:  C3   C6   C4   O5  
 <IOG 1>:  C4   C7   C6   H6  
 <IOG 1>:  C1   C6   C7   H7  
 <IOG 1>:  C2   C4   C3   H3  
 <IOG 1>:  C3   C1   C2   H2  
 <IOG 1>:  C8   C2   C1   C7  
 <IOG 1>:  C13  C10  N12  HN12
 <IOG 1>:  C15  N12  C13  O14 
 <IOG 1>:  C15  C24  C16  C17 
 <IOG 1>:  C23  C19  C24  C16 
 <IOG 1>:  C24  C22  C23  H23 
 <IOG 1>:  C23  C21  C22  H22 
 <IOG 1>:  C25  C16  C17  N18 
 <IOG 1>:  C26  C30  C25  C17 
 <IOG 1>:  C25  C27  C26  H26 
 <IOG 1>:  C26  C28  C27  H27 
 <IOG 1>:  C27  C29  C28  H28 
 <IOG 1>:  C28  C30  C29  H29 
 <IOG 1>:  C25  C29  C30  H30 
 <IOG 1>:  C19  C17  N18  HN18
 <IOG 1>:  C24  C20  C19  N18 
 <IOG 1>:  C19  C21  C20  H20 
 <IOG 1>:  C22  C20  C21  O31 
 total 23 improper torsions applied
 23 improper torsions in old prep form
Building H-Bond parameters.
Incorporating Non-Bonded adjustments.
Not Marking per-residue atom chain types.
Marking per-residue atom chain types.
 (no restraints)
> charge lig
Total unperturbed charge:   1.002999
Total perturbed charge:     1.002999
> quit
	Quit
