            --------------------------------------------------------
                             AMBER SQM VERSION 14
 
                                     By
              Ross C. Walker, Michael F. Crowley, Scott Brozell,
                         Tim Giese, Andreas W. Goetz,
                        Tai-Sung Lee and David A. Case
 
            --------------------------------------------------------
 

--------------------------------------------------------------------------------
  QM CALCULATION INFO
--------------------------------------------------------------------------------

| QMMM: Citation for AMBER QMMM Run:
| QMMM: R.C. Walker, M.F. Crowley and D.A. Case, J. COMP. CHEM. 29:1019, 2008

QMMM: SINGLET STATE CALCULATION
QMMM: RHF CALCULATION, NO. OF DOUBLY OCCUPIED LEVELS =102

| QMMM: *** Selected Hamiltonian *** 
| QMMM: AM1         

| QMMM: *** Parameter sets in use ***
| QMMM: C : M.J.S.DEWAR et al. JACS, 107, 3902, (1985)
| QMMM: O : M.J.S.DEWAR et al. JACS, 107, 3902, (1985)
| QMMM: N : M.J.S.DEWAR et al. JACS, 107, 3902, (1985)
| QMMM: H : M.J.S.DEWAR et al. JACS, 107, 3902, (1985)

| QMMM: *** SCF convergence criteria ***
| QMMM: Energy change                :  0.1D-09 kcal/mol
| QMMM: Error matrix |FP-PF|         :  0.1D+00 au
| QMMM: Density matrix change        :  0.5D-06
| QMMM: Maximum number of SCF cycles :     1000

| QMMM: *** Diagonalization Routine Information ***
| QMMM: Pseudo diagonalizations are allowed.
| QMMM: Auto diagonalization routine selection is in use.
| QMMM:
| QMMM: Timing diagonalization routines:
| QMMM:                              norbs =      196
| QMMM:    diag iterations used for timing =        5
| QMMM:
| QMMM:              Internal diag routine = 0.121515 seconds
| QMMM:                 Dspev diag routine = 0.179170 seconds
| QMMM:                Dspevd diag routine = 0.117610 seconds
| QMMM:                Dspevx diag routine = 0.370344 seconds
| QMMM:                 Dsyev diag routine = 0.192128 seconds
| QMMM:                Dsyevd diag routine = 0.129327 seconds
| QMMM:                Dsyevr diag routine = 0.112580 seconds
| QMMM:
| QMMM:                Pseudo diag routine = 0.070520 seconds
| QMMM:
| QMMM: Using dsyevr routine (diag_routine=7).

  QMMM: QM Region Cartesian Coordinates (*=link atom) 
  QMMM: QM_NO.   MM_NO.  ATOM         X         Y         Z
  QMMM:     1        1      C       11.0990    4.2530    2.8280
  QMMM:     2        2      C       11.4610    3.1880    2.0170
  QMMM:     3        3      C       12.7850    2.7490    2.0120
  QMMM:     4        4      C       13.7310    3.3810    2.8180
  QMMM:     5        5      O       15.0230    2.9520    2.8150
  QMMM:     6        6      C       13.3540    4.4510    3.6290
  QMMM:     7        7      C       12.0300    4.8900    3.6340
  QMMM:     8        8      C        9.6670    4.7260    2.8330
  QMMM:     9        9      C        9.3680    5.8160    1.7920
  QMMM:    10       10      C        7.9300    6.3600    1.8350
  QMMM:    11       11      C        7.7510    7.4860    0.8200
  QMMM:    12       12      N        6.9660    5.3160    1.5790
  QMMM:    13       13      C        5.6870    5.3310    2.1180
  QMMM:    14       14      O        5.2430    6.2100    2.8520
  QMMM:    15       15      C        4.8610    4.1180    1.6940
  QMMM:    16       16      C        3.7960    3.7440    2.6500
  QMMM:    17       17      C        3.9180    2.8680    3.7040
  QMMM:    18       18      N        2.7060    2.7980    4.3360
  QMMM:    19       19      C        1.7950    3.6180    3.7090
  QMMM:    20       20      C        0.4490    3.8640    4.0020
  QMMM:    21       21      C       -0.2320    4.7580    3.1770
  QMMM:    22       22      C        0.3970    5.3820    2.1050
  QMMM:    23       23      C        1.7440    5.1260    1.8240
  QMMM:    24       24      C        2.4580    4.2260    2.6410
  QMMM:    25       25      C        5.0550    2.1020    4.1600
  QMMM:    26       26      C        5.9280    2.6460    5.1010
  QMMM:    27       27      C        7.0260    1.9070    5.5410
  QMMM:    28       28      C        7.2490    0.6240    5.0410
  QMMM:    29       29      C        6.3750    0.0810    4.0990
  QMMM:    30       30      C        5.2770    0.8200    3.6590
  QMMM:    31       31      O       -1.5510    5.0280    3.4300
  QMMM:    32       32      C       -1.9730    4.9460    4.7850
  QMMM:    33       33      C       -3.1200    5.9130    5.0150
  QMMM:    34       34      N       -3.5820    5.8070    6.3980
  QMMM:    35       35      C       -2.5030    6.1650    7.3290
  QMMM:    36       36      C       -2.9550    6.0120    8.7830
  QMMM:    37       37      C       -4.2100    6.8310    9.0630
  QMMM:    38       38      C       -5.2940    6.5110    8.0400
  QMMM:    39       39      C       -4.7680    6.6480    6.6100
  QMMM:    40       40      H       10.7570    2.7240    1.4220
  QMMM:    41       41      H       13.0640    1.9570    1.4120
  QMMM:    42       42      H       15.2770    2.2330    2.2700
  QMMM:    43       43      H       14.0550    4.9180    4.2260
  QMMM:    44       44      H       11.7460    5.6820    4.2320
  QMMM:    45       45      H        9.4450    5.1170    3.8040
  QMMM:    46       46      H        9.0600    3.8810    2.5820
  QMMM:    47       47      H        9.5410    5.4060    0.8190
  QMMM:    48       48      H       10.0120    6.6390    2.0190
  QMMM:    49       49      H        7.7600    6.7440    2.8190
  QMMM:    50       50      H        7.9200    7.1070   -0.1660
  QMMM:    51       51      H        8.4520    8.2670    1.0270
  QMMM:    52       52      H        6.7560    7.8730    0.8880
  QMMM:    53       53      H        7.2260    4.5640    0.9990
  QMMM:    54       54      H        5.5220    3.2840    1.5850
  QMMM:    55       55      H        4.3730    4.3830    0.7790
  QMMM:    56       56      H        2.5130    2.2420    5.1250
  QMMM:    57       57      H       -0.0210    3.4020    4.7970
  QMMM:    58       58      H       -0.1340    6.0390    1.5120
  QMMM:    59       59      H        2.2090    5.5900    1.0280
  QMMM:    60       60      H        5.7620    3.5950    5.4720
  QMMM:    61       61      H        7.6740    2.3090    6.2370
  QMMM:    62       62      H        8.0600    0.0770    5.3680
  QMMM:    63       63      H        6.5410   -0.8670    3.7280
  QMMM:    64       64      H        4.6290    0.4180    2.9630
  QMMM:    65       65      H       -1.1570    5.2000    5.4290
  QMMM:    66       66      H       -2.2980    3.9490    4.9990
  QMMM:    67       67      H       -3.9250    5.6750    4.3520
  QMMM:    68       68      H       -2.7850    6.9120    4.8280
  QMMM:    69       69      H       -3.8470    4.8390    6.5810
  QMMM:    70       70      H       -2.2170    7.1820    7.1570
  QMMM:    71       71      H       -1.6760    5.5070    7.1600
  QMMM:    72       72      H       -2.1700    6.3460    9.4290
  QMMM:    73       73      H       -3.1790    4.9810    8.9600
  QMMM:    74       74      H       -3.9710    7.8720    9.0090
  QMMM:    75       75      H       -4.5720    6.5870   10.0400
  QMMM:    76       76      H       -6.1120    7.1870    8.1760
  QMMM:    77       77      H       -5.6090    5.4990    8.1880
  QMMM:    78       78      H       -5.5350    6.3490    5.9260
  QMMM:    79       79      H       -4.4930    7.6690    6.4460

--------------------------------------------------------------------------------
  RESULTS
--------------------------------------------------------------------------------

      iter         sqm energy              rms gradient
      ----    -------------------    -----------------------
xmin    10      105.2390 kcal/mol        0.4216 kcal/(mol*A)
xmin    20      104.0605 kcal/mol        0.2908 kcal/(mol*A)
xmin    30      103.3879 kcal/mol        0.6813 kcal/(mol*A)
xmin    40      102.7180 kcal/mol        0.1265 kcal/(mol*A)
xmin    50      102.4799 kcal/mol        0.1363 kcal/(mol*A)
xmin    60      102.2406 kcal/mol        0.1706 kcal/(mol*A)
xmin    70      101.8386 kcal/mol        0.3634 kcal/(mol*A)
xmin    80      101.5506 kcal/mol        0.4932 kcal/(mol*A)
xmin    90      101.3371 kcal/mol        0.2780 kcal/(mol*A)
xmin   100      101.1195 kcal/mol        0.2378 kcal/(mol*A)
xmin   110      100.9098 kcal/mol        0.3907 kcal/(mol*A)
xmin   120      100.8568 kcal/mol        0.1518 kcal/(mol*A)
xmin   130      100.7375 kcal/mol        0.0803 kcal/(mol*A)
xmin   140      100.5754 kcal/mol        0.2004 kcal/(mol*A)
xmin   150      100.3237 kcal/mol        0.2657 kcal/(mol*A)
xmin   160      100.1689 kcal/mol        0.2233 kcal/(mol*A)
xmin   170       99.9249 kcal/mol        0.2345 kcal/(mol*A)
xmin   180       99.8334 kcal/mol        0.1778 kcal/(mol*A)
xmin   190       99.7967 kcal/mol        0.1342 kcal/(mol*A)
xmin   200       99.6793 kcal/mol        0.1462 kcal/(mol*A)
xmin   210       99.6021 kcal/mol        0.1116 kcal/(mol*A)
xmin   220       99.5666 kcal/mol        0.0293 kcal/(mol*A)
xmin   230       99.5452 kcal/mol        0.0795 kcal/(mol*A)
xmin   240       99.4828 kcal/mol        0.1181 kcal/(mol*A)
xmin   250       99.4434 kcal/mol        0.0691 kcal/(mol*A)
xmin   260       99.3965 kcal/mol        0.1261 kcal/(mol*A)
xmin   270       99.3764 kcal/mol        0.0638 kcal/(mol*A)
xmin   280       99.3333 kcal/mol        0.2705 kcal/(mol*A)
xmin   290       99.2942 kcal/mol        0.0580 kcal/(mol*A)
xmin   300       99.2344 kcal/mol        0.0640 kcal/(mol*A)
xmin   310       99.2141 kcal/mol        0.0368 kcal/(mol*A)
xmin   320       99.2038 kcal/mol        0.0320 kcal/(mol*A)
xmin   330       99.1907 kcal/mol        0.0870 kcal/(mol*A)
xmin   340       99.0545 kcal/mol        0.1480 kcal/(mol*A)
xmin   350       98.9937 kcal/mol        0.0631 kcal/(mol*A)
xmin   360       98.9160 kcal/mol        0.3919 kcal/(mol*A)
xmin   370       98.7065 kcal/mol        0.2171 kcal/(mol*A)
xmin   380       98.3489 kcal/mol        0.1894 kcal/(mol*A)
xmin   390       98.0977 kcal/mol        0.2225 kcal/(mol*A)
xmin   400       97.4188 kcal/mol        0.7347 kcal/(mol*A)
xmin   410       96.4961 kcal/mol        0.2486 kcal/(mol*A)
xmin   420       96.2740 kcal/mol        0.1303 kcal/(mol*A)
xmin   430       95.8102 kcal/mol        0.1408 kcal/(mol*A)
xmin   440       95.4925 kcal/mol        0.4747 kcal/(mol*A)
xmin   450       95.3541 kcal/mol        0.0606 kcal/(mol*A)
xmin   460       95.3081 kcal/mol        0.0696 kcal/(mol*A)
xmin   470       95.2990 kcal/mol        0.0115 kcal/(mol*A)
xmin   480       95.2978 kcal/mol        0.0169 kcal/(mol*A)
xmin   490       95.2972 kcal/mol        0.0052 kcal/(mol*A)
xmin   500       95.2968 kcal/mol        0.0058 kcal/(mol*A)
xmin   510       95.2967 kcal/mol        0.0094 kcal/(mol*A)
xmin   520       95.2966 kcal/mol        0.0179 kcal/(mol*A)
xmin   530       95.2964 kcal/mol        0.0034 kcal/(mol*A)
xmin   540       95.2963 kcal/mol        0.0028 kcal/(mol*A)
xmin   550       95.2963 kcal/mol        0.0038 kcal/(mol*A)
xmin   560       95.2962 kcal/mol        0.0012 kcal/(mol*A)
  ... geometry converged !
 
 Final MO eigenvalues (eV):
 -45.5512  -43.8764  -42.8055  -42.5095  -41.6163  -41.2264  -40.3119  -39.3513
 -38.5885  -38.5578  -36.3109  -36.0598  -35.7347  -34.4133  -34.1167  -34.1038
 -33.4562  -33.4253  -32.6425  -31.2420  -30.8295  -29.8257  -29.4181  -28.5638
 -27.5363  -26.9225  -26.3318  -26.1604  -25.4401  -25.2647  -25.0259  -24.7451
 -24.0611  -23.6527  -23.0935  -22.2063  -22.1298  -21.7877  -21.5278  -21.4005
 -20.8437  -20.4296  -19.7961  -19.7234  -19.6525  -19.3439  -19.1062  -18.9647
 -18.8368  -18.7783  -18.7267  -18.5965  -18.2893  -18.1826  -18.0612  -17.8835
 -17.7734  -17.6669  -17.4021  -17.3249  -17.2349  -17.2092  -17.1417  -16.9578
 -16.8720  -16.6771  -16.6035  -16.3284  -16.2875  -16.1719  -16.1301  -15.9521
 -15.7864  -15.7514  -15.5682  -15.4963  -15.4280  -15.3498  -15.2083  -15.1323
 -15.0654  -14.9843  -14.7881  -14.6377  -14.5156  -14.4143  -14.2697  -14.0332
 -13.9473  -13.8581  -13.8243  -13.7396  -13.4333  -12.8447  -12.3940  -12.3426
 -11.8491  -11.7564  -11.6605  -11.4703  -11.1096  -10.4509   -3.3578   -2.4336
  -2.1250   -2.0901   -1.7824   -1.6417   -1.4291   -1.3141   -1.2238   -1.1578
  -0.6649   -0.4768   -0.3843   -0.3462   -0.2929   -0.1869   -0.1404   -0.0896
  -0.0182    0.0093    0.1046    0.1333    0.1712    0.2182    0.3498    0.4419
   0.5436    0.5644    0.7000    0.7560    0.7887    0.8365    0.8986    0.9346
   1.1629    1.3167    1.3796    1.4618    1.4679    1.4797    1.4919    1.5387
   1.5945    1.6812    1.7828    1.8057    1.8539    1.8854    1.9293    1.9981
   2.0131    2.0484    2.0908    2.1250    2.2311    2.2671    2.2938    2.3473
   2.3849    2.4149    2.5475    2.5701    2.5864    2.6088    2.6758    2.6879
   2.7219    2.7794    2.8036    2.8457    2.9043    2.9872    2.9993    3.0663
   3.0927    3.1334    3.1727    3.1731    3.2767    3.3166    3.3455    3.3650
   3.4337    3.5350    3.6010    3.6892    3.7438    3.7483    3.7556    3.9348
   4.0818    4.2603    4.5878    5.3698

 Heat of formation   =         95.29623774 kcal/mol  (        4.13235496 eV)

 Total SCF energy    =    -146472.62869959 kcal/mol  (    -6351.52979921 eV)
 Electronic energy   =   -1494336.80871440 kcal/mol  (   -64799.30656582 eV)
 Core-core repulsion =    1347864.18001482 kcal/mol  (    58447.77676661 eV)
 
    Atomic Charges for Step       1 :
  Atom    Element       Mulliken Charge
     1      C                 -0.076
     2      C                 -0.094
     3      C                 -0.191
     4      C                  0.037
     5      O                 -0.289
     6      C                 -0.175
     7      C                 -0.110
     8      C                 -0.130
     9      C                 -0.173
    10      C                  0.021
    11      C                 -0.226
    12      N                 -0.374
    13      C                  0.310
    14      O                 -0.388
    15      C                 -0.118
    16      C                 -0.139
    17      C                  0.045
    18      N                 -0.200
    19      C                  0.010
    20      C                 -0.138
    21      C                  0.015
    22      C                 -0.183
    23      C                 -0.060
    24      C                 -0.072
    25      C                 -0.056
    26      C                 -0.109
    27      C                 -0.126
    28      C                 -0.107
    29      C                 -0.123
    30      C                 -0.113
    31      O                 -0.199
    32      C                 -0.032
    33      C                 -0.179
    34      N                  0.002
    35      C                 -0.132
    36      C                 -0.183
    37      C                 -0.174
    38      C                 -0.185
    39      C                 -0.123
    40      H                  0.147
    41      H                  0.143
    42      H                  0.232
    43      H                  0.143
    44      H                  0.144
    45      H                  0.101
    46      H                  0.106
    47      H                  0.081
    48      H                  0.097
    49      H                  0.128
    50      H                  0.075
    51      H                  0.091
    52      H                  0.093
    53      H                  0.221
    54      H                  0.116
    55      H                  0.136
    56      H                  0.260
    57      H                  0.151
    58      H                  0.128
    59      H                  0.178
    60      H                  0.128
    61      H                  0.143
    62      H                  0.146
    63      H                  0.145
    64      H                  0.137
    65      H                  0.106
    66      H                  0.115
    67      H                  0.152
    68      H                  0.154
    69      H                  0.235
    70      H                  0.162
    71      H                  0.133
    72      H                  0.153
    73      H                  0.102
    74      H                  0.107
    75      H                  0.127
    76      H                  0.138
    77      H                  0.107
    78      H                  0.137
    79      H                  0.142
 Total Mulliken Charge =       1.000
 
                  X        Y        Z     TOTAL  
  QM DIPOLE    12.182   26.120   32.840   43.694
 
 Final Structure

  QMMM: QM Region Cartesian Coordinates (*=link atom) 
  QMMM: QM_NO.   MM_NO.  ATOM         X         Y         Z
  QMMM:     1        1      C        5.3167    6.5820    4.2712
  QMMM:     2        2      C        5.8358    5.6554    5.1856
  QMMM:     3        3      C        5.7854    5.8996    6.5548
  QMMM:     4        4      C        5.1982    7.0857    7.0154
  QMMM:     5        5      O        5.0315    7.3450    8.3630
  QMMM:     6        6      C        4.6871    8.0321    6.1159
  QMMM:     7        7      C        4.7541    7.7721    4.7496
  QMMM:     8        8      C        5.3267    6.2940    2.8114
  QMMM:     9        9      C        6.7161    6.0205    2.2735
  QMMM:    10       10      C        6.6740    5.6031    0.7904
  QMMM:    11       11      C        8.0926    5.6909    0.2240
  QMMM:    12       12      N        6.0933    4.2941    0.5822
  QMMM:    13       13      C        4.7631    4.1095    0.2783
  QMMM:    14       14      O        3.9945    5.0783    0.1003
  QMMM:    15       15      C        4.2574    2.6771    0.1444
  QMMM:    16       16      C        3.9143    2.0964    1.4491
  QMMM:    17       17      C        4.3450    0.8669    1.9719
  QMMM:    18       18      N        3.7376    0.6478    3.2213
  QMMM:    19       19      C        2.8912    1.7181    3.4981
  QMMM:    20       20      C        2.0594    1.9653    4.6022
  QMMM:    21       21      C        1.3181    3.1424    4.5697
  QMMM:    22       22      C        1.3833    4.0664    3.5039
  QMMM:    23       23      C        2.2144    3.8265    2.4220
  QMMM:    24       24      C        2.9801    2.6579    2.4010
  QMMM:    25       25      C        5.2508   -0.1153    1.3911
  QMMM:    26       26      C        6.5106    0.2739    0.9175
  QMMM:    27       27      C        7.3668   -0.6692    0.3521
  QMMM:    28       28      C        6.9747   -2.0046    0.2574
  QMMM:    29       29      C        5.7225   -2.3975    0.7311
  QMMM:    30       30      C        4.8620   -1.4595    1.2983
  QMMM:    31       31      O        0.3834    3.3598    5.5892
  QMMM:    32       32      C        0.8542    4.1855    6.6429
  QMMM:    33       33      C        0.6750    5.6546    6.2208
  QMMM:    34       34      N        0.6086    6.6058    7.3677
  QMMM:    35       35      C        1.9173    6.6843    8.0969
  QMMM:    36       36      C        1.8862    7.6801    9.2478
  QMMM:    37       37      C        1.4369    9.0486    8.7838
  QMMM:    38       38      C        0.1209    8.9727    8.0402
  QMMM:    39       39      C        0.1892    7.9681    6.8973
  QMMM:    40       40      H        6.2882    4.7209    4.8176
  QMMM:    41       41      H        6.2110    5.1782    7.2669
  QMMM:    42       42      H        5.7861    6.9572    8.8311
  QMMM:    43       43      H        4.2658    8.9734    6.4960
  QMMM:    44       44      H        4.3708    8.5194    4.0367
  QMMM:    45       45      H        4.8807    7.1553    2.2429
  QMMM:    46       46      H        4.6599    5.4065    2.6180
  QMMM:    47       47      H        7.2222    5.2267    2.8813
  QMMM:    48       48      H        7.3372    6.9507    2.3552
  QMMM:    49       49      H        6.0205    6.3478    0.2389
  QMMM:    50       50      H        8.7907    5.0235    0.7834
  QMMM:    51       51      H        8.4551    6.7427    0.3161
  QMMM:    52       52      H        8.1094    5.4051   -0.8551
  QMMM:    53       53      H        6.6601    3.5080    0.7878
  QMMM:    54       54      H        5.0143    2.0366   -0.3841
  QMMM:    55       55      H        3.3341    2.7176   -0.5004
  QMMM:    56       56      H        3.8253   -0.1769    3.7556
  QMMM:    57       57      H        1.9723    1.2588    5.4375
  QMMM:    58       58      H        0.7445    4.9599    3.5279
  QMMM:    59       59      H        2.2812    4.5375    1.5792
  QMMM:    60       60      H        6.8264    1.3242    0.9988
  QMMM:    61       61      H        8.3549   -0.3583   -0.0198
  QMMM:    62       62      H        7.6520   -2.7473   -0.1913
  QMMM:    63       63      H        5.4103   -3.4502    0.6542
  QMMM:    64       64      H        3.8702   -1.7736    1.6569
  QMMM:    65       65      H        1.9253    3.9710    6.8903
  QMMM:    66       66      H        0.1910    3.9194    7.5110
  QMMM:    67       67      H       -0.2867    5.7418    5.6344
  QMMM:    68       68      H        1.5280    5.9596    5.5497
  QMMM:    69       69      H       -0.1008    6.2696    8.0316
  QMMM:    70       70      H        2.7177    6.9903    7.3572
  QMMM:    71       71      H        2.1568    5.6521    8.4792
  QMMM:    72       72      H        2.9362    7.7406    9.6512
  QMMM:    73       73      H        1.2214    7.3096   10.0710
  QMMM:    74       74      H        2.2236    9.4958    8.1184
  QMMM:    75       75      H        1.3265    9.7269    9.6712
  QMMM:    76       76      H       -0.1297    9.9738    7.5965
  QMMM:    77       77      H       -0.7084    8.7030    8.7463
  QMMM:    78       78      H       -0.8191    7.8702    6.4036
  QMMM:    79       79      H        0.9404    8.3080    6.1288

           --------- Calculation Completed ----------

