
          -------------------------------------------------------
          Amber 16 SANDER                              2016
          -------------------------------------------------------

| Run on 08/12/2016 at 19:23:58

|   Executable path: sander
| Working directory: /net/roos/home4/zuckerman/spiriti/estrogen-receptor2/ligands5/c3d
|          Hostname: n000.dcb.private.net

  [-O]verwriting output

File Assignments:
|  MDIN: ../amber.in                                                           
| MDOUT: amber.out                                                             
|INPCRD: c3d.inpcrd                                                            
|  PARM: c3d.prm7                                                              
|RESTRT: restrt                                                                
|  REFC: refc                                                                  
| MDVEL: mdvel                                                                 
| MDFRC: mdfrc                                                                 
|  MDEN: mden                                                                  
| MDCRD: mdcrd                                                                 
|MDINFO: mdinfo                                                                
|  MTMD: mtmd                                                                  
|INPDIP: inpdip                                                                
|RSTDIP: rstdip                                                                
|INPTRA: inptraj                                                               


 Here is the input file:

test file                                                                      
&cntrl                                                                         
imin=1, maxcyc=1,                                                              
ntpr=5, cut=99, igb=0, ntb=0                                                   
/                                                                              

--------------------------------------------------------------------------------
   1.  RESOURCE   USE: 
--------------------------------------------------------------------------------

| Flags:                                                                        
|    NONPERIODIC   ntb=0 and igb=0: Setting up nonperiodic simulation
|  *** cutoff > system size, list only builds once
|Largest sphere to fit in unit cell has radius =    34.620
| New format PARM file being parsed.
| Version =    1.000 Date = 07/06/16 Time = 22:01:44
 NATOM  =      63 NTYPES =      11 NBONH =      32 MBONA  =      35
 NTHETH =      74 MTHETA =      48 NPHIH =     140 MPHIA  =      75
 NHPARM =       0 NPARM  =       0 NNB   =     367 NRES   =       1
 NBONA  =      35 NTHETA =      48 NPHIA =      75 NUMBND =      13
 NUMANG =      23 NPTRA  =      11 NATYP =      11 NPHB   =       0
 IFBOX  =       0 NMXRS  =      63 IFCAP =       0 NEXTRA =       0
 NCOPY  =       0


|     Memory Use     Allocated
|     Real                9382
|     Hollerith            192
|     Integer            32535
|     Max Pairs           1953
|     nblistReal           756
|     nblist Int       1211028
|       Total             4945 kbytes

| Note: 1-4 EEL scale factors are being read from the topology file.

| Note: 1-4 VDW scale factors are being read from the topology file.
| Duplicated    0 dihedrals
| Duplicated    0 dihedrals

--------------------------------------------------------------------------------
   2.  CONTROL  DATA  FOR  THE  RUN
--------------------------------------------------------------------------------

default_name                                                                    

General flags:
     imin    =       1, nmropt  =       0

Nature and format of input:
     ntx     =       1, irest   =       0, ntrx    =       1

Nature and format of output:
     ntxo    =       2, ntpr    =       5, ntrx    =       1, ntwr    =       1
     iwrap   =       0, ntwx    =       0, ntwv    =       0, ntwe    =       0
     ioutfm  =       1, ntwprt  =       0, idecomp =       0, rbornstat=      0

Potential function:
     ntf     =       1, ntb     =       0, igb     =       0, nsnb    =      25
     ipol    =       0, gbsa    =       0, iesp    =       0
     dielc   =   1.00000, cut     =  99.00000, intdiel =   1.00000

Frozen or restrained atoms:
     ibelly  =       0, ntr     =       0

Energy minimization:
     maxcyc  =       1, ncyc    =      10, ntmin   =       1
     dx0     =   0.01000, drms    =   0.00010
|  INFO: Old style inpcrd file read


--------------------------------------------------------------------------------
   3.  ATOMIC COORDINATES AND VELOCITIES
--------------------------------------------------------------------------------

default_name                                                                    
 begin time read from input coords =     0.000 ps

 Number of triangulated 3-point waters found:        0

     Sum of charges from parm topology file =   0.99900000

--------------------------------------------------------------------------------
   4.  RESULTS
--------------------------------------------------------------------------------

 ---------------------------------------------------

     eedmeth=4: Setting switch to one everywhere

 ---------------------------------------------------
| Local SIZE OF NONBOND LIST =       1588
| TOTAL SIZE OF NONBOND LIST =       1588


   NSTEP       ENERGY          RMS            GMAX         NAME    NUMBER
      1       1.0519E+02     1.5595E+01     3.6851E+01     H18        30

 BOND    =       19.1690  ANGLE   =       15.5503  DIHED      =       10.5503
 VDWAALS =       -5.1696  EEL     =       50.0886  HBOND      =        0.0000
 1-4 VDW =       19.6951  1-4 EEL =       -4.6970  RESTRAINT  =        0.0000


  Maximum number of minimization cycles reached.


                    FINAL RESULTS



   NSTEP       ENERGY          RMS            GMAX         NAME    NUMBER
      1       1.0519E+02     1.5595E+01     3.6851E+01     H18        30

 BOND    =       19.1690  ANGLE   =       15.5503  DIHED      =       10.5503
 VDWAALS =       -5.1696  EEL     =       50.0886  HBOND      =        0.0000
 1-4 VDW =       19.6951  1-4 EEL =       -4.6970  RESTRAINT  =        0.0000

--------------------------------------------------------------------------------
   5.  TIMINGS
--------------------------------------------------------------------------------

|    Read coords time           0.00 ( 0.32% of Total)
|                Build the list             0.00 (96.92% of List )
|                Other                      0.00 ( 3.08% of List )
|             List time                  0.00 (71.62% of Nonbo)
|                   Short_ene time             0.00 (96.92% of Direc)
|                   Other                      0.00 ( 3.08% of Direc)
|                Direct Ewald time          0.00 (89.79% of Ewald)
|                Virial junk                0.00 ( 1.28% of Ewald)
|                Start synchronizatio       0.00 ( 0.63% of Ewald)
|                Other                      0.00 ( 8.29% of Ewald)
|             Ewald time                 0.00 (28.03% of Nonbo)
|             Other                      0.00 ( 0.36% of Nonbo)
|          Nonbond force              0.00 (81.60% of Force)
|          Bond/Angle/Dihedral        0.00 (17.27% of Force)
|          Other                      0.00 ( 1.12% of Force)
|       Force time                 0.00 (100.0% of Runmd)
|    Runmd Time                 0.00 ( 0.33% of Total)
|    Other                      0.62 (99.35% of Total)
| Total time                 0.63 (99.89% of ALL  )

| Number of list builds   :          1

| Highest rstack allocated:        285
| Highest istack allocated:         57
|           Job began  at 19:23:58.356  on 08/12/2016
|           Setup done at 19:23:58.504  on 08/12/2016
|           Run   done at 19:23:58.985  on 08/12/2016
|     wallclock() was called      58 times
