            --------------------------------------------------------
                             AMBER SQM VERSION 14
 
                                     By
              Ross C. Walker, Michael F. Crowley, Scott Brozell,
                         Tim Giese, Andreas W. Goetz,
                        Tai-Sung Lee and David A. Case
 
            --------------------------------------------------------
 

--------------------------------------------------------------------------------
  QM CALCULATION INFO
--------------------------------------------------------------------------------

| QMMM: Citation for AMBER QMMM Run:
| QMMM: R.C. Walker, M.F. Crowley and D.A. Case, J. COMP. CHEM. 29:1019, 2008

QMMM: SINGLET STATE CALCULATION
QMMM: RHF CALCULATION, NO. OF DOUBLY OCCUPIED LEVELS = 80

| QMMM: *** Selected Hamiltonian *** 
| QMMM: AM1         

| QMMM: *** Parameter sets in use ***
| QMMM: C : M.J.S.DEWAR et al. JACS, 107, 3902, (1985)
| QMMM: O : M.J.S.DEWAR et al. JACS, 107, 3902, (1985)
| QMMM: N : M.J.S.DEWAR et al. JACS, 107, 3902, (1985)
| QMMM: H : M.J.S.DEWAR et al. JACS, 107, 3902, (1985)

| QMMM: *** SCF convergence criteria ***
| QMMM: Energy change                :  0.1D-09 kcal/mol
| QMMM: Error matrix |FP-PF|         :  0.1D+00 au
| QMMM: Density matrix change        :  0.5D-06
| QMMM: Maximum number of SCF cycles :     1000

| QMMM: *** Diagonalization Routine Information ***
| QMMM: Pseudo diagonalizations are allowed.
| QMMM: Auto diagonalization routine selection is in use.
| QMMM:
| QMMM: Timing diagonalization routines:
| QMMM:                              norbs =      156
| QMMM:    diag iterations used for timing =        5
| QMMM:
| QMMM:              Internal diag routine = 0.063715 seconds
| QMMM:                 Dspev diag routine = 0.098551 seconds
| QMMM:                Dspevd diag routine = 0.065412 seconds
| QMMM:                Dspevx diag routine = 0.208446 seconds
| QMMM:                 Dsyev diag routine = 0.104620 seconds
| QMMM:                Dsyevd diag routine = 0.072763 seconds
| QMMM:                Dsyevr diag routine = 0.065356 seconds
| QMMM:
| QMMM:                Pseudo diag routine = 0.036281 seconds
| QMMM:
| QMMM: Using internal diagonalization routine (diag_routine=1).

  QMMM: QM Region Cartesian Coordinates (*=link atom) 
  QMMM: QM_NO.   MM_NO.  ATOM         X         Y         Z
  QMMM:     1        1      C        2.5870    4.3900    0.1900
  QMMM:     2        2      C        3.9860    4.5870   -0.4740
  QMMM:     3        3      C        4.2900    3.4640   -1.4790
  QMMM:     4        4      C        3.2520    3.4500   -2.6000
  QMMM:     5        5      C        1.8280    3.5810   -2.1240
  QMMM:     6        6      C        0.7930    3.2790   -3.0230
  QMMM:     7        7      C       -0.5430    3.4310   -2.6520
  QMMM:     8        8      C       -0.8610    3.8980   -1.3820
  QMMM:     9        9      C        0.1560    4.2110   -0.4820
  QMMM:    10       10      C        1.5090    4.0580   -0.8380
  QMMM:    11       11      C        5.0960    4.8620    0.5300
  QMMM:    12       12      C        5.2640    6.1450    1.0430
  QMMM:    13       13      C        6.2810    6.3970    1.9640
  QMMM:    14       14      C        7.1280    5.3640    2.3680
  QMMM:    15       15      C        6.9560    4.0800    1.8510
  QMMM:    16       16      C        5.9390    3.8280    0.9310
  QMMM:    17       17      C        2.5830    3.4160    1.3690
  QMMM:    18       18      C        2.9020    3.8780    2.6390
  QMMM:    19       19      C        2.8990    2.9900    3.7150
  QMMM:    20       20      C        2.5780    1.6480    3.5110
  QMMM:    21       21      C        2.2600    1.1940    2.2310
  QMMM:    22       22      C        2.2630    2.0820    1.1550
  QMMM:    23       23      C        3.4820    1.0560    5.6300
  QMMM:    24       24      C        3.9070   -0.2490    6.2780
  QMMM:    25       25      C        5.3200   -1.2200    7.9750
  QMMM:    26       26      C        5.9020   -0.7460    9.2990
  QMMM:    27       27      O       -1.5330    3.1290   -3.5360
  QMMM:    28       28      O        2.5780    0.7820    4.5610
  QMMM:    29       29      N        4.8650    0.0250    7.3550
  QMMM:    30       30      C        5.1810    0.5630    9.6050
  QMMM:    31       31      C        4.2280    0.7760    8.4380
  QMMM:    32       32      H        2.3430    5.3400    0.6180
  QMMM:    33       33      H        3.9450    5.4880   -1.0490
  QMMM:    34       34      H        4.2710    2.5230   -0.9710
  QMMM:    35       35      H        5.2560    3.6350   -1.9060
  QMMM:    36       36      H        3.3450    2.5260   -3.1320
  QMMM:    37       37      H        3.4510    4.3030   -3.2140
  QMMM:    38       38      H        1.0230    2.9400   -3.9700
  QMMM:    39       39      H       -1.8490    4.0130   -1.1060
  QMMM:    40       40      H       -0.0860    4.5600    0.4590
  QMMM:    41       41      H        4.6380    6.9080    0.7430
  QMMM:    42       42      H        6.4070    7.3470    2.3470
  QMMM:    43       43      H        7.8810    5.5500    3.0490
  QMMM:    44       44      H        7.5820    3.3160    2.1500
  QMMM:    45       45      H        5.8110    2.8780    0.5480
  QMMM:    46       46      H        3.1400    4.8710    2.7860
  QMMM:    47       47      H        3.1340    3.3260    4.6620
  QMMM:    48       48      H        2.0220    0.2010    2.0800
  QMMM:    49       49      H        2.0290    1.7500    0.2060
  QMMM:    50       50      H        4.3440    1.5620    5.2480
  QMMM:    51       51      H        2.9990    1.6750    6.3570
  QMMM:    52       52      H        4.3660   -0.8780    5.5440
  QMMM:    53       53      H        3.0480   -0.7410    6.6840
  QMMM:    54       54      H        4.5030   -1.8930    8.1320
  QMMM:    55       55      H        6.0210   -1.7600    7.3740
  QMMM:    56       56      H        6.9560   -0.5820    9.2090
  QMMM:    57       57      H        5.7680   -1.4680   10.0770
  QMMM:    58       58      H       -1.3170    2.8140   -4.3920
  QMMM:    59       59      H        5.6340    0.5440    6.9300
  QMMM:    60       60      H        5.8800    1.3700    9.6700
  QMMM:    61       61      H        4.6640    0.5260   10.5410
  QMMM:    62       62      H        3.2560    0.3850    8.6580
  QMMM:    63       63      H        4.0720    1.8080    8.2020

--------------------------------------------------------------------------------
  RESULTS
--------------------------------------------------------------------------------

      iter         sqm energy              rms gradient
      ----    -------------------    -----------------------
xmin    10      130.8999 kcal/mol        0.9309 kcal/(mol*A)
xmin    20      130.3777 kcal/mol        0.4505 kcal/(mol*A)
xmin    30      130.2185 kcal/mol        0.1443 kcal/(mol*A)
xmin    40      130.0548 kcal/mol        0.0929 kcal/(mol*A)
xmin    50      129.9962 kcal/mol        0.1981 kcal/(mol*A)
xmin    60      129.9743 kcal/mol        0.1413 kcal/(mol*A)
xmin    70      129.9265 kcal/mol        0.0949 kcal/(mol*A)
xmin    80      129.8648 kcal/mol        0.2514 kcal/(mol*A)
xmin    90      129.7974 kcal/mol        0.1327 kcal/(mol*A)
xmin   100      129.6874 kcal/mol        0.2357 kcal/(mol*A)
xmin   110      129.5988 kcal/mol        0.1995 kcal/(mol*A)
xmin   120      129.1747 kcal/mol        0.6927 kcal/(mol*A)
xmin   130      127.4365 kcal/mol        0.7542 kcal/(mol*A)
xmin   140      125.9333 kcal/mol        0.4955 kcal/(mol*A)
xmin   150      125.6197 kcal/mol        0.0892 kcal/(mol*A)
xmin   160      125.5009 kcal/mol        0.1362 kcal/(mol*A)
xmin   170      125.4646 kcal/mol        0.1946 kcal/(mol*A)
xmin   180      125.4078 kcal/mol        0.3221 kcal/(mol*A)
xmin   190      125.2832 kcal/mol        0.2868 kcal/(mol*A)
xmin   200      125.2401 kcal/mol        0.1836 kcal/(mol*A)
xmin   210      125.1490 kcal/mol        0.2235 kcal/(mol*A)
xmin   220      125.0998 kcal/mol        0.1542 kcal/(mol*A)
xmin   230      125.7551 kcal/mol        3.4988 kcal/(mol*A)
xmin   240      125.0777 kcal/mol        0.0521 kcal/(mol*A)
xmin   250      125.0732 kcal/mol        0.0267 kcal/(mol*A)
xmin   260      125.0691 kcal/mol        0.0113 kcal/(mol*A)
xmin   270      125.0642 kcal/mol        0.0233 kcal/(mol*A)
xmin   280      125.0619 kcal/mol        0.0179 kcal/(mol*A)
xmin   290      125.0603 kcal/mol        0.0696 kcal/(mol*A)
xmin   300      125.0555 kcal/mol        0.0279 kcal/(mol*A)
xmin   310      125.0469 kcal/mol        0.0536 kcal/(mol*A)
xmin   320      125.0186 kcal/mol        0.1576 kcal/(mol*A)
xmin   330      124.9623 kcal/mol        0.1430 kcal/(mol*A)
xmin   340      124.9324 kcal/mol        0.0411 kcal/(mol*A)
xmin   350      124.8915 kcal/mol        0.0437 kcal/(mol*A)
xmin   360      124.8748 kcal/mol        0.1327 kcal/(mol*A)
xmin   370      124.8642 kcal/mol        0.0674 kcal/(mol*A)
xmin   380      124.8611 kcal/mol        0.0610 kcal/(mol*A)
xmin   390      124.8594 kcal/mol        0.0120 kcal/(mol*A)
xmin   400      124.8587 kcal/mol        0.0162 kcal/(mol*A)
xmin   410      124.8578 kcal/mol        0.0213 kcal/(mol*A)
xmin   420      124.8569 kcal/mol        0.0071 kcal/(mol*A)
xmin   430      124.8563 kcal/mol        0.0065 kcal/(mol*A)
xmin   440      124.8559 kcal/mol        0.0062 kcal/(mol*A)
xmin   450      124.8558 kcal/mol        0.0078 kcal/(mol*A)
xmin   460      124.8555 kcal/mol        0.0020 kcal/(mol*A)
xmin   470      124.8555 kcal/mol        0.0037 kcal/(mol*A)
xmin   480      124.8555 kcal/mol        0.0015 kcal/(mol*A)
  ... geometry converged !
 
 Final MO eigenvalues (eV):
 -45.8331  -43.4643  -42.7698  -41.4436  -40.7560  -39.8659  -38.5717  -37.6434
 -35.8201  -34.6847  -34.4416  -34.0748  -33.6554  -33.1107  -32.3031  -31.4651
 -29.9961  -28.4766  -27.8255  -26.8127  -26.4515  -26.1157  -25.6163  -25.2379
 -24.7574  -23.9733  -23.5195  -23.5069  -22.2383  -21.6841  -21.4517  -20.3013
 -20.2202  -20.0165  -19.8675  -19.5213  -19.2645  -18.8528  -18.7618  -18.7121
 -18.5466  -18.1363  -17.7670  -17.6861  -17.5001  -17.3518  -17.3175  -17.0758
 -16.9362  -16.7955  -16.6934  -16.6172  -16.5896  -16.5127  -16.4130  -16.2937
 -15.9183  -15.8661  -15.6754  -15.6065  -15.3947  -15.3570  -15.2091  -14.9393
 -14.6797  -14.6303  -14.1702  -14.0502  -13.8841  -13.7078  -13.4515  -13.1941
 -13.1191  -13.0014  -12.1263  -11.5673  -11.3246  -11.1982  -11.0742  -10.4995
  -3.6087   -2.1126   -1.8718   -1.7842   -1.5658   -1.4700   -1.2226   -1.2028
  -1.1760   -1.1364   -1.1010   -0.7303   -0.6771   -0.6080   -0.4977   -0.3710
  -0.2878   -0.1623   -0.0023    0.1048    0.2953    0.3541    0.3926    0.4333
   0.5279    0.8532    0.9101    0.9282    1.0848    1.1969    1.3748    1.4424
   1.5185    1.7055    1.7437    1.8920    1.9282    2.0063    2.1083    2.2380
   2.2515    2.2791    2.3720    2.3902    2.4664    2.5150    2.5243    2.5867
   2.6065    2.7091    2.7630    2.7832    2.8586    2.9136    2.9808    3.0127
   3.0832    3.1128    3.1665    3.2343    3.2597    3.3332    3.4578    3.4637
   3.5040    3.5550    3.6935    3.7282    3.8449    3.9535    3.9815    4.0585
   4.0821    4.2744    4.4588    4.8366

 Heat of formation   =        124.85547350 kcal/mol  (        5.41413961 eV)

 Total SCF energy    =    -112228.05435892 kcal/mol  (    -4866.57362469 eV)
 Electronic energy   =    -993536.96976375 kcal/mol  (   -43082.99595697 eV)
 Core-core repulsion =     881308.91540483 kcal/mol  (    38216.42233229 eV)
 
    Atomic Charges for Step       1 :
  Atom    Element       Mulliken Charge
     1      C                 -0.016
     2      C                 -0.060
     3      C                 -0.153
     4      C                 -0.129
     5      C                 -0.021
     6      C                 -0.220
     7      C                  0.092
     8      C                 -0.158
     9      C                 -0.088
    10      C                 -0.120
    11      C                 -0.070
    12      C                 -0.134
    13      C                 -0.126
    14      C                 -0.130
    15      C                 -0.132
    16      C                 -0.126
    17      C                 -0.050
    18      C                 -0.090
    19      C                 -0.172
    20      C                  0.024
    21      C                 -0.138
    22      C                 -0.091
    23      C                 -0.042
    24      C                 -0.133
    25      C                 -0.127
    26      C                 -0.180
    27      O                 -0.245
    28      O                 -0.258
    29      N                 -0.005
    30      C                 -0.184
    31      C                 -0.117
    32      H                  0.105
    33      H                  0.111
    34      H                  0.082
    35      H                  0.097
    36      H                  0.094
    37      H                  0.103
    38      H                  0.139
    39      H                  0.156
    40      H                  0.135
    41      H                  0.134
    42      H                  0.137
    43      H                  0.135
    44      H                  0.131
    45      H                  0.132
    46      H                  0.152
    47      H                  0.134
    48      H                  0.142
    49      H                  0.159
    50      H                  0.138
    51      H                  0.098
    52      H                  0.142
    53      H                  0.153
    54      H                  0.142
    55      H                  0.142
    56      H                  0.128
    57      H                  0.136
    58      H                  0.223
    59      H                  0.242
    60      H                  0.128
    61      H                  0.136
    62      H                  0.152
    63      H                  0.160
 Total Mulliken Charge =       1.000
 
                  X        Y        Z     TOTAL  
  QM DIPOLE    22.216    2.904   32.915   39.817
 
 Final Structure

  QMMM: QM Region Cartesian Coordinates (*=link atom) 
  QMMM: QM_NO.   MM_NO.  ATOM         X         Y         Z
  QMMM:     1        1      C        2.7108    4.3405    0.2968
  QMMM:     2        2      C        3.8994    4.4446   -0.6749
  QMMM:     3        3      C        4.1956    3.0862   -1.2870
  QMMM:     4        4      C        3.0281    2.6243   -2.1345
  QMMM:     5        5      C        1.7000    2.8678   -1.5061
  QMMM:     6        6      C        0.5760    2.2785   -2.0992
  QMMM:     7        7      C       -0.6965    2.5164   -1.5701
  QMMM:     8        8      C       -0.8651    3.3479   -0.4482
  QMMM:     9        9      C        0.2564    3.9233    0.1306
  QMMM:    10       10      C        1.5424    3.6875   -0.3797
  QMMM:    11       11      C        5.0878    5.1014   -0.0514
  QMMM:    12       12      C        5.0396    6.4839    0.1867
  QMMM:    13       13      C        6.1352    7.1480    0.7320
  QMMM:    14       14      C        7.2969    6.4412    1.0455
  QMMM:    15       15      C        7.3535    5.0687    0.8115
  QMMM:    16       16      C        6.2558    4.4012    0.2672
  QMMM:    17       17      C        3.0536    3.6450    1.5816
  QMMM:    18       18      C        3.4551    4.4042    2.6894
  QMMM:    19       19      C        3.7589    3.7916    3.9032
  QMMM:    20       20      C        3.6587    2.4007    4.0006
  QMMM:    21       21      C        3.2658    1.6186    2.9072
  QMMM:    22       22      C        2.9586    2.2525    1.7061
  QMMM:    23       23      C        4.9095    2.2432    6.0131
  QMMM:    24       24      C        5.4229    1.0908    6.8831
  QMMM:    25       25      C        4.9317   -0.4160    8.8048
  QMMM:    26       26      C        3.9674   -1.5894    8.9963
  QMMM:    27       27      O       -1.8382    1.9624   -2.0973
  QMMM:    28       28      O        3.8643    1.7153    5.2004
  QMMM:    29       29      N        4.3621    0.4760    7.7325
  QMMM:    30       30      C        2.9929   -1.5580    7.8253
  QMMM:    31       31      C        3.3845   -0.3681    6.9493
  QMMM:    32       32      H        2.4118    5.4016    0.5548
  QMMM:    33       33      H        3.5554    5.1209   -1.5164
  QMMM:    34       34      H        4.3955    2.3383   -0.4751
  QMMM:    35       35      H        5.1149    3.1490   -1.9261
  QMMM:    36       36      H        3.1437    1.5294   -2.3575
  QMMM:    37       37      H        3.0494    3.1652   -3.1215
  QMMM:    38       38      H        0.6974    1.6374   -2.9843
  QMMM:    39       39      H       -1.8745    3.5312   -0.0543
  QMMM:    40       40      H        0.1351    4.5802    1.0062
  QMMM:    41       41      H        4.1306    7.0483   -0.0723
  QMMM:    42       42      H        6.0878    8.2335    0.9059
  QMMM:    43       43      H        8.1663    6.9676    1.4656
  QMMM:    44       44      H        8.2707    4.5085    1.0460
  QMMM:    45       45      H        6.3222    3.3182    0.0848
  QMMM:    46       46      H        3.5392    5.4995    2.5995
  QMMM:    47       47      H        4.0682    4.3981    4.7652
  QMMM:    48       48      H        3.1883    0.5273    3.0049
  QMMM:    49       49      H        2.6282    1.6519    0.8419
  QMMM:    50       50      H        5.7617    2.6273    5.3909
  QMMM:    51       51      H        4.4956    3.0774    6.6410
  QMMM:    52       52      H        6.2274    1.4903    7.5650
  QMMM:    53       53      H        5.8598    0.2853    6.2267
  QMMM:    54       54      H        5.9417   -0.7833    8.4710
  QMMM:    55       55      H        5.0575    0.1823    9.7477
  QMMM:    56       56      H        3.4244   -1.4942    9.9709
  QMMM:    57       57      H        4.5405   -2.5509    9.0218
  QMMM:    58       58      H       -1.5933    1.4636   -2.8909
  QMMM:    59       59      H        3.8338    1.2342    8.1791
  QMMM:    60       60      H        1.9386   -1.4484    8.1865
  QMMM:    61       61      H        3.0471   -2.5032    7.2274
  QMMM:    62       62      H        3.8801   -0.7044    5.9960
  QMMM:    63       63      H        2.5039    0.2737    6.6668

           --------- Calculation Completed ----------

