
          -------------------------------------------------------
          Amber 16 SANDER                              2016
          -------------------------------------------------------

| Run on 08/12/2016 at 19:23:51

|   Executable path: sander
| Working directory: /net/roos/home4/zuckerman/spiriti/estrogen-receptor2/ligands5/689
|          Hostname: n000.dcb.private.net

  [-O]verwriting output

File Assignments:
|  MDIN: ../amber.in                                                           
| MDOUT: amber.out                                                             
|INPCRD: 689.inpcrd                                                            
|  PARM: 689.prm7                                                              
|RESTRT: restrt                                                                
|  REFC: refc                                                                  
| MDVEL: mdvel                                                                 
| MDFRC: mdfrc                                                                 
|  MDEN: mden                                                                  
| MDCRD: mdcrd                                                                 
|MDINFO: mdinfo                                                                
|  MTMD: mtmd                                                                  
|INPDIP: inpdip                                                                
|RSTDIP: rstdip                                                                
|INPTRA: inptraj                                                               


 Here is the input file:

test file                                                                      
&cntrl                                                                         
imin=1, maxcyc=1,                                                              
ntpr=5, cut=99, igb=0, ntb=0                                                   
/                                                                              

--------------------------------------------------------------------------------
   1.  RESOURCE   USE: 
--------------------------------------------------------------------------------

| Flags:                                                                        
|    NONPERIODIC   ntb=0 and igb=0: Setting up nonperiodic simulation
|  *** cutoff > system size, list only builds once
|Largest sphere to fit in unit cell has radius =    32.668
| New format PARM file being parsed.
| Version =    1.000 Date = 07/06/16 Time = 20:55:44
 NATOM  =      45 NTYPES =       8 NBONH =      24 MBONA  =      23
 NTHETH =      52 MTHETA =      35 NPHIH =     101 MPHIA  =      80
 NHPARM =       0 NPARM  =       0 NNB   =     261 NRES   =       1
 NBONA  =      23 NTHETA =      35 NPHIA =      80 NUMBND =      13
 NUMANG =      25 NPTRA  =      20 NATYP =       9 NPHB   =       0
 IFBOX  =       0 NMXRS  =      45 IFCAP =       0 NEXTRA =       0
 NCOPY  =       0


|     Memory Use     Allocated
|     Real                7869
|     Hollerith            138
|     Integer            30046
|     Max Pairs            990
|     nblistReal           540
|     nblist Int        967265
|       Total             3965 kbytes

| Note: 1-4 EEL scale factors are being read from the topology file.

| Note: 1-4 VDW scale factors are being read from the topology file.
| Duplicated    0 dihedrals
| Duplicated    0 dihedrals

--------------------------------------------------------------------------------
   2.  CONTROL  DATA  FOR  THE  RUN
--------------------------------------------------------------------------------

default_name                                                                    

General flags:
     imin    =       1, nmropt  =       0

Nature and format of input:
     ntx     =       1, irest   =       0, ntrx    =       1

Nature and format of output:
     ntxo    =       2, ntpr    =       5, ntrx    =       1, ntwr    =       1
     iwrap   =       0, ntwx    =       0, ntwv    =       0, ntwe    =       0
     ioutfm  =       1, ntwprt  =       0, idecomp =       0, rbornstat=      0

Potential function:
     ntf     =       1, ntb     =       0, igb     =       0, nsnb    =      25
     ipol    =       0, gbsa    =       0, iesp    =       0
     dielc   =   1.00000, cut     =  99.00000, intdiel =   1.00000

Frozen or restrained atoms:
     ibelly  =       0, ntr     =       0

Energy minimization:
     maxcyc  =       1, ncyc    =      10, ntmin   =       1
     dx0     =   0.01000, drms    =   0.00010
|  INFO: Old style inpcrd file read


--------------------------------------------------------------------------------
   3.  ATOMIC COORDINATES AND VELOCITIES
--------------------------------------------------------------------------------

default_name                                                                    
 begin time read from input coords =     0.000 ps

 Number of triangulated 3-point waters found:        0

     Sum of charges from parm topology file =   0.00200200
     Forcing neutrality...

--------------------------------------------------------------------------------
   4.  RESULTS
--------------------------------------------------------------------------------

 ---------------------------------------------------

     eedmeth=4: Setting switch to one everywhere

 ---------------------------------------------------
| Local SIZE OF NONBOND LIST =        730
| TOTAL SIZE OF NONBOND LIST =        730


   NSTEP       ENERGY          RMS            GMAX         NAME    NUMBER
      1       7.3210E+01     2.2260E+01     1.3225E+02     OAU        24

 BOND    =       11.6648  ANGLE   =        6.8589  DIHED      =       17.4873
 VDWAALS =       31.0500  EEL     =       22.4168  HBOND      =        0.0000
 1-4 VDW =       23.5191  1-4 EEL =      -39.7865  RESTRAINT  =        0.0000


  Maximum number of minimization cycles reached.


                    FINAL RESULTS



   NSTEP       ENERGY          RMS            GMAX         NAME    NUMBER
      1       7.3210E+01     2.2260E+01     1.3225E+02     OAU        24

 BOND    =       11.6648  ANGLE   =        6.8589  DIHED      =       17.4873
 VDWAALS =       31.0500  EEL     =       22.4168  HBOND      =        0.0000
 1-4 VDW =       23.5191  1-4 EEL =      -39.7865  RESTRAINT  =        0.0000

--------------------------------------------------------------------------------
   5.  TIMINGS
--------------------------------------------------------------------------------

|    Read coords time           0.00 ( 0.38% of Total)
|                Build the list             0.00 (96.00% of List )
|                Other                      0.00 ( 4.00% of List )
|             List time                  0.00 (70.19% of Nonbo)
|                   Short_ene time             0.00 (87.20% of Direc)
|                   Other                      0.00 (12.80% of Direc)
|                Direct Ewald time          0.00 (89.16% of Ewald)
|                Virial junk                0.00 ( 1.76% of Ewald)
|                Start synchronizatio       0.00 ( 0.30% of Ewald)
|                Other                      0.00 ( 8.78% of Ewald)
|             Ewald time                 0.00 (29.14% of Nonbo)
|             IPS excludes               0.00 ( 0.08% of Nonbo)
|             Other                      0.00 ( 0.59% of Nonbo)
|          Nonbond force              0.00 (80.63% of Force)
|          Bond/Angle/Dihedral        0.00 (17.93% of Force)
|          Other                      0.00 ( 1.44% of Force)
|       Force time                 0.00 (100.0% of Runmd)
|    Runmd Time                 0.00 ( 0.26% of Total)
|    Other                      0.55 (99.35% of Total)
| Total time                 0.55 (99.89% of ALL  )

| Number of list builds   :          1

| Highest rstack allocated:        180
| Highest istack allocated:         36
|           Job began  at 19:23:51.093  on 08/12/2016
|           Setup done at 19:23:51.294  on 08/12/2016
|           Run   done at 19:23:51.645  on 08/12/2016
|     wallclock() was called      58 times
