            --------------------------------------------------------
                             AMBER SQM VERSION 14
 
                                     By
              Ross C. Walker, Michael F. Crowley, Scott Brozell,
                         Tim Giese, Andreas W. Goetz,
                        Tai-Sung Lee and David A. Case
 
            --------------------------------------------------------
 

--------------------------------------------------------------------------------
  QM CALCULATION INFO
--------------------------------------------------------------------------------

| QMMM: Citation for AMBER QMMM Run:
| QMMM: R.C. Walker, M.F. Crowley and D.A. Case, J. COMP. CHEM. 29:1019, 2008

QMMM: SINGLET STATE CALCULATION
QMMM: RHF CALCULATION, NO. OF DOUBLY OCCUPIED LEVELS = 57

| QMMM: *** Selected Hamiltonian *** 
| QMMM: AM1         

| QMMM: *** Parameter sets in use ***
| QMMM: C : M.J.S.DEWAR et al. JACS, 107, 3902, (1985)
| QMMM: O : M.J.S.DEWAR et al. JACS, 107, 3902, (1985)
| QMMM: H : M.J.S.DEWAR et al. JACS, 107, 3902, (1985)

| QMMM: *** SCF convergence criteria ***
| QMMM: Energy change                :  0.1D-09 kcal/mol
| QMMM: Error matrix |FP-PF|         :  0.1D+00 au
| QMMM: Density matrix change        :  0.5D-06
| QMMM: Maximum number of SCF cycles :     1000

| QMMM: *** Diagonalization Routine Information ***
| QMMM: Pseudo diagonalizations are allowed.
| QMMM: Auto diagonalization routine selection is in use.
| QMMM:
| QMMM: Timing diagonalization routines:
| QMMM:                              norbs =      108
| QMMM:    diag iterations used for timing =       10
| QMMM:
| QMMM:              Internal diag routine = 0.046200 seconds
| QMMM:                 Dspev diag routine = 0.077090 seconds
| QMMM:                Dspevd diag routine = 0.052036 seconds
| QMMM:                Dspevx diag routine = 0.171609 seconds
| QMMM:                 Dsyev diag routine = 0.082005 seconds
| QMMM:                Dsyevd diag routine = 0.060541 seconds
| QMMM:                Dsyevr diag routine = 0.053966 seconds
| QMMM:
| QMMM:                Pseudo diag routine = 0.023785 seconds
| QMMM:
| QMMM: Using internal diagonalization routine (diag_routine=1).

  QMMM: QM Region Cartesian Coordinates (*=link atom) 
  QMMM: QM_NO.   MM_NO.  ATOM         X         Y         Z
  QMMM:     1        1      C       -2.4340    2.3360   -0.9010
  QMMM:     2        2      C       -1.7550    0.9900   -1.1610
  QMMM:     3        3      C       -0.3070    1.0230   -0.6430
  QMMM:     4        4      C       -0.3420    1.2380    0.8500
  QMMM:     5        5      C        0.8470    1.8840    1.5130
  QMMM:     6        6      C       -1.3490    0.8920    1.5860
  QMMM:     7        7      C       -2.6090    0.2640    1.0720
  QMMM:     8        8      C       -2.9350   -0.9690    1.9170
  QMMM:     9        9      C       -2.4620   -0.1540   -0.3880
  QMMM:    10       10      C       -3.8590   -0.3630   -0.9760
  QMMM:    11       11      O       -4.5200   -1.4150   -0.2700
  QMMM:    12       12      C       -1.6760   -1.4500   -0.5340
  QMMM:    13       13      O       -0.3370   -1.3040   -0.0730
  QMMM:    14       14      C        0.3170   -0.3620   -0.8900
  QMMM:    15       15      C        1.7880   -0.3370   -0.5600
  QMMM:    16       16      C        2.6960    0.1300   -1.4920
  QMMM:    17       17      C        4.0440    0.1590   -1.1900
  QMMM:    18       18      C        4.4860   -0.2900    0.0460
  QMMM:    19       19      O        5.8120   -0.2670    0.3430
  QMMM:    20       20      C        3.5730   -0.7630    0.9770
  QMMM:    21       21      C        2.2260   -0.7850    0.6720
  QMMM:    22       22      H       -1.9250    3.1030   -1.4460
  QMMM:    23       23      H       -2.3970    2.5580    0.1450
  QMMM:    24       24      H       -3.4540    2.2880   -1.2200
  QMMM:    25       25      H       -1.7990    0.8180   -2.2160
  QMMM:    26       26      H        0.2480    1.7960   -1.1320
  QMMM:    27       27      H        1.5890    2.1080    0.7750
  QMMM:    28       28      H        1.2580    1.2140    2.2390
  QMMM:    29       29      H        0.5390    2.7880    1.9950
  QMMM:    30       30      H       -1.2790    1.0610    2.6020
  QMMM:    31       31      H       -3.3980    0.9840    1.1390
  QMMM:    32       32      H       -2.1370   -1.6770    1.8380
  QMMM:    33       33      H       -3.8420   -1.4140    1.5640
  QMMM:    34       34      H       -3.0540   -0.6790    2.9400
  QMMM:    35       35      H       -3.7750   -0.6250   -2.0100
  QMMM:    36       36      H       -4.4250    0.5400   -0.8820
  QMMM:    37       37      H       -4.0070   -2.2340   -0.3560
  QMMM:    38       38      H       -1.6590   -1.7320   -1.5660
  QMMM:    39       39      H       -2.1550   -2.2010    0.0590
  QMMM:    40       40      H        0.2040   -0.6280   -1.9200
  QMMM:    41       41      H        2.3670    0.4570   -2.4140
  QMMM:    42       42      H        4.7210    0.5140   -1.8830
  QMMM:    43       43      H        6.4280    0.0530   -0.2870
  QMMM:    44       44      H        3.9000   -1.0980    1.8970
  QMMM:    45       45      H        1.5460   -1.1360    1.3640

--------------------------------------------------------------------------------
  RESULTS
--------------------------------------------------------------------------------

      iter         sqm energy              rms gradient
      ----    -------------------    -----------------------
xmin    10     -115.0739 kcal/mol        1.1377 kcal/(mol*A)
xmin    20     -115.7722 kcal/mol        0.4267 kcal/(mol*A)
xmin    30     -116.0176 kcal/mol        0.1290 kcal/(mol*A)
xmin    40     -116.4339 kcal/mol        0.5831 kcal/(mol*A)
xmin    50     -116.6148 kcal/mol        0.1949 kcal/(mol*A)
xmin    60     -116.6172 kcal/mol        1.2191 kcal/(mol*A)
xmin    70     -116.6829 kcal/mol        0.0203 kcal/(mol*A)
xmin    80     -116.6843 kcal/mol        0.0075 kcal/(mol*A)
xmin    90     -116.6843 kcal/mol        0.0017 kcal/(mol*A)
  ... geometry converged !
 
 Final MO eigenvalues (eV):
 -42.1405  -40.2097  -38.5707  -37.5276  -37.1471  -34.7748  -34.1086  -31.7904
 -31.5035  -29.8759  -28.6722  -27.4500  -26.9349  -24.4144  -24.0511  -23.5241
 -22.4053  -21.9128  -21.0124  -18.9929  -18.3836  -17.7988  -17.4605  -17.0491
 -16.7049  -16.5574  -16.0049  -15.8665  -15.3969  -15.1427  -15.0077  -14.8014
 -14.6991  -14.4852  -14.1775  -14.0605  -13.9056  -13.7912  -13.3763  -13.2468
 -13.0687  -12.9567  -12.9226  -12.6759  -12.4947  -12.2855  -12.0984  -11.9646
 -11.7859  -11.4804  -11.3730  -11.0700  -10.6450  -10.4552   -9.8238   -9.3561
  -8.8752    0.4051    0.4457    1.2378    2.7270    2.7962    3.0303    3.1476
   3.3095    3.3502    3.6490    3.6999    3.7178    3.7583    3.8388    3.8727
   3.9147    4.0697    4.1180    4.1512    4.2147    4.2919    4.2942    4.3196
   4.3726    4.4362    4.4633    4.5271    4.5438    4.5971    4.6776    4.7186
   4.7791    4.8233    4.8451    4.9089    4.9475    5.0088    5.0211    5.0355
   5.1255    5.2510    5.2920    5.3292    5.3847    5.6171    5.7874    5.8594
   6.0950    6.1725    6.2258    6.3225

 Heat of formation   =       -116.68434463 kcal/mol  (       -5.05981287 eV)

 Total SCF energy    =     -82948.44896773 kcal/mol  (    -3596.91465972 eV)
 Electronic energy   =    -633257.84819812 kcal/mol  (   -27460.12090534 eV)
 Core-core repulsion =     550309.39923038 kcal/mol  (    23863.20624563 eV)
 
    Atomic Charges for Step       1 :
  Atom    Element       Mulliken Charge
     1      C                 -0.208
     2      C                 -0.096
     3      C                 -0.088
     4      C                 -0.098
     5      C                 -0.180
     6      C                 -0.156
     7      C                 -0.051
     8      C                 -0.214
     9      C                 -0.106
    10      C                 -0.016
    11      O                 -0.322
    12      C                 -0.017
    13      O                 -0.258
    14      C                  0.080
    15      C                 -0.107
    16      C                 -0.092
    17      C                 -0.216
    18      C                  0.079
    19      O                 -0.251
    20      C                 -0.162
    21      C                 -0.065
    22      H                  0.075
    23      H                  0.088
    24      H                  0.073
    25      H                  0.083
    26      H                  0.102
    27      H                  0.077
    28      H                  0.093
    29      H                  0.079
    30      H                  0.125
    31      H                  0.093
    32      H                  0.082
    33      H                  0.093
    34      H                  0.073
    35      H                  0.063
    36      H                  0.112
    37      H                  0.196
    38      H                  0.059
    39      H                  0.113
    40      H                  0.078
    41      H                  0.130
    42      H                  0.133
    43      H                  0.217
    44      H                  0.151
    45      H                  0.158
 Total Mulliken Charge =      -0.000
 
                  X        Y        Z     TOTAL  
  QM DIPOLE     0.357    1.698   -2.267    2.855
 
 Final Structure

  QMMM: QM Region Cartesian Coordinates (*=link atom) 
  QMMM: QM_NO.   MM_NO.  ATOM         X         Y         Z
  QMMM:     1        1      C       -2.4564    2.2630   -1.1158
  QMMM:     2        2      C       -1.7638    0.9208   -1.1350
  QMMM:     3        3      C       -0.3254    1.0193   -0.6100
  QMMM:     4        4      C       -0.3353    1.3612    0.8462
  QMMM:     5        5      C        0.8148    2.1460    1.3510
  QMMM:     6        6      C       -1.3505    0.9811    1.6355
  QMMM:     7        7      C       -2.5619    0.2522    1.1627
  QMMM:     8        8      C       -2.8610   -0.9046    2.0974
  QMMM:     9        9      C       -2.4833   -0.1687   -0.3145
  QMMM:    10       10      C       -3.8977   -0.3532   -0.8926
  QMMM:    11       11      O       -4.5719   -1.5002   -0.4179
  QMMM:    12       12      C       -1.7015   -1.4752   -0.5259
  QMMM:    13       13      O       -0.3214   -1.3945   -0.2057
  QMMM:    14       14      C        0.3550   -0.3354   -0.8950
  QMMM:    15       15      C        1.8022   -0.3739   -0.5139
  QMMM:    16       16      C        2.7226    0.3250   -1.3039
  QMMM:    17       17      C        4.0807    0.2988   -1.0002
  QMMM:    18       18      C        4.5207   -0.4427    0.1056
  QMMM:    19       19      O        5.8462   -0.5184    0.4684
  QMMM:    20       20      C        3.6094   -1.1527    0.9041
  QMMM:    21       21      C        2.2559   -1.1113    0.5867
  QMMM:    22       22      H       -1.8708    3.0005   -1.7173
  QMMM:    23       23      H       -2.5458    2.6523   -0.0728
  QMMM:    24       24      H       -3.4792    2.1822   -1.5568
  QMMM:    25       25      H       -1.7232    0.5722   -2.2075
  QMMM:    26       26      H        0.2306    1.8129   -1.1801
  QMMM:    27       27      H        0.8324    3.1549    0.8672
  QMMM:    28       28      H        1.7732    1.6215    1.1049
  QMMM:    29       29      H        0.7602    2.2862    2.4581
  QMMM:    30       30      H       -1.3508    1.2170    2.7121
  QMMM:    31       31      H       -3.4237    0.9841    1.2431
  QMMM:    32       32      H       -1.9741   -1.5764    2.1931
  QMMM:    33       33      H       -3.7297   -1.4952    1.7164
  QMMM:    34       34      H       -3.1130   -0.5127    3.1126
  QMMM:    35       35      H       -3.8379   -0.3854   -2.0151
  QMMM:    36       36      H       -4.5595    0.5010   -0.5823
  QMMM:    37       37      H       -4.0870   -2.2743   -0.7281
  QMMM:    38       38      H       -1.8113   -1.7937   -1.6000
  QMMM:    39       39      H       -2.0793   -2.2905    0.1486
  QMMM:    40       40      H        0.2735   -0.5361   -2.0063
  QMMM:    41       41      H        2.3719    0.9010   -2.1738
  QMMM:    42       42      H        4.8002    0.8496   -1.6213
  QMMM:    43       43      H        6.3588    0.0035   -0.1658
  QMMM:    44       44      H        3.9755   -1.7298    1.7644
  QMMM:    45       45      H        1.5295   -1.6662    1.2027

           --------- Calculation Completed ----------

