            --------------------------------------------------------
                             AMBER SQM VERSION 14
 
                                     By
              Ross C. Walker, Michael F. Crowley, Scott Brozell,
                         Tim Giese, Andreas W. Goetz,
                        Tai-Sung Lee and David A. Case
 
            --------------------------------------------------------
 

--------------------------------------------------------------------------------
  QM CALCULATION INFO
--------------------------------------------------------------------------------

| QMMM: Citation for AMBER QMMM Run:
| QMMM: R.C. Walker, M.F. Crowley and D.A. Case, J. COMP. CHEM. 29:1019, 2008

QMMM: SINGLET STATE CALCULATION
QMMM: RHF CALCULATION, NO. OF DOUBLY OCCUPIED LEVELS = 53

| QMMM: *** Selected Hamiltonian *** 
| QMMM: AM1         

| QMMM: *** Parameter sets in use ***
| QMMM: C : M.J.S.DEWAR et al. JACS, 107, 3902, (1985)
| QMMM: O : M.J.S.DEWAR et al. JACS, 107, 3902, (1985)
| QMMM: H : M.J.S.DEWAR et al. JACS, 107, 3902, (1985)

| QMMM: *** SCF convergence criteria ***
| QMMM: Energy change                :  0.1D-09 kcal/mol
| QMMM: Error matrix |FP-PF|         :  0.1D+00 au
| QMMM: Density matrix change        :  0.5D-06
| QMMM: Maximum number of SCF cycles :     1000

| QMMM: *** Diagonalization Routine Information ***
| QMMM: Pseudo diagonalizations are allowed.
| QMMM: Auto diagonalization routine selection is in use.
| QMMM:
| QMMM: Timing diagonalization routines:
| QMMM:                              norbs =      102
| QMMM:    diag iterations used for timing =       10
| QMMM:
| QMMM:              Internal diag routine = 0.039651 seconds
| QMMM:                 Dspev diag routine = 0.066535 seconds
| QMMM:                Dspevd diag routine = 0.044903 seconds
| QMMM:                Dspevx diag routine = 0.149259 seconds
| QMMM:                 Dsyev diag routine = 0.070919 seconds
| QMMM:                Dsyevd diag routine = 0.052688 seconds
| QMMM:                Dsyevr diag routine = 0.047608 seconds
| QMMM:
| QMMM:                Pseudo diag routine = 0.020329 seconds
| QMMM:
| QMMM: Using internal diagonalization routine (diag_routine=1).

  QMMM: QM Region Cartesian Coordinates (*=link atom) 
  QMMM: QM_NO.   MM_NO.  ATOM         X         Y         Z
  QMMM:     1        1      C        0.2160   -0.4040   -0.6310
  QMMM:     2        2      C       -1.8920   -1.7680   -0.4400
  QMMM:     3        3      C       -2.5390   -0.5590    0.2000
  QMMM:     4        4      C       -2.2020   -0.5350    1.6920
  QMMM:     5        5      O       -4.8380   -1.2880   -0.0650
  QMMM:     6        6      O        5.7470   -0.2180    0.4150
  QMMM:     7        7      C       -4.0210   -0.4040    0.0350
  QMMM:     8        8      C       -4.2860    1.0980    0.0190
  QMMM:     9        9      C       -2.8980    1.7940    0.0770
  QMMM:    10       10      C       -1.9600    0.7150   -0.4770
  QMMM:    11       11      C       -0.5130    0.8090   -0.0390
  QMMM:    12       12      C       -0.3840   -1.7110   -0.1330
  QMMM:    13       13      C        0.1630    2.0710   -0.5770
  QMMM:    14       14      C        1.5450    2.1830    0.0660
  QMMM:    15       15      C        2.2960    0.8800   -0.0240
  QMMM:    16       16      C        1.6860   -0.3160   -0.3380
  QMMM:    17       17      C        3.6620    0.9070    0.2270
  QMMM:    18       18      C        4.4110   -0.2550    0.1690
  QMMM:    19       19      C        3.7930   -1.4580   -0.1420
  QMMM:    20       20      C        2.4380   -1.4830   -0.3940
  QMMM:    21       21      H        0.0880   -0.3930   -1.6930
  QMMM:    22       22      H       -2.3130   -2.6640   -0.0340
  QMMM:    23       23      H       -2.0590   -1.7660   -1.4970
  QMMM:    24       24      H       -1.1450   -0.6450    1.8210
  QMMM:    25       25      H       -2.7070   -1.3390    2.1850
  QMMM:    26       26      H       -2.5180    0.3960    2.1140
  QMMM:    27       27      H        6.1620    0.5950    0.6250
  QMMM:    28       28      H       -4.8000    1.3730   -0.8790
  QMMM:    29       29      H       -4.8990    1.3910    0.8460
  QMMM:    30       30      H       -2.6380    2.0530    1.0820
  QMMM:    31       31      H       -2.8590    2.7130   -0.4690
  QMMM:    32       32      H       -1.9320    0.7680   -1.5450
  QMMM:    33       33      H       -0.4730    0.8380    1.0300
  QMMM:    34       34      H       -0.2380   -1.7850    0.9240
  QMMM:    35       35      H        0.1000   -2.5240   -0.6320
  QMMM:    36       36      H       -0.4230    2.9310   -0.3280
  QMMM:    37       37      H        0.2540    2.0170   -1.6420
  QMMM:    38       38      H        1.4300    2.4490    1.0960
  QMMM:    39       39      H        2.1020    2.9320   -0.4570
  QMMM:    40       40      H        4.1220    1.8010    0.4590
  QMMM:    41       41      H        4.3450   -2.3290   -0.1840
  QMMM:    42       42      H        1.9780   -2.3770   -0.6260

--------------------------------------------------------------------------------
  RESULTS
--------------------------------------------------------------------------------

      iter         sqm energy              rms gradient
      ----    -------------------    -----------------------
xmin    10      -86.9074 kcal/mol        1.1507 kcal/(mol*A)
xmin    20      -87.1774 kcal/mol        0.2120 kcal/(mol*A)
xmin    30      -87.1895 kcal/mol        0.1146 kcal/(mol*A)
xmin    40      -87.1913 kcal/mol        0.0090 kcal/(mol*A)
xmin    50      -87.1914 kcal/mol        0.0015 kcal/(mol*A)
xmin    60      -87.1914 kcal/mol        0.0023 kcal/(mol*A)
xmin    70      -87.1914 kcal/mol        0.0016 kcal/(mol*A)
xmin    80      -87.1914 kcal/mol        0.0006 kcal/(mol*A)
  ... geometry converged !
 
 Final MO eigenvalues (eV):
 -42.1160  -40.5315  -39.0580  -37.6521  -35.6039  -35.3810  -32.9950  -31.2275
 -30.1016  -29.3356  -27.4125  -26.2197  -24.5853  -23.8474  -23.4615  -21.4982
 -20.9449  -20.1037  -19.2808  -18.6716  -17.3713  -16.9013  -16.7623  -16.5265
 -16.0924  -15.6345  -15.2837  -15.2270  -14.9505  -14.8144  -14.6478  -14.4483
 -14.0870  -13.9308  -13.8612  -13.6615  -13.3380  -13.0825  -12.9936  -12.8695
 -12.7263  -12.5221  -12.3662  -12.0157  -11.8661  -11.7714  -11.4943  -11.4387
 -11.1738  -10.8716  -10.1425   -9.6534   -8.8944    0.3430    0.4184    0.9507
   2.6710    2.7750    2.9999    3.1691    3.2208    3.4733    3.5516    3.6201
   3.7008    3.7235    3.7656    3.8583    3.9335    3.9598    4.0000    4.0642
   4.1692    4.1802    4.2206    4.2448    4.3896    4.4042    4.4740    4.4965
   4.5163    4.6027    4.6224    4.6475    4.6691    4.6960    4.7499    4.7638
   4.8086    4.8187    4.9324    4.9797    5.0381    5.0853    5.1357    5.2160
   5.2707    5.4625    5.6795    5.8327    6.3083    6.5411

 Heat of formation   =        -87.19142099 kcal/mol  (       -3.78090373 eV)

 Total SCF energy    =     -74939.99600727 kcal/mol  (    -3249.64208002 eV)
 Electronic energy   =    -551351.58053589 kcal/mol  (   -23908.39861827 eV)
 Core-core repulsion =     476411.58452862 kcal/mol  (    20658.75653825 eV)
 
    Atomic Charges for Step       1 :
  Atom    Element       Mulliken Charge
     1      C                 -0.055
     2      C                 -0.135
     3      C                 -0.102
     4      C                 -0.201
     5      O                 -0.280
     6      O                 -0.252
     7      C                  0.238
     8      C                 -0.217
     9      C                 -0.151
    10      C                 -0.103
    11      C                 -0.087
    12      C                 -0.151
    13      C                 -0.152
    14      C                 -0.123
    15      C                 -0.026
    16      C                 -0.094
    17      C                 -0.217
    18      C                  0.079
    19      C                 -0.158
    20      C                 -0.096
    21      H                  0.096
    22      H                  0.096
    23      H                  0.086
    24      H                  0.088
    25      H                  0.087
    26      H                  0.076
    27      H                  0.217
    28      H                  0.114
    29      H                  0.114
    30      H                  0.088
    31      H                  0.090
    32      H                  0.092
    33      H                  0.102
    34      H                  0.088
    35      H                  0.082
    36      H                  0.083
    37      H                  0.085
    38      H                  0.091
    39      H                  0.091
    40      H                  0.132
    41      H                  0.150
    42      H                  0.136
 Total Mulliken Charge =      -0.000
 
                  X        Y        Z     TOTAL  
  QM DIPOLE     1.179    3.126    0.469    3.374
 
 Final Structure

  QMMM: QM Region Cartesian Coordinates (*=link atom) 
  QMMM: QM_NO.   MM_NO.  ATOM         X         Y         Z
  QMMM:     1        1      C        0.2560   -0.3927   -0.6181
  QMMM:     2        2      C       -1.8962   -1.7612   -0.3914
  QMMM:     3        3      C       -2.5513   -0.5650    0.2714
  QMMM:     4        4      C       -2.4138   -0.6519    1.7861
  QMMM:     5        5      O       -4.8916   -1.2005   -0.1651
  QMMM:     6        6      O        5.8435   -0.2347    0.3590
  QMMM:     7        7      C       -4.0343   -0.3369   -0.0037
  QMMM:     8        8      C       -4.2762    1.1603   -0.0297
  QMMM:     9        9      C       -2.8982    1.8261    0.0288
  QMMM:    10       10      C       -1.9297    0.7096   -0.3465
  QMMM:    11       11      C       -0.4665    0.8100    0.0171
  QMMM:    12       12      C       -0.3848   -1.7196   -0.2200
  QMMM:    13       13      C        0.1678    2.0911   -0.4908
  QMMM:    14       14      C        1.5995    2.1910   -0.0111
  QMMM:    15       15      C        2.3470    0.9028   -0.0699
  QMMM:    16       16      C        1.7213   -0.3318   -0.3152
  QMMM:    17       17      C        3.7277    0.9555    0.1582
  QMMM:    18       18      C        4.4841   -0.2199    0.1421
  QMMM:    19       19      C        3.8716   -1.4592   -0.1021
  QMMM:    20       20      C        2.5019   -1.4967   -0.3290
  QMMM:    21       21      H        0.1510   -0.2943   -1.7406
  QMMM:    22       22      H       -2.2950   -2.7088    0.0555
  QMMM:    23       23      H       -2.1542   -1.7692   -1.4827
  QMMM:    24       24      H       -1.3519   -0.8155    2.0859
  QMMM:    25       25      H       -3.0227   -1.5090    2.1651
  QMMM:    26       26      H       -2.7768    0.2887    2.2664
  QMMM:    27       27      H        6.1305    0.6774    0.5100
  QMMM:    28       28      H       -4.8214    1.4374   -0.9661
  QMMM:    29       29      H       -4.9123    1.4550    0.8411
  QMMM:    30       30      H       -2.6845    2.2160    1.0543
  QMMM:    31       31      H       -2.8288    2.6812   -0.6858
  QMMM:    32       32      H       -1.9857    0.6024   -1.4711
  QMMM:    33       33      H       -0.3457    0.7703    1.1345
  QMMM:    34       34      H       -0.1185   -1.9524    0.8439
  QMMM:    35       35      H        0.0458   -2.5368   -0.8588
  QMMM:    36       36      H       -0.4159    2.9746   -0.1215
  QMMM:    37       37      H        0.1348    2.1123   -1.6116
  QMMM:    38       38      H        1.6084    2.5483    1.0560
  QMMM:    39       39      H        2.1410    2.9635   -0.6213
  QMMM:    40       40      H        4.2134    1.9231    0.3497
  QMMM:    41       41      H        4.4787   -2.3747   -0.1122
  QMMM:    42       42      H        2.0330   -2.4733   -0.5248

           --------- Calculation Completed ----------

