Justin's MRMC starting at Fri Aug 12 19:23:45 2016

Executable name: /net/roos/home4/zuckerman/spiriti/justin-mrmc/mrmc-7-28-16/mrmc-debug
Processing command: READ FFIELD amber99sb-2oh.prm

Loading forcefield file amber99sb-2oh.prm
the number of bond params: 90
the number of angle params: 202
the number of improper dihedral params: 47
the number of dihedral params: 354
Processing command: READ DEFS defs-amber99sb-2oh.txt

Loading definitions file defs-amber99sb-2oh.txt
Processing command: INSERT SEQUENCE

Processing command: AAREGION ALL

All atom region residues  = 1,
setup bond angle interactions: passed
setup improper torsion interactions: passed
setup bonded1-4 interactions: passed
Processing command: READ PDB 2oh-test.pdb

Processing command: EPS 1.0

Processing command: CUTOFF 99.0

Processing command: GO_HARDCORE 1.7

Processing command: GO_NATIVE 8.0

Processing command: GO_EXPONENTS 12 10

Processing command: GO_WELLDEPTH 1.0

Processing command: ENERGY TOTAL

All atom region residues  = 1,
Number of segments:                     1
Number of residues:                     1
Number of atoms:                        33
Number of side chain rotatable bonds: 6
Total system charge:                  0.00
Will read PDB file 2oh-test.pdb.
PBC is off.
Nonbond list will be used.
Spherical/list cutoff         99.00 99.00
Dielectric constant:          1.00
Go model hardcore and cutoff distances:           1.70 8.00 A
Go model subcutoff (units of native distance):    nan
Go model exponents:                               12 10
Go model native and nonnative energies:           1.00 1.00 kcal/mol
Initialized seed based on /dev/urandom.  Seed used is -4961172536379862994
Number of monte carlo steps: 0
Save and print frequencies:  0 0
        Energy:            Step           Total           Bonds          Angles       Dihedrals       Impropers     Non-tab VDW    Non-tab Elec              Go
        Energy:               0        3.912892       14.839683        8.944560        0.059927        0.000007       19.368344      -39.299629        0.000000
Processing command: 

Finished at Fri Aug 12 19:23:45 2016

