            --------------------------------------------------------
                             AMBER SQM VERSION 14
 
                                     By
              Ross C. Walker, Michael F. Crowley, Scott Brozell,
                         Tim Giese, Andreas W. Goetz,
                        Tai-Sung Lee and David A. Case
 
            --------------------------------------------------------
 

--------------------------------------------------------------------------------
  QM CALCULATION INFO
--------------------------------------------------------------------------------

| QMMM: Citation for AMBER QMMM Run:
| QMMM: R.C. Walker, M.F. Crowley and D.A. Case, J. COMP. CHEM. 29:1019, 2008

QMMM: SINGLET STATE CALCULATION
QMMM: RHF CALCULATION, NO. OF DOUBLY OCCUPIED LEVELS = 44

| QMMM: *** Selected Hamiltonian *** 
| QMMM: AM1         

| QMMM: *** Parameter sets in use ***
| QMMM: O : M.J.S.DEWAR et al. JACS, 107, 3902, (1985)
| QMMM: C : M.J.S.DEWAR et al. JACS, 107, 3902, (1985)
| QMMM: H : M.J.S.DEWAR et al. JACS, 107, 3902, (1985)

| QMMM: *** SCF convergence criteria ***
| QMMM: Energy change                :  0.1D-09 kcal/mol
| QMMM: Error matrix |FP-PF|         :  0.1D+00 au
| QMMM: Density matrix change        :  0.5D-06
| QMMM: Maximum number of SCF cycles :     1000

| QMMM: *** Diagonalization Routine Information ***
| QMMM: Pseudo diagonalizations are allowed.
| QMMM: Auto diagonalization routine selection is in use.
| QMMM:
| QMMM: Timing diagonalization routines:
| QMMM:                              norbs =       84
| QMMM:    diag iterations used for timing =       15
| QMMM:
| QMMM:              Internal diag routine = 0.035686 seconds
| QMMM:                 Dspev diag routine = 0.062353 seconds
| QMMM:                Dspevd diag routine = 0.044112 seconds
| QMMM:                Dspevx diag routine = 0.142277 seconds
| QMMM:                 Dsyev diag routine = 0.066262 seconds
| QMMM:                Dsyevd diag routine = 0.051900 seconds
| QMMM:                Dsyevr diag routine = 0.044476 seconds
| QMMM:
| QMMM:                Pseudo diag routine = 0.017440 seconds
| QMMM:
| QMMM: Using internal diagonalization routine (diag_routine=1).

  QMMM: QM Region Cartesian Coordinates (*=link atom) 
  QMMM: QM_NO.   MM_NO.  ATOM         X         Y         Z
  QMMM:     1        1      O        1.7540   -1.1000    4.0360
  QMMM:     2        2      C        1.7980   -1.0790    2.6760
  QMMM:     3        3      C        1.5380   -2.2430    1.9520
  QMMM:     4        4      C        1.5820   -2.2210    0.5580
  QMMM:     5        5      C        2.1020    0.1060    2.0060
  QMMM:     6        6      C        2.1450    0.1270    0.6120
  QMMM:     7        7      C        1.8850   -1.0360   -0.1120
  QMMM:     8        8      C        1.9310   -1.0130   -1.6030
  QMMM:     9        9      C        2.2820    0.3850   -2.2490
  QMMM:    10       10      C        0.5010   -1.3310   -2.1750
  QMMM:    11       11      C        3.0070   -2.0090   -2.1910
  QMMM:    12       12      C        4.2930   -1.8020   -1.8230
  QMMM:    13       13      C        5.2440   -2.6810   -2.3430
  QMMM:    14       14      C        2.5520   -2.9820   -3.0120
  QMMM:    15       15      C        3.5030   -3.8610   -3.5320
  QMMM:    16       16      C        4.8480   -3.7100   -3.1970
  QMMM:    17       17      O        5.7760   -4.5670   -3.7060
  QMMM:    18       18      H        1.5500   -1.8960    4.4860
  QMMM:    19       19      H        1.3130   -3.1200    2.4480
  QMMM:    20       20      H        1.3900   -3.0820    0.0220
  QMMM:    21       21      H        2.2950    0.9670    2.5410
  QMMM:    22       22      H        2.3690    1.0040    0.1160
  QMMM:    23       23      H        3.2510    0.6970   -1.9190
  QMMM:    24       24      H        1.5530    1.1090   -1.9500
  QMMM:    25       25      H        2.2800    0.2960   -3.3150
  QMMM:    26       26      H        0.1650   -2.2720   -1.7930
  QMMM:    27       27      H        0.5460   -1.3750   -3.2430
  QMMM:    28       28      H       -0.1810   -0.5620   -1.8780
  QMMM:    29       29      H        4.5570   -1.0320   -1.1890
  QMMM:    30       30      H        6.2400   -2.5700   -2.0960
  QMMM:    31       31      H        1.5500   -3.0700   -3.2430
  QMMM:    32       32      H        3.2110   -4.6230   -4.1640
  QMMM:    33       33      H        6.6800   -4.4660   -3.4810

--------------------------------------------------------------------------------
  RESULTS
--------------------------------------------------------------------------------

      iter         sqm energy              rms gradient
      ----    -------------------    -----------------------
xmin    10      -48.3237 kcal/mol        0.3182 kcal/(mol*A)
xmin    20      -48.4039 kcal/mol        0.1813 kcal/(mol*A)
xmin    30      -48.4230 kcal/mol        0.1976 kcal/(mol*A)
xmin    40      -48.4347 kcal/mol        0.0498 kcal/(mol*A)
xmin    50      -48.4459 kcal/mol        0.1114 kcal/(mol*A)
xmin    60      -48.4505 kcal/mol        0.0696 kcal/(mol*A)
xmin    70      -48.4526 kcal/mol        0.0992 kcal/(mol*A)
xmin    80      -48.4533 kcal/mol        0.0164 kcal/(mol*A)
xmin    90      -48.4535 kcal/mol        0.0190 kcal/(mol*A)
xmin   100      -48.4537 kcal/mol        0.0139 kcal/(mol*A)
xmin   110      -48.4538 kcal/mol        0.0105 kcal/(mol*A)
xmin   120      -48.4538 kcal/mol        0.0016 kcal/(mol*A)
xmin   130      -48.4538 kcal/mol        0.0022 kcal/(mol*A)
  ... geometry converged !
 
 Final MO eigenvalues (eV):
 -40.9728  -40.0228  -38.8179  -37.1521  -35.2689  -31.8020  -31.6501  -29.8435
 -29.2640  -27.9544  -24.6294  -23.3621  -23.1939  -22.9905  -20.4821  -18.9892
 -18.9822  -17.3746  -17.1919  -16.8807  -15.6794  -15.3074  -15.2262  -15.0755
 -14.9991  -14.7766  -14.6792  -14.3619  -14.2950  -13.5626  -13.4549  -13.4003
 -12.9769  -12.6605  -12.3651  -12.3020  -12.0597  -11.8410  -11.7095  -11.4212
  -9.8407   -9.8184   -9.0804   -8.8274    0.3680    0.4613    0.4711    0.4902
   2.7725    2.7808    3.0387    3.0435    3.5196    3.6435    3.8180    3.8440
   3.8661    3.8673    4.0625    4.1158    4.2845    4.2970    4.3836    4.4754
   4.5177    4.6304    4.7272    4.7526    4.7998    4.8270    4.9264    5.0035
   5.0623    5.0867    5.2624    5.2989    5.4139    5.4442    5.6449    5.7334
   5.8117    5.8845    6.3274    6.3379

 Heat of formation   =        -48.45382264 kcal/mol  (       -2.10111542 eV)

 Total SCF energy    =     -64140.69931435 kcal/mol  (    -2781.34943473 eV)
 Electronic energy   =    -402509.52760175 kcal/mol  (   -17454.12287419 eV)
 Core-core repulsion =     338368.82828741 kcal/mol  (    14672.77343946 eV)
 
    Atomic Charges for Step       1 :
  Atom    Element       Mulliken Charge
     1      O                 -0.252
     2      C                  0.076
     3      C                 -0.211
     4      C                 -0.083
     5      C                 -0.160
     6      C                 -0.096
     7      C                 -0.100
     8      C                  0.035
     9      C                 -0.204
    10      C                 -0.204
    11      C                 -0.100
    12      C                 -0.083
    13      C                 -0.211
    14      C                 -0.096
    15      C                 -0.160
    16      C                  0.076
    17      O                 -0.252
    18      H                  0.217
    19      H                  0.134
    20      H                  0.139
    21      H                  0.149
    22      H                  0.137
    23      H                  0.078
    24      H                  0.077
    25      H                  0.082
    26      H                  0.078
    27      H                  0.077
    28      H                  0.082
    29      H                  0.139
    30      H                  0.134
    31      H                  0.137
    32      H                  0.149
    33      H                  0.217
 Total Mulliken Charge =      -0.000
 
                  X        Y        Z     TOTAL  
  QM DIPOLE     0.197   -0.196    0.193    0.339
 
 Final Structure

  QMMM: QM Region Cartesian Coordinates (*=link atom) 
  QMMM: QM_NO.   MM_NO.  ATOM         X         Y         Z
  QMMM:     1        1      O        1.8683   -1.0495    4.0083
  QMMM:     2        2      C        1.8738   -1.0747    2.6320
  QMMM:     3        3      C        1.7044   -2.2549    1.8940
  QMMM:     4        4      C        1.7231   -2.1952    0.5049
  QMMM:     5        5      C        2.0604    0.1533    1.9803
  QMMM:     6        6      C        2.0754    0.1897    0.5887
  QMMM:     7        7      C        1.9090   -0.9772   -0.1658
  QMMM:     8        8      C        1.8919   -0.9720   -1.6759
  QMMM:     9        9      C        2.2656    0.3923   -2.2552
  QMMM:    10       10      C        0.4659   -1.2904   -2.1249
  QMMM:    11       11      C        2.8928   -1.9786   -2.1916
  QMMM:    12       12      C        4.2206   -1.8954   -1.7467
  QMMM:    13       13      C        5.1895   -2.7801   -2.2075
  QMMM:    14       14      C        2.5522   -2.9724   -3.1162
  QMMM:    15       15      C        3.5058   -3.8688   -3.5908
  QMMM:    16       16      C        4.8279   -3.7694   -3.1331
  QMMM:    17       17      O        5.7267   -4.6825   -3.6367
  QMMM:    18       18      H        1.7302   -1.9552    4.3211
  QMMM:    19       19      H        1.5596   -3.2153    2.4079
  QMMM:    20       20      H        1.5968   -3.1201   -0.0800
  QMMM:    21       21      H        2.1912    1.0689    2.5736
  QMMM:    22       22      H        2.2207    1.1624    0.0940
  QMMM:    23       23      H        3.2683    0.7152   -1.8868
  QMMM:    24       24      H        1.5054    1.1584   -1.9701
  QMMM:    25       25      H        2.3012    0.3287   -3.3697
  QMMM:    26       26      H        0.1713   -2.3171   -1.8014
  QMMM:    27       27      H        0.3811   -1.2166   -3.2354
  QMMM:    28       28      H       -0.2427   -0.5580   -1.6678
  QMMM:    29       29      H        4.4975   -1.1202   -1.0147
  QMMM:    30       30      H        6.2259   -2.7059   -1.8503
  QMMM:    31       31      H        1.5201   -3.0637   -3.4880
  QMMM:    32       32      H        3.2394   -4.6496   -4.3166
  QMMM:    33       33      H        6.5906   -4.4980   -3.2405

           --------- Calculation Completed ----------

